[autoganjlogs] [2022-07-30 @ 23:05:39] :: AutoGanj#4302 is online!
[autoganjlogs] [2022-07-30 @ 23:05:39] :: Loaded: Tripwire
[autoganjlogs] [2022-07-30 @ 23:05:39] :: Loaded: Jarvis
[autoganjlogs] [2022-07-30 @ 23:05:39] :: Loaded: Serverlogs
[autoganjlogs] [2022-07-30 @ 23:05:39] :: Loaded: Rules
[autoganjlogs] [2022-07-30 @ 23:05:39] :: Loaded: Boostcog
[autoganjlogs] [2022-07-30 @ 23:05:39] :: Loaded: RoleManagement
[autoganjlogs] [2022-07-30 @ 23:05:39] :: Loaded: ExportRoles
[autoganjlogs] [2022-07-30 @ 23:05:39] :: Loaded: Basedtask
[autoganjlogs] [2022-07-30 @ 23:05:39] :: Loaded: Userinfo
[autoganjlogs] [2022-07-30 @ 23:05:39] :: Loaded: Logger
[autoganjlogs] [2022-07-30 @ 23:05:39] :: ------------------
[autoganjlogs] [2022-07-30 @ 23:05:39] :: Loaded: 10 cogs
[autoganjlogs] [2022-07-30 @ 23:05:43] :: test
[autoganjlogs] [2022-07-30 @ 23:05:43] ::             📜bot-log :: [[31mE:[0m (0) | [31mA:[0m (0) | [31mS:[0m (0) | [31mR:[0m (0)][1m       AutoGanj#4302[0m > Choose your Location!
[autoganjlogs] [2022-07-30 @ 23:05:44] ::             📜bot-log :: [[31mE:[0m (0) | [31mA:[0m (0) | [31mS:[0m (0) | [31mR:[0m (0)][1m       AutoGanj#4302[0m > Choose your Server Alerts!
[autoganjlogs] [2022-07-30 @ 23:05:44] ::             📜bot-log :: [[31mE:[0m (0) | [31mA:[0m (0) | [31mS:[0m (0) | [31mR:[0m (0)][1m       AutoGanj#4302[0m > Choose your Pets!
[autoganjlogs] [2022-07-30 @ 23:05:48] ::          📜member-log :: [[32mE:[0m (1) | [31mA:[0m (0) | [31mS:[0m (0) | [31mR:[0m (0)][1m       AutoGanj#4302[0m > 
[autoganjlogs] [2022-07-30 @ 23:05:48] ::            📜role-log :: [[32mE:[0m (1) | [31mA:[0m (0) | [31mS:[0m (0) | [31mR:[0m (0)][1m       AutoGanj#4302[0m > 
[autoganjlogs] [2022-07-30 @ 23:05:52] ::          📜member-log :: [[32mE:[0m (1) | [31mA:[0m (0) | [31mS:[0m (0) | [31mR:[0m (0)][1m       AutoGanj#4302[0m > 
[autoganjlogs] [2022-07-30 @ 23:05:52] ::            📜role-log :: [[32mE:[0m (1) | [31mA:[0m (0) | [31mS:[0m (0) | [31mR:[0m (0)][1m       AutoGanj#4302[0m > 
[autoganjlogs] [2022-07-30 @ 23:06:18] ::          📜member-log :: [[32mE:[0m (1) | [31mA:[0m (0) | [31mS:[0m (0) | [31mR:[0m (0)][1m       AutoGanj#4302[0m > 
[autoganjlogs] [2022-07-30 @ 23:06:19] ::            📜role-log :: [[32mE:[0m (1) | [31mA:[0m (0) | [31mS:[0m (0) | [31mR:[0m (0)][1m       AutoGanj#4302[0m > 
