[autoganjlogs] [2022-07-31 @ 10:14:22] :: AutoGanj#4302 is online!
[autoganjlogs] [2022-07-31 @ 10:14:22] :: Loaded: Tripwire
[autoganjlogs] [2022-07-31 @ 10:14:22] :: Loaded: Jarvis
[autoganjlogs] [2022-07-31 @ 10:14:22] :: Loaded: Serverlogs
[autoganjlogs] [2022-07-31 @ 10:14:22] :: Loaded: Rules
[autoganjlogs] [2022-07-31 @ 10:14:22] :: Loaded: Boostcog
[autoganjlogs] [2022-07-31 @ 10:14:22] :: Loaded: RoleManagement
[autoganjlogs] [2022-07-31 @ 10:14:22] :: Loaded: ExportRoles
[autoganjlogs] [2022-07-31 @ 10:14:22] :: Loaded: Basedtask
[autoganjlogs] [2022-07-31 @ 10:14:22] :: Loaded: Userinfo
[autoganjlogs] [2022-07-31 @ 10:14:22] :: Loaded: Logger
[autoganjlogs] [2022-07-31 @ 10:14:22] :: ------------------
[autoganjlogs] [2022-07-31 @ 10:14:22] :: Loaded: 10 cogs
[autoganjlogs] [2022-07-31 @ 10:14:25] :: Direct Message with Unknown User :: [[31mE:[0m (0) | [31mA:[0m (0) | [31mS:[0m (0) | [31mR:[0m (0)][1m       AutoGanj#4302[0m > Choose your Location!
[autoganjlogs] [2022-07-31 @ 10:14:25] :: Direct Message with Unknown User :: [[31mE:[0m (0) | [31mA:[0m (0) | [31mS:[0m (0) | [31mR:[0m (0)][1m       AutoGanj#4302[0m > Choose your Server Alerts!
[autoganjlogs] [2022-07-31 @ 10:14:25] :: Direct Message with Unknown User :: [[31mE:[0m (0) | [31mA:[0m (0) | [31mS:[0m (0) | [31mR:[0m (0)][1m       AutoGanj#4302[0m > Choose your Favorite Pets!
[autoganjlogs] [2022-07-31 @ 10:16:32] ::      ðŸ”mg-private-eye ::                  [[95mSTARTED TYPING[0m]> [34m[1m      tomacatx1#0199[0m @ 2022-07-31 09:16:32+00:00
[autoganjlogs] [2022-07-31 @ 10:16:32] ::      ðŸ”mg-private-eye :: [[31mE:[0m (0) | [31mA:[0m (0) | [31mS:[0m (0) | [31mR:[0m (0)][1m      tomacatx1#0199[0m > lunarflu@gmail.com (lol)
[autoganjlogs] [2022-07-31 @ 10:16:47] ::      ðŸ”mg-private-eye :: [[31mE:[0m (0) | [32mA:[0m (1) | [31mS:[0m (0) | [31mR:[0m (0)][1m      tomacatx1#0199[0m > 
[autoganjlogs] [2022-07-31 @ 10:16:50] ::      ðŸ”mg-private-eye ::                  [[95mSTARTED TYPING[0m]> [34m[1m      tomacatx1#0199[0m @ 2022-07-31 09:16:50+00:00
[autoganjlogs] [2022-07-31 @ 10:16:58] ::      ðŸ”mg-private-eye ::                  [[95mSTARTED TYPING[0m]> [34m[1m      tomacatx1#0199[0m @ 2022-07-31 09:16:58+00:00
[autoganjlogs] [2022-07-31 @ 10:17:02] ::      ðŸ”mg-private-eye :: [[31mE:[0m (0) | [31mA:[0m (0) | [31mS:[0m (0) | [31mR:[0m (0)][1m      tomacatx1#0199[0m > grilling cm-ss13 staff is a no go, they run a tight ship and are paranoid, seemingly
[autoganjlogs] [2022-07-31 @ 10:17:11] ::      ðŸ”mg-private-eye ::                  [[95mSTARTED TYPING[0m]> [34m[1m      tomacatx1#0199[0m @ 2022-07-31 09:17:10+00:00
[autoganjlogs] [2022-07-31 @ 10:17:19] ::      ðŸ”mg-private-eye ::                  [[95mSTARTED TYPING[0m]> [34m[1m      tomacatx1#0199[0m @ 2022-07-31 09:17:18+00:00
[autoganjlogs] [2022-07-31 @ 10:17:19] ::      ðŸ”mg-private-eye :: [[31mE:[0m (0) | [31mA:[0m (0) | [31mS:[0m (0) | [31mR:[0m (0)][1m      tomacatx1#0199[0m > need someone to vouch or something, i wonder if draws is still active in cmss13
