[autoganjlogs] [2022-08-04 @ 14:45:55] :: + Quota reset running
[autoganjlogs] [2022-08-04 @ 14:45:58] :: AutoGanj#4302 is online!
[autoganjlogs] [2022-08-04 @ 14:45:58] :: Loaded: Basedtask
[autoganjlogs] [2022-08-04 @ 14:45:58] :: Loaded: Boostcog
[autoganjlogs] [2022-08-04 @ 14:45:58] :: Loaded: Dispam
[autoganjlogs] [2022-08-04 @ 14:45:58] :: Loaded: ExportRoles
[autoganjlogs] [2022-08-04 @ 14:45:58] :: Loaded: Jarvis
[autoganjlogs] [2022-08-04 @ 14:45:58] :: Loaded: Logger
[autoganjlogs] [2022-08-04 @ 14:45:58] :: Loaded: Quotatask
[autoganjlogs] [2022-08-04 @ 14:45:58] :: Loaded: RaidDefense
[autoganjlogs] [2022-08-04 @ 14:45:58] :: Loaded: RoleManagement
[autoganjlogs] [2022-08-04 @ 14:45:58] :: Loaded: RolesPerms
[autoganjlogs] [2022-08-04 @ 14:45:58] :: Loaded: Rules
[autoganjlogs] [2022-08-04 @ 14:45:58] :: Loaded: Serverlogs
[autoganjlogs] [2022-08-04 @ 14:45:58] :: Loaded: Tripwire
[autoganjlogs] [2022-08-04 @ 14:45:58] :: Loaded: Userinfo
[autoganjlogs] [2022-08-04 @ 14:45:58] :: ------------------
[autoganjlogs] [2022-08-04 @ 14:45:58] :: Loaded: 14 cogs
[autoganjlogs] [2022-08-04 @ 14:45:58] :: Loading views...
[autoganjlogs] [2022-08-04 @ 14:45:58] :: Loaded 3 invites from 3 servers.
