[autoganjlogs] [2022-08-04 @ 14:53:42] :: + Quota reset running
[autoganjlogs] [2022-08-04 @ 14:53:44] :: AutoGanj#4302 is online!
[autoganjlogs] [2022-08-04 @ 14:53:44] :: Loaded: Basedtask
[autoganjlogs] [2022-08-04 @ 14:53:44] :: Loaded: Boostcog
[autoganjlogs] [2022-08-04 @ 14:53:44] :: Loaded: Dispam
[autoganjlogs] [2022-08-04 @ 14:53:44] :: Loaded: ExportRoles
[autoganjlogs] [2022-08-04 @ 14:53:44] :: Loaded: Jarvis
[autoganjlogs] [2022-08-04 @ 14:53:44] :: Loaded: Logger
[autoganjlogs] [2022-08-04 @ 14:53:44] :: Loaded: Quotatask
[autoganjlogs] [2022-08-04 @ 14:53:44] :: Loaded: RaidDefense
[autoganjlogs] [2022-08-04 @ 14:53:44] :: Loaded: RoleManagement
[autoganjlogs] [2022-08-04 @ 14:53:44] :: Loaded: RolesPerms
[autoganjlogs] [2022-08-04 @ 14:53:44] :: Loaded: Rules
[autoganjlogs] [2022-08-04 @ 14:53:44] :: Loaded: Serverlogs
[autoganjlogs] [2022-08-04 @ 14:53:44] :: Loaded: Tripwire
[autoganjlogs] [2022-08-04 @ 14:53:44] :: Loaded: Userinfo
[autoganjlogs] [2022-08-04 @ 14:53:44] :: ------------------
[autoganjlogs] [2022-08-04 @ 14:53:45] :: Loaded: 14 cogs
[autoganjlogs] [2022-08-04 @ 14:53:45] :: Connected to server: Middle Ground (Members: 116)...
[autoganjlogs] [2022-08-04 @ 14:53:45] :: Connected to server: 🌳🌳The Old Forest🌳🌳 (Members: 5)...
[autoganjlogs] [2022-08-04 @ 14:53:45] :: Connected to server: PillBox (Members: 6)...
[autoganjlogs] [2022-08-04 @ 14:53:45] :: Loading views...
[autoganjlogs] [2022-08-04 @ 14:53:45] :: Error handling "on_ready" with "" ""
[autoganjlogs] [2022-08-04 @ 14:53:45] ::             📜bot-log :: [[32mE:[0m (1) | [31mA:[0m (0) | [31mS:[0m (0) | [31mR:[0m (0)][1m       AutoGanj#4302[0m > 
