[autoganjlogs] [2022-08-04 @ 00:34:51] :: + Quota reset running
[autoganjlogs] [2022-08-04 @ 00:34:54] :: AutoGanj#4302 is online!
[autoganjlogs] [2022-08-04 @ 00:34:54] :: Loaded: Tripwire
[autoganjlogs] [2022-08-04 @ 00:34:54] :: Loaded: Jarvis
[autoganjlogs] [2022-08-04 @ 00:34:54] :: Loaded: Rules
[autoganjlogs] [2022-08-04 @ 00:34:54] :: Loaded: Boostcog
[autoganjlogs] [2022-08-04 @ 00:34:54] :: Loaded: RoleManagement
[autoganjlogs] [2022-08-04 @ 00:34:54] :: Loaded: RaidDefense
[autoganjlogs] [2022-08-04 @ 00:34:54] :: Loaded: ExportRoles
[autoganjlogs] [2022-08-04 @ 00:34:54] :: Loaded: Basedtask
[autoganjlogs] [2022-08-04 @ 00:34:54] :: Loaded: Userinfo
[autoganjlogs] [2022-08-04 @ 00:34:54] :: Loaded: Quotatask
[autoganjlogs] [2022-08-04 @ 00:34:54] :: Loaded: Dispam
[autoganjlogs] [2022-08-04 @ 00:34:54] :: Loaded: Logger
[autoganjlogs] [2022-08-04 @ 00:34:54] :: Loaded: RolesPerms
[autoganjlogs] [2022-08-04 @ 00:34:54] :: ------------------
[autoganjlogs] [2022-08-04 @ 00:34:54] :: Loaded: 13 cogs
[autoganjlogs] [2022-08-04 @ 00:34:54] :: Loaded 3 invites from 3 servers.
[autoganjlogs] [2022-08-04 @ 00:34:56] ::             💬general ::                  [[95mSTARTED TYPING[0m]> [34m[1m          gañjā#9046[0m @ 2022-08-03 23:34:56+00:00
[autoganjlogs] [2022-08-04 @ 00:34:57] ::             💬general :: [[31mE:[0m (0) | [31mA:[0m (0) | [31mS:[0m (0) | [31mR:[0m (0)][1m          gañjā#9046[0m > okay
[autoganjlogs] [2022-08-04 @ 00:34:59] ::             💬general ::                  [[95mSTARTED TYPING[0m]> [34m[1m          gañjā#9046[0m @ 2022-08-03 23:34:59+00:00
[autoganjlogs] [2022-08-04 @ 00:35:06] :: Current Online Members

{'uid': 218521566412013568, 'name': 'Ganj', 'roles': '@everyone,Birds,Cats,Dogs,Couch Potato,Artist,RPG Nerd,Europe,Server Booster,MG Paddleboard Enjoyer,PB Bronze Champion,Resident Boomer,Welcome Commitee,Member,Old Fag,Molecule,Servant of the Secret Fire,Staff,Admin'}
{'uid': 90967046837239808, 'name': 'IceBladeNetwork', 'roles': '@everyone,Birds,Cats,Dogs,Couch Potato,Armchair Political Analyst,History Buff,Mathologist,Coding,RPG Nerd,Gamer,X&Os Gold Champion,warning - american,Cool Kid,MG Roleplayer,Member,Old Fag,Proton,❤️Onii-Chan❤️'}
{'uid': 1002649008906444932, 'name': 'Abditoria', 'roles': '@everyone,Dogs,Couch Potato,Armchair Political Analyst,History Buff,Writer,Artist,Gamer,warning - american,Cool Kid,Member'}
{'uid': 171750408128036864, 'name': 'Lafa', 'roles': '@everyone,warning - american,Cool Kid,Member,Old Fag'}
{'uid': 939975741259534366, 'name': 'Oracle', 'roles': '@everyone,Oracle,Bots'}
{'uid': 346079855395471360, 'name': 'Victor Vector', 'roles': '@everyone,warning - american,Member'}
{'uid': 140657754149879819, 'name': 'Aero', 'roles': '@everyone,Trusted Tester,MG TTRPG - Ganj Campaign,warning - american,MG Roleplayer,Member'}
{'uid': 1003347793403973743, 'name': 'last time', 'roles': '@everyone'}
{'uid': 571757625100992532, 'name': 'MistaCrazy', 'roles': '@everyone,Member'}
{'uid': 220213836635045889, 'name': 'Super Spidey', 'roles': '@everyone,warning - american,Cool Kid,Member,Old Fag'}
{'uid': 382348220405383171, 'name': 'steampunk stalin', 'roles': '@everyone,Dogs,Couch Potato,Armchair Political Analyst,RPG Nerd,MG TTRPG - Ganj Campaign,MG TTRPG - Liddys Campaign,MG X&Os Enjoyer,MG Paddleboard Enjoyer,warning - american,Cool Kid,MG Roleplayer,Beware of user; Ad hominem,Retired Staff,Welcome Commitee,Member,Old Fag,Molecule'}
{'uid': 166239599981625344, 'name': 'tynamite', 'roles': '@everyone,Member,Old Fag'}
{'uid': 310194850802958348, 'name': 'DOOMSlayer', 'roles': '@everyone,warning - american,Cool Kid,Member,Old Fag'}
{'uid': 704129167897264151, 'name': 'Pr3lud3', 'roles': '@everyone,Member'}
{'uid': 997252847756386544, 'name': 'PopAltaia', 'roles': '@everyone,Member'}
{'uid': 1001059281057107999, 'name': 'AutoGanj', 'roles': '@everyone,AutoGanj,Bots'}
{'uid': 394995682806857739, 'name': 'Super Bi and Proud', 'roles': '@everyone,warning - american,Cool Kid,Member,Old Fag,Proton'}
{'uid': 115385224119975941, 'name': 'DiscordServers', 'roles': '@everyone,DiscordServers.com,Bots'}
{'uid': 339829193644703744, 'name': 'boo-radley', 'roles': '@everyone,MG TTRPG - Ganj Campaign,MG Roleplayer,Member,Old Fag,Community Contributor'}
{'uid': 727559608465358869, 'name': 'Homie_D', 'roles': '@everyone,Reptiles,Dogs,Couch Potato,Armchair Political Analyst,Artist,Gamer,warning - american,Member'}
{'uid': 301790800252239872, 'name': 'Hexistential Crisis', 'roles': '@everyone,Member,Old Fag'}
{'uid': 974927614940676137, 'name': 'loaf0', 'roles': '@everyone,Member'}
{'uid': 236919913397223425, 'name': 'Outta_Luck_Panda', 'roles': '@everyone,Member,Old Fag'}
{'uid': 173935536778641418, 'name': 'Jigen', 'roles': '@everyone,Cats,History Buff,warning - american,Cool Kid,Retired Staff,Member,Old Fag'}

Message Log:

GUILD_ID <820077049036406805> MESSAGE_ID <1004532861925330995> CHANNEL_NAME <820097812506869780> MESSAGE_CREATED <2022-08-03 23:34:57.601000+00:00> AUTHOR <Ganj> MESSAGE <okay>
GUILD_ID <820077049036406805> MESSAGE_ID <1004532898340274226> CHANNEL_NAME <820097812506869780> MESSAGE_CREATED <2022-08-03 23:35:06.283000+00:00> AUTHOR <Ganj> MESSAGE <jarvis hello, wakey wakey time to work.>
[autoganjlogs] [2022-08-04 @ 00:35:08] ::             💬general :: [[31mE:[0m (0) | [31mA:[0m (0) | [31mS:[0m (0) | [31mR:[0m (0)][1m          gañjā#9046[0m > jarvis hello, wakey wakey time to work.
[autoganjlogs] [2022-08-04 @ 00:35:08] ::             💬general :: [[31mE:[0m (0) | [31mA:[0m (0) | [31mS:[0m (0) | [31mR:[0m (0)][1m       AutoGanj#4302[0m > ```1. 
2. 
3. 
4. 
5. 
6.```
[autoganjlogs] [2022-08-04 @ 00:35:13] ::             💬general ::                  [[95mSTARTED TYPING[0m]> [34m[1m          gañjā#9046[0m @ 2022-08-03 23:35:13+00:00
[autoganjlogs] [2022-08-04 @ 00:35:16] :: Current Online Members

{'uid': 218521566412013568, 'name': 'Ganj', 'roles': '@everyone,Birds,Cats,Dogs,Couch Potato,Artist,RPG Nerd,Europe,Server Booster,MG Paddleboard Enjoyer,PB Bronze Champion,Resident Boomer,Welcome Commitee,Member,Old Fag,Molecule,Servant of the Secret Fire,Staff,Admin'}
{'uid': 90967046837239808, 'name': 'IceBladeNetwork', 'roles': '@everyone,Birds,Cats,Dogs,Couch Potato,Armchair Political Analyst,History Buff,Mathologist,Coding,RPG Nerd,Gamer,X&Os Gold Champion,warning - american,Cool Kid,MG Roleplayer,Member,Old Fag,Proton,❤️Onii-Chan❤️'}
{'uid': 1002649008906444932, 'name': 'Abditoria', 'roles': '@everyone,Dogs,Couch Potato,Armchair Political Analyst,History Buff,Writer,Artist,Gamer,warning - american,Cool Kid,Member'}
{'uid': 171750408128036864, 'name': 'Lafa', 'roles': '@everyone,warning - american,Cool Kid,Member,Old Fag'}
{'uid': 939975741259534366, 'name': 'Oracle', 'roles': '@everyone,Oracle,Bots'}
{'uid': 346079855395471360, 'name': 'Victor Vector', 'roles': '@everyone,warning - american,Member'}
{'uid': 134046022430097409, 'name': 'WindHoosXP', 'roles': '@everyone,Member'}
{'uid': 140657754149879819, 'name': 'Aero', 'roles': '@everyone,Trusted Tester,MG TTRPG - Ganj Campaign,warning - american,MG Roleplayer,Member'}
{'uid': 1003347793403973743, 'name': 'last time', 'roles': '@everyone'}
{'uid': 571757625100992532, 'name': 'MistaCrazy', 'roles': '@everyone,Member'}
{'uid': 220213836635045889, 'name': 'Super Spidey', 'roles': '@everyone,warning - american,Cool Kid,Member,Old Fag'}
{'uid': 382348220405383171, 'name': 'steampunk stalin', 'roles': '@everyone,Dogs,Couch Potato,Armchair Political Analyst,RPG Nerd,MG TTRPG - Ganj Campaign,MG TTRPG - Liddys Campaign,MG X&Os Enjoyer,MG Paddleboard Enjoyer,warning - american,Cool Kid,MG Roleplayer,Beware of user; Ad hominem,Retired Staff,Welcome Commitee,Member,Old Fag,Molecule'}
{'uid': 166239599981625344, 'name': 'tynamite', 'roles': '@everyone,Member,Old Fag'}
{'uid': 310194850802958348, 'name': 'DOOMSlayer', 'roles': '@everyone,warning - american,Cool Kid,Member,Old Fag'}
{'uid': 704129167897264151, 'name': 'Pr3lud3', 'roles': '@everyone,Member'}
{'uid': 997252847756386544, 'name': 'PopAltaia', 'roles': '@everyone,Member'}
{'uid': 1001059281057107999, 'name': 'AutoGanj', 'roles': '@everyone,AutoGanj,Bots'}
{'uid': 394995682806857739, 'name': 'Super Bi and Proud', 'roles': '@everyone,warning - american,Cool Kid,Member,Old Fag,Proton'}
{'uid': 115385224119975941, 'name': 'DiscordServers', 'roles': '@everyone,DiscordServers.com,Bots'}
{'uid': 339829193644703744, 'name': 'boo-radley', 'roles': '@everyone,MG TTRPG - Ganj Campaign,MG Roleplayer,Member,Old Fag,Community Contributor'}
{'uid': 727559608465358869, 'name': 'Homie_D', 'roles': '@everyone,Reptiles,Dogs,Couch Potato,Armchair Political Analyst,Artist,Gamer,warning - american,Member'}
{'uid': 301790800252239872, 'name': 'Hexistential Crisis', 'roles': '@everyone,Member,Old Fag'}
{'uid': 974927614940676137, 'name': 'loaf0', 'roles': '@everyone,Member'}
{'uid': 236919913397223425, 'name': 'Outta_Luck_Panda', 'roles': '@everyone,Member,Old Fag'}
{'uid': 173935536778641418, 'name': 'Jigen', 'roles': '@everyone,Cats,History Buff,warning - american,Cool Kid,Retired Staff,Member,Old Fag'}

Message Log:

GUILD_ID <820077049036406805> MESSAGE_ID <1004532861925330995> CHANNEL_NAME <820097812506869780> MESSAGE_CREATED <2022-08-03 23:34:57.601000+00:00> AUTHOR <Ganj> MESSAGE <okay>
GUILD_ID <820077049036406805> MESSAGE_ID <1004532898340274226> CHANNEL_NAME <820097812506869780> MESSAGE_CREATED <2022-08-03 23:35:06.283000+00:00> AUTHOR <Ganj> MESSAGE <jarvis hello, wakey wakey time to work.>
GUILD_ID <820077049036406805> MESSAGE_ID <1004532938903392356> CHANNEL_NAME <820097812506869780> MESSAGE_CREATED <2022-08-03 23:35:15.954000+00:00> AUTHOR <Ganj> MESSAGE <jarvis, very good you can count.>
[autoganjlogs] [2022-08-04 @ 00:35:16] ::             💬general :: [[31mE:[0m (0) | [31mA:[0m (0) | [31mS:[0m (0) | [31mR:[0m (0)][1m          gañjā#9046[0m > jarvis, very good you can count.
[autoganjlogs] [2022-08-04 @ 00:35:16] ::             💬general :: [[31mE:[0m (0) | [31mA:[0m (0) | [31mS:[0m (0) | [31mR:[0m (0)][1m       AutoGanj#4302[0m > ```Please try again! The AI was unable to determine an appropriate response. Try rephrasing the statement slightly.```
[autoganjlogs] [2022-08-04 @ 00:35:22] ::             💬general ::                  [[95mSTARTED TYPING[0m]> [34m[1m          gañjā#9046[0m @ 2022-08-03 23:35:21+00:00
[autoganjlogs] [2022-08-04 @ 00:35:27] ::             💬general :: [1m       AutoGanj#4302[0m [[31mDELETED[0m]> ```Please try again! The AI was unable to determine an appropriate response. Try rephrasing the statement slightly.```
[autoganjlogs] [2022-08-04 @ 00:35:36] ::             💬general ::                  [[95mSTARTED TYPING[0m]> [34m[1m          gañjā#9046[0m @ 2022-08-03 23:35:36+00:00
[autoganjlogs] [2022-08-04 @ 00:35:40] :: Current Online Members

{'uid': 218521566412013568, 'name': 'Ganj', 'roles': '@everyone,Birds,Cats,Dogs,Couch Potato,Artist,RPG Nerd,Europe,Server Booster,MG Paddleboard Enjoyer,PB Bronze Champion,Resident Boomer,Welcome Commitee,Member,Old Fag,Molecule,Servant of the Secret Fire,Staff,Admin'}
{'uid': 90967046837239808, 'name': 'IceBladeNetwork', 'roles': '@everyone,Birds,Cats,Dogs,Couch Potato,Armchair Political Analyst,History Buff,Mathologist,Coding,RPG Nerd,Gamer,X&Os Gold Champion,warning - american,Cool Kid,MG Roleplayer,Member,Old Fag,Proton,❤️Onii-Chan❤️'}
{'uid': 1002649008906444932, 'name': 'Abditoria', 'roles': '@everyone,Dogs,Couch Potato,Armchair Political Analyst,History Buff,Writer,Artist,Gamer,warning - american,Cool Kid,Member'}
{'uid': 171750408128036864, 'name': 'Lafa', 'roles': '@everyone,warning - american,Cool Kid,Member,Old Fag'}
{'uid': 939975741259534366, 'name': 'Oracle', 'roles': '@everyone,Oracle,Bots'}
{'uid': 346079855395471360, 'name': 'Victor Vector', 'roles': '@everyone,warning - american,Member'}
{'uid': 134046022430097409, 'name': 'WindHoosXP', 'roles': '@everyone,Member'}
{'uid': 140657754149879819, 'name': 'Aero', 'roles': '@everyone,Trusted Tester,MG TTRPG - Ganj Campaign,warning - american,MG Roleplayer,Member'}
{'uid': 1003347793403973743, 'name': 'last time', 'roles': '@everyone'}
{'uid': 571757625100992532, 'name': 'MistaCrazy', 'roles': '@everyone,Member'}
{'uid': 220213836635045889, 'name': 'Super Spidey', 'roles': '@everyone,warning - american,Cool Kid,Member,Old Fag'}
{'uid': 382348220405383171, 'name': 'steampunk stalin', 'roles': '@everyone,Dogs,Couch Potato,Armchair Political Analyst,RPG Nerd,MG TTRPG - Ganj Campaign,MG TTRPG - Liddys Campaign,MG X&Os Enjoyer,MG Paddleboard Enjoyer,warning - american,Cool Kid,MG Roleplayer,Beware of user; Ad hominem,Retired Staff,Welcome Commitee,Member,Old Fag,Molecule'}
{'uid': 166239599981625344, 'name': 'tynamite', 'roles': '@everyone,Member,Old Fag'}
{'uid': 310194850802958348, 'name': 'DOOMSlayer', 'roles': '@everyone,warning - american,Cool Kid,Member,Old Fag'}
{'uid': 704129167897264151, 'name': 'Pr3lud3', 'roles': '@everyone,Member'}
{'uid': 997252847756386544, 'name': 'PopAltaia', 'roles': '@everyone,Member'}
{'uid': 1001059281057107999, 'name': 'AutoGanj', 'roles': '@everyone,AutoGanj,Bots'}
{'uid': 394995682806857739, 'name': 'Super Bi and Proud', 'roles': '@everyone,warning - american,Cool Kid,Member,Old Fag,Proton'}
{'uid': 115385224119975941, 'name': 'DiscordServers', 'roles': '@everyone,DiscordServers.com,Bots'}
{'uid': 339829193644703744, 'name': 'boo-radley', 'roles': '@everyone,MG TTRPG - Ganj Campaign,MG Roleplayer,Member,Old Fag,Community Contributor'}
{'uid': 301790800252239872, 'name': 'Hexistential Crisis', 'roles': '@everyone,Member,Old Fag'}
{'uid': 974927614940676137, 'name': 'loaf0', 'roles': '@everyone,Member'}
{'uid': 236919913397223425, 'name': 'Outta_Luck_Panda', 'roles': '@everyone,Member,Old Fag'}
{'uid': 173935536778641418, 'name': 'Jigen', 'roles': '@everyone,Cats,History Buff,warning - american,Cool Kid,Retired Staff,Member,Old Fag'}

Message Log:

GUILD_ID <820077049036406805> MESSAGE_ID <1004532861925330995> CHANNEL_NAME <820097812506869780> MESSAGE_CREATED <2022-08-03 23:34:57.601000+00:00> AUTHOR <Ganj> MESSAGE <okay>
GUILD_ID <820077049036406805> MESSAGE_ID <1004532898340274226> CHANNEL_NAME <820097812506869780> MESSAGE_CREATED <2022-08-03 23:35:06.283000+00:00> AUTHOR <Ganj> MESSAGE <jarvis hello, wakey wakey time to work.>
GUILD_ID <820077049036406805> MESSAGE_ID <1004532938903392356> CHANNEL_NAME <820097812506869780> MESSAGE_CREATED <2022-08-03 23:35:15.954000+00:00> AUTHOR <Ganj> MESSAGE <jarvis, very good you can count.>
GUILD_ID <820077049036406805> MESSAGE_ID <1004533042603360357> CHANNEL_NAME <820097812506869780> MESSAGE_CREATED <2022-08-03 23:35:40.678000+00:00> AUTHOR <Ganj> MESSAGE <jarvis list the members currently online.>
[autoganjlogs] [2022-08-04 @ 00:35:41] ::             💬general :: [[31mE:[0m (0) | [31mA:[0m (0) | [31mS:[0m (0) | [31mR:[0m (0)][1m          gañjā#9046[0m > jarvis list the members currently online.
[autoganjlogs] [2022-08-04 @ 00:35:42] ::             💬general :: [[31mE:[0m (0) | [31mA:[0m (0) | [31mS:[0m (0) | [31mR:[0m (0)][1m       AutoGanj#4302[0m > ```Please try again! The AI was unable to determine an appropriate response. Try rephrasing the statement slightly.```
[autoganjlogs] [2022-08-04 @ 00:35:45] ::             💬general ::                  [[95mSTARTED TYPING[0m]> [34m[1m          gañjā#9046[0m @ 2022-08-03 23:35:45+00:00
[autoganjlogs] [2022-08-04 @ 00:35:48] :: Current Online Members

{'uid': 218521566412013568, 'name': 'Ganj', 'roles': '@everyone,Birds,Cats,Dogs,Couch Potato,Artist,RPG Nerd,Europe,Server Booster,MG Paddleboard Enjoyer,PB Bronze Champion,Resident Boomer,Welcome Commitee,Member,Old Fag,Molecule,Servant of the Secret Fire,Staff,Admin'}
{'uid': 90967046837239808, 'name': 'IceBladeNetwork', 'roles': '@everyone,Birds,Cats,Dogs,Couch Potato,Armchair Political Analyst,History Buff,Mathologist,Coding,RPG Nerd,Gamer,X&Os Gold Champion,warning - american,Cool Kid,MG Roleplayer,Member,Old Fag,Proton,❤️Onii-Chan❤️'}
{'uid': 1002649008906444932, 'name': 'Abditoria', 'roles': '@everyone,Dogs,Couch Potato,Armchair Political Analyst,History Buff,Writer,Artist,Gamer,warning - american,Cool Kid,Member'}
{'uid': 171750408128036864, 'name': 'Lafa', 'roles': '@everyone,warning - american,Cool Kid,Member,Old Fag'}
{'uid': 939975741259534366, 'name': 'Oracle', 'roles': '@everyone,Oracle,Bots'}
{'uid': 346079855395471360, 'name': 'Victor Vector', 'roles': '@everyone,warning - american,Member'}
{'uid': 134046022430097409, 'name': 'WindHoosXP', 'roles': '@everyone,Member'}
{'uid': 140657754149879819, 'name': 'Aero', 'roles': '@everyone,Trusted Tester,MG TTRPG - Ganj Campaign,warning - american,MG Roleplayer,Member'}
{'uid': 1003347793403973743, 'name': 'last time', 'roles': '@everyone'}
{'uid': 571757625100992532, 'name': 'MistaCrazy', 'roles': '@everyone,Member'}
{'uid': 220213836635045889, 'name': 'Super Spidey', 'roles': '@everyone,warning - american,Cool Kid,Member,Old Fag'}
{'uid': 382348220405383171, 'name': 'steampunk stalin', 'roles': '@everyone,Dogs,Couch Potato,Armchair Political Analyst,RPG Nerd,MG TTRPG - Ganj Campaign,MG TTRPG - Liddys Campaign,MG X&Os Enjoyer,MG Paddleboard Enjoyer,warning - american,Cool Kid,MG Roleplayer,Beware of user; Ad hominem,Retired Staff,Welcome Commitee,Member,Old Fag,Molecule'}
{'uid': 166239599981625344, 'name': 'tynamite', 'roles': '@everyone,Member,Old Fag'}
{'uid': 310194850802958348, 'name': 'DOOMSlayer', 'roles': '@everyone,warning - american,Cool Kid,Member,Old Fag'}
{'uid': 704129167897264151, 'name': 'Pr3lud3', 'roles': '@everyone,Member'}
{'uid': 997252847756386544, 'name': 'PopAltaia', 'roles': '@everyone,Member'}
{'uid': 1001059281057107999, 'name': 'AutoGanj', 'roles': '@everyone,AutoGanj,Bots'}
{'uid': 394995682806857739, 'name': 'Super Bi and Proud', 'roles': '@everyone,warning - american,Cool Kid,Member,Old Fag,Proton'}
{'uid': 115385224119975941, 'name': 'DiscordServers', 'roles': '@everyone,DiscordServers.com,Bots'}
{'uid': 339829193644703744, 'name': 'boo-radley', 'roles': '@everyone,MG TTRPG - Ganj Campaign,MG Roleplayer,Member,Old Fag,Community Contributor'}
{'uid': 301790800252239872, 'name': 'Hexistential Crisis', 'roles': '@everyone,Member,Old Fag'}
{'uid': 974927614940676137, 'name': 'loaf0', 'roles': '@everyone,Member'}
{'uid': 236919913397223425, 'name': 'Outta_Luck_Panda', 'roles': '@everyone,Member,Old Fag'}
{'uid': 173935536778641418, 'name': 'Jigen', 'roles': '@everyone,Cats,History Buff,warning - american,Cool Kid,Retired Staff,Member,Old Fag'}

Message Log:

GUILD_ID <820077049036406805> MESSAGE_ID <1004532861925330995> CHANNEL_NAME <820097812506869780> MESSAGE_CREATED <2022-08-03 23:34:57.601000+00:00> AUTHOR <Ganj> MESSAGE <okay>
GUILD_ID <820077049036406805> MESSAGE_ID <1004532898340274226> CHANNEL_NAME <820097812506869780> MESSAGE_CREATED <2022-08-03 23:35:06.283000+00:00> AUTHOR <Ganj> MESSAGE <jarvis hello, wakey wakey time to work.>
GUILD_ID <820077049036406805> MESSAGE_ID <1004532938903392356> CHANNEL_NAME <820097812506869780> MESSAGE_CREATED <2022-08-03 23:35:15.954000+00:00> AUTHOR <Ganj> MESSAGE <jarvis, very good you can count.>
GUILD_ID <820077049036406805> MESSAGE_ID <1004533042603360357> CHANNEL_NAME <820097812506869780> MESSAGE_CREATED <2022-08-03 23:35:40.678000+00:00> AUTHOR <Ganj> MESSAGE <jarvis list the members currently online.>
GUILD_ID <820077049036406805> MESSAGE_ID <1004533075981631560> CHANNEL_NAME <820097812506869780> MESSAGE_CREATED <2022-08-03 23:35:48.636000+00:00> AUTHOR <Ganj> MESSAGE <jarvis list the members>
[autoganjlogs] [2022-08-04 @ 00:35:49] ::             💬general :: [[31mE:[0m (0) | [31mA:[0m (0) | [31mS:[0m (0) | [31mR:[0m (0)][1m          gañjā#9046[0m > jarvis list the members
[autoganjlogs] [2022-08-04 @ 00:35:49] ::             💬general :: [[31mE:[0m (0) | [31mA:[0m (0) | [31mS:[0m (0) | [31mR:[0m (0)][1m       AutoGanj#4302[0m > ```Please try again! The AI was unable to determine an appropriate response. Try rephrasing the statement slightly.```
[autoganjlogs] [2022-08-04 @ 00:35:52] ::             💬general :: [1m       AutoGanj#4302[0m [[31mDELETED[0m]> ```Please try again! The AI was unable to determine an appropriate response. Try rephrasing the statement slightly.```
[autoganjlogs] [2022-08-04 @ 00:35:59] ::             💬general :: [1m       AutoGanj#4302[0m [[31mDELETED[0m]> ```Please try again! The AI was unable to determine an appropriate response. Try rephrasing the statement slightly.```
[autoganjlogs] [2022-08-04 @ 00:36:03] ::     🍿general-vc-chat ::                  [[95mSTARTED TYPING[0m]> [34m[1mIceBladeNetwork#0001[0m @ 2022-08-03 23:36:03+00:00
[autoganjlogs] [2022-08-04 @ 00:36:04] ::     🍿general-vc-chat :: [[31mE:[0m (0) | [31mA:[0m (0) | [31mS:[0m (0) | [31mR:[0m (0)][1mIceBladeNetwork#0001[0m > No cring
[autoganjlogs] [2022-08-04 @ 00:37:51] ::             📜bot-log :: [1m             Unknown[0m [[33mEDITED[0m]> Message ID: 1004529910045483149
[autoganjlogs] [2022-08-04 @ 00:37:53] ::             📜bot-log :: [1m             Unknown[0m [[31mDELETED[0m]> Message ID: 1004529010866405426
[autoganjlogs] [2022-08-04 @ 00:37:54] ::             📜bot-log :: [1m             Unknown[0m [[31mDELETED[0m]> Message ID: 1004529910045483149
