[autoganjlogs] [2022-07-29 @ 17:08:18] :: AutoGanj#4302 is online!
[autoganjlogs] [2022-07-29 @ 17:08:18] :: Loaded: Tripwire
[autoganjlogs] [2022-07-29 @ 17:08:18] :: Loaded: Jarvis
[autoganjlogs] [2022-07-29 @ 17:08:18] :: Loaded: Boostcog
[autoganjlogs] [2022-07-29 @ 17:08:18] :: Loaded: ExportRoles
[autoganjlogs] [2022-07-29 @ 17:08:18] :: Loaded: Basedtask
[autoganjlogs] [2022-07-29 @ 17:08:18] :: Loaded: Userinfo
[autoganjlogs] [2022-07-29 @ 17:08:18] :: Loaded: Logger
[autoganjlogs] [2022-07-29 @ 17:08:18] :: Loaded: Emgee
[autoganjlogs] [2022-07-29 @ 17:08:19] ::  🤖staff-bot-commands :: [[95mSTARTED TYPING[0m]> [1m          gañjā#9046[0m @ 2022-07-29 16:08:19+00:00
[autoganjlogs] [2022-07-29 @ 17:08:20] ::  🤖staff-bot-commands :: [[31mE:[0m (0) | [31mA:[0m (0) | [31mS:[0m (0) | [31mR:[0m (0)][1m          gañjā#9046[0m > emgee are you there
[autoganjlogs] [2022-07-29 @ 17:09:05] ::  🤖staff-bot-commands :: [[95mSTARTED TYPING[0m]> [1m          gañjā#9046[0m @ 2022-07-29 16:09:05+00:00
[autoganjlogs] [2022-07-29 @ 17:09:06] ::  🤖staff-bot-commands :: [[31mE:[0m (0) | [31mA:[0m (0) | [31mS:[0m (0) | [31mR:[0m (0)][1m          gañjā#9046[0m > emgee are you there?
[autoganjlogs] [2022-07-29 @ 17:09:06] :: Error in on_message
[autoganjlogs] [2022-07-29 @ 17:09:06] :: (<Message id=1002608718732603453 channel=<TextChannel id=823656840701149194 name='🤖staff-bot-commands' position=2 nsfw=False category_id=820077049036406806 news=False> type=<MessageType.default: 0> author=<Member id=218521566412013568 name='gañjā' discriminator='9046' bot=False nick='Ganj' guild=<Guild id=820077049036406805 name='Middle Ground' shard_id=0 chunked=True member_count=86>> flags=<MessageFlags value=0>>,)
[autoganjlogs] [2022-07-29 @ 17:09:06] :: {}
[autoganjlogs] [2022-07-29 @ 17:10:51] ::  🤖staff-bot-commands :: [[95mSTARTED TYPING[0m]> [1m          gañjā#9046[0m @ 2022-07-29 16:10:51+00:00
[autoganjlogs] [2022-07-29 @ 17:10:52] ::  🤖staff-bot-commands :: [[31mE:[0m (0) | [31mA:[0m (0) | [31mS:[0m (0) | [31mR:[0m (0)][1m          gañjā#9046[0m > emgee are you there
[autoganjlogs] [2022-07-29 @ 17:10:52] :: Error in on_message
[autoganjlogs] [2022-07-29 @ 17:10:52] :: (<Message id=1002609163106525194 channel=<TextChannel id=823656840701149194 name='🤖staff-bot-commands' position=2 nsfw=False category_id=820077049036406806 news=False> type=<MessageType.default: 0> author=<Member id=218521566412013568 name='gañjā' discriminator='9046' bot=False nick='Ganj' guild=<Guild id=820077049036406805 name='Middle Ground' shard_id=0 chunked=True member_count=86>> flags=<MessageFlags value=0>>,)
[autoganjlogs] [2022-07-29 @ 17:10:52] :: {}
[autoganjlogs] [2022-07-29 @ 17:12:07] ::  🤖staff-bot-commands :: [[95mSTARTED TYPING[0m]> [1m          gañjā#9046[0m @ 2022-07-29 16:12:07+00:00
