[autoganjlogs] [2022-07-30 @ 23:08:18] :: AutoGanj#4302 is online!
[autoganjlogs] [2022-07-30 @ 23:08:18] :: Loaded: Tripwire
[autoganjlogs] [2022-07-30 @ 23:08:18] :: Loaded: Jarvis
[autoganjlogs] [2022-07-30 @ 23:08:18] :: Loaded: Serverlogs
[autoganjlogs] [2022-07-30 @ 23:08:18] :: Loaded: Rules
[autoganjlogs] [2022-07-30 @ 23:08:18] :: Loaded: Boostcog
[autoganjlogs] [2022-07-30 @ 23:08:18] :: Loaded: RoleManagement
[autoganjlogs] [2022-07-30 @ 23:08:18] :: Loaded: ExportRoles
[autoganjlogs] [2022-07-30 @ 23:08:18] :: Loaded: Basedtask
[autoganjlogs] [2022-07-30 @ 23:08:18] :: Loaded: Userinfo
[autoganjlogs] [2022-07-30 @ 23:08:18] :: Loaded: Logger
[autoganjlogs] [2022-07-30 @ 23:08:18] :: ------------------
[autoganjlogs] [2022-07-30 @ 23:08:18] :: Loaded: 10 cogs
[autoganjlogs] [2022-07-30 @ 23:08:24] :: test
[autoganjlogs] [2022-07-30 @ 23:08:24] ::             📜bot-log :: [[31mE:[0m (0) | [31mA:[0m (0) | [31mS:[0m (0) | [31mR:[0m (0)][1m       AutoGanj#4302[0m > Choose your Location!
[autoganjlogs] [2022-07-30 @ 23:08:24] ::             📜bot-log :: [[31mE:[0m (0) | [31mA:[0m (0) | [31mS:[0m (0) | [31mR:[0m (0)][1m       AutoGanj#4302[0m > Choose your Server Alerts!
[autoganjlogs] [2022-07-30 @ 23:08:24] ::             📜bot-log :: [[31mE:[0m (0) | [31mA:[0m (0) | [31mS:[0m (0) | [31mR:[0m (0)][1m       AutoGanj#4302[0m > Choose your Pets!
[autoganjlogs] [2022-07-30 @ 23:08:30] ::          📜member-log :: [[32mE:[0m (1) | [31mA:[0m (0) | [31mS:[0m (0) | [31mR:[0m (0)][1m       AutoGanj#4302[0m > 
[autoganjlogs] [2022-07-30 @ 23:08:30] ::            📜role-log :: [[32mE:[0m (1) | [31mA:[0m (0) | [31mS:[0m (0) | [31mR:[0m (0)][1m       AutoGanj#4302[0m > 
[autoganjlogs] [2022-07-30 @ 23:08:57] ::          📜member-log :: [[32mE:[0m (1) | [31mA:[0m (0) | [31mS:[0m (0) | [31mR:[0m (0)][1m       AutoGanj#4302[0m > 
[autoganjlogs] [2022-07-30 @ 23:08:57] ::            📜role-log :: [[32mE:[0m (1) | [31mA:[0m (0) | [31mS:[0m (0) | [31mR:[0m (0)][1m       AutoGanj#4302[0m > 
