[autoganjlogs] [2022-07-25 @ 12:55:33] :: Cog loaded: cogs.tripwire
[autoganjlogs] [2022-07-25 @ 12:55:36] :: AutoGanj#4302 is online!
[autoganjlogs] [2022-07-25 @ 22:53:50] :: blocker sent a message: hellow world
[autoganjlogs] [2022-07-25 @ 22:53:50] :: blocker sent a message: hellow world
[autoganjlogs] [2022-07-25 @ 22:53:56] :: blocker sent a message: hello world
[autoganjlogs] [2022-07-25 @ 22:53:56] :: blocker sent a message: hello world
[autoganjlogs] [2022-07-25 @ 22:54:46] :: blocker sent a message: hello world
[autoganjlogs] [2022-07-25 @ 22:54:46] :: blocker sent a message: hello world
[autoganjlogs] [2022-07-25 @ 22:54:56] :: blocker sent a message: hello world
[autoganjlogs] [2022-07-25 @ 22:54:56] :: blocker sent a message: hello world
[autoganjlogs] [2022-07-25 @ 22:55:06] :: blocker sent a message: <@854367655598096384>
[autoganjlogs] [2022-07-25 @ 22:55:06] :: blocker sent a message: <@854367655598096384>
[autoganjlogs] [2022-07-25 @ 22:57:01] :: blocker sent a message: <@854367655598096384>
[autoganjlogs] [2022-07-25 @ 22:57:01] :: blocker sent a message: <@854367655598096384>
[autoganjlogs] [2022-07-25 @ 22:57:10] :: blocker sent a message: <@854367655598096384>
[autoganjlogs] [2022-07-25 @ 22:57:10] :: blocker sent a message: <@854367655598096384>
[autoganjlogs] [2022-07-25 @ 22:57:28] :: blocker sent a message: hello world
[autoganjlogs] [2022-07-25 @ 22:57:28] :: blocker sent a message: hello world
[autoganjlogs] [2022-07-25 @ 22:58:03] :: blocker sent a message: <@854367655598096384>
[autoganjlogs] [2022-07-25 @ 22:58:03] :: blocker sent a message: <@854367655598096384>
[autoganjlogs] [2022-07-25 @ 22:58:34] :: blocker sent a message: <@854367655598096384>
[autoganjlogs] [2022-07-25 @ 22:58:34] :: blocker sent a message: <@854367655598096384>
[autoganjlogs] [2022-07-25 @ 22:59:16] :: blocker sent a message: <@854367655598096384>
[autoganjlogs] [2022-07-25 @ 22:59:56] :: blocker sent a message: <@854367655598096384>
[autoganjlogs] [2022-07-25 @ 22:59:56] :: blocker sent a message: <@854367655598096384>
[autoganjlogs] [2022-07-25 @ 23:00:59] :: blocker sent a message: <@854367655598096384>
[autoganjlogs] [2022-07-25 @ 23:00:59] :: blocker sent a message: <@854367655598096384>
[autoganjlogs] [2022-07-25 @ 23:00:59] :: Regex or Mention flag enabled; current violations: 0
[autoganjlogs] [2022-07-25 @ 23:01:36] :: blocker sent a message: <@854367655598096384>
[autoganjlogs] [2022-07-25 @ 23:01:36] :: blocker sent a message: <@854367655598096384>
[autoganjlogs] [2022-07-25 @ 23:01:36] :: Regex or Mention flag enabled; current violations: 0
[autoganjlogs] [2022-07-25 @ 23:04:26] :: blocker sent a message: <@854367655598096384>
[autoganjlogs] [2022-07-25 @ 23:04:26] :: blocker sent a message: <@854367655598096384>
[autoganjlogs] [2022-07-25 @ 23:04:26] :: Regex or Mention flag enabled; current violations: 0
[autoganjlogs] [2022-07-25 @ 23:04:45] :: blocker sent a message: <@854367655598096384>
[autoganjlogs] [2022-07-25 @ 23:04:45] :: blocker sent a message: <@854367655598096384>
[autoganjlogs] [2022-07-25 @ 23:04:45] :: Regex or Mention flag enabled; current violations: 0
[autoganjlogs] [2022-07-25 @ 23:05:33] :: blocker sent a message: <@854367655598096384>
[autoganjlogs] [2022-07-25 @ 23:05:33] :: blocker sent a message: <@854367655598096384>
[autoganjlogs] [2022-07-25 @ 23:05:33] :: Regex or Mention flag enabled; current violations: 0
[autoganjlogs] [2022-07-25 @ 23:06:03] :: blocker sent a message: <@854367655598096384>
[autoganjlogs] [2022-07-25 @ 23:06:03] :: blocker sent a message: <@854367655598096384>
[autoganjlogs] [2022-07-25 @ 23:06:03] :: Regex or Mention flag enabled; current violations: 0
[autoganjlogs] [2022-07-25 @ 23:07:38] :: blocker sent a message: <@854367655598096384>
[autoganjlogs] [2022-07-25 @ 23:07:38] :: blocker sent a message: <@854367655598096384>
[autoganjlogs] [2022-07-25 @ 23:07:38] :: Regex or Mention flag enabled; current violations: 0
[autoganjlogs] [2022-07-25 @ 23:07:54] :: blocker sent a message: <@854367655598096384>
[autoganjlogs] [2022-07-25 @ 23:07:54] :: blocker sent a message: <@854367655598096384>
[autoganjlogs] [2022-07-25 @ 23:07:54] :: Regex or Mention flag enabled; current violations: 0
[autoganjlogs] [2022-07-25 @ 23:08:15] :: blocker sent a message: <@854367655598096384>
[autoganjlogs] [2022-07-25 @ 23:08:15] :: blocker sent a message: <@854367655598096384>
[autoganjlogs] [2022-07-25 @ 23:08:15] :: Regex or Mention flag enabled; current violations: 0
[autoganjlogs] [2022-07-25 @ 23:10:06] :: blocker sent a message: <@854367655598096384>
[autoganjlogs] [2022-07-25 @ 23:10:06] :: Regex or Mention flag enabled; current violations: 0
[autoganjlogs] [2022-07-25 @ 23:10:15] :: blocker sent a message: <@854367655598096384>
[autoganjlogs] [2022-07-25 @ 23:10:15] :: Regex or Mention flag enabled; current violations: 0
[autoganjlogs] [2022-07-25 @ 23:11:02] :: blocker sent a message: <@854367655598096384>
[autoganjlogs] [2022-07-25 @ 23:11:02] :: Regex or Mention flag enabled; current violations: 0
[autoganjlogs] [2022-07-25 @ 23:11:34] :: blocker sent a message: <@854367655598096384>
[autoganjlogs] [2022-07-25 @ 23:11:34] :: Regex or Mention flag enabled; current violations: 0
[autoganjlogs] [2022-07-25 @ 23:11:34] :: blocker sent a message: <@854367655598096384>
[autoganjlogs] [2022-07-25 @ 23:11:34] :: Regex or Mention flag enabled; current violations: 0
[autoganjlogs] [2022-07-25 @ 23:17:15] :: blocker sent a message: <@854367655598096384>
[autoganjlogs] [2022-07-25 @ 23:17:15] :: Regex or Mention flag enabled; current violations: 0
[autoganjlogs] [2022-07-25 @ 23:17:16] :: blocker sent a message: <@854367655598096384>
[autoganjlogs] [2022-07-25 @ 23:17:16] :: Regex or Mention flag enabled; current violations: 0
[autoganjlogs] [2022-07-25 @ 23:17:34] :: blocker sent a message: <@854367655598096384>
[autoganjlogs] [2022-07-25 @ 23:17:34] :: Regex or Mention flag enabled; current violations: 1
[autoganjlogs] [2022-07-25 @ 23:17:35] :: blocker sent a message: <@854367655598096384>
[autoganjlogs] [2022-07-25 @ 23:17:35] :: Regex or Mention flag enabled; current violations: 1
[autoganjlogs] [2022-07-25 @ 23:17:37] :: blocker sent a message: <@854367655598096384>
[autoganjlogs] [2022-07-25 @ 23:17:37] :: Regex or Mention flag enabled; current violations: 2
[autoganjlogs] [2022-07-25 @ 23:17:39] :: blocker sent a message: <@854367655598096384>
[autoganjlogs] [2022-07-25 @ 23:17:39] :: Regex or Mention flag enabled; current violations: 2
[autoganjlogs] [2022-07-25 @ 23:17:40] :: blocker sent a message: <@854367655598096384>
[autoganjlogs] [2022-07-25 @ 23:17:40] :: Regex or Mention flag enabled; current violations: 2
[autoganjlogs] [2022-07-25 @ 23:17:40] :: blocker sent a message: <@854367655598096384>
[autoganjlogs] [2022-07-25 @ 23:17:40] :: Regex or Mention flag enabled; current violations: 2
[autoganjlogs] [2022-07-25 @ 23:17:59] :: blocker sent a message: <@854367655598096384>
[autoganjlogs] [2022-07-25 @ 23:17:59] :: Regex or Mention flag enabled; current violations: 3
[autoganjlogs] [2022-07-25 @ 23:17:59] :: blocker sent a message: <@854367655598096384>
[autoganjlogs] [2022-07-25 @ 23:17:59] :: Regex or Mention flag enabled; current violations: 3
[autoganjlogs] [2022-07-25 @ 23:18:04] :: blocker sent a message: <@854367655598096384>
[autoganjlogs] [2022-07-25 @ 23:18:04] :: Regex or Mention flag enabled; current violations: 4
[autoganjlogs] [2022-07-25 @ 23:18:05] :: blocker sent a message: <@854367655598096384>
[autoganjlogs] [2022-07-25 @ 23:18:05] :: Regex or Mention flag enabled; current violations: 4
[autoganjlogs] [2022-07-25 @ 23:18:08] :: blocker sent a message: <@854367655598096384>
[autoganjlogs] [2022-07-25 @ 23:18:08] :: Regex or Mention flag enabled; current violations: 5
[autoganjlogs] [2022-07-25 @ 23:18:08] :: blocker sent a message: <@854367655598096384>
[autoganjlogs] [2022-07-25 @ 23:18:08] :: Regex or Mention flag enabled; current violations: 5
[autoganjlogs] [2022-07-25 @ 23:18:14] :: blocker sent a message: <@854367655598096384>
[autoganjlogs] [2022-07-25 @ 23:18:14] :: Regex or Mention flag enabled; current violations: 6
[autoganjlogs] [2022-07-25 @ 23:18:14] :: blocker sent a message: <@854367655598096384>
[autoganjlogs] [2022-07-25 @ 23:18:14] :: Regex or Mention flag enabled; current violations: 6
[autoganjlogs] [2022-07-25 @ 23:19:04] :: blocker sent a message: <@854367655598096384>
[autoganjlogs] [2022-07-25 @ 23:19:04] :: Regex or Mention flag enabled; current violations: 7
[autoganjlogs] [2022-07-25 @ 23:19:04] :: blocker sent a message: <@854367655598096384>
[autoganjlogs] [2022-07-25 @ 23:19:04] :: Regex or Mention flag enabled; current violations: 7
[autoganjlogs] [2022-07-25 @ 23:19:49] :: blocker sent a message: <@854367655598096384>
[autoganjlogs] [2022-07-25 @ 23:19:49] :: Regex or Mention flag enabled; current violations: 7
[autoganjlogs] [2022-07-25 @ 23:19:50] :: blocker sent a message: <@854367655598096384>
[autoganjlogs] [2022-07-25 @ 23:19:50] :: Regex or Mention flag enabled; current violations: 7
[autoganjlogs] [2022-07-25 @ 23:20:05] :: blocker sent a message: <@854367655598096384>
[autoganjlogs] [2022-07-25 @ 23:20:05] :: Regex or Mention flag enabled; current violations: 7
[autoganjlogs] [2022-07-25 @ 23:20:06] :: blocker sent a message: <@854367655598096384>
[autoganjlogs] [2022-07-25 @ 23:20:06] :: Regex or Mention flag enabled; current violations: 7
[autoganjlogs] [2022-07-25 @ 23:20:37] :: blocker sent a message: <@854367655598096384>
[autoganjlogs] [2022-07-25 @ 23:20:37] :: Regex or Mention flag enabled; current violations: 7
[autoganjlogs] [2022-07-25 @ 23:20:37] :: blocker sent a message: <@854367655598096384>
[autoganjlogs] [2022-07-25 @ 23:20:37] :: Regex or Mention flag enabled; current violations: 7
[autoganjlogs] [2022-07-25 @ 23:22:42] :: blocker sent a message: <@854367655598096384>
[autoganjlogs] [2022-07-25 @ 23:22:42] :: Regex or Mention flag enabled; current violations: 7
[autoganjlogs] [2022-07-25 @ 23:22:43] :: blocker sent a message: <@854367655598096384>
[autoganjlogs] [2022-07-25 @ 23:22:43] :: Regex or Mention flag enabled; current violations: 7
[autoganjlogs] [2022-07-25 @ 23:24:13] :: blocker sent a message: <@854367655598096384>
[autoganjlogs] [2022-07-25 @ 23:24:13] :: Regex or Mention flag enabled; current violations: 8
[autoganjlogs] [2022-07-25 @ 23:24:13] :: blocker sent a message: <@854367655598096384>
[autoganjlogs] [2022-07-25 @ 23:24:13] :: Regex or Mention flag enabled; current violations: 8
[autoganjlogs] [2022-07-25 @ 23:31:52] :: blocker sent a message: <@854367655598096384>
[autoganjlogs] [2022-07-25 @ 23:31:52] :: Regex or Mention flag enabled; current violations: 9
[autoganjlogs] [2022-07-25 @ 23:31:53] :: blocker sent a message: <@854367655598096384>
[autoganjlogs] [2022-07-25 @ 23:31:53] :: Regex or Mention flag enabled; current violations: 9
[autoganjlogs] [2022-07-25 @ 23:38:15] :: blocker sent a message: <@854367655598096384>
[autoganjlogs] [2022-07-25 @ 23:38:15] :: Regex or Mention flag enabled; current violations: 10
[autoganjlogs] [2022-07-25 @ 23:38:16] :: blocker sent a message: <@854367655598096384>
[autoganjlogs] [2022-07-25 @ 23:38:16] :: Regex or Mention flag enabled; current violations: 10
[autoganjlogs] [2022-07-25 @ 23:40:53] :: blocker sent a message: <@854367655598096384>
[autoganjlogs] [2022-07-25 @ 23:40:53] :: Regex or Mention flag enabled; current violations: 11
[autoganjlogs] [2022-07-25 @ 23:40:53] :: Couldn't send message for trigger: send_message_owner
'block_target'
[autoganjlogs] [2022-07-25 @ 23:40:53] :: blocker sent a message: <@854367655598096384>
[autoganjlogs] [2022-07-25 @ 23:40:53] :: Regex or Mention flag enabled; current violations: 11
[autoganjlogs] [2022-07-25 @ 23:41:23] :: blocker sent a message: <@854367655598096384>
[autoganjlogs] [2022-07-25 @ 23:41:23] :: Regex or Mention flag enabled; current violations: 12
[autoganjlogs] [2022-07-25 @ 23:41:23] :: Couldn't send message for trigger: send_message_owner
'block_target'
[autoganjlogs] [2022-07-25 @ 23:41:23] :: blocker sent a message: <@854367655598096384>
[autoganjlogs] [2022-07-25 @ 23:41:23] :: Regex or Mention flag enabled; current violations: 12
[autoganjlogs] [2022-07-25 @ 23:42:39] :: blocker sent a message: <@854367655598096384>
[autoganjlogs] [2022-07-25 @ 23:42:39] :: Regex or Mention flag enabled; current violations: 13
[autoganjlogs] [2022-07-25 @ 23:42:39] :: Couldn't send message for trigger: send_message_owner
'block_target'
[autoganjlogs] [2022-07-25 @ 23:42:39] :: blocker sent a message: <@854367655598096384>
[autoganjlogs] [2022-07-25 @ 23:42:39] :: Regex or Mention flag enabled; current violations: 13
[autoganjlogs] [2022-07-25 @ 23:43:47] :: blocker sent a message: <@854367655598096384>
[autoganjlogs] [2022-07-25 @ 23:43:47] :: Regex or Mention flag enabled; current violations: 14
[autoganjlogs] [2022-07-25 @ 23:43:48] :: blocker sent a message: <@854367655598096384>
[autoganjlogs] [2022-07-25 @ 23:43:48] :: Regex or Mention flag enabled; current violations: 14
[autoganjlogs] [2022-07-25 @ 23:46:25] :: blocker sent a message: <@854367655598096384>
[autoganjlogs] [2022-07-25 @ 23:46:25] :: Regex or Mention flag enabled; current violations: 15
[autoganjlogs] [2022-07-25 @ 23:46:25] :: Couldn't send message for trigger: send_message_owner
name 'trigger' is not defined
[autoganjlogs] [2022-07-25 @ 23:46:25] :: blocker sent a message: <@854367655598096384>
[autoganjlogs] [2022-07-25 @ 23:46:25] :: Regex or Mention flag enabled; current violations: 15
[autoganjlogs] [2022-07-25 @ 23:47:05] :: blocker sent a message: <@854367655598096384>
[autoganjlogs] [2022-07-25 @ 23:47:05] :: Regex or Mention flag enabled; current violations: 16
[autoganjlogs] [2022-07-25 @ 23:47:05] :: Couldn't send message for trigger: send_message_owner
'OracleBot' object has no attribute 'get_member'
[autoganjlogs] [2022-07-25 @ 23:47:05] :: blocker sent a message: <@854367655598096384>
[autoganjlogs] [2022-07-25 @ 23:47:05] :: Regex or Mention flag enabled; current violations: 16
[autoganjlogs] [2022-07-25 @ 23:47:42] :: blocker sent a message: <@854367655598096384>
[autoganjlogs] [2022-07-25 @ 23:47:42] :: Regex or Mention flag enabled; current violations: 17
[autoganjlogs] [2022-07-25 @ 23:47:42] :: Couldn't send message for trigger: send_message_owner
'OracleBot' object has no attribute 'get_member'
[autoganjlogs] [2022-07-25 @ 23:47:42] :: blocker sent a message: <@854367655598096384>
[autoganjlogs] [2022-07-25 @ 23:47:42] :: Regex or Mention flag enabled; current violations: 17
[autoganjlogs] [2022-07-25 @ 23:48:32] :: blocker sent a message: <@854367655598096384>
[autoganjlogs] [2022-07-25 @ 23:48:32] :: Regex or Mention flag enabled; current violations: 18
[autoganjlogs] [2022-07-25 @ 23:48:33] :: blocker sent a message: <@854367655598096384>
[autoganjlogs] [2022-07-25 @ 23:48:33] :: Regex or Mention flag enabled; current violations: 18
[autoganjlogs] [2022-07-28 @ 10:16:23] :: AutoGanj#4302 is online!
[autoganjlogs] [2022-07-28 @ 10:39:03] :: AutoGanj#4302 is online!
[autoganjlogs] [2022-07-28 @ 22:43:31] :: Task running
[autoganjlogs] [2022-07-28 @ 22:43:31] :: Task running
[autoganjlogs] [2022-07-28 @ 22:43:31] :: Task running
[autoganjlogs] [2022-07-28 @ 22:43:39] :: Task running
[autoganjlogs] [2022-07-28 @ 22:43:39] :: Task running
[autoganjlogs] [2022-07-28 @ 22:43:39] :: Task running
[autoganjlogs] [2022-07-28 @ 22:56:46] :: Task running
[autoganjlogs] [2022-07-28 @ 22:56:46] :: Task running
[autoganjlogs] [2022-07-28 @ 22:56:46] :: Task running
[autoganjlogs] [2022-07-28 @ 23:03:34] :: Task running
[autoganjlogs] [2022-07-28 @ 23:03:34] :: Task running
[autoganjlogs] [2022-07-28 @ 23:03:34] :: Task running
[autoganjlogs] [2022-07-28 @ 23:03:37] :: Task running
[autoganjlogs] [2022-07-28 @ 23:03:37] :: Task running
[autoganjlogs] [2022-07-28 @ 23:03:37] :: Task running
[autoganjlogs] [2022-07-28 @ 23:09:11] :: Task running
[autoganjlogs] [2022-07-28 @ 23:09:11] :: Task running
[autoganjlogs] [2022-07-28 @ 23:09:11] :: Task running
[autoganjlogs] [2022-07-28 @ 23:13:27] :: Task running
[autoganjlogs] [2022-07-28 @ 23:13:27] :: Task running
[autoganjlogs] [2022-07-28 @ 23:13:27] :: Task running
[autoganjlogs] [2022-07-28 @ 23:13:28] :: Task running
[autoganjlogs] [2022-07-28 @ 23:13:28] :: Task running
[autoganjlogs] [2022-07-28 @ 23:13:28] :: Task running
[autoganjlogs] [2022-07-28 @ 23:13:47] :: Task running
[autoganjlogs] [2022-07-28 @ 23:13:47] :: Task running
[autoganjlogs] [2022-07-28 @ 23:13:47] :: Task running
[autoganjlogs] [2022-07-28 @ 23:14:05] :: Based/Cringe Check running
[autoganjlogs] [2022-07-28 @ 23:14:06] :: Based/Cringe Check running
[autoganjlogs] [2022-07-28 @ 23:14:06] :: Based/Cringe Check running
[autoganjlogs] [2022-07-28 @ 23:14:13] :: Based/Cringe Check running
[autoganjlogs] [2022-07-28 @ 23:14:13] :: Based/Cringe Check running
[autoganjlogs] [2022-07-28 @ 23:14:13] :: Based/Cringe Check running
[autoganjlogs] [2022-07-28 @ 23:16:11] :: Based/Cringe Check running
[autoganjlogs] [2022-07-28 @ 23:16:11] :: Based/Cringe Check running
[autoganjlogs] [2022-07-28 @ 23:16:11] :: Based/Cringe Check running
[autoganjlogs] [2022-07-28 @ 23:18:22] :: Based/Cringe Check running
[autoganjlogs] [2022-07-28 @ 23:18:22] :: Based/Cringe Check running
[autoganjlogs] [2022-07-28 @ 23:18:22] :: Based/Cringe Check running
[autoganjlogs] [2022-07-28 @ 23:29:04] :: Based/Cringe Check running
[autoganjlogs] [2022-07-28 @ 23:29:04] :: Based/Cringe Check running
[autoganjlogs] [2022-07-28 @ 23:29:04] :: Based/Cringe Check running
[autoganjlogs] [2022-07-28 @ 23:48:35] :: Based/Cringe Check running
[autoganjlogs] [2022-07-28 @ 23:48:35] :: Based/Cringe Check running
[autoganjlogs] [2022-07-28 @ 23:48:36] :: Based/Cringe Check running
[autoganjlogs] [2022-07-28 @ 23:48:44] :: Based/Cringe Check running
[autoganjlogs] [2022-07-28 @ 23:48:44] :: Based/Cringe Check running
[autoganjlogs] [2022-07-28 @ 23:48:44] :: Based/Cringe Check running
[autoganjlogs] [2022-07-28 @ 23:48:46] :: Based/Cringe Check running
[autoganjlogs] [2022-07-28 @ 23:48:46] :: Based/Cringe Check running
[autoganjlogs] [2022-07-28 @ 23:48:47] :: Based/Cringe Check running
[autoganjlogs] [2022-07-28 @ 23:48:57] :: Based/Cringe Check running
[autoganjlogs] [2022-07-28 @ 23:48:57] :: Based/Cringe Check running
[autoganjlogs] [2022-07-28 @ 23:48:57] :: Based/Cringe Check running
[autoganjlogs] [2022-07-28 @ 23:49:48] :: Based/Cringe Check running
[autoganjlogs] [2022-07-28 @ 23:49:49] :: Based/Cringe Check running
[autoganjlogs] [2022-07-28 @ 23:49:49] :: Based/Cringe Check running
[autoganjlogs] [2022-07-28 @ 23:52:00] :: Based/Cringe Check running
[autoganjlogs] [2022-07-28 @ 23:52:00] :: Based/Cringe Check running
[autoganjlogs] [2022-07-28 @ 23:52:00] :: Based/Cringe Check running
[autoganjlogs] [2022-07-28 @ 23:52:02] :: Based/Cringe Check running
[autoganjlogs] [2022-07-28 @ 23:52:02] :: Based/Cringe Check running
[autoganjlogs] [2022-07-28 @ 23:52:02] :: Based/Cringe Check running
[autoganjlogs] [2022-07-28 @ 23:52:30] :: Based/Cringe Check running
[autoganjlogs] [2022-07-28 @ 23:52:31] :: Based/Cringe Check running
[autoganjlogs] [2022-07-28 @ 23:52:31] :: Based/Cringe Check running
[autoganjlogs] [2022-07-28 @ 23:52:33] :: Based/Cringe Check running
[autoganjlogs] [2022-07-28 @ 23:52:33] :: Based/Cringe Check running
[autoganjlogs] [2022-07-28 @ 23:52:33] :: Based/Cringe Check running
[autoganjlogs] [2022-07-28 @ 23:53:06] :: Based/Cringe Check running
[autoganjlogs] [2022-07-28 @ 23:53:06] :: Based/Cringe Check running
[autoganjlogs] [2022-07-28 @ 23:53:06] :: Based/Cringe Check running
[autoganjlogs] [2022-07-28 @ 23:55:12] :: Based/Cringe Check running
[autoganjlogs] [2022-07-28 @ 23:55:12] :: Based/Cringe Check running
[autoganjlogs] [2022-07-28 @ 23:55:12] :: Based/Cringe Check running
[autoganjlogs] [2022-07-28 @ 23:55:33] :: Based/Cringe Check running
[autoganjlogs] [2022-07-28 @ 23:55:33] :: Based/Cringe Check running
[autoganjlogs] [2022-07-28 @ 23:55:33] :: Based/Cringe Check running
[autoganjlogs] [2022-07-28 @ 23:55:44] :: Based/Cringe Check running
[autoganjlogs] [2022-07-28 @ 23:55:44] :: Based/Cringe Check running
[autoganjlogs] [2022-07-28 @ 23:55:44] :: Based/Cringe Check running
[autoganjlogs] [2022-07-28 @ 23:55:56] :: Based/Cringe Check running
[autoganjlogs] [2022-07-28 @ 23:55:56] :: Based/Cringe Check running
[autoganjlogs] [2022-07-28 @ 23:55:56] :: Based/Cringe Check running
[autoganjlogs] [2022-07-28 @ 23:56:48] :: Based/Cringe Check running
[autoganjlogs] [2022-07-28 @ 23:56:48] :: Based/Cringe Check running
[autoganjlogs] [2022-07-28 @ 23:56:48] :: Based/Cringe Check running
[autoganjlogs] [2022-07-28 @ 23:57:15] :: Based/Cringe Check running
[autoganjlogs] [2022-07-28 @ 23:57:15] :: Based/Cringe Check running
[autoganjlogs] [2022-07-28 @ 23:57:16] :: Based/Cringe Check running
[autoganjlogs] [2022-07-28 @ 23:57:30] :: Based/Cringe Check running
[autoganjlogs] [2022-07-28 @ 23:57:30] :: Based/Cringe Check running
[autoganjlogs] [2022-07-28 @ 23:57:30] :: Based/Cringe Check running
[autoganjlogs] [2022-07-28 @ 23:57:47] :: Based/Cringe Check running
[autoganjlogs] [2022-07-28 @ 23:57:47] :: Based/Cringe Check running
[autoganjlogs] [2022-07-28 @ 23:57:47] :: Based/Cringe Check running
[autoganjlogs] [2022-07-28 @ 23:58:37] :: Based/Cringe Check running
[autoganjlogs] [2022-07-28 @ 23:58:37] :: Based/Cringe Check running
[autoganjlogs] [2022-07-28 @ 23:58:37] :: Based/Cringe Check running
[autoganjlogs] [2022-07-28 @ 23:59:13] :: Based/Cringe Check running
[autoganjlogs] [2022-07-28 @ 23:59:13] :: Based/Cringe Check running
[autoganjlogs] [2022-07-28 @ 23:59:13] :: Based/Cringe Check running
[autoganjlogs] [2022-07-28 @ 23:59:44] :: Based/Cringe Check running
[autoganjlogs] [2022-07-28 @ 23:59:44] :: Based/Cringe Check running
[autoganjlogs] [2022-07-28 @ 23:59:44] :: Based/Cringe Check running
[autoganjlogs] [2022-07-28 @ 23:59:49] :: Based/Cringe Check running
[autoganjlogs] [2022-07-28 @ 23:59:49] :: Based/Cringe Check running
[autoganjlogs] [2022-07-28 @ 23:59:49] :: Based/Cringe Check running
[autoganjlogs] [2022-07-28 @ 23:59:51] :: Based/Cringe Check running
[autoganjlogs] [2022-07-28 @ 23:59:51] :: Based/Cringe Check running
[autoganjlogs] [2022-07-28 @ 23:59:51] :: Based/Cringe Check running
[autoganjlogs] [2022-07-28 @ 23:59:52] :: Based/Cringe Check running
[autoganjlogs] [2022-07-28 @ 23:59:52] :: Based/Cringe Check running
[autoganjlogs] [2022-07-28 @ 23:59:52] :: Based/Cringe Check running
[autoganjlogs] [2022-07-28 @ 23:59:53] :: Based/Cringe Check running
[autoganjlogs] [2022-07-28 @ 23:59:53] :: Based/Cringe Check running
[autoganjlogs] [2022-07-28 @ 23:59:53] :: Based/Cringe Check running
[autoganjlogs] [2022-07-28 @ 23:59:54] :: Based/Cringe Check running
[autoganjlogs] [2022-07-28 @ 23:59:54] :: Based/Cringe Check running
[autoganjlogs] [2022-07-28 @ 23:59:54] :: Based/Cringe Check running
[autoganjlogs] [2022-07-28 @ 23:59:55] :: Based/Cringe Check running
[autoganjlogs] [2022-07-28 @ 23:59:55] :: Based/Cringe Check running
[autoganjlogs] [2022-07-28 @ 23:59:55] :: Based/Cringe Check running
[autoganjlogs] [2022-07-28 @ 23:59:56] :: Based/Cringe Check running
[autoganjlogs] [2022-07-28 @ 23:59:56] :: Based/Cringe Check running
[autoganjlogs] [2022-07-28 @ 23:59:56] :: Based/Cringe Check running
[autoganjlogs] [2022-07-28 @ 23:59:56] :: Based/Cringe Check running
[autoganjlogs] [2022-07-28 @ 23:59:56] :: Based/Cringe Check running
[autoganjlogs] [2022-07-28 @ 23:59:56] :: Based/Cringe Check running
[autoganjlogs] [2022-07-28 @ 23:59:58] :: Based/Cringe Check running
[autoganjlogs] [2022-07-28 @ 23:59:58] :: Based/Cringe Check running
[autoganjlogs] [2022-07-28 @ 23:59:58] :: Based/Cringe Check running
[autoganjlogs] [2022-07-28 @ 23:59:59] :: Based/Cringe Check running
[autoganjlogs] [2022-07-28 @ 23:59:59] :: Based/Cringe Check running
[autoganjlogs] [2022-07-28 @ 23:59:59] :: Based/Cringe Check running
[autoganjlogs] [2022-07-28 @ 23:59:59] :: Based/Cringe Check running
[autoganjlogs] [2022-07-28 @ 23:59:59] :: Based/Cringe Check running
[autoganjlogs] [2022-07-29 @ 00:00:00] :: Based/Cringe Check running
[autoganjlogs] [2022-07-29 @ 00:00:00] :: Based/Cringe Check running
[autoganjlogs] [2022-07-29 @ 00:00:01] :: Based/Cringe Check running
[autoganjlogs] [2022-07-29 @ 00:00:01] :: Based/Cringe Check running
[autoganjlogs] [2022-07-29 @ 00:00:01] :: Based/Cringe Check running
[autoganjlogs] [2022-07-29 @ 00:00:01] :: Based/Cringe Check running
[autoganjlogs] [2022-07-29 @ 00:00:02] :: Based/Cringe Check running
[autoganjlogs] [2022-07-29 @ 00:00:03] :: Based/Cringe Check running
[autoganjlogs] [2022-07-29 @ 00:00:03] :: Based/Cringe Check running
[autoganjlogs] [2022-07-29 @ 00:00:03] :: Based/Cringe Check running
[autoganjlogs] [2022-07-29 @ 00:00:05] :: Based/Cringe Check running
[autoganjlogs] [2022-07-29 @ 00:00:06] :: Based/Cringe Check running
[autoganjlogs] [2022-07-29 @ 00:00:06] :: Based/Cringe Check running
[autoganjlogs] [2022-07-29 @ 00:00:08] :: Based/Cringe Check running
[autoganjlogs] [2022-07-29 @ 00:00:09] :: Based/Cringe Check running
[autoganjlogs] [2022-07-29 @ 00:00:09] :: Based/Cringe Check running
[autoganjlogs] [2022-07-29 @ 00:00:15] :: Based/Cringe Check running
[autoganjlogs] [2022-07-29 @ 00:00:15] :: Based/Cringe Check running
[autoganjlogs] [2022-07-29 @ 00:00:15] :: Based/Cringe Check running
[autoganjlogs] [2022-07-29 @ 00:00:17] :: Based/Cringe Check running
[autoganjlogs] [2022-07-29 @ 00:00:18] :: Based/Cringe Check running
[autoganjlogs] [2022-07-29 @ 00:00:18] :: Based/Cringe Check running
[autoganjlogs] [2022-07-29 @ 00:01:05] :: Based/Cringe Check running
[autoganjlogs] [2022-07-29 @ 00:01:05] :: Based/Cringe Check running
[autoganjlogs] [2022-07-29 @ 00:01:05] :: Based/Cringe Check running
[autoganjlogs] [2022-07-29 @ 00:01:21] :: Based/Cringe Check running
[autoganjlogs] [2022-07-29 @ 00:01:21] :: Based/Cringe Check running
[autoganjlogs] [2022-07-29 @ 00:01:21] :: Based/Cringe Check running
[autoganjlogs] [2022-07-29 @ 00:02:14] :: Based/Cringe Check running
[autoganjlogs] [2022-07-29 @ 00:02:14] :: Based/Cringe Check running
[autoganjlogs] [2022-07-29 @ 00:02:14] :: Based/Cringe Check running
[autoganjlogs] [2022-07-29 @ 00:02:16] :: Based/Cringe Check running
[autoganjlogs] [2022-07-29 @ 00:02:16] :: Based/Cringe Check running
[autoganjlogs] [2022-07-29 @ 00:02:16] :: Based/Cringe Check running
[autoganjlogs] [2022-07-29 @ 00:02:16] :: Based/Cringe Check running
[autoganjlogs] [2022-07-29 @ 00:02:16] :: Based/Cringe Check running
[autoganjlogs] [2022-07-29 @ 00:02:16] :: Based/Cringe Check running
[autoganjlogs] [2022-07-29 @ 00:02:22] :: Based/Cringe Check running
[autoganjlogs] [2022-07-29 @ 00:02:22] :: Based/Cringe Check running
[autoganjlogs] [2022-07-29 @ 00:02:22] :: Based/Cringe Check running
[autoganjlogs] [2022-07-29 @ 00:03:28] :: Based/Cringe Check running
[autoganjlogs] [2022-07-29 @ 00:03:28] :: Based/Cringe Check running
[autoganjlogs] [2022-07-29 @ 00:03:28] :: Based/Cringe Check running
[autoganjlogs] [2022-07-29 @ 00:03:44] :: Based/Cringe Check running
[autoganjlogs] [2022-07-29 @ 00:03:44] :: Based/Cringe Check running
[autoganjlogs] [2022-07-29 @ 00:03:44] :: Based/Cringe Check running
[autoganjlogs] [2022-07-29 @ 00:03:48] :: Based/Cringe Check running
[autoganjlogs] [2022-07-29 @ 00:03:48] :: Based/Cringe Check running
[autoganjlogs] [2022-07-29 @ 00:03:48] :: Based/Cringe Check running
[autoganjlogs] [2022-07-29 @ 00:04:16] :: Based/Cringe Check running
[autoganjlogs] [2022-07-29 @ 00:04:16] :: Based/Cringe Check running
[autoganjlogs] [2022-07-29 @ 00:04:16] :: Based/Cringe Check running
[autoganjlogs] [2022-07-29 @ 00:05:59] :: Based/Cringe Check running
[autoganjlogs] [2022-07-29 @ 00:05:59] :: Based/Cringe Check running
[autoganjlogs] [2022-07-29 @ 00:05:59] :: Based/Cringe Check running
[autoganjlogs] [2022-07-29 @ 00:06:01] :: Based/Cringe Check running
[autoganjlogs] [2022-07-29 @ 00:06:01] :: Based/Cringe Check running
[autoganjlogs] [2022-07-29 @ 00:06:01] :: Based/Cringe Check running
[autoganjlogs] [2022-07-29 @ 00:06:12] :: Based/Cringe Check running
[autoganjlogs] [2022-07-29 @ 00:06:12] :: Based/Cringe Check running
[autoganjlogs] [2022-07-29 @ 00:06:12] :: Based/Cringe Check running
[autoganjlogs] [2022-07-29 @ 00:12:02] :: Based/Cringe Check running
[autoganjlogs] [2022-07-29 @ 12:13:53] :: Tripwire loaded!
[autoganjlogs] [2022-07-29 @ 12:13:53] :: Tripwire loaded!
[autoganjlogs] [2022-07-29 @ 12:13:53] :: Tripwire loaded!
[autoganjlogs] [2022-07-29 @ 12:13:56] :: Tripwire loaded!
[autoganjlogs] [2022-07-29 @ 12:13:56] :: Tripwire loaded!
[autoganjlogs] [2022-07-29 @ 12:13:56] :: Tripwire loaded!
[autoganjlogs] [2022-07-29 @ 12:40:18] :: Tripwire loaded!
[autoganjlogs] [2022-07-29 @ 12:40:18] :: Tripwire loaded!
[autoganjlogs] [2022-07-29 @ 12:40:18] :: Tripwire loaded!
[autoganjlogs] [2022-07-29 @ 12:40:23] :: Tripwire loaded!
[autoganjlogs] [2022-07-29 @ 12:40:23] :: Tripwire loaded!
[autoganjlogs] [2022-07-29 @ 12:40:23] :: Tripwire loaded!
