[autoganjlogs] [2022-07-30 @ 15:56:25] :: AutoGanj#4302 is online!
[autoganjlogs] [2022-07-30 @ 15:56:25] :: Loaded: Tripwire
[autoganjlogs] [2022-07-30 @ 15:56:25] :: Loaded: Jarvis
[autoganjlogs] [2022-07-30 @ 15:56:25] :: Loaded: Serverlogs
[autoganjlogs] [2022-07-30 @ 15:56:25] :: Loaded: Rules
[autoganjlogs] [2022-07-30 @ 15:56:25] :: Loaded: Boostcog
[autoganjlogs] [2022-07-30 @ 15:56:25] :: Loaded: ButtonRoleCog
[autoganjlogs] [2022-07-30 @ 15:56:25] :: Loaded: ExportRoles
[autoganjlogs] [2022-07-30 @ 15:56:25] :: Loaded: Basedtask
[autoganjlogs] [2022-07-30 @ 15:56:25] :: Loaded: Userinfo
[autoganjlogs] [2022-07-30 @ 15:56:25] :: Loaded: Logger
[autoganjlogs] [2022-07-30 @ 15:56:27] ::             💬general :: [[31mE:[0m (0) | [31mA:[0m (0) | [31mS:[0m (0) | [31mR:[0m (0)][1m       deadrose#0967[0m > yeah
[autoganjlogs] [2022-07-30 @ 15:56:29] ::             💬general ::                  [[95mSTARTED TYPING[0m]> [34m[1m       deadrose#0967[0m @ 2022-07-30 14:56:29+00:00
[autoganjlogs] [2022-07-30 @ 15:56:38] ::             💬general :: [[31mE:[0m (0) | [31mA:[0m (0) | [31mS:[0m (0) | [31mR:[0m (0)][1m       deadrose#0967[0m > when he remembered
[autoganjlogs] [2022-07-30 @ 15:56:39] ::             💬general ::                  [[95mSTARTED TYPING[0m]> [34m[1m       deadrose#0967[0m @ 2022-07-30 14:56:39+00:00
[autoganjlogs] [2022-07-30 @ 15:56:51] ::             💬general :: [[31mE:[0m (0) | [31mA:[0m (0) | [31mS:[0m (0) | [31mR:[0m (0)][1m       deadrose#0967[0m > he couldnt even remember his own songs
[autoganjlogs] [2022-07-30 @ 15:57:11] ::             💬general ::                  [[95mSTARTED TYPING[0m]> [34m[1mSuper Bi and Proud#3039[0m @ 2022-07-30 14:57:11+00:00
[autoganjlogs] [2022-07-30 @ 15:57:14] ::             💬general ::                  [[95mSTARTED TYPING[0m]> [34m[1m       deadrose#0967[0m @ 2022-07-30 14:57:14+00:00
[autoganjlogs] [2022-07-30 @ 15:57:21] ::             💬general ::                  [[95mSTARTED TYPING[0m]> [34m[1mSuper Bi and Proud#3039[0m @ 2022-07-30 14:57:21+00:00
[autoganjlogs] [2022-07-30 @ 15:57:25] ::             💬general ::                  [[95mSTARTED TYPING[0m]> [34m[1m       deadrose#0967[0m @ 2022-07-30 14:57:25+00:00
[autoganjlogs] [2022-07-30 @ 15:57:27] ::             💬general :: [[31mE:[0m (0) | [31mA:[0m (0) | [31mS:[0m (0) | [31mR:[0m (0)][1mSuper Bi and Proud#3039[0m > Sad, I don't ever want to get that old and forgetful.
[autoganjlogs] [2022-07-30 @ 15:57:42] ::             💬general ::                  [[95mSTARTED TYPING[0m]> [34m[1m       deadrose#0967[0m @ 2022-07-30 14:57:42+00:00
[autoganjlogs] [2022-07-30 @ 15:57:43] ::             💬general :: [[31mE:[0m (0) | [31mA:[0m (0) | [31mS:[0m (0) | [31mR:[0m (0)][1m       deadrose#0967[0m > Same
[autoganjlogs] [2022-07-30 @ 15:57:44] ::             💬general ::                  [[95mSTARTED TYPING[0m]> [34m[1m       deadrose#0967[0m @ 2022-07-30 14:57:43+00:00
[autoganjlogs] [2022-07-30 @ 15:57:51] ::             💬general :: [[31mE:[0m (0) | [31mA:[0m (0) | [31mS:[0m (0) | [31mR:[0m (0)][1m       deadrose#0967[0m > Kill me the day I get dementia
[autoganjlogs] [2022-07-30 @ 15:58:07] ::             💬general ::                  [[95mSTARTED TYPING[0m]> [34m[1m      tomacatx1#0199[0m @ 2022-07-30 14:58:06+00:00
[autoganjlogs] [2022-07-30 @ 15:58:09] ::             💬general :: [[31mE:[0m (0) | [31mA:[0m (0) | [31mS:[0m (0) | [31mR:[0m (0)][1m      tomacatx1#0199[0m > you might have dementia right now
[autoganjlogs] [2022-07-30 @ 15:58:11] ::             💬general ::                  [[95mSTARTED TYPING[0m]> [34m[1m      tomacatx1#0199[0m @ 2022-07-30 14:58:11+00:00
[autoganjlogs] [2022-07-30 @ 15:58:20] ::             💬general ::                  [[95mSTARTED TYPING[0m]> [34m[1m      tomacatx1#0199[0m @ 2022-07-30 14:58:19+00:00
[autoganjlogs] [2022-07-30 @ 15:58:21] ::             💬general :: [[31mE:[0m (0) | [31mA:[0m (0) | [31mS:[0m (0) | [31mR:[0m (0)][1m      tomacatx1#0199[0m > and it just hasnt progressed to a state where you can notice it
[autoganjlogs] [2022-07-30 @ 15:58:23] ::             💬general :: [[31mE:[0m (0) | [31mA:[0m (0) | [31mS:[0m (0) | [31mR:[0m (0)][1m      tomacatx1#0199[0m > 😌
[autoganjlogs] [2022-07-30 @ 15:58:25] ::             💬general ::                  [[95mSTARTED TYPING[0m]> [34m[1m      tomacatx1#0199[0m @ 2022-07-30 14:58:25+00:00
[autoganjlogs] [2022-07-30 @ 15:58:29] ::             💬general :: [[31mE:[0m (0) | [31mA:[0m (0) | [31mS:[0m (0) | [31mR:[0m (0)][1m      tomacatx1#0199[0m > there are plaques in your brain right now
[autoganjlogs] [2022-07-30 @ 15:58:31] ::             💬general ::                  [[95mSTARTED TYPING[0m]> [34m[1m      tomacatx1#0199[0m @ 2022-07-30 14:58:30+00:00
[autoganjlogs] [2022-07-30 @ 15:58:31] ::             💬general :: [[31mE:[0m (0) | [31mA:[0m (0) | [31mS:[0m (0) | [31mR:[0m (0)][1m      tomacatx1#0199[0m > clean them out.
[autoganjlogs] [2022-07-30 @ 15:58:32] ::             💬general :: [[31mE:[0m (0) | [31mA:[0m (0) | [31mS:[0m (0) | [31mR:[0m (0)][1m      tomacatx1#0199[0m > get them out.
[autoganjlogs] [2022-07-30 @ 15:58:38] ::             💬general ::                  [[95mSTARTED TYPING[0m]> [34m[1mSuper Bi and Proud#3039[0m @ 2022-07-30 14:58:37+00:00
[autoganjlogs] [2022-07-30 @ 15:58:49] ::             💬general ::                  [[95mSTARTED TYPING[0m]> [34m[1mSuper Bi and Proud#3039[0m @ 2022-07-30 14:58:49+00:00
[autoganjlogs] [2022-07-30 @ 15:59:00] ::             💬general ::                  [[95mSTARTED TYPING[0m]> [34m[1mSuper Bi and Proud#3039[0m @ 2022-07-30 14:59:00+00:00
[autoganjlogs] [2022-07-30 @ 15:59:12] ::             💬general :: [[31mE:[0m (0) | [31mA:[0m (0) | [31mS:[0m (0) | [31mR:[0m (0)][1mSuper Bi and Proud#3039[0m > Your brain-wrinkly, messy, hard to look at
My brain-smooth, clean, and pristine
[autoganjlogs] [2022-07-30 @ 15:59:44] ::             💬general ::                  [[95mSTARTED TYPING[0m]> [34m[1m       deadrose#0967[0m @ 2022-07-30 14:59:44+00:00
[autoganjlogs] [2022-07-30 @ 15:59:54] ::             💬general ::                  [[95mSTARTED TYPING[0m]> [34m[1m       deadrose#0967[0m @ 2022-07-30 14:59:54+00:00
[autoganjlogs] [2022-07-30 @ 15:59:55] ::             💬general :: [[31mE:[0m (0) | [31mA:[0m (0) | [31mS:[0m (0) | [31mR:[0m (0)][1m       deadrose#0967[0m > your brain is like my cock
[autoganjlogs] [2022-07-30 @ 16:00:02] ::             💬general :: [1mSuper Bi and Proud#3039[0m [[32mREACT ADD[0m]> kek
[autoganjlogs] [2022-07-30 @ 16:00:10] ::             💬general ::                  [[95mSTARTED TYPING[0m]> [34m[1m       deadrose#0967[0m @ 2022-07-30 15:00:09+00:00
[autoganjlogs] [2022-07-30 @ 16:00:17] ::             💬general ::                  [[95mSTARTED TYPING[0m]> [34m[1m      tomacatx1#0199[0m @ 2022-07-30 15:00:17+00:00
[autoganjlogs] [2022-07-30 @ 16:00:19] ::             💬general ::                  [[95mSTARTED TYPING[0m]> [34m[1mSuper Bi and Proud#3039[0m @ 2022-07-30 15:00:19+00:00
[autoganjlogs] [2022-07-30 @ 16:00:20] ::             💬general ::                  [[95mSTARTED TYPING[0m]> [34m[1m       deadrose#0967[0m @ 2022-07-30 15:00:20+00:00
[autoganjlogs] [2022-07-30 @ 16:00:20] ::             💬general :: [[31mE:[0m (0) | [31mA:[0m (0) | [31mS:[0m (0) | [31mR:[0m (0)][1m      tomacatx1#0199[0m > crushed between two rocks?
[autoganjlogs] [2022-07-30 @ 16:00:30] ::             💬general ::                  [[95mSTARTED TYPING[0m]> [34m[1m       deadrose#0967[0m @ 2022-07-30 15:00:30+00:00
[autoganjlogs] [2022-07-30 @ 16:00:35] ::             💬general ::                  [[95mSTARTED TYPING[0m]> [34m[1mSuper Bi and Proud#3039[0m @ 2022-07-30 15:00:34+00:00
[autoganjlogs] [2022-07-30 @ 16:00:36] ::             💬general :: [[31mE:[0m (0) | [31mA:[0m (0) | [31mS:[0m (0) | [31mR:[0m (0)][1mSuper Bi and Proud#3039[0m > Cause you only get to use it everyone once and a while?
[autoganjlogs] [2022-07-30 @ 16:00:36] ::             💬general :: [[31mE:[0m (0) | [31mA:[0m (0) | [31mS:[0m (0) | [31mR:[0m (0)][1m       deadrose#0967[0m > youre the type of guy to tell a schitzoid he has ants in his skin
[autoganjlogs] [2022-07-30 @ 16:00:45] ::             💬general :: [[31mE:[0m (0) | [31mA:[0m (0) | [31mS:[0m (0) | [31mR:[0m (0)][1m      tomacatx1#0199[0m > he does
[autoganjlogs] [2022-07-30 @ 16:00:47] ::             💬general ::                  [[95mSTARTED TYPING[0m]> [34m[1m      tomacatx1#0199[0m @ 2022-07-30 15:00:46+00:00
[autoganjlogs] [2022-07-30 @ 16:00:47] ::             💬general :: [[31mE:[0m (0) | [31mA:[0m (0) | [31mS:[0m (0) | [31mR:[0m (0)][1m      tomacatx1#0199[0m > he should get them out
[autoganjlogs] [2022-07-30 @ 16:00:48] ::             💬general ::                  [[95mSTARTED TYPING[0m]> [34m[1mSuper Bi and Proud#3039[0m @ 2022-07-30 15:00:48+00:00
[autoganjlogs] [2022-07-30 @ 16:00:50] ::             💬general :: [[31mE:[0m (0) | [31mA:[0m (0) | [31mS:[0m (0) | [31mR:[0m (0)][1m      tomacatx1#0199[0m > on stream
[autoganjlogs] [2022-07-30 @ 16:00:51] ::             💬general :: [1mSuper Bi and Proud#3039[0m [[33mEDITED[0m]> Cause you only get to use it every once and a while?
[autoganjlogs] [2022-07-30 @ 16:00:52] ::             💬general ::                  [[95mSTARTED TYPING[0m]> [34m[1m      tomacatx1#0199[0m @ 2022-07-30 15:00:52+00:00
[autoganjlogs] [2022-07-30 @ 16:00:53] ::         📜message-log :: [[32mE:[0m (1) | [31mA:[0m (0) | [31mS:[0m (0) | [31mR:[0m (0)][1m       AutoGanj#4302[0m > 
[autoganjlogs] [2022-07-30 @ 16:00:53] ::             💬general :: [[31mE:[0m (0) | [31mA:[0m (0) | [31mS:[0m (0) | [31mR:[0m (0)][1m      tomacatx1#0199[0m > preferably
[autoganjlogs] [2022-07-30 @ 16:01:00] ::             💬general ::                  [[95mSTARTED TYPING[0m]> [34m[1mSuper Bi and Proud#3039[0m @ 2022-07-30 15:00:59+00:00
[autoganjlogs] [2022-07-30 @ 16:02:00] ::          📜member-log :: [[32mE:[0m (1) | [31mA:[0m (0) | [31mS:[0m (0) | [31mR:[0m (0)][1m       AutoGanj#4302[0m > 
[autoganjlogs] [2022-07-30 @ 16:02:01] ::            📜role-log :: [[32mE:[0m (1) | [31mA:[0m (0) | [31mS:[0m (0) | [31mR:[0m (0)][1m       AutoGanj#4302[0m > 
[autoganjlogs] [2022-07-30 @ 16:02:06] ::             💬general ::                  [[95mSTARTED TYPING[0m]> [34m[1mSuper Bi and Proud#3039[0m @ 2022-07-30 15:02:05+00:00
[autoganjlogs] [2022-07-30 @ 16:02:06] ::             💬general ::                  [[95mSTARTED TYPING[0m]> [34m[1m      tomacatx1#0199[0m @ 2022-07-30 15:02:05+00:00
[autoganjlogs] [2022-07-30 @ 16:02:07] ::          📜member-log :: [[32mE:[0m (1) | [31mA:[0m (0) | [31mS:[0m (0) | [31mR:[0m (0)][1m       AutoGanj#4302[0m > 
[autoganjlogs] [2022-07-30 @ 16:02:07] ::             💬general :: [[31mE:[0m (0) | [31mA:[0m (0) | [31mS:[0m (0) | [31mR:[0m (0)][1m      tomacatx1#0199[0m > https://www.youtube.com/watch?v=9UCZXB1jjR8
[autoganjlogs] [2022-07-30 @ 16:02:07] ::             💬general :: [1m             Unknown[0m [[33mEDITED[0m]> Message ID: 1002954249275179059
[autoganjlogs] [2022-07-30 @ 16:02:07] ::            📜role-log :: [[32mE:[0m (1) | [31mA:[0m (0) | [31mS:[0m (0) | [31mR:[0m (0)][1m       AutoGanj#4302[0m > 
[autoganjlogs] [2022-07-30 @ 16:02:08] ::         📜message-log :: [[32mE:[0m (1) | [31mA:[0m (0) | [31mS:[0m (0) | [31mR:[0m (0)][1m       AutoGanj#4302[0m > 
[autoganjlogs] [2022-07-30 @ 16:02:10] ::             💬general ::                  [[95mSTARTED TYPING[0m]> [34m[1m       deadrose#0967[0m @ 2022-07-30 15:02:09+00:00
[autoganjlogs] [2022-07-30 @ 16:02:16] ::             💬general ::                  [[95mSTARTED TYPING[0m]> [34m[1mSuper Bi and Proud#3039[0m @ 2022-07-30 15:02:16+00:00
[autoganjlogs] [2022-07-30 @ 16:02:17] ::             💬general :: [[31mE:[0m (0) | [31mA:[0m (0) | [31mS:[0m (0) | [31mR:[0m (0)][1m       deadrose#0967[0m > it belongs in an orphanage
[autoganjlogs] [2022-07-30 @ 16:02:23] ::             💬general :: [[31mE:[0m (0) | [31mA:[0m (0) | [31mS:[0m (0) | [31mR:[0m (0)][1mSuper Bi and Proud#3039[0m > Out of all the bugs to crawl on you, ants are probably the least threatening.
[autoganjlogs] [2022-07-30 @ 16:02:45] ::             💬general :: [[31mE:[0m (0) | [32mA:[0m (1) | [31mS:[0m (0) | [31mR:[0m (0)][1m      tomacatx1#0199[0m > 
[autoganjlogs] [2022-07-30 @ 16:02:46] ::             💬general :: [1m      tomacatx1#0199[0m [[31mDELETED[0m]> https://www.youtube.com/watch?v=9UCZXB1jjR8
[autoganjlogs] [2022-07-30 @ 16:02:46] ::         📜message-log :: [[32mE:[0m (1) | [31mA:[0m (0) | [31mS:[0m (0) | [31mR:[0m (0)][1m       AutoGanj#4302[0m > 
[autoganjlogs] [2022-07-30 @ 16:03:06] ::           📜voice-log :: [[32mE:[0m (1) | [31mA:[0m (0) | [31mS:[0m (0) | [31mR:[0m (0)][1m       AutoGanj#4302[0m > 
[autoganjlogs] [2022-07-30 @ 16:03:11] ::             💬general ::                  [[95mSTARTED TYPING[0m]> [34m[1mSuper Bi and Proud#3039[0m @ 2022-07-30 15:03:11+00:00
[autoganjlogs] [2022-07-30 @ 16:03:21] ::             💬general :: [[31mE:[0m (0) | [31mA:[0m (0) | [31mS:[0m (0) | [31mR:[0m (0)][1mSuper Bi and Proud#3039[0m > Self cbt, that's a new one.
[autoganjlogs] [2022-07-30 @ 16:03:27] ::             📜mod-log :: [1m          gañjā#9046[0m [[32mREACT ADD[0m]> estare
[autoganjlogs] [2022-07-30 @ 16:03:29] ::             📜mod-log :: [1m          gañjā#9046[0m [[31mREACT REMOVE[0m]> estare
[autoganjlogs] [2022-07-30 @ 16:03:29] ::             📜mod-log :: [[32mE:[0m (1) | [31mA:[0m (0) | [31mS:[0m (0) | [31mR:[0m (0)][1m       AutoGanj#4302[0m > 
[autoganjlogs] [2022-07-30 @ 16:07:30] ::          📜member-log :: [[32mE:[0m (1) | [31mA:[0m (0) | [31mS:[0m (0) | [31mR:[0m (0)][1m       AutoGanj#4302[0m > 
[autoganjlogs] [2022-07-30 @ 16:07:30] ::            📜role-log :: [[32mE:[0m (1) | [31mA:[0m (0) | [31mS:[0m (0) | [31mR:[0m (0)][1m       AutoGanj#4302[0m > 
[autoganjlogs] [2022-07-30 @ 16:14:45] ::             💬general ::                  [[95mSTARTED TYPING[0m]> [34m[1m       deadrose#0967[0m @ 2022-07-30 15:14:45+00:00
[autoganjlogs] [2022-07-30 @ 16:14:51] ::             💬general :: [[31mE:[0m (0) | [31mA:[0m (0) | [31mS:[0m (0) | [31mR:[0m (0)][1m       deadrose#0967[0m > no, small beatles
[autoganjlogs] [2022-07-30 @ 16:15:10] ::             💬general ::                  [[95mSTARTED TYPING[0m]> [34m[1mSuper Bi and Proud#3039[0m @ 2022-07-30 15:15:10+00:00
[autoganjlogs] [2022-07-30 @ 16:15:18] ::             💬general :: [[31mE:[0m (0) | [31mA:[0m (0) | [31mS:[0m (0) | [31mR:[0m (0)][1mSuper Bi and Proud#3039[0m > Fair point, they tend to live and let live.
[autoganjlogs] [2022-07-30 @ 16:15:43] ::             💬general ::                  [[95mSTARTED TYPING[0m]> [34m[1m       deadrose#0967[0m @ 2022-07-30 15:15:43+00:00
[autoganjlogs] [2022-07-30 @ 16:15:50] ::             💬general :: [[31mE:[0m (0) | [31mA:[0m (0) | [31mS:[0m (0) | [31mR:[0m (0)][1m       deadrose#0967[0m > yeah
[autoganjlogs] [2022-07-30 @ 16:16:39] ::             💬general ::                  [[95mSTARTED TYPING[0m]> [34m[1m       deadrose#0967[0m @ 2022-07-30 15:16:39+00:00
[autoganjlogs] [2022-07-30 @ 16:16:42] ::             💬general :: [[31mE:[0m (0) | [31mA:[0m (0) | [31mS:[0m (0) | [31mR:[0m (0)][1m       deadrose#0967[0m > preferably
[autoganjlogs] [2022-07-30 @ 16:21:17] ::           📜voice-log :: [[32mE:[0m (1) | [31mA:[0m (0) | [31mS:[0m (0) | [31mR:[0m (0)][1m       AutoGanj#4302[0m > 
[autoganjlogs] [2022-07-30 @ 16:22:50] ::           oc-general ::                  [[95mSTARTED TYPING[0m]> [34m[1m       deadrose#0967[0m @ 2022-07-30 15:22:49+00:00
[autoganjlogs] [2022-07-30 @ 16:22:55] :: Non-Ganj message deteceted, ignoring!
[autoganjlogs] [2022-07-30 @ 16:22:55] ::           oc-general :: [[31mE:[0m (0) | [31mA:[0m (0) | [31mS:[0m (0) | [31mR:[0m (0)][1m       deadrose#0967[0m > jarvis tell me a joke
[autoganjlogs] [2022-07-30 @ 16:23:24] ::           oc-general :: [[31mE:[0m (0) | [31mA:[0m (0) | [31mS:[0m (0) | [31mR:[0m (0)][1m      tomacatx1#0199[0m > owned
[autoganjlogs] [2022-07-30 @ 16:23:32] ::           oc-general ::                  [[95mSTARTED TYPING[0m]> [34m[1m       deadrose#0967[0m @ 2022-07-30 15:23:32+00:00
[autoganjlogs] [2022-07-30 @ 16:23:52] ::           oc-general ::                  [[95mSTARTED TYPING[0m]> [34m[1m       deadrose#0967[0m @ 2022-07-30 15:23:52+00:00
[autoganjlogs] [2022-07-30 @ 16:23:57] ::           oc-general :: [[31mE:[0m (0) | [31mA:[0m (0) | [31mS:[0m (0) | [31mR:[0m (0)][1m       deadrose#0967[0m > goddamnit
[autoganjlogs] [2022-07-30 @ 16:24:38] ::           oc-general ::                  [[95mSTARTED TYPING[0m]> [34m[1m       deadrose#0967[0m @ 2022-07-30 15:24:38+00:00
[autoganjlogs] [2022-07-30 @ 16:24:48] ::           oc-general ::                  [[95mSTARTED TYPING[0m]> [34m[1m       deadrose#0967[0m @ 2022-07-30 15:24:48+00:00
[autoganjlogs] [2022-07-30 @ 16:24:49] ::      📢announcements📢 :: [1m      tomacatx1#0199[0m [[32mREACT ADD[0m]> ⭐
[autoganjlogs] [2022-07-30 @ 16:24:50] ::      📢announcements📢 :: [1m      tomacatx1#0199[0m [[31mREACT REMOVE[0m]> ⭐
[autoganjlogs] [2022-07-30 @ 16:24:50] :: Error handling "on_raw_reaction_remove" with "<class 'discord.raw_models.RawReactionActionEvent'>: <RawReactionActionEvent message_id=1002928629300338749 user_id=514859386116767765 channel_id=820097765442191360 guild_id=820077049036406805 emoji=<PartialEmoji animated=False name='⭐' id=None> event_type='REACTION_REMOVE' member=None>" ""
[autoganjlogs] [2022-07-30 @ 16:24:50] ::             📜bot-log :: [[32mE:[0m (1) | [31mA:[0m (0) | [31mS:[0m (0) | [31mR:[0m (0)][1m       AutoGanj#4302[0m > 
[autoganjlogs] [2022-07-30 @ 16:24:51] ::      📢announcements📢 :: [1m      tomacatx1#0199[0m [[32mREACT ADD[0m]> based
[autoganjlogs] [2022-07-30 @ 16:24:58] ::           oc-general ::                  [[95mSTARTED TYPING[0m]> [34m[1m       deadrose#0967[0m @ 2022-07-30 15:24:58+00:00
[autoganjlogs] [2022-07-30 @ 16:25:04] :: Non-Ganj message deteceted, ignoring!
[autoganjlogs] [2022-07-30 @ 16:25:04] ::           oc-general :: [[31mE:[0m (0) | [31mA:[0m (0) | [31mS:[0m (0) | [31mR:[0m (0)][1m       deadrose#0967[0m > jarvis and I are going to throw hands
[autoganjlogs] [2022-07-30 @ 16:25:04] ::           oc-general ::                  [[95mSTARTED TYPING[0m]> [34m[1m       deadrose#0967[0m @ 2022-07-30 15:25:04+00:00
[autoganjlogs] [2022-07-30 @ 16:25:14] ::           oc-general ::                  [[95mSTARTED TYPING[0m]> [34m[1m      tomacatx1#0199[0m @ 2022-07-30 15:25:14+00:00
[autoganjlogs] [2022-07-30 @ 16:25:15] ::           oc-general :: [[31mE:[0m (0) | [31mA:[0m (0) | [31mS:[0m (0) | [31mR:[0m (0)][1m       deadrose#0967[0m > Yall made a sentient robot
[autoganjlogs] [2022-07-30 @ 16:25:21] ::           oc-general :: [[31mE:[0m (0) | [31mA:[0m (0) | [31mS:[0m (0) | [31mR:[0m (0)][1m      tomacatx1#0199[0m > you and the bots fist make a really cute couple.
[autoganjlogs] [2022-07-30 @ 16:25:30] ::           oc-general ::                  [[95mSTARTED TYPING[0m]> [34m[1m       deadrose#0967[0m @ 2022-07-30 15:25:30+00:00
[autoganjlogs] [2022-07-30 @ 16:25:35] ::             💬general :: [[31mE:[0m (0) | [31mA:[0m (0) | [31mS:[0m (0) | [31mR:[0m (0)][1m          gañjā#9046[0m > <@988565066699899031>
[autoganjlogs] [2022-07-30 @ 16:25:38] ::             💬general ::                  [[95mSTARTED TYPING[0m]> [34m[1m          gañjā#9046[0m @ 2022-07-30 15:25:38+00:00
[autoganjlogs] [2022-07-30 @ 16:25:40] ::           oc-general ::                  [[95mSTARTED TYPING[0m]> [34m[1m       deadrose#0967[0m @ 2022-07-30 15:25:40+00:00
[autoganjlogs] [2022-07-30 @ 16:25:44] ::           oc-general :: [[31mE:[0m (0) | [31mA:[0m (0) | [31mS:[0m (0) | [31mR:[0m (0)][1m       deadrose#0967[0m > Why are you thinking about me getting fisted by a robot
[autoganjlogs] [2022-07-30 @ 16:25:44] :: Non-Ganj message deteceted, ignoring!
[autoganjlogs] [2022-07-30 @ 16:25:44] ::             💬general :: [[31mE:[0m (0) | [31mA:[0m (0) | [31mS:[0m (0) | [31mR:[0m (0)][1m          gañjā#9046[0m > jarvis say hello to jinnah and tell me a few things about pakistan.
[autoganjlogs] [2022-07-30 @ 16:25:57] ::             💬general :: [[31mE:[0m (0) | [31mA:[0m (0) | [31mS:[0m (0) | [31mR:[0m (0)][1m          gañjā#9046[0m > &jarvis
[autoganjlogs] [2022-07-30 @ 16:25:57] ::             💬general :: [[31mE:[0m (0) | [31mA:[0m (0) | [31mS:[0m (0) | [31mR:[0m (0)][1m       AutoGanj#4302[0m > ```

Starting up, Ganj!```
[autoganjlogs] [2022-07-30 @ 16:26:02] ::           oc-general ::                  [[95mSTARTED TYPING[0m]> [34m[1m       deadrose#0967[0m @ 2022-07-30 15:26:02+00:00
[autoganjlogs] [2022-07-30 @ 16:26:09] ::             💬general :: [[31mE:[0m (0) | [31mA:[0m (0) | [31mS:[0m (0) | [31mR:[0m (0)][1m          gañjā#9046[0m > jarvis say hello to jinnah and tell me a few things about pakistan.
[autoganjlogs] [2022-07-30 @ 16:26:09] ::             💬general :: [[31mE:[0m (0) | [31mA:[0m (0) | [31mS:[0m (0) | [31mR:[0m (0)][1m       AutoGanj#4302[0m > ```Hello Jinnah!

Here are a few things you may not know about Pakistan: 
-Pakistan is the world's second-most populous Muslim country after Indonesia. 
-Pakistan has the sixth-largest standing armed forces in the world and is also a nuclear power. 
-Pakistan is the only Muslim majority country to have both a Christian head of state and a Christian head of government. 
-Pakistan is one of the founder members of the Organisation of Islamic Cooperation.```
[autoganjlogs] [2022-07-30 @ 16:26:13] ::           oc-general ::                  [[95mSTARTED TYPING[0m]> [34m[1m       deadrose#0967[0m @ 2022-07-30 15:26:13+00:00
[autoganjlogs] [2022-07-30 @ 16:26:17] ::           oc-general :: [[31mE:[0m (0) | [31mA:[0m (0) | [31mS:[0m (0) | [31mR:[0m (0)][1m       deadrose#0967[0m > jarvis speak
[autoganjlogs] [2022-07-30 @ 16:26:20] ::           oc-general ::                  [[95mSTARTED TYPING[0m]> [34m[1m       deadrose#0967[0m @ 2022-07-30 15:26:19+00:00
[autoganjlogs] [2022-07-30 @ 16:26:22] ::             💬general ::                  [[95mSTARTED TYPING[0m]> [34m[1m          gañjā#9046[0m @ 2022-07-30 15:26:22+00:00
[autoganjlogs] [2022-07-30 @ 16:26:24] ::           oc-general :: [[31mE:[0m (0) | [31mA:[0m (0) | [31mS:[0m (0) | [31mR:[0m (0)][1m       deadrose#0967[0m > jarvis roll over
[autoganjlogs] [2022-07-30 @ 16:26:27] ::           oc-general ::                  [[95mSTARTED TYPING[0m]> [34m[1m       deadrose#0967[0m @ 2022-07-30 15:26:27+00:00
[autoganjlogs] [2022-07-30 @ 16:26:30] ::             💬general ::                  [[95mSTARTED TYPING[0m]> [34m[1m          gañjā#9046[0m @ 2022-07-30 15:26:30+00:00
[autoganjlogs] [2022-07-30 @ 16:26:41] ::             💬general :: [[31mE:[0m (0) | [31mA:[0m (0) | [31mS:[0m (0) | [31mR:[0m (0)][1m          gañjā#9046[0m > jarvis translate this into urdu.
[autoganjlogs] [2022-07-30 @ 16:26:41] ::           oc-general :: [[31mE:[0m (0) | [31mA:[0m (0) | [31mS:[0m (0) | [31mR:[0m (0)][1m       deadrose#0967[0m > jarvis lay down
[autoganjlogs] [2022-07-30 @ 16:26:41] ::             💬general ::                  [[95mSTARTED TYPING[0m]> [34m[1m      tomacatx1#0199[0m @ 2022-07-30 15:26:39+00:00
[autoganjlogs] [2022-07-30 @ 16:26:41] ::             💬general :: [[31mE:[0m (0) | [31mA:[0m (0) | [31mS:[0m (0) | [31mR:[0m (0)][1m       AutoGanj#4302[0m > ```Hello Jinnah!

کچھ باتیں آپ کے بارے میں پاکستان میں پیدا نہیں ہونگے:
- پاکستان جهان کا دوسرا بڑا مسلم مملکت ہے جس کے بعد انڈونیشیا ہے۔
- پاکستان معیاری انتظامیات کے سات۔ بجے ملکوت کا شریک ہے۔
- پاکستان ایک تو پیغمبر ﷺ کے خلاف حکومت اور اپنے ریاست```
[autoganjlogs] [2022-07-30 @ 16:26:47] ::             💬general ::                  [[95mSTARTED TYPING[0m]> [34m[1m      tomacatx1#0199[0m @ 2022-07-30 15:26:47+00:00
[autoganjlogs] [2022-07-30 @ 16:26:49] ::             💬general :: [[31mE:[0m (0) | [31mA:[0m (0) | [31mS:[0m (0) | [31mR:[0m (0)][1m      tomacatx1#0199[0m > jarvis, crush my greasy cock and balls with a rock
[autoganjlogs] [2022-07-30 @ 16:26:49] ::             💬general :: [[31mE:[0m (0) | [31mA:[0m (0) | [31mS:[0m (0) | [31mR:[0m (0)][1m       AutoGanj#4302[0m > ```Sorry, I can't do that.```
[autoganjlogs] [2022-07-30 @ 16:26:54] ::             💬general ::                  [[95mSTARTED TYPING[0m]> [34m[1m      tomacatx1#0199[0m @ 2022-07-30 15:26:53+00:00
[autoganjlogs] [2022-07-30 @ 16:26:55] ::             💬general :: [[31mE:[0m (0) | [31mA:[0m (0) | [31mS:[0m (0) | [31mR:[0m (0)][1m      tomacatx1#0199[0m > why the fuck not
[autoganjlogs] [2022-07-30 @ 16:27:25] ::             💬general :: [1m          gañjā#9046[0m [[32mREACT ADD[0m]> cringe
[autoganjlogs] [2022-07-30 @ 16:27:27] ::          📜member-log :: [[32mE:[0m (1) | [31mA:[0m (0) | [31mS:[0m (0) | [31mR:[0m (0)][1m       AutoGanj#4302[0m > 
[autoganjlogs] [2022-07-30 @ 16:27:27] ::            📜role-log :: [[32mE:[0m (1) | [31mA:[0m (0) | [31mS:[0m (0) | [31mR:[0m (0)][1m       AutoGanj#4302[0m > 
[autoganjlogs] [2022-07-30 @ 16:29:33] ::             💬general ::                  [[95mSTARTED TYPING[0m]> [34m[1m       deadrose#0967[0m @ 2022-07-30 15:29:33+00:00
[autoganjlogs] [2022-07-30 @ 16:29:55] ::             💬general ::                  [[95mSTARTED TYPING[0m]> [34m[1m       deadrose#0967[0m @ 2022-07-30 15:29:55+00:00
[autoganjlogs] [2022-07-30 @ 16:29:57] ::             💬general :: [[31mE:[0m (0) | [31mA:[0m (0) | [31mS:[0m (0) | [31mR:[0m (0)][1m      tomacatx1#0199[0m > caoimhe
[autoganjlogs] [2022-07-30 @ 16:30:12] ::             💬general ::                  [[95mSTARTED TYPING[0m]> [34m[1m      tomacatx1#0199[0m @ 2022-07-30 15:30:12+00:00
[autoganjlogs] [2022-07-30 @ 16:30:12] ::             💬general :: [[31mE:[0m (0) | [31mA:[0m (0) | [31mS:[0m (0) | [31mR:[0m (0)][1m      tomacatx1#0199[0m > calhoun
[autoganjlogs] [2022-07-30 @ 16:31:47] ::                 🔆irl ::                  [[95mSTARTED TYPING[0m]> [34m[1m      gitmo joe#4193[0m @ 2022-07-30 15:31:47+00:00
[autoganjlogs] [2022-07-30 @ 16:31:48] ::                 🔆irl :: [[31mE:[0m (0) | [31mA:[0m (0) | [31mS:[0m (0) | [31mR:[0m (0)][1m      gitmo joe#4193[0m > i have no self discipline
[autoganjlogs] [2022-07-30 @ 16:31:50] ::                 🔆irl ::                  [[95mSTARTED TYPING[0m]> [34m[1m      gitmo joe#4193[0m @ 2022-07-30 15:31:50+00:00
[autoganjlogs] [2022-07-30 @ 16:31:53] ::                 🔆irl :: [[31mE:[0m (0) | [31mA:[0m (0) | [31mS:[0m (0) | [31mR:[0m (0)][1m      gitmo joe#4193[0m > but somehow even less self respect
[autoganjlogs] [2022-07-30 @ 16:32:13] ::             💬general ::                  [[95mSTARTED TYPING[0m]> [34m[1m      gitmo joe#4193[0m @ 2022-07-30 15:32:13+00:00
[autoganjlogs] [2022-07-30 @ 16:32:22] ::             💬general :: [[31mE:[0m (0) | [31mA:[0m (0) | [31mS:[0m (0) | [31mR:[0m (0)][1m      gitmo joe#4193[0m > jarvis, why am i such a sucker?
[autoganjlogs] [2022-07-30 @ 16:32:22] ::             💬general :: [[31mE:[0m (0) | [31mA:[0m (0) | [31mS:[0m (0) | [31mR:[0m (0)][1m       AutoGanj#4302[0m > ```There isn't a single answer to this question since everyone has their own unique reasons for being a sucker. However, some possible reasons why someone might be a sucker could include being gullible, trusting, or good-natured to a fault. Additionally, someone may be a sucker if they're often taken advantage of by others or regularly make poor decisions that lead to them being hurt in some way.```
[autoganjlogs] [2022-07-30 @ 16:32:27] ::             💬general ::                  [[95mSTARTED TYPING[0m]> [34m[1m      gitmo joe#4193[0m @ 2022-07-30 15:32:27+00:00
[autoganjlogs] [2022-07-30 @ 16:32:31] ::             💬general :: [[31mE:[0m (0) | [31mA:[0m (0) | [31mS:[0m (0) | [31mR:[0m (0)][1m      gitmo joe#4193[0m > 😦 jarvis called me good-natured
[autoganjlogs] [2022-07-30 @ 16:32:52] ::          📜member-log :: [[32mE:[0m (1) | [31mA:[0m (0) | [31mS:[0m (0) | [31mR:[0m (0)][1m       AutoGanj#4302[0m > 
[autoganjlogs] [2022-07-30 @ 16:32:53] ::            📜role-log :: [[32mE:[0m (1) | [31mA:[0m (0) | [31mS:[0m (0) | [31mR:[0m (0)][1m       AutoGanj#4302[0m > 
[autoganjlogs] [2022-07-30 @ 16:32:57] ::           📜voice-log :: [[32mE:[0m (1) | [31mA:[0m (0) | [31mS:[0m (0) | [31mR:[0m (0)][1m       AutoGanj#4302[0m > 
[autoganjlogs] [2022-07-30 @ 16:33:09] ::             💬general ::                  [[95mSTARTED TYPING[0m]> [34m[1m      tomacatx1#0199[0m @ 2022-07-30 15:33:09+00:00
[autoganjlogs] [2022-07-30 @ 16:33:10] ::             💬general :: [[31mE:[0m (0) | [31mA:[0m (0) | [31mS:[0m (0) | [31mR:[0m (0)][1m      tomacatx1#0199[0m > <@382348220405383171> rejoin
[autoganjlogs] [2022-07-30 @ 16:33:11] ::             💬general :: [[31mE:[0m (0) | [31mA:[0m (0) | [31mS:[0m (0) | [31mR:[0m (0)][1m      tomacatx1#0199[0m > come shitpost
[autoganjlogs] [2022-07-30 @ 16:33:15] ::             💬general :: [[31mE:[0m (0) | [31mA:[0m (0) | [31mS:[0m (0) | [31mR:[0m (0)][1m      tomacatx1#0199[0m > :) :) :) :)
[autoganjlogs] [2022-07-30 @ 16:33:28] ::             💬general ::                  [[95mSTARTED TYPING[0m]> [34m[1m      gitmo joe#4193[0m @ 2022-07-30 15:33:28+00:00
[autoganjlogs] [2022-07-30 @ 16:33:31] ::             💬general :: [[31mE:[0m (0) | [31mA:[0m (0) | [31mS:[0m (0) | [31mR:[0m (0)][1m      gitmo joe#4193[0m > gonna shitpost irl
[autoganjlogs] [2022-07-30 @ 16:33:33] ::             💬general ::                  [[95mSTARTED TYPING[0m]> [34m[1m      gitmo joe#4193[0m @ 2022-07-30 15:33:33+00:00
[autoganjlogs] [2022-07-30 @ 16:33:37] ::             💬general :: [[31mE:[0m (0) | [31mA:[0m (0) | [31mS:[0m (0) | [31mR:[0m (0)][1m      gitmo joe#4193[0m > my life is my canvas today
[autoganjlogs] [2022-07-30 @ 16:33:39] ::             💬general ::                  [[95mSTARTED TYPING[0m]> [34m[1m      gitmo joe#4193[0m @ 2022-07-30 15:33:39+00:00
[autoganjlogs] [2022-07-30 @ 16:33:41] ::             💬general ::                  [[95mSTARTED TYPING[0m]> [34m[1m         Jinnah#6032[0m @ 2022-07-30 15:33:41+00:00
[autoganjlogs] [2022-07-30 @ 16:33:42] ::             💬general :: [[31mE:[0m (0) | [31mA:[0m (0) | [31mS:[0m (0) | [31mR:[0m (0)][1m      gitmo joe#4193[0m > and i'm going to shitpost all over it
[autoganjlogs] [2022-07-30 @ 16:33:50] ::             💬general :: [[31mE:[0m (0) | [31mA:[0m (0) | [31mS:[0m (0) | [31mR:[0m (0)][1m         Jinnah#6032[0m > Jarvis, initialise cock and ball torture.
[autoganjlogs] [2022-07-30 @ 16:34:00] ::             💬general ::                  [[95mSTARTED TYPING[0m]> [34m[1m      gitmo joe#4193[0m @ 2022-07-30 15:34:00+00:00
[autoganjlogs] [2022-07-30 @ 16:34:04] ::             💬general :: [[31mE:[0m (0) | [31mA:[0m (0) | [31mS:[0m (0) | [31mR:[0m (0)][1m      gitmo joe#4193[0m > how. the. fuck. do. you. know. me.
[autoganjlogs] [2022-07-30 @ 16:34:04] ::             💬general :: [[31mE:[0m (0) | [31mA:[0m (0) | [31mS:[0m (0) | [31mR:[0m (0)][1m      tomacatx1#0199[0m > based
[autoganjlogs] [2022-07-30 @ 16:34:13] ::             💬general ::                  [[95mSTARTED TYPING[0m]> [34m[1m      gitmo joe#4193[0m @ 2022-07-30 15:34:13+00:00
[autoganjlogs] [2022-07-30 @ 16:34:20] ::             💬general :: [[31mE:[0m (0) | [31mA:[0m (0) | [31mS:[0m (0) | [31mR:[0m (0)][1m      gitmo joe#4193[0m > the new faces are making me claustrophobic and more schizo than usual
[autoganjlogs] [2022-07-30 @ 16:34:27] ::             💬general :: [[32mE:[0m (1) | [31mA:[0m (0) | [31mS:[0m (0) | [31mR:[0m (0)][1m      gitmo joe#4193[0m > https://tenor.com/view/panik-kalm-calm-meme-memer-gif-20895926
[autoganjlogs] [2022-07-30 @ 16:34:33] ::             📜mod-log :: [1m          gañjā#9046[0m [[32mREACT ADD[0m]> estare
[autoganjlogs] [2022-07-30 @ 16:34:33] ::             💬general ::                  [[95mSTARTED TYPING[0m]> [34m[1m         Jinnah#6032[0m @ 2022-07-30 15:34:33+00:00
[autoganjlogs] [2022-07-30 @ 16:34:35] ::             📜mod-log :: [1m          gañjā#9046[0m [[31mREACT REMOVE[0m]> estare
[autoganjlogs] [2022-07-30 @ 16:34:35] :: Error handling "on_raw_reaction_remove" with "<class 'discord.raw_models.RawReactionActionEvent'>: <RawReactionActionEvent message_id=1002954596295135303 user_id=218521566412013568 channel_id=820095623553482763 guild_id=820077049036406805 emoji=<PartialEmoji animated=False name='estare' id=876499396529897492> event_type='REACTION_REMOVE' member=None>" ""
[autoganjlogs] [2022-07-30 @ 16:34:35] ::             📜bot-log :: [[32mE:[0m (1) | [31mA:[0m (0) | [31mS:[0m (0) | [31mR:[0m (0)][1m       AutoGanj#4302[0m > 
[autoganjlogs] [2022-07-30 @ 16:34:41] ::             📜mod-log :: [[31mE:[0m (0) | [31mA:[0m (0) | [31mS:[0m (0) | [31mR:[0m (0)][1m          gañjā#9046[0m > asd
[autoganjlogs] [2022-07-30 @ 16:34:41] ::             💬general ::                  [[95mSTARTED TYPING[0m]> [34m[1m         Jinnah#6032[0m @ 2022-07-30 15:34:41+00:00
[autoganjlogs] [2022-07-30 @ 16:34:43] ::             📜mod-log :: [1m          gañjā#9046[0m [[32mREACT ADD[0m]> 😌
[autoganjlogs] [2022-07-30 @ 16:34:47] ::             📜mod-log :: [1m          gañjā#9046[0m [[31mREACT REMOVE[0m]> 😌
[autoganjlogs] [2022-07-30 @ 16:34:47] :: Error handling "on_raw_reaction_remove" with "<class 'discord.raw_models.RawReactionActionEvent'>: <RawReactionActionEvent message_id=1002962447914774589 user_id=218521566412013568 channel_id=820095623553482763 guild_id=820077049036406805 emoji=<PartialEmoji animated=False name='😌' id=None> event_type='REACTION_REMOVE' member=None>" ""
[autoganjlogs] [2022-07-30 @ 16:34:47] ::             📜bot-log :: [[32mE:[0m (1) | [31mA:[0m (0) | [31mS:[0m (0) | [31mR:[0m (0)][1m       AutoGanj#4302[0m > 
[autoganjlogs] [2022-07-30 @ 16:34:47] ::             💬general :: [[31mE:[0m (0) | [31mA:[0m (0) | [31mS:[0m (0) | [31mR:[0m (0)][1m         Jinnah#6032[0m > Stop derailing the plot, Bob.
[autoganjlogs] [2022-07-30 @ 16:34:49] ::             📜mod-log :: [1m          gañjā#9046[0m [[31mDELETED[0m]> asd
[autoganjlogs] [2022-07-30 @ 16:34:50] ::         📜message-log :: [[32mE:[0m (1) | [31mA:[0m (0) | [31mS:[0m (0) | [31mR:[0m (0)][1m       AutoGanj#4302[0m > 
[autoganjlogs] [2022-07-30 @ 16:34:55] ::             💬general :: [[31mE:[0m (0) | [31mA:[0m (0) | [31mS:[0m (0) | [31mR:[0m (0)][1m      gitmo joe#4193[0m > 😐
[autoganjlogs] [2022-07-30 @ 16:35:02] ::             💬general :: [[31mE:[0m (0) | [31mA:[0m (0) | [31mS:[0m (0) | [31mR:[0m (0)][1m      gitmo joe#4193[0m > :estare:
[autoganjlogs] [2022-07-30 @ 16:35:05] ::             💬general ::                  [[95mSTARTED TYPING[0m]> [34m[1m      gitmo joe#4193[0m @ 2022-07-30 15:35:05+00:00
[autoganjlogs] [2022-07-30 @ 16:35:11] ::             💬general :: [[31mE:[0m (0) | [31mA:[0m (0) | [31mS:[0m (0) | [31mR:[0m (0)][1m      tomacatx1#0199[0m > owned
[autoganjlogs] [2022-07-30 @ 16:35:15] ::             💬general ::                  [[95mSTARTED TYPING[0m]> [34m[1m      gitmo joe#4193[0m @ 2022-07-30 15:35:15+00:00
[autoganjlogs] [2022-07-30 @ 16:35:18] ::             💬general :: [[31mE:[0m (0) | [31mA:[0m (0) | [31mS:[0m (0) | [31mR:[0m (0)][1m      gitmo joe#4193[0m > make it stop make it stop make it stop make it stop make it stop make it stop make it stop make it stop make it stop make it stop make it stop make it stop make it stop make it stop make it stop make it stop make it stop make it stop make it stop make it stop make it stop make it stop make it stop make it stop make it stopmake it stop make it stop make it stop make it stop make it stopmake it stop make it stop make it stop make it stop make it stopmake it stop make it stop make it stop make it stop make it stopmake it stop make it stop make it stop make it stop make it stopmake it stop make it stop make it stop make it stop make it stopv
[autoganjlogs] [2022-07-30 @ 16:36:24] ::             💬general :: [[31mE:[0m (0) | [32mA:[0m (1) | [31mS:[0m (0) | [31mR:[0m (0)][1m       deadrose#0967[0m > 
[autoganjlogs] [2022-07-30 @ 16:36:27] ::             💬general :: [1m         Jinnah#6032[0m [[31mDELETED[0m]> Jarvis, initialise cock and ball torture.
[autoganjlogs] [2022-07-30 @ 16:36:27] ::             💬general :: [1m       deadrose#0967[0m [[31mDELETED[0m]> 
[autoganjlogs] [2022-07-30 @ 16:36:27] ::         📜message-log :: [[32mE:[0m (1) | [31mA:[0m (0) | [31mS:[0m (0) | [31mR:[0m (0)][1m       AutoGanj#4302[0m > 
[autoganjlogs] [2022-07-30 @ 16:36:27] :: Error handling "on_message_delete" with "<class 'discord.message.Message'>: <Message id=1002962877256314931 channel=<TextChannel id=820097812506869780 name='💬general' position=20 nsfw=True category_id=820095883454185483 news=False> type=<MessageType.default: 0> author=<Member id=869701972960362518 name='deadrose' discriminator='0967' bot=False nick=None guild=<Guild id=820077049036406805 name='Middle Ground' shard_id=0 chunked=True member_count=96>> flags=<MessageFlags value=0>>" ""
[autoganjlogs] [2022-07-30 @ 16:36:28] ::             📜bot-log :: [[32mE:[0m (1) | [31mA:[0m (0) | [31mS:[0m (0) | [31mR:[0m (0)][1m       AutoGanj#4302[0m > 
[autoganjlogs] [2022-07-30 @ 16:36:31] ::             💬general ::                  [[95mSTARTED TYPING[0m]> [34m[1m      tomacatx1#0199[0m @ 2022-07-30 15:36:31+00:00
[autoganjlogs] [2022-07-30 @ 16:36:32] ::             💬general :: [[31mE:[0m (0) | [31mA:[0m (0) | [31mS:[0m (0) | [31mR:[0m (0)][1m      tomacatx1#0199[0m > <@869701972960362518> i saw that.
[autoganjlogs] [2022-07-30 @ 16:36:34] ::             💬general ::                  [[95mSTARTED TYPING[0m]> [34m[1m      tomacatx1#0199[0m @ 2022-07-30 15:36:34+00:00
[autoganjlogs] [2022-07-30 @ 16:36:36] ::             💬general :: [[31mE:[0m (0) | [31mA:[0m (0) | [31mS:[0m (0) | [31mR:[0m (0)][1m      tomacatx1#0199[0m > the hanged man?
[autoganjlogs] [2022-07-30 @ 16:36:37] ::             💬general :: [[31mE:[0m (0) | [32mA:[0m (1) | [31mS:[0m (0) | [31mR:[0m (0)][1m       deadrose#0967[0m > 
[autoganjlogs] [2022-07-30 @ 16:36:38] ::             💬general ::                  [[95mSTARTED TYPING[0m]> [34m[1m      tomacatx1#0199[0m @ 2022-07-30 15:36:38+00:00
[autoganjlogs] [2022-07-30 @ 16:36:38] ::             💬general :: [[31mE:[0m (0) | [31mA:[0m (0) | [31mS:[0m (0) | [31mR:[0m (0)][1m      tomacatx1#0199[0m > a Major Arcana?
[autoganjlogs] [2022-07-30 @ 16:36:41] ::             💬general ::                  [[95mSTARTED TYPING[0m]> [34m[1m       deadrose#0967[0m @ 2022-07-30 15:36:41+00:00
[autoganjlogs] [2022-07-30 @ 16:36:44] ::             💬general :: [1m          gañjā#9046[0m [[32mREACT ADD[0m]> estare
[autoganjlogs] [2022-07-30 @ 16:36:45] ::             💬general :: [[31mE:[0m (0) | [31mA:[0m (0) | [31mS:[0m (0) | [31mR:[0m (0)][1m       deadrose#0967[0m > it was an accident
[autoganjlogs] [2022-07-30 @ 16:36:46] ::             💬general :: [[31mE:[0m (0) | [31mA:[0m (0) | [31mS:[0m (0) | [31mR:[0m (0)][1m      tomacatx1#0199[0m > https://media.discordapp.net/attachments/906472805888032848/997532067820748930/3816658F-AC96-4C24-8D7D-6BFCC650FAE4.gif
[autoganjlogs] [2022-07-30 @ 16:36:46] ::             💬general :: [1m             Unknown[0m [[33mEDITED[0m]> Message ID: 1002962970906734622
[autoganjlogs] [2022-07-30 @ 16:36:47] ::         📜message-log :: [[32mE:[0m (1) | [31mA:[0m (0) | [31mS:[0m (0) | [31mR:[0m (0)][1m       AutoGanj#4302[0m > 
[autoganjlogs] [2022-07-30 @ 16:36:56] ::             💬general ::                  [[95mSTARTED TYPING[0m]> [34m[1m      tomacatx1#0199[0m @ 2022-07-30 15:36:56+00:00
[autoganjlogs] [2022-07-30 @ 16:36:58] ::             💬general ::                  [[95mSTARTED TYPING[0m]> [34m[1m      gitmo joe#4193[0m @ 2022-07-30 15:36:58+00:00
[autoganjlogs] [2022-07-30 @ 16:36:59] ::             💬general :: [[31mE:[0m (0) | [31mA:[0m (0) | [31mS:[0m (0) | [31mR:[0m (0)][1m      gitmo joe#4193[0m > :|
[autoganjlogs] [2022-07-30 @ 16:36:59] ::             💬general ::                  [[95mSTARTED TYPING[0m]> [34m[1m       deadrose#0967[0m @ 2022-07-30 15:36:59+00:00
[autoganjlogs] [2022-07-30 @ 16:37:02] ::             💬general :: [[31mE:[0m (0) | [31mA:[0m (0) | [31mS:[0m (0) | [31mR:[0m (0)][1m      tomacatx1#0199[0m > Jarvis, what do you think of boysmell?
[autoganjlogs] [2022-07-30 @ 16:37:02] ::             💬general :: [[31mE:[0m (0) | [31mA:[0m (0) | [31mS:[0m (0) | [31mR:[0m (0)][1m       deadrose#0967[0m > wtf
[autoganjlogs] [2022-07-30 @ 16:37:02] ::             💬general :: [[31mE:[0m (0) | [31mA:[0m (0) | [31mS:[0m (0) | [31mR:[0m (0)][1m       AutoGanj#4302[0m > ```There's nothing really to think about it, it just is.```
[autoganjlogs] [2022-07-30 @ 16:37:20] ::             💬general :: [[31mE:[0m (0) | [32mA:[0m (1) | [31mS:[0m (0) | [31mR:[0m (0)][1m       deadrose#0967[0m > 
[autoganjlogs] [2022-07-30 @ 16:37:28] ::             💬general ::                  [[95mSTARTED TYPING[0m]> [34m[1m       deadrose#0967[0m @ 2022-07-30 15:37:28+00:00
[autoganjlogs] [2022-07-30 @ 16:37:29] ::             💬general ::                  [[95mSTARTED TYPING[0m]> [34m[1m      gitmo joe#4193[0m @ 2022-07-30 15:37:29+00:00
[autoganjlogs] [2022-07-30 @ 16:37:30] ::             💬general :: [[31mE:[0m (0) | [31mA:[0m (0) | [31mS:[0m (0) | [31mR:[0m (0)][1m      gitmo joe#4193[0m > Please no
[autoganjlogs] [2022-07-30 @ 16:37:33] ::             💬general :: [[31mE:[0m (0) | [31mA:[0m (0) | [31mS:[0m (0) | [31mR:[0m (0)][1m       deadrose#0967[0m > I have other ones too
[autoganjlogs] [2022-07-30 @ 16:37:36] ::             💬general ::                  [[95mSTARTED TYPING[0m]> [34m[1m      gitmo joe#4193[0m @ 2022-07-30 15:37:36+00:00
[autoganjlogs] [2022-07-30 @ 16:37:40] ::             💬general :: [[31mE:[0m (0) | [31mA:[0m (0) | [31mS:[0m (0) | [31mR:[0m (0)][1m      gitmo joe#4193[0m > Why THAT one
[autoganjlogs] [2022-07-30 @ 16:37:51] ::          📜member-log :: [[32mE:[0m (1) | [31mA:[0m (0) | [31mS:[0m (0) | [31mR:[0m (0)][1m       AutoGanj#4302[0m > 
[autoganjlogs] [2022-07-30 @ 16:37:51] ::             💬general ::                  [[95mSTARTED TYPING[0m]> [34m[1m      Kingmaker#0261[0m @ 2022-07-30 15:37:51+00:00
[autoganjlogs] [2022-07-30 @ 16:37:51] ::            📜role-log :: [[32mE:[0m (1) | [31mA:[0m (0) | [31mS:[0m (0) | [31mR:[0m (0)][1m       AutoGanj#4302[0m > 
[autoganjlogs] [2022-07-30 @ 16:37:53] ::             💬general :: [[31mE:[0m (0) | [31mA:[0m (0) | [31mS:[0m (0) | [31mR:[0m (0)][1m      tomacatx1#0199[0m > https://media.discordapp.net/attachments/844312645233803295/986491837650964510/Q.gif
[autoganjlogs] [2022-07-30 @ 16:37:53] ::             💬general :: [1m             Unknown[0m [[33mEDITED[0m]> Message ID: 1002963250977198080
[autoganjlogs] [2022-07-30 @ 16:37:53] ::         📜message-log :: [[32mE:[0m (1) | [31mA:[0m (0) | [31mS:[0m (0) | [31mR:[0m (0)][1m       AutoGanj#4302[0m > 
[autoganjlogs] [2022-07-30 @ 16:38:00] ::             💬general ::                  [[95mSTARTED TYPING[0m]> [34m[1m       deadrose#0967[0m @ 2022-07-30 15:38:00+00:00
[autoganjlogs] [2022-07-30 @ 16:38:01] ::             💬general :: [[31mE:[0m (0) | [31mA:[0m (0) | [31mS:[0m (0) | [31mR:[0m (0)][1m      Kingmaker#0261[0m > Footface
[autoganjlogs] [2022-07-30 @ 16:38:07] ::             💬general :: [[31mE:[0m (0) | [31mA:[0m (0) | [31mS:[0m (0) | [31mR:[0m (0)][1m       deadrose#0967[0m > wtf
[autoganjlogs] [2022-07-30 @ 16:38:53] ::             💬general ::                  [[95mSTARTED TYPING[0m]> [34m[1m      gitmo joe#4193[0m @ 2022-07-30 15:38:53+00:00
[autoganjlogs] [2022-07-30 @ 16:38:57] ::             💬general :: [[31mE:[0m (0) | [31mA:[0m (0) | [31mS:[0m (0) | [31mR:[0m (0)][1m      gitmo joe#4193[0m > Paranoia skyrocketing
[autoganjlogs] [2022-07-30 @ 16:38:59] ::             💬general ::                  [[95mSTARTED TYPING[0m]> [34m[1m      gitmo joe#4193[0m @ 2022-07-30 15:38:58+00:00
[autoganjlogs] [2022-07-30 @ 16:39:03] ::             💬general :: [[31mE:[0m (0) | [31mA:[0m (0) | [31mS:[0m (0) | [31mR:[0m (0)][1m      gitmo joe#4193[0m > Fuck you all I need a shower
[autoganjlogs] [2022-07-30 @ 16:39:10] ::             💬general ::                  [[95mSTARTED TYPING[0m]> [34m[1m       deadrose#0967[0m @ 2022-07-30 15:39:10+00:00
[autoganjlogs] [2022-07-30 @ 16:39:20] ::             💬general ::                  [[95mSTARTED TYPING[0m]> [34m[1m       deadrose#0967[0m @ 2022-07-30 15:39:20+00:00
[autoganjlogs] [2022-07-30 @ 16:39:32] ::             💬general ::                  [[95mSTARTED TYPING[0m]> [34m[1m       deadrose#0967[0m @ 2022-07-30 15:39:32+00:00
[autoganjlogs] [2022-07-30 @ 16:39:34] ::             💬general :: [[31mE:[0m (0) | [31mA:[0m (0) | [31mS:[0m (0) | [31mR:[0m (0)][1m       deadrose#0967[0m > We know
[autoganjlogs] [2022-07-30 @ 16:39:51] ::             💬general ::                  [[95mSTARTED TYPING[0m]> [34m[1m      Kingmaker#0261[0m @ 2022-07-30 15:39:51+00:00
[autoganjlogs] [2022-07-30 @ 16:39:56] ::             💬general :: [[31mE:[0m (0) | [31mA:[0m (0) | [31mS:[0m (0) | [31mR:[0m (0)][1m      Kingmaker#0261[0m > Don't like that boysmell?
[autoganjlogs] [2022-07-30 @ 16:40:03] ::             💬general ::                  [[95mSTARTED TYPING[0m]> [34m[1m       deadrose#0967[0m @ 2022-07-30 15:40:02+00:00
[autoganjlogs] [2022-07-30 @ 16:40:07] ::             💬general :: [[31mE:[0m (0) | [31mA:[0m (0) | [31mS:[0m (0) | [31mR:[0m (0)][1m       deadrose#0967[0m > yall are fucking weird
[autoganjlogs] [2022-07-30 @ 16:40:17] ::             💬general ::                  [[95mSTARTED TYPING[0m]> [34m[1m      Kingmaker#0261[0m @ 2022-07-30 15:40:17+00:00
[autoganjlogs] [2022-07-30 @ 16:40:27] ::             💬general ::                  [[95mSTARTED TYPING[0m]> [34m[1m      Kingmaker#0261[0m @ 2022-07-30 15:40:27+00:00
[autoganjlogs] [2022-07-30 @ 16:40:37] ::             💬general :: [[31mE:[0m (0) | [31mA:[0m (0) | [31mS:[0m (0) | [31mR:[0m (0)][1m      Kingmaker#0261[0m > If you look around and think "yea it's everyone else" it is in fact probably just you
[autoganjlogs] [2022-07-30 @ 16:40:47] ::             💬general ::                  [[95mSTARTED TYPING[0m]> [34m[1m       deadrose#0967[0m @ 2022-07-30 15:40:47+00:00
[autoganjlogs] [2022-07-30 @ 16:40:55] ::             💬general :: [[31mE:[0m (0) | [31mA:[0m (0) | [31mS:[0m (0) | [31mR:[0m (0)][1m       deadrose#0967[0m > just you and tomcat
[autoganjlogs] [2022-07-30 @ 16:41:03] ::             💬general ::                  [[95mSTARTED TYPING[0m]> [34m[1m      Kingmaker#0261[0m @ 2022-07-30 15:41:03+00:00
[autoganjlogs] [2022-07-30 @ 16:41:14] ::             💬general ::                  [[95mSTARTED TYPING[0m]> [34m[1m      Kingmaker#0261[0m @ 2022-07-30 15:41:14+00:00
[autoganjlogs] [2022-07-30 @ 16:41:22] ::             💬general :: [[31mE:[0m (0) | [31mA:[0m (0) | [31mS:[0m (0) | [31mR:[0m (0)][1m      Kingmaker#0261[0m > Toma-chan is completely normal
[autoganjlogs] [2022-07-30 @ 16:41:53] ::             💬general ::                  [[95mSTARTED TYPING[0m]> [34m[1m       deadrose#0967[0m @ 2022-07-30 15:41:52+00:00
[autoganjlogs] [2022-07-30 @ 16:42:03] ::             💬general ::                  [[95mSTARTED TYPING[0m]> [34m[1m       deadrose#0967[0m @ 2022-07-30 15:42:03+00:00
[autoganjlogs] [2022-07-30 @ 16:42:07] ::             💬general :: [[31mE:[0m (0) | [31mA:[0m (0) | [31mS:[0m (0) | [31mR:[0m (0)][1m       deadrose#0967[0m > i gotta go
[autoganjlogs] [2022-07-30 @ 16:42:13] ::             💬general ::                  [[95mSTARTED TYPING[0m]> [34m[1m       deadrose#0967[0m @ 2022-07-30 15:42:13+00:00
[autoganjlogs] [2022-07-30 @ 16:42:15] ::             💬general :: [[31mE:[0m (0) | [31mA:[0m (0) | [31mS:[0m (0) | [31mR:[0m (0)][1m       deadrose#0967[0m > peace out
[autoganjlogs] [2022-07-30 @ 16:42:18] ::             💬general ::                  [[95mSTARTED TYPING[0m]> [34m[1m      Kingmaker#0261[0m @ 2022-07-30 15:42:17+00:00
[autoganjlogs] [2022-07-30 @ 16:42:24] ::             💬general :: [[31mE:[0m (0) | [31mA:[0m (0) | [31mS:[0m (0) | [31mR:[0m (0)][1m      Kingmaker#0261[0m > So long loser
[autoganjlogs] [2022-07-30 @ 16:42:49] ::             💬general ::                  [[95mSTARTED TYPING[0m]> [34m[1m      tomacatx1#0199[0m @ 2022-07-30 15:42:49+00:00
[autoganjlogs] [2022-07-30 @ 16:43:42] ::             💬general ::                  [[95mSTARTED TYPING[0m]> [34m[1m      tomacatx1#0199[0m @ 2022-07-30 15:43:41+00:00
[autoganjlogs] [2022-07-30 @ 16:43:43] ::             💬general :: [[31mE:[0m (0) | [32mA:[0m (1) | [31mS:[0m (0) | [31mR:[0m (0)][1m      tomacatx1#0199[0m > \
