[autoganjlogs] [2022-07-26 @ 23:16:48] :: Cog loaded: cogs.tripwire
[autoganjlogs] [2022-07-26 @ 23:16:48] :: Cog loaded: cogs.jarvis
[autoganjlogs] [2022-07-26 @ 23:16:48] :: Cog loaded: cogs.export_roles
[autoganjlogs] [2022-07-26 @ 23:16:48] :: Cog loaded: cogs.userdata
[autoganjlogs] [2022-07-26 @ 23:16:48] :: Cog loaded: cogs.logging
[autoganjlogs] [2022-07-26 @ 23:16:51] :: AutoGanj#4302 is online!
[autoganjlogs] [2022-07-26 @ 23:16:52] ::  🤖staff-bot-commands :: [1m          gañjā#9046[0m [[95mSTARTED TYPING[0m]> @ 2022-07-26 22:16:52+00:00
[autoganjlogs] [2022-07-26 @ 23:17:02] :: Jarvis State: True
[autoganjlogs] [2022-07-26 @ 23:17:12] ::  🤖staff-bot-commands :: [1m          gañjā#9046[0m [[31mE:[0m (0) | [31mA:[0m (0) | [31mS:[0m (0) | [31mR:[0m (0)]> &jarvis
[autoganjlogs] [2022-07-26 @ 23:17:12] :: Jarvis State: True
[autoganjlogs] [2022-07-26 @ 23:17:12] :: Non-Ganj message deteceted, ignoring!
[autoganjlogs] [2022-07-26 @ 23:17:12] ::  🤖staff-bot-commands :: [1m       AutoGanj#4302[0m [[31mE:[0m (0) | [31mA:[0m (0) | [31mS:[0m (0) | [31mR:[0m (0)]> Thank you for choosing me as your digital assistant. I'll be with you every step of the way.
[autoganjlogs] [2022-07-26 @ 23:17:12] :: Jarvis State: True
[autoganjlogs] [2022-07-26 @ 23:17:12] :: Non-Ganj message deteceted, ignoring!
[autoganjlogs] [2022-07-26 @ 23:17:12] ::  🤖staff-bot-commands :: [1m       AutoGanj#4302[0m [[31mE:[0m (0) | [31mA:[0m (0) | [31mS:[0m (0) | [31mR:[0m (0)]> Welcome, Ganj!
[autoganjlogs] [2022-07-26 @ 23:17:41] ::  🤖staff-bot-commands :: [1m          gañjā#9046[0m [[95mSTARTED TYPING[0m]> @ 2022-07-26 22:17:41+00:00
[autoganjlogs] [2022-07-26 @ 23:17:44] :: Jarvis State: True
[autoganjlogs] [2022-07-26 @ 23:17:51] ::  🤖staff-bot-commands :: [1m          gañjā#9046[0m [[31mE:[0m (0) | [31mA:[0m (0) | [31mS:[0m (0) | [31mR:[0m (0)]> Whats the capitol of London?
[autoganjlogs] [2022-07-26 @ 23:17:51] :: Jarvis State: True
[autoganjlogs] [2022-07-26 @ 23:17:51] :: Non-Ganj message deteceted, ignoring!
[autoganjlogs] [2022-07-26 @ 23:17:51] ::  🤖staff-bot-commands :: [1m       AutoGanj#4302[0m [[31mE:[0m (0) | [31mA:[0m (0) | [31mS:[0m (0) | [31mR:[0m (0)]> Thank you for choosing my company's new home AI product!
[autoganjlogs] [2022-07-26 @ 23:17:57] ::  🤖staff-bot-commands :: [1m          gañjā#9046[0m [[95mSTARTED TYPING[0m]> @ 2022-07-26 22:17:57+00:00
[autoganjlogs] [2022-07-26 @ 23:18:05] ::  🤖staff-bot-commands :: [1m          gañjā#9046[0m [[95mSTARTED TYPING[0m]> @ 2022-07-26 22:18:05+00:00
[autoganjlogs] [2022-07-26 @ 23:18:06] :: Jarvis State: True
[autoganjlogs] [2022-07-26 @ 23:18:10] ::  🤖staff-bot-commands :: [1m          gañjā#9046[0m [[31mE:[0m (0) | [31mA:[0m (0) | [31mS:[0m (0) | [31mR:[0m (0)]> Whats the capitol of England, Jarvis?
[autoganjlogs] [2022-07-26 @ 23:18:11] :: Jarvis State: True
[autoganjlogs] [2022-07-26 @ 23:18:11] :: Non-Ganj message deteceted, ignoring!
[autoganjlogs] [2022-07-26 @ 23:18:11] ::  🤖staff-bot-commands :: [1m       AutoGanj#4302[0m [[31mE:[0m (0) | [31mA:[0m (0) | [31mS:[0m (0) | [31mR:[0m (0)]> Thank you for using our system. Please provide the following information:

First name:

Ganj
[autoganjlogs] [2022-07-26 @ 23:19:04] ::         💩shitposting :: [1mSuper Bi and Proud#3039[0m [[32mREACT ADD[0m]> pepekek
[autoganjlogs] [2022-07-26 @ 23:19:05] ::         💩shitposting :: [1mSuper Bi and Proud#3039[0m [[32mREACT ADD[0m]> ⭐
