[autoganjlogs] [2022-08-04 @ 13:03:29] :: + Quota reset running
[autoganjlogs] [2022-08-04 @ 13:03:32] :: AutoGanj#4302 is online!
[autoganjlogs] [2022-08-04 @ 13:03:32] :: Loaded: Tripwire
[autoganjlogs] [2022-08-04 @ 13:03:32] :: Loaded: Jarvis
[autoganjlogs] [2022-08-04 @ 13:03:32] :: Loaded: Rules
[autoganjlogs] [2022-08-04 @ 13:03:32] :: Loaded: Boostcog
[autoganjlogs] [2022-08-04 @ 13:03:32] :: Loaded: RoleManagement
[autoganjlogs] [2022-08-04 @ 13:03:32] :: Loaded: RaidDefense
[autoganjlogs] [2022-08-04 @ 13:03:32] :: Loaded: ExportRoles
[autoganjlogs] [2022-08-04 @ 13:03:32] :: Loaded: Basedtask
[autoganjlogs] [2022-08-04 @ 13:03:32] :: Loaded: Userinfo
[autoganjlogs] [2022-08-04 @ 13:03:32] :: Loaded: Quotatask
[autoganjlogs] [2022-08-04 @ 13:03:32] :: Loaded: Dispam
[autoganjlogs] [2022-08-04 @ 13:03:32] :: Loaded: Logger
[autoganjlogs] [2022-08-04 @ 13:03:32] :: Loaded: RolesPerms
[autoganjlogs] [2022-08-04 @ 13:03:32] :: ------------------
[autoganjlogs] [2022-08-04 @ 13:03:32] :: Loaded: 13 cogs
[autoganjlogs] [2022-08-04 @ 13:03:33] ::             📜bot-log ::                  [[95mSTARTED TYPING[0m]> [34m[1m          gañjā#9046[0m @ 2022-08-04 12:03:32+00:00
[autoganjlogs] [2022-08-04 @ 13:03:33] :: Loaded 3 invites from 3 servers.
[autoganjlogs] [2022-08-04 @ 13:03:33] :: (<Permissions value=0>, <Permissions value=265012379473>)
[autoganjlogs] [2022-08-04 @ 13:03:33] ::             📜bot-log :: [[31mE:[0m (0) | [31mA:[0m (0) | [31mS:[0m (0) | [31mR:[0m (0)][1m          gañjā#9046[0m > &exportperms
[autoganjlogs] [2022-08-04 @ 13:03:33] :: Error handling "on_command_error" with "<class 'discord.ext.commands.context.Context'>: <discord.ext.commands.context.Context object at 0x7f5902e092b0>, <class 'discord.ext.commands.errors.CommandInvokeError'>: Command raised an exception: KeyError: 0" ""
[autoganjlogs] [2022-08-04 @ 13:03:33] ::             📜bot-log :: [[32mE:[0m (1) | [31mA:[0m (0) | [31mS:[0m (0) | [31mR:[0m (0)][1m       AutoGanj#4302[0m > 
[autoganjlogs] [2022-08-04 @ 13:05:19] ::             📜bot-log ::                  [[95mSTARTED TYPING[0m]> [34m[1m          gañjā#9046[0m @ 2022-08-04 12:05:19+00:00
[autoganjlogs] [2022-08-04 @ 13:05:20] :: (<Permissions value=0>, <Permissions value=265012379473>)
[autoganjlogs] [2022-08-04 @ 13:05:20] :: (<Permissions value=66560>, <Permissions value=265012312913>)
[autoganjlogs] [2022-08-04 @ 13:05:20] :: (<Permissions value=0>, <Permissions value=534724933697>)
[autoganjlogs] [2022-08-04 @ 13:05:20] :: (<Permissions value=0>, <Permissions value=1024>)
[autoganjlogs] [2022-08-04 @ 13:05:20] :: (<Permissions value=1024>, <Permissions value=0>)
[autoganjlogs] [2022-08-04 @ 13:05:20] :: (<Permissions value=0>, <Permissions value=1024>)
[autoganjlogs] [2022-08-04 @ 13:05:20] :: (<Permissions value=3145728>, <Permissions value=1024>)
[autoganjlogs] [2022-08-04 @ 13:05:20] :: (<Permissions value=1048576>, <Permissions value=1024>)
[autoganjlogs] [2022-08-04 @ 13:05:20] :: (<Permissions value=0>, <Permissions value=0>)
[autoganjlogs] [2022-08-04 @ 13:05:20] :: (<Permissions value=0>, <Permissions value=120259085312>)
[autoganjlogs] [2022-08-04 @ 13:05:20] :: (<Permissions value=2048>, <Permissions value=539019964481>)
[autoganjlogs] [2022-08-04 @ 13:05:20] :: (<Permissions value=1049600>, <Permissions value=0>)
[autoganjlogs] [2022-08-04 @ 13:05:20] :: (<Permissions value=1024>, <Permissions value=0>)
[autoganjlogs] [2022-08-04 @ 13:05:20] :: (<Permissions value=1049600>, <Permissions value=0>)
[autoganjlogs] [2022-08-04 @ 13:05:20] :: (<Permissions value=0>, <Permissions value=0>)
[autoganjlogs] [2022-08-04 @ 13:05:20] :: (<Permissions value=0>, <Permissions value=265012379473>)
[autoganjlogs] [2022-08-04 @ 13:05:20] :: (<Permissions value=0>, <Permissions value=534724933697>)
[autoganjlogs] [2022-08-04 @ 13:05:20] :: (<Permissions value=66560>, <Permissions value=265012312913>)
[autoganjlogs] [2022-08-04 @ 13:05:20] :: (<Permissions value=0>, <Permissions value=1024>)
[autoganjlogs] [2022-08-04 @ 13:05:20] :: (<Permissions value=1024>, <Permissions value=534724933697>)
[autoganjlogs] [2022-08-04 @ 13:05:20] :: (<Permissions value=0>, <Permissions value=265012379473>)
[autoganjlogs] [2022-08-04 @ 13:05:20] :: (<Permissions value=0>, <Permissions value=534724933697>)
[autoganjlogs] [2022-08-04 @ 13:05:20] :: (<Permissions value=66560>, <Permissions value=265012312913>)
[autoganjlogs] [2022-08-04 @ 13:05:20] :: (<Permissions value=0>, <Permissions value=265012379473>)
[autoganjlogs] [2022-08-04 @ 13:05:20] :: (<Permissions value=0>, <Permissions value=534724933697>)
[autoganjlogs] [2022-08-04 @ 13:05:20] :: (<Permissions value=66560>, <Permissions value=265012312913>)
[autoganjlogs] [2022-08-04 @ 13:05:20] :: (<Permissions value=0>, <Permissions value=120259085312>)
[autoganjlogs] [2022-08-04 @ 13:05:20] :: (<Permissions value=1049600>, <Permissions value=0>)
[autoganjlogs] [2022-08-04 @ 13:05:20] :: (<Permissions value=3072>, <Permissions value=534724997184>)
[autoganjlogs] [2022-08-04 @ 13:05:20] :: (<Permissions value=1098752>, <Permissions value=0>)
[autoganjlogs] [2022-08-04 @ 13:05:20] :: (<Permissions value=0>, <Permissions value=0>)
[autoganjlogs] [2022-08-04 @ 13:05:20] :: (<Permissions value=0>, <Permissions value=120259085312>)
[autoganjlogs] [2022-08-04 @ 13:05:20] :: (<Permissions value=1049600>, <Permissions value=0>)
[autoganjlogs] [2022-08-04 @ 13:05:20] :: (<Permissions value=3072>, <Permissions value=534724997184>)
[autoganjlogs] [2022-08-04 @ 13:05:20] :: (<Permissions value=1098752>, <Permissions value=0>)
[autoganjlogs] [2022-08-04 @ 13:05:20] :: (<Permissions value=0>, <Permissions value=0>)
[autoganjlogs] [2022-08-04 @ 13:05:20] :: (<Permissions value=0>, <Permissions value=265012379473>)
[autoganjlogs] [2022-08-04 @ 13:05:20] :: (<Permissions value=66560>, <Permissions value=265012312913>)
[autoganjlogs] [2022-08-04 @ 13:05:20] :: (<Permissions value=0>, <Permissions value=534724933697>)
[autoganjlogs] [2022-08-04 @ 13:05:20] :: (<Permissions value=0>, <Permissions value=120259085312>)
[autoganjlogs] [2022-08-04 @ 13:05:20] :: (<Permissions value=0>, <Permissions value=0>)
[autoganjlogs] [2022-08-04 @ 13:05:20] :: (<Permissions value=1098752>, <Permissions value=0>)
[autoganjlogs] [2022-08-04 @ 13:05:20] :: (<Permissions value=1049600>, <Permissions value=0>)
[autoganjlogs] [2022-08-04 @ 13:05:20] :: (<Permissions value=3072>, <Permissions value=534724997184>)
[autoganjlogs] [2022-08-04 @ 13:05:20] :: (<Permissions value=0>, <Permissions value=265012379473>)
[autoganjlogs] [2022-08-04 @ 13:05:20] :: (<Permissions value=66560>, <Permissions value=265012312913>)
[autoganjlogs] [2022-08-04 @ 13:05:20] :: (<Permissions value=0>, <Permissions value=534724933697>)
[autoganjlogs] [2022-08-04 @ 13:05:20] :: (<Permissions value=0>, <Permissions value=1024>)
[autoganjlogs] [2022-08-04 @ 13:05:20] :: (<Permissions value=1024>, <Permissions value=2112>)
[autoganjlogs] [2022-08-04 @ 13:05:20] :: (<Permissions value=1024>, <Permissions value=534724933697>)
[autoganjlogs] [2022-08-04 @ 13:05:20] :: (<Permissions value=0>, <Permissions value=3136>)
[autoganjlogs] [2022-08-04 @ 13:05:20] :: (<Permissions value=137440267328>, <Permissions value=0>)
[autoganjlogs] [2022-08-04 @ 13:05:20] :: (<Permissions value=0>, <Permissions value=1024>)
[autoganjlogs] [2022-08-04 @ 13:05:20] :: (<Permissions value=0>, <Permissions value=265012379473>)
[autoganjlogs] [2022-08-04 @ 13:05:20] :: (<Permissions value=0>, <Permissions value=534724933697>)
[autoganjlogs] [2022-08-04 @ 13:05:20] :: (<Permissions value=66560>, <Permissions value=265012312913>)
[autoganjlogs] [2022-08-04 @ 13:05:20] :: (<Permissions value=0>, <Permissions value=120259085312>)
[autoganjlogs] [2022-08-04 @ 13:05:20] :: (<Permissions value=1048576>, <Permissions value=1024>)
[autoganjlogs] [2022-08-04 @ 13:05:20] :: (<Permissions value=1049600>, <Permissions value=0>)
[autoganjlogs] [2022-08-04 @ 13:05:20] :: (<Permissions value=0>, <Permissions value=1024>)
[autoganjlogs] [2022-08-04 @ 13:05:20] :: (<Permissions value=1024>, <Permissions value=0>)
[autoganjlogs] [2022-08-04 @ 13:05:20] :: (<Permissions value=0>, <Permissions value=0>)
[autoganjlogs] [2022-08-04 @ 13:05:20] :: (<Permissions value=0>, <Permissions value=1024>)
[autoganjlogs] [2022-08-04 @ 13:05:20] :: (<Permissions value=0>, <Permissions value=1049600>)
[autoganjlogs] [2022-08-04 @ 13:05:20] :: (<Permissions value=1049600>, <Permissions value=2049>)
[autoganjlogs] [2022-08-04 @ 13:05:20] :: (<Permissions value=0>, <Permissions value=120259085312>)
[autoganjlogs] [2022-08-04 @ 13:05:20] :: (<Permissions value=1024>, <Permissions value=377957173248>)
[autoganjlogs] [2022-08-04 @ 13:05:20] :: (<Permissions value=1049600>, <Permissions value=0>)
[autoganjlogs] [2022-08-04 @ 13:05:20] :: (<Permissions value=0>, <Permissions value=0>)
[autoganjlogs] [2022-08-04 @ 13:05:20] :: (<Permissions value=0>, <Permissions value=1024>)
[autoganjlogs] [2022-08-04 @ 13:05:20] :: (<Permissions value=0>, <Permissions value=0>)
[autoganjlogs] [2022-08-04 @ 13:05:20] :: (<Permissions value=1048576>, <Permissions value=1024>)
[autoganjlogs] [2022-08-04 @ 13:05:20] :: (<Permissions value=0>, <Permissions value=1024>)
[autoganjlogs] [2022-08-04 @ 13:05:20] :: (<Permissions value=0>, <Permissions value=1049600>)
[autoganjlogs] [2022-08-04 @ 13:05:20] :: (<Permissions value=0>, <Permissions value=265012379473>)
[autoganjlogs] [2022-08-04 @ 13:05:20] :: (<Permissions value=0>, <Permissions value=534724933697>)
[autoganjlogs] [2022-08-04 @ 13:05:20] :: (<Permissions value=66560>, <Permissions value=265012312913>)
[autoganjlogs] [2022-08-04 @ 13:05:20] :: (<Permissions value=0>, <Permissions value=3136>)
[autoganjlogs] [2022-08-04 @ 13:05:20] :: (<Permissions value=137440264256>, <Permissions value=3072>)
[autoganjlogs] [2022-08-04 @ 13:05:20] :: (<Permissions value=0>, <Permissions value=1024>)
[autoganjlogs] [2022-08-04 @ 13:05:20] :: (<Permissions value=0>, <Permissions value=265012379473>)
[autoganjlogs] [2022-08-04 @ 13:05:20] :: (<Permissions value=66560>, <Permissions value=265012312913>)
[autoganjlogs] [2022-08-04 @ 13:05:20] :: (<Permissions value=0>, <Permissions value=534724933697>)
[autoganjlogs] [2022-08-04 @ 13:05:20] :: (<Permissions value=0>, <Permissions value=265012379473>)
[autoganjlogs] [2022-08-04 @ 13:05:20] :: (<Permissions value=66560>, <Permissions value=265012312913>)
[autoganjlogs] [2022-08-04 @ 13:05:20] :: (<Permissions value=0>, <Permissions value=534724933697>)
[autoganjlogs] [2022-08-04 @ 13:05:20] :: (<Permissions value=0>, <Permissions value=1024>)
[autoganjlogs] [2022-08-04 @ 13:05:20] :: (<Permissions value=0>, <Permissions value=3072>)
[autoganjlogs] [2022-08-04 @ 13:05:20] :: (<Permissions value=0>, <Permissions value=3072>)
[autoganjlogs] [2022-08-04 @ 13:05:20] :: (<Permissions value=1049600>, <Permissions value=8192>)
[autoganjlogs] [2022-08-04 @ 13:05:20] :: (<Permissions value=1048576>, <Permissions value=3072>)
[autoganjlogs] [2022-08-04 @ 13:05:20] :: (<Permissions value=1048576>, <Permissions value=3072>)
[autoganjlogs] [2022-08-04 @ 13:05:20] :: (<Permissions value=0>, <Permissions value=3072>)
[autoganjlogs] [2022-08-04 @ 13:05:20] :: (<Permissions value=1048576>, <Permissions value=3072>)
[autoganjlogs] [2022-08-04 @ 13:05:20] :: (<Permissions value=1048576>, <Permissions value=3072>)
[autoganjlogs] [2022-08-04 @ 13:05:20] :: (<Permissions value=1048576>, <Permissions value=3072>)
[autoganjlogs] [2022-08-04 @ 13:05:20] :: (<Permissions value=1048576>, <Permissions value=3072>)
[autoganjlogs] [2022-08-04 @ 13:05:20] :: (<Permissions value=1048576>, <Permissions value=3072>)
[autoganjlogs] [2022-08-04 @ 13:05:20] :: (<Permissions value=1048576>, <Permissions value=3072>)
[autoganjlogs] [2022-08-04 @ 13:05:20] :: (<Permissions value=1048576>, <Permissions value=3072>)
[autoganjlogs] [2022-08-04 @ 13:05:20] :: (<Permissions value=0>, <Permissions value=3072>)
[autoganjlogs] [2022-08-04 @ 13:05:20] :: (<Permissions value=0>, <Permissions value=3072>)
[autoganjlogs] [2022-08-04 @ 13:05:20] :: (<Permissions value=1048576>, <Permissions value=3072>)
[autoganjlogs] [2022-08-04 @ 13:05:20] :: (<Permissions value=0>, <Permissions value=265012379473>)
[autoganjlogs] [2022-08-04 @ 13:05:20] :: (<Permissions value=0>, <Permissions value=534724933697>)
[autoganjlogs] [2022-08-04 @ 13:05:20] :: (<Permissions value=66560>, <Permissions value=265012312913>)
[autoganjlogs] [2022-08-04 @ 13:05:20] :: (<Permissions value=0>, <Permissions value=1024>)
[autoganjlogs] [2022-08-04 @ 13:05:20] :: (<Permissions value=1024>, <Permissions value=534724933697>)
[autoganjlogs] [2022-08-04 @ 13:05:20] :: (<Permissions value=1024>, <Permissions value=2112>)
[autoganjlogs] [2022-08-04 @ 13:05:20] :: (<Permissions value=0>, <Permissions value=120259085312>)
[autoganjlogs] [2022-08-04 @ 13:05:20] :: (<Permissions value=3072>, <Permissions value=534724997184>)
[autoganjlogs] [2022-08-04 @ 13:05:20] :: (<Permissions value=0>, <Permissions value=0>)
[autoganjlogs] [2022-08-04 @ 13:05:20] :: (<Permissions value=1049600>, <Permissions value=0>)
[autoganjlogs] [2022-08-04 @ 13:05:20] :: (<Permissions value=1098752>, <Permissions value=0>)
[autoganjlogs] [2022-08-04 @ 13:05:20] :: (<Permissions value=0>, <Permissions value=1024>)
[autoganjlogs] [2022-08-04 @ 13:05:20] :: (<Permissions value=1024>, <Permissions value=534724933697>)
[autoganjlogs] [2022-08-04 @ 13:05:20] :: (<Permissions value=1024>, <Permissions value=2112>)
[autoganjlogs] [2022-08-04 @ 13:05:20] :: (<Permissions value=0>, <Permissions value=120259085312>)
[autoganjlogs] [2022-08-04 @ 13:05:20] :: (<Permissions value=1049600>, <Permissions value=0>)
[autoganjlogs] [2022-08-04 @ 13:05:20] :: (<Permissions value=3072>, <Permissions value=534724997184>)
[autoganjlogs] [2022-08-04 @ 13:05:20] :: (<Permissions value=0>, <Permissions value=0>)
[autoganjlogs] [2022-08-04 @ 13:05:20] :: (<Permissions value=1098752>, <Permissions value=0>)
[autoganjlogs] [2022-08-04 @ 13:05:20] :: (<Permissions value=0>, <Permissions value=1024>)
[autoganjlogs] [2022-08-04 @ 13:05:20] :: (<Permissions value=1024>, <Permissions value=2048>)
[autoganjlogs] [2022-08-04 @ 13:05:20] :: (<Permissions value=1049600>, <Permissions value=2048>)
[autoganjlogs] [2022-08-04 @ 13:05:20] :: (<Permissions value=1049600>, <Permissions value=8192>)
[autoganjlogs] [2022-08-04 @ 13:05:20] :: (<Permissions value=1049600>, <Permissions value=2048>)
[autoganjlogs] [2022-08-04 @ 13:05:20] :: (<Permissions value=1049600>, <Permissions value=2048>)
[autoganjlogs] [2022-08-04 @ 13:05:20] :: (<Permissions value=1048576>, <Permissions value=1024>)
[autoganjlogs] [2022-08-04 @ 13:05:20] :: (<Permissions value=1049600>, <Permissions value=2048>)
[autoganjlogs] [2022-08-04 @ 13:05:20] :: (<Permissions value=1049600>, <Permissions value=2048>)
[autoganjlogs] [2022-08-04 @ 13:05:20] :: (<Permissions value=1049600>, <Permissions value=2048>)
[autoganjlogs] [2022-08-04 @ 13:05:20] :: (<Permissions value=1024>, <Permissions value=2048>)
[autoganjlogs] [2022-08-04 @ 13:05:20] :: (<Permissions value=1049600>, <Permissions value=2048>)
[autoganjlogs] [2022-08-04 @ 13:05:20] :: (<Permissions value=1024>, <Permissions value=2048>)
[autoganjlogs] [2022-08-04 @ 13:05:20] :: (<Permissions value=1024>, <Permissions value=2048>)
[autoganjlogs] [2022-08-04 @ 13:05:20] :: (<Permissions value=1049600>, <Permissions value=2048>)
[autoganjlogs] [2022-08-04 @ 13:05:20] :: (<Permissions value=1049600>, <Permissions value=2048>)
[autoganjlogs] [2022-08-04 @ 13:05:20] :: (<Permissions value=1049600>, <Permissions value=2048>)
[autoganjlogs] [2022-08-04 @ 13:05:20] :: (<Permissions value=1024>, <Permissions value=2048>)
[autoganjlogs] [2022-08-04 @ 13:05:20] :: (<Permissions value=0>, <Permissions value=120259085312>)
[autoganjlogs] [2022-08-04 @ 13:05:20] :: (<Permissions value=0>, <Permissions value=274878958592>)
[autoganjlogs] [2022-08-04 @ 13:05:20] :: (<Permissions value=1024>, <Permissions value=539019966528>)
[autoganjlogs] [2022-08-04 @ 13:05:20] :: (<Permissions value=0>, <Permissions value=0>)
[autoganjlogs] [2022-08-04 @ 13:05:20] :: (<Permissions value=1049600>, <Permissions value=0>)
[autoganjlogs] [2022-08-04 @ 13:05:20] :: (<Permissions value=1049600>, <Permissions value=0>)
[autoganjlogs] [2022-08-04 @ 13:05:20] :: (<Permissions value=0>, <Permissions value=1024>)
[autoganjlogs] [2022-08-04 @ 13:05:20] :: (<Permissions value=1048576>, <Permissions value=3072>)
[autoganjlogs] [2022-08-04 @ 13:05:20] :: (<Permissions value=1048576>, <Permissions value=3072>)
[autoganjlogs] [2022-08-04 @ 13:05:20] :: (<Permissions value=1049600>, <Permissions value=8192>)
[autoganjlogs] [2022-08-04 @ 13:05:20] :: (<Permissions value=0>, <Permissions value=3072>)
[autoganjlogs] [2022-08-04 @ 13:05:20] :: (<Permissions value=0>, <Permissions value=3072>)
[autoganjlogs] [2022-08-04 @ 13:05:20] :: (<Permissions value=0>, <Permissions value=3072>)
[autoganjlogs] [2022-08-04 @ 13:05:20] :: (<Permissions value=1048576>, <Permissions value=3072>)
[autoganjlogs] [2022-08-04 @ 13:05:20] :: (<Permissions value=1048576>, <Permissions value=3072>)
[autoganjlogs] [2022-08-04 @ 13:05:20] :: (<Permissions value=1048576>, <Permissions value=3072>)
[autoganjlogs] [2022-08-04 @ 13:05:20] :: (<Permissions value=1048576>, <Permissions value=3072>)
[autoganjlogs] [2022-08-04 @ 13:05:20] :: (<Permissions value=0>, <Permissions value=3072>)
[autoganjlogs] [2022-08-04 @ 13:05:20] :: (<Permissions value=1048576>, <Permissions value=3072>)
[autoganjlogs] [2022-08-04 @ 13:05:20] :: (<Permissions value=1048576>, <Permissions value=3072>)
[autoganjlogs] [2022-08-04 @ 13:05:20] :: (<Permissions value=1048576>, <Permissions value=3072>)
[autoganjlogs] [2022-08-04 @ 13:05:20] :: (<Permissions value=0>, <Permissions value=3072>)
[autoganjlogs] [2022-08-04 @ 13:05:20] :: (<Permissions value=1048576>, <Permissions value=3072>)
[autoganjlogs] [2022-08-04 @ 13:05:20] :: (<Permissions value=0>, <Permissions value=1024>)
[autoganjlogs] [2022-08-04 @ 13:05:20] :: (<Permissions value=1049600>, <Permissions value=2048>)
[autoganjlogs] [2022-08-04 @ 13:05:20] :: (<Permissions value=1049600>, <Permissions value=2048>)
[autoganjlogs] [2022-08-04 @ 13:05:20] :: (<Permissions value=1024>, <Permissions value=2048>)
[autoganjlogs] [2022-08-04 @ 13:05:20] :: (<Permissions value=1049600>, <Permissions value=2048>)
[autoganjlogs] [2022-08-04 @ 13:05:20] :: (<Permissions value=1024>, <Permissions value=2048>)
[autoganjlogs] [2022-08-04 @ 13:05:20] :: (<Permissions value=1049600>, <Permissions value=2048>)
[autoganjlogs] [2022-08-04 @ 13:05:20] :: (<Permissions value=1049600>, <Permissions value=2048>)
[autoganjlogs] [2022-08-04 @ 13:05:20] :: (<Permissions value=1049600>, <Permissions value=2048>)
[autoganjlogs] [2022-08-04 @ 13:05:20] :: (<Permissions value=1024>, <Permissions value=2048>)
[autoganjlogs] [2022-08-04 @ 13:05:20] :: (<Permissions value=1049600>, <Permissions value=2048>)
[autoganjlogs] [2022-08-04 @ 13:05:20] :: (<Permissions value=1049600>, <Permissions value=2048>)
[autoganjlogs] [2022-08-04 @ 13:05:20] :: (<Permissions value=1024>, <Permissions value=2048>)
[autoganjlogs] [2022-08-04 @ 13:05:20] :: (<Permissions value=1049600>, <Permissions value=2048>)
[autoganjlogs] [2022-08-04 @ 13:05:20] :: (<Permissions value=1049600>, <Permissions value=8192>)
[autoganjlogs] [2022-08-04 @ 13:05:20] :: (<Permissions value=1049600>, <Permissions value=2048>)
[autoganjlogs] [2022-08-04 @ 13:05:20] :: (<Permissions value=1048576>, <Permissions value=1024>)
[autoganjlogs] [2022-08-04 @ 13:05:20] :: (<Permissions value=1024>, <Permissions value=2048>)
[autoganjlogs] [2022-08-04 @ 13:05:20] :: (<Permissions value=0>, <Permissions value=265012379473>)
[autoganjlogs] [2022-08-04 @ 13:05:20] :: (<Permissions value=66560>, <Permissions value=265012312913>)
[autoganjlogs] [2022-08-04 @ 13:05:20] :: (<Permissions value=0>, <Permissions value=534724933697>)
[autoganjlogs] [2022-08-04 @ 13:05:20] :: (<Permissions value=0>, <Permissions value=265012379473>)
[autoganjlogs] [2022-08-04 @ 13:05:20] :: (<Permissions value=66560>, <Permissions value=265012312913>)
[autoganjlogs] [2022-08-04 @ 13:05:20] :: (<Permissions value=0>, <Permissions value=534724933697>)
[autoganjlogs] [2022-08-04 @ 13:05:20] :: (<Permissions value=1025>, <Permissions value=2112>)
[autoganjlogs] [2022-08-04 @ 13:05:20] :: (<Permissions value=137440265280>, <Permissions value=2048>)
[autoganjlogs] [2022-08-04 @ 13:05:20] :: (<Permissions value=0>, <Permissions value=1024>)
[autoganjlogs] [2022-08-04 @ 13:05:20] :: (<Permissions value=0>, <Permissions value=1049600>)
[autoganjlogs] [2022-08-04 @ 13:05:20] :: (<Permissions value=0>, <Permissions value=1024>)
[autoganjlogs] [2022-08-04 @ 13:05:20] :: (<Permissions value=1049600>, <Permissions value=1>)
[autoganjlogs] [2022-08-04 @ 13:05:20] :: (<Permissions value=0>, <Permissions value=1049600>)
[autoganjlogs] [2022-08-04 @ 13:05:20] :: (<Permissions value=1049600>, <Permissions value=2049>)
[autoganjlogs] [2022-08-04 @ 13:05:20] :: (<Permissions value=0>, <Permissions value=265012379473>)
[autoganjlogs] [2022-08-04 @ 13:05:20] :: (<Permissions value=0>, <Permissions value=120259085312>)
[autoganjlogs] [2022-08-04 @ 13:05:20] :: (<Permissions value=1049600>, <Permissions value=0>)
[autoganjlogs] [2022-08-04 @ 13:05:20] :: (<Permissions value=1024>, <Permissions value=0>)
[autoganjlogs] [2022-08-04 @ 13:05:20] :: (<Permissions value=2048>, <Permissions value=539019964481>)
[autoganjlogs] [2022-08-04 @ 13:05:20] :: (<Permissions value=1049600>, <Permissions value=0>)
[autoganjlogs] [2022-08-04 @ 13:05:20] :: (<Permissions value=0>, <Permissions value=0>)
[autoganjlogs] [2022-08-04 @ 13:05:20] :: (<Permissions value=0>, <Permissions value=3136>)
[autoganjlogs] [2022-08-04 @ 13:05:20] :: (<Permissions value=2148535296>, <Permissions value=137439215680>)
[autoganjlogs] [2022-08-04 @ 13:05:20] :: (<Permissions value=0>, <Permissions value=1024>)
[autoganjlogs] [2022-08-04 @ 13:05:20] :: (<Permissions value=0>, <Permissions value=120259085312>)
[autoganjlogs] [2022-08-04 @ 13:05:20] :: (<Permissions value=3072>, <Permissions value=534724997184>)
[autoganjlogs] [2022-08-04 @ 13:05:20] :: (<Permissions value=1049600>, <Permissions value=0>)
[autoganjlogs] [2022-08-04 @ 13:05:20] :: (<Permissions value=1098752>, <Permissions value=0>)
[autoganjlogs] [2022-08-04 @ 13:05:20] :: (<Permissions value=0>, <Permissions value=0>)
[autoganjlogs] [2022-08-04 @ 13:05:20] :: (<Permissions value=0>, <Permissions value=265012379473>)
[autoganjlogs] [2022-08-04 @ 13:05:20] :: (<Permissions value=0>, <Permissions value=534724933697>)
[autoganjlogs] [2022-08-04 @ 13:05:20] :: (<Permissions value=66560>, <Permissions value=265012312913>)
[autoganjlogs] [2022-08-04 @ 13:05:20] :: (<Permissions value=0>, <Permissions value=3136>)
[autoganjlogs] [2022-08-04 @ 13:05:20] :: (<Permissions value=0>, <Permissions value=1024>)
[autoganjlogs] [2022-08-04 @ 13:05:20] :: (<Permissions value=137440265280>, <Permissions value=2048>)
[autoganjlogs] [2022-08-04 @ 13:05:20] :: (<Permissions value=1024>, <Permissions value=1088840792896>)
[autoganjlogs] [2022-08-04 @ 13:05:20] :: (<Permissions value=0>, <Permissions value=1024>)
[autoganjlogs] [2022-08-04 @ 13:05:20] :: (<Permissions value=1024>, <Permissions value=2112>)
[autoganjlogs] [2022-08-04 @ 13:05:20] :: (<Permissions value=1024>, <Permissions value=534724933697>)
[autoganjlogs] [2022-08-04 @ 13:05:20] :: (<Permissions value=0>, <Permissions value=265012379473>)
[autoganjlogs] [2022-08-04 @ 13:05:20] :: (<Permissions value=66560>, <Permissions value=265012312913>)
[autoganjlogs] [2022-08-04 @ 13:05:20] :: (<Permissions value=0>, <Permissions value=534724933697>)
[autoganjlogs] [2022-08-04 @ 13:05:20] :: (<Permissions value=0>, <Permissions value=1049600>)
[autoganjlogs] [2022-08-04 @ 13:05:20] :: (<Permissions value=1049600>, <Permissions value=1>)
[autoganjlogs] [2022-08-04 @ 13:05:20] :: (<Permissions value=0>, <Permissions value=1024>)
[autoganjlogs] [2022-08-04 @ 13:05:20] :: (<Permissions value=0>, <Permissions value=1024>)
[autoganjlogs] [2022-08-04 @ 13:05:20] :: (<Permissions value=1024>, <Permissions value=2112>)
[autoganjlogs] [2022-08-04 @ 13:05:20] :: (<Permissions value=1024>, <Permissions value=534724933697>)
[autoganjlogs] [2022-08-04 @ 13:05:20] :: (<Permissions value=0>, <Permissions value=120259085312>)
[autoganjlogs] [2022-08-04 @ 13:05:20] :: (<Permissions value=1098752>, <Permissions value=0>)
[autoganjlogs] [2022-08-04 @ 13:05:20] :: (<Permissions value=0>, <Permissions value=0>)
[autoganjlogs] [2022-08-04 @ 13:05:20] :: (<Permissions value=1049600>, <Permissions value=0>)
[autoganjlogs] [2022-08-04 @ 13:05:20] :: (<Permissions value=3072>, <Permissions value=534724997184>)
[autoganjlogs] [2022-08-04 @ 13:05:20] :: (<Permissions value=0>, <Permissions value=1024>)
[autoganjlogs] [2022-08-04 @ 13:05:20] :: (<Permissions value=1024>, <Permissions value=534724933697>)
[autoganjlogs] [2022-08-04 @ 13:05:20] :: (<Permissions value=0>, <Permissions value=265012379473>)
[autoganjlogs] [2022-08-04 @ 13:05:20] :: (<Permissions value=66560>, <Permissions value=265012312913>)
[autoganjlogs] [2022-08-04 @ 13:05:20] :: (<Permissions value=0>, <Permissions value=534724933697>)
[autoganjlogs] [2022-08-04 @ 13:05:20] :: (<Permissions value=0>, <Permissions value=1024>)
[autoganjlogs] [2022-08-04 @ 13:05:20] :: (<Permissions value=0>, <Permissions value=0>)
[autoganjlogs] [2022-08-04 @ 13:05:20] :: (<Permissions value=1049600>, <Permissions value=0>)
[autoganjlogs] [2022-08-04 @ 13:05:20] :: (<Permissions value=3146752>, <Permissions value=0>)
[autoganjlogs] [2022-08-04 @ 13:05:20] :: (<Permissions value=0>, <Permissions value=120259085312>)
[autoganjlogs] [2022-08-04 @ 13:05:20] :: (<Permissions value=1049600>, <Permissions value=0>)
[autoganjlogs] [2022-08-04 @ 13:05:20] :: (<Permissions value=0>, <Permissions value=1024>)
[autoganjlogs] [2022-08-04 @ 13:05:20] :: (<Permissions value=0>, <Permissions value=1024>)
[autoganjlogs] [2022-08-04 @ 13:05:20] :: (<Permissions value=1048576>, <Permissions value=1024>)
[autoganjlogs] [2022-08-04 @ 13:05:20] :: (<Permissions value=0>, <Permissions value=265012379473>)
[autoganjlogs] [2022-08-04 @ 13:05:20] :: (<Permissions value=66560>, <Permissions value=265012312913>)
[autoganjlogs] [2022-08-04 @ 13:05:20] :: (<Permissions value=0>, <Permissions value=534724933697>)
[autoganjlogs] [2022-08-04 @ 13:05:20] :: (<Permissions value=0>, <Permissions value=1049600>)
[autoganjlogs] [2022-08-04 @ 13:05:20] :: (<Permissions value=1049600>, <Permissions value=1>)
[autoganjlogs] [2022-08-04 @ 13:05:20] :: (<Permissions value=0>, <Permissions value=1024>)
[autoganjlogs] [2022-08-04 @ 13:05:20] :: (<Permissions value=0>, <Permissions value=120259085312>)
[autoganjlogs] [2022-08-04 @ 13:05:20] :: (<Permissions value=1098752>, <Permissions value=0>)
[autoganjlogs] [2022-08-04 @ 13:05:20] :: (<Permissions value=3072>, <Permissions value=534724997184>)
[autoganjlogs] [2022-08-04 @ 13:05:20] :: (<Permissions value=0>, <Permissions value=0>)
[autoganjlogs] [2022-08-04 @ 13:05:20] :: (<Permissions value=1049600>, <Permissions value=0>)
[autoganjlogs] [2022-08-04 @ 13:05:20] :: (<Permissions value=0>, <Permissions value=1049600>)
[autoganjlogs] [2022-08-04 @ 13:05:20] :: (<Permissions value=0>, <Permissions value=1024>)
[autoganjlogs] [2022-08-04 @ 13:05:20] :: (<Permissions value=1049600>, <Permissions value=1>)
[autoganjlogs] [2022-08-04 @ 13:05:20] :: (<Permissions value=0>, <Permissions value=265012379473>)
[autoganjlogs] [2022-08-04 @ 13:05:20] :: (<Permissions value=66560>, <Permissions value=265012312913>)
[autoganjlogs] [2022-08-04 @ 13:05:20] :: (<Permissions value=0>, <Permissions value=534724933697>)
[autoganjlogs] [2022-08-04 @ 13:05:20] :: (<Permissions value=0>, <Permissions value=1024>)
[autoganjlogs] [2022-08-04 @ 13:05:20] :: (<Permissions value=1024>, <Permissions value=0>)
[autoganjlogs] [2022-08-04 @ 13:05:20] :: (<Permissions value=0>, <Permissions value=120259085312>)
[autoganjlogs] [2022-08-04 @ 13:05:20] :: (<Permissions value=1049600>, <Permissions value=51264>)
[autoganjlogs] [2022-08-04 @ 13:05:20] :: (<Permissions value=1049600>, <Permissions value=0>)
[autoganjlogs] [2022-08-04 @ 13:05:20] :: (<Permissions value=0>, <Permissions value=0>)
[autoganjlogs] [2022-08-04 @ 13:05:20] :: (<Permissions value=0>, <Permissions value=120259085312>)
[autoganjlogs] [2022-08-04 @ 13:05:20] :: (<Permissions value=1024>, <Permissions value=0>)
[autoganjlogs] [2022-08-04 @ 13:05:20] :: (<Permissions value=1024>, <Permissions value=0>)
[autoganjlogs] [2022-08-04 @ 13:05:20] :: (<Permissions value=1049600>, <Permissions value=0>)
[autoganjlogs] [2022-08-04 @ 13:05:20] :: (<Permissions value=1049600>, <Permissions value=0>)
[autoganjlogs] [2022-08-04 @ 13:05:20] :: (<Permissions value=0>, <Permissions value=0>)
[autoganjlogs] [2022-08-04 @ 13:05:20] :: (<Permissions value=0>, <Permissions value=265012379473>)
[autoganjlogs] [2022-08-04 @ 13:05:20] :: (<Permissions value=66560>, <Permissions value=265012312913>)
[autoganjlogs] [2022-08-04 @ 13:05:20] :: (<Permissions value=0>, <Permissions value=534724933697>)
[autoganjlogs] [2022-08-04 @ 13:05:20] :: (<Permissions value=0>, <Permissions value=1024>)
[autoganjlogs] [2022-08-04 @ 13:05:20] :: (<Permissions value=1048576>, <Permissions value=3072>)
[autoganjlogs] [2022-08-04 @ 13:05:20] :: (<Permissions value=1048576>, <Permissions value=3072>)
[autoganjlogs] [2022-08-04 @ 13:05:20] :: (<Permissions value=1049600>, <Permissions value=8192>)
[autoganjlogs] [2022-08-04 @ 13:05:20] :: (<Permissions value=1048576>, <Permissions value=3072>)
[autoganjlogs] [2022-08-04 @ 13:05:20] :: (<Permissions value=1048576>, <Permissions value=3072>)
[autoganjlogs] [2022-08-04 @ 13:05:20] :: (<Permissions value=1048576>, <Permissions value=3072>)
[autoganjlogs] [2022-08-04 @ 13:05:20] :: (<Permissions value=0>, <Permissions value=3072>)
[autoganjlogs] [2022-08-04 @ 13:05:20] :: (<Permissions value=0>, <Permissions value=3072>)
[autoganjlogs] [2022-08-04 @ 13:05:20] :: (<Permissions value=0>, <Permissions value=3072>)
[autoganjlogs] [2022-08-04 @ 13:05:20] :: (<Permissions value=1048576>, <Permissions value=3072>)
[autoganjlogs] [2022-08-04 @ 13:05:20] :: (<Permissions value=0>, <Permissions value=3072>)
[autoganjlogs] [2022-08-04 @ 13:05:20] :: (<Permissions value=1048576>, <Permissions value=3072>)
[autoganjlogs] [2022-08-04 @ 13:05:20] :: (<Permissions value=1048576>, <Permissions value=3072>)
[autoganjlogs] [2022-08-04 @ 13:05:20] :: (<Permissions value=0>, <Permissions value=3072>)
[autoganjlogs] [2022-08-04 @ 13:05:20] :: (<Permissions value=1048576>, <Permissions value=3072>)
[autoganjlogs] [2022-08-04 @ 13:05:20] :: (<Permissions value=1048576>, <Permissions value=3072>)
[autoganjlogs] [2022-08-04 @ 13:05:20] :: (<Permissions value=0>, <Permissions value=1024>)
[autoganjlogs] [2022-08-04 @ 13:05:20] :: (<Permissions value=1048576>, <Permissions value=3072>)
[autoganjlogs] [2022-08-04 @ 13:05:20] :: (<Permissions value=0>, <Permissions value=3072>)
[autoganjlogs] [2022-08-04 @ 13:05:20] :: (<Permissions value=1048576>, <Permissions value=3072>)
[autoganjlogs] [2022-08-04 @ 13:05:20] :: (<Permissions value=1048576>, <Permissions value=3072>)
[autoganjlogs] [2022-08-04 @ 13:05:20] :: (<Permissions value=1048576>, <Permissions value=3072>)
[autoganjlogs] [2022-08-04 @ 13:05:20] :: (<Permissions value=0>, <Permissions value=3072>)
[autoganjlogs] [2022-08-04 @ 13:05:20] :: (<Permissions value=1048576>, <Permissions value=3072>)
[autoganjlogs] [2022-08-04 @ 13:05:20] :: (<Permissions value=0>, <Permissions value=3072>)
[autoganjlogs] [2022-08-04 @ 13:05:20] :: (<Permissions value=1048576>, <Permissions value=3072>)
[autoganjlogs] [2022-08-04 @ 13:05:20] :: (<Permissions value=0>, <Permissions value=3072>)
[autoganjlogs] [2022-08-04 @ 13:05:20] :: (<Permissions value=1048576>, <Permissions value=3072>)
[autoganjlogs] [2022-08-04 @ 13:05:20] :: (<Permissions value=1048576>, <Permissions value=3072>)
[autoganjlogs] [2022-08-04 @ 13:05:20] :: (<Permissions value=1048576>, <Permissions value=3072>)
[autoganjlogs] [2022-08-04 @ 13:05:20] :: (<Permissions value=1048576>, <Permissions value=3072>)
[autoganjlogs] [2022-08-04 @ 13:05:20] :: (<Permissions value=1049600>, <Permissions value=8192>)
[autoganjlogs] [2022-08-04 @ 13:05:20] :: (<Permissions value=0>, <Permissions value=3072>)
[autoganjlogs] [2022-08-04 @ 13:05:20] :: (<Permissions value=0>, <Permissions value=265012379473>)
[autoganjlogs] [2022-08-04 @ 13:05:20] :: (<Permissions value=66560>, <Permissions value=265012312913>)
[autoganjlogs] [2022-08-04 @ 13:05:20] :: (<Permissions value=0>, <Permissions value=534724933697>)
[autoganjlogs] [2022-08-04 @ 13:05:20] :: (<Permissions value=0>, <Permissions value=265012379473>)
[autoganjlogs] [2022-08-04 @ 13:05:20] :: (<Permissions value=0>, <Permissions value=534724933697>)
[autoganjlogs] [2022-08-04 @ 13:05:20] :: (<Permissions value=66560>, <Permissions value=265012312913>)
[autoganjlogs] [2022-08-04 @ 13:05:20] :: (<Permissions value=0>, <Permissions value=1049600>)
[autoganjlogs] [2022-08-04 @ 13:05:20] :: (<Permissions value=1049600>, <Permissions value=1>)
[autoganjlogs] [2022-08-04 @ 13:05:20] :: (<Permissions value=0>, <Permissions value=265012379473>)
[autoganjlogs] [2022-08-04 @ 13:05:20] :: (<Permissions value=66560>, <Permissions value=265012312913>)
[autoganjlogs] [2022-08-04 @ 13:05:20] :: (<Permissions value=0>, <Permissions value=534724933697>)
[autoganjlogs] [2022-08-04 @ 13:05:20] :: (<Permissions value=0>, <Permissions value=265012379473>)
[autoganjlogs] [2022-08-04 @ 13:05:20] :: (<Permissions value=66560>, <Permissions value=265012312913>)
[autoganjlogs] [2022-08-04 @ 13:05:20] :: (<Permissions value=0>, <Permissions value=534724933697>)
[autoganjlogs] [2022-08-04 @ 13:05:20] :: (<Permissions value=0>, <Permissions value=265012379473>)
[autoganjlogs] [2022-08-04 @ 13:05:20] :: (<Permissions value=66560>, <Permissions value=265012312913>)
[autoganjlogs] [2022-08-04 @ 13:05:20] :: (<Permissions value=0>, <Permissions value=534724933697>)
[autoganjlogs] [2022-08-04 @ 13:05:20] :: (<Permissions value=0>, <Permissions value=265012379473>)
[autoganjlogs] [2022-08-04 @ 13:05:20] :: (<Permissions value=66560>, <Permissions value=265012312913>)
[autoganjlogs] [2022-08-04 @ 13:05:20] :: (<Permissions value=0>, <Permissions value=534724933697>)
[autoganjlogs] [2022-08-04 @ 13:05:20] :: (<Permissions value=0>, <Permissions value=1024>)
[autoganjlogs] [2022-08-04 @ 13:05:20] :: (<Permissions value=1024>, <Permissions value=534724933697>)
[autoganjlogs] [2022-08-04 @ 13:05:20] :: (<Permissions value=1024>, <Permissions value=2112>)
[autoganjlogs] [2022-08-04 @ 13:05:20] :: (<Permissions value=0>, <Permissions value=1024>)
[autoganjlogs] [2022-08-04 @ 13:05:20] :: (<Permissions value=1049600>, <Permissions value=2048>)
[autoganjlogs] [2022-08-04 @ 13:05:20] :: (<Permissions value=1049600>, <Permissions value=2048>)
[autoganjlogs] [2022-08-04 @ 13:05:20] :: (<Permissions value=1049600>, <Permissions value=2048>)
[autoganjlogs] [2022-08-04 @ 13:05:20] :: (<Permissions value=1024>, <Permissions value=2048>)
[autoganjlogs] [2022-08-04 @ 13:05:20] :: (<Permissions value=1049600>, <Permissions value=2048>)
[autoganjlogs] [2022-08-04 @ 13:05:20] :: (<Permissions value=1024>, <Permissions value=2048>)
[autoganjlogs] [2022-08-04 @ 13:05:20] :: (<Permissions value=1049600>, <Permissions value=2048>)
[autoganjlogs] [2022-08-04 @ 13:05:20] :: (<Permissions value=1048576>, <Permissions value=1024>)
[autoganjlogs] [2022-08-04 @ 13:05:20] :: (<Permissions value=1024>, <Permissions value=2048>)
[autoganjlogs] [2022-08-04 @ 13:05:20] :: (<Permissions value=1049600>, <Permissions value=2048>)
[autoganjlogs] [2022-08-04 @ 13:05:20] :: (<Permissions value=1024>, <Permissions value=2048>)
[autoganjlogs] [2022-08-04 @ 13:05:20] :: (<Permissions value=1049600>, <Permissions value=8192>)
[autoganjlogs] [2022-08-04 @ 13:05:20] :: (<Permissions value=1049600>, <Permissions value=2048>)
[autoganjlogs] [2022-08-04 @ 13:05:20] :: (<Permissions value=1049600>, <Permissions value=2048>)
[autoganjlogs] [2022-08-04 @ 13:05:20] :: (<Permissions value=1049600>, <Permissions value=2048>)
[autoganjlogs] [2022-08-04 @ 13:05:20] :: (<Permissions value=1024>, <Permissions value=2048>)
[autoganjlogs] [2022-08-04 @ 13:05:20] :: (<Permissions value=1049600>, <Permissions value=2048>)
[autoganjlogs] [2022-08-04 @ 13:05:20] :: (<Permissions value=0>, <Permissions value=265012379473>)
[autoganjlogs] [2022-08-04 @ 13:05:20] :: (<Permissions value=0>, <Permissions value=1024>)
[autoganjlogs] [2022-08-04 @ 13:05:20] :: (<Permissions value=1049600>, <Permissions value=2048>)
[autoganjlogs] [2022-08-04 @ 13:05:20] :: (<Permissions value=1024>, <Permissions value=2048>)
[autoganjlogs] [2022-08-04 @ 13:05:20] :: (<Permissions value=1049600>, <Permissions value=2048>)
[autoganjlogs] [2022-08-04 @ 13:05:20] :: (<Permissions value=1049600>, <Permissions value=2048>)
[autoganjlogs] [2022-08-04 @ 13:05:20] :: (<Permissions value=1049600>, <Permissions value=2048>)
[autoganjlogs] [2022-08-04 @ 13:05:20] :: (<Permissions value=1049600>, <Permissions value=2048>)
[autoganjlogs] [2022-08-04 @ 13:05:20] :: (<Permissions value=1049600>, <Permissions value=2048>)
[autoganjlogs] [2022-08-04 @ 13:05:20] :: (<Permissions value=1024>, <Permissions value=2048>)
[autoganjlogs] [2022-08-04 @ 13:05:20] :: (<Permissions value=1024>, <Permissions value=2048>)
[autoganjlogs] [2022-08-04 @ 13:05:20] :: (<Permissions value=1048576>, <Permissions value=1024>)
[autoganjlogs] [2022-08-04 @ 13:05:20] :: (<Permissions value=1049600>, <Permissions value=2048>)
[autoganjlogs] [2022-08-04 @ 13:05:20] :: (<Permissions value=1049600>, <Permissions value=2048>)
[autoganjlogs] [2022-08-04 @ 13:05:20] :: (<Permissions value=1049600>, <Permissions value=2048>)
[autoganjlogs] [2022-08-04 @ 13:05:20] :: (<Permissions value=1049600>, <Permissions value=2048>)
[autoganjlogs] [2022-08-04 @ 13:05:20] :: (<Permissions value=1024>, <Permissions value=2048>)
[autoganjlogs] [2022-08-04 @ 13:05:20] :: (<Permissions value=1049600>, <Permissions value=8192>)
[autoganjlogs] [2022-08-04 @ 13:05:20] :: (<Permissions value=1024>, <Permissions value=2048>)
[autoganjlogs] [2022-08-04 @ 13:05:20] :: (<Permissions value=0>, <Permissions value=265012379473>)
[autoganjlogs] [2022-08-04 @ 13:05:20] :: (<Permissions value=66560>, <Permissions value=265012312913>)
[autoganjlogs] [2022-08-04 @ 13:05:20] :: (<Permissions value=0>, <Permissions value=534724933697>)
[autoganjlogs] [2022-08-04 @ 13:05:20] :: (<Permissions value=0>, <Permissions value=265012379473>)
[autoganjlogs] [2022-08-04 @ 13:05:20] :: (<Permissions value=66560>, <Permissions value=265012312913>)
[autoganjlogs] [2022-08-04 @ 13:05:20] :: (<Permissions value=0>, <Permissions value=534724933697>)
[autoganjlogs] [2022-08-04 @ 13:05:20] :: (<Permissions value=0>, <Permissions value=1024>)
[autoganjlogs] [2022-08-04 @ 13:05:20] :: (<Permissions value=0>, <Permissions value=265012379473>)
[autoganjlogs] [2022-08-04 @ 13:05:20] :: (<Permissions value=0>, <Permissions value=534724933697>)
[autoganjlogs] [2022-08-04 @ 13:05:20] :: (<Permissions value=66560>, <Permissions value=265012312913>)
[autoganjlogs] [2022-08-04 @ 13:05:20] :: (<Permissions value=0>, <Permissions value=1049600>)
[autoganjlogs] [2022-08-04 @ 13:05:20] :: (<Permissions value=1049600>, <Permissions value=309237647361>)
[autoganjlogs] [2022-08-04 @ 13:05:20] :: (<Permissions value=0>, <Permissions value=1024>)
[autoganjlogs] [2022-08-04 @ 13:05:20] :: (<Permissions value=1024>, <Permissions value=534724933697>)
[autoganjlogs] [2022-08-04 @ 13:05:20] :: (<Permissions value=1024>, <Permissions value=2112>)
[autoganjlogs] [2022-08-04 @ 13:05:20] :: (<Permissions value=0>, <Permissions value=1024>)
[autoganjlogs] [2022-08-04 @ 13:05:20] :: (<Permissions value=1049600>, <Permissions value=0>)
[autoganjlogs] [2022-08-04 @ 13:05:20] :: (<Permissions value=0>, <Permissions value=0>)
[autoganjlogs] [2022-08-04 @ 13:05:20] :: (<Permissions value=0>, <Permissions value=1024>)
[autoganjlogs] [2022-08-04 @ 13:05:20] :: (<Permissions value=1024>, <Permissions value=0>)
[autoganjlogs] [2022-08-04 @ 13:05:20] :: (<Permissions value=1024>, <Permissions value=0>)
[autoganjlogs] [2022-08-04 @ 13:05:20] :: (<Permissions value=0>, <Permissions value=1024>)
[autoganjlogs] [2022-08-04 @ 13:05:20] :: (<Permissions value=1024>, <Permissions value=534724933697>)
[autoganjlogs] [2022-08-04 @ 13:05:20] :: (<Permissions value=1024>, <Permissions value=2112>)
[autoganjlogs] [2022-08-04 @ 13:05:20] :: (<Permissions value=0>, <Permissions value=1024>)
[autoganjlogs] [2022-08-04 @ 13:05:20] :: (<Permissions value=1049600>, <Permissions value=2048>)
[autoganjlogs] [2022-08-04 @ 13:05:20] :: (<Permissions value=1024>, <Permissions value=2048>)
[autoganjlogs] [2022-08-04 @ 13:05:20] :: (<Permissions value=1049600>, <Permissions value=2048>)
[autoganjlogs] [2022-08-04 @ 13:05:20] :: (<Permissions value=1049600>, <Permissions value=2048>)
[autoganjlogs] [2022-08-04 @ 13:05:20] :: (<Permissions value=1049600>, <Permissions value=2048>)
[autoganjlogs] [2022-08-04 @ 13:05:20] :: (<Permissions value=1024>, <Permissions value=2048>)
[autoganjlogs] [2022-08-04 @ 13:05:20] :: (<Permissions value=1049600>, <Permissions value=2048>)
[autoganjlogs] [2022-08-04 @ 13:05:20] :: (<Permissions value=1049600>, <Permissions value=2048>)
[autoganjlogs] [2022-08-04 @ 13:05:20] :: (<Permissions value=1024>, <Permissions value=2048>)
[autoganjlogs] [2022-08-04 @ 13:05:20] :: (<Permissions value=1049600>, <Permissions value=8192>)
[autoganjlogs] [2022-08-04 @ 13:05:20] :: (<Permissions value=1049600>, <Permissions value=2048>)
[autoganjlogs] [2022-08-04 @ 13:05:20] :: (<Permissions value=1049600>, <Permissions value=2048>)
[autoganjlogs] [2022-08-04 @ 13:05:20] :: (<Permissions value=1049600>, <Permissions value=2048>)
[autoganjlogs] [2022-08-04 @ 13:05:20] :: (<Permissions value=1024>, <Permissions value=2048>)
[autoganjlogs] [2022-08-04 @ 13:05:20] :: (<Permissions value=1049600>, <Permissions value=2048>)
[autoganjlogs] [2022-08-04 @ 13:05:20] :: (<Permissions value=1048576>, <Permissions value=1024>)
[autoganjlogs] [2022-08-04 @ 13:05:20] :: (<Permissions value=1024>, <Permissions value=2048>)
[autoganjlogs] [2022-08-04 @ 13:05:20] :: (<Permissions value=0>, <Permissions value=265012379473>)
[autoganjlogs] [2022-08-04 @ 13:05:20] :: (<Permissions value=66560>, <Permissions value=265012312913>)
[autoganjlogs] [2022-08-04 @ 13:05:20] :: (<Permissions value=0>, <Permissions value=534724933697>)
[autoganjlogs] [2022-08-04 @ 13:05:20] :: (<Permissions value=0>, <Permissions value=265012379473>)
[autoganjlogs] [2022-08-04 @ 13:05:20] :: (<Permissions value=66560>, <Permissions value=265012312913>)
[autoganjlogs] [2022-08-04 @ 13:05:20] :: (<Permissions value=0>, <Permissions value=534724933697>)
[autoganjlogs] [2022-08-04 @ 13:05:20] :: (<Permissions value=0>, <Permissions value=1024>)
[autoganjlogs] [2022-08-04 @ 13:05:20] :: (<Permissions value=0>, <Permissions value=265012379473>)
[autoganjlogs] [2022-08-04 @ 13:05:20] :: (<Permissions value=0>, <Permissions value=534724933697>)
[autoganjlogs] [2022-08-04 @ 13:05:20] :: (<Permissions value=66560>, <Permissions value=265012312913>)
[autoganjlogs] [2022-08-04 @ 13:05:20] :: (<Permissions value=0>, <Permissions value=1024>)
[autoganjlogs] [2022-08-04 @ 13:05:20] :: (<Permissions value=1024>, <Permissions value=2112>)
[autoganjlogs] [2022-08-04 @ 13:05:20] :: (<Permissions value=1024>, <Permissions value=534724933697>)
[autoganjlogs] [2022-08-04 @ 13:05:20] :: (<Permissions value=0>, <Permissions value=120259085312>)
[autoganjlogs] [2022-08-04 @ 13:05:20] :: (<Permissions value=1049600>, <Permissions value=0>)
[autoganjlogs] [2022-08-04 @ 13:05:20] :: (<Permissions value=0>, <Permissions value=0>)
[autoganjlogs] [2022-08-04 @ 13:05:20] :: (<Permissions value=1024>, <Permissions value=0>)
[autoganjlogs] [2022-08-04 @ 13:05:20] :: (<Permissions value=2048>, <Permissions value=539019964481>)
[autoganjlogs] [2022-08-04 @ 13:05:20] :: (<Permissions value=1049600>, <Permissions value=0>)
[autoganjlogs] [2022-08-04 @ 13:05:20] :: (<Permissions value=0>, <Permissions value=265012379473>)
[autoganjlogs] [2022-08-04 @ 13:05:20] :: (<Permissions value=66560>, <Permissions value=265012312913>)
[autoganjlogs] [2022-08-04 @ 13:05:20] :: (<Permissions value=0>, <Permissions value=534724933697>)
[autoganjlogs] [2022-08-04 @ 13:05:20] :: (<Permissions value=0>, <Permissions value=1024>)
[autoganjlogs] [2022-08-04 @ 13:05:20] :: (<Permissions value=1049600>, <Permissions value=8192>)
[autoganjlogs] [2022-08-04 @ 13:05:20] :: (<Permissions value=1049600>, <Permissions value=2048>)
[autoganjlogs] [2022-08-04 @ 13:05:20] :: (<Permissions value=1049600>, <Permissions value=2048>)
[autoganjlogs] [2022-08-04 @ 13:05:20] :: (<Permissions value=1049600>, <Permissions value=2048>)
[autoganjlogs] [2022-08-04 @ 13:05:20] :: (<Permissions value=1024>, <Permissions value=2048>)
[autoganjlogs] [2022-08-04 @ 13:05:20] :: (<Permissions value=1049600>, <Permissions value=2048>)
[autoganjlogs] [2022-08-04 @ 13:05:20] :: (<Permissions value=1024>, <Permissions value=2048>)
[autoganjlogs] [2022-08-04 @ 13:05:20] :: (<Permissions value=1024>, <Permissions value=2048>)
[autoganjlogs] [2022-08-04 @ 13:05:20] :: (<Permissions value=1048576>, <Permissions value=1024>)
[autoganjlogs] [2022-08-04 @ 13:05:20] :: (<Permissions value=1049600>, <Permissions value=2048>)
[autoganjlogs] [2022-08-04 @ 13:05:20] :: (<Permissions value=1049600>, <Permissions value=2048>)
[autoganjlogs] [2022-08-04 @ 13:05:20] :: (<Permissions value=1024>, <Permissions value=2048>)
[autoganjlogs] [2022-08-04 @ 13:05:20] :: (<Permissions value=1049600>, <Permissions value=2048>)
[autoganjlogs] [2022-08-04 @ 13:05:20] :: (<Permissions value=1049600>, <Permissions value=2048>)
[autoganjlogs] [2022-08-04 @ 13:05:20] :: (<Permissions value=1024>, <Permissions value=2048>)
[autoganjlogs] [2022-08-04 @ 13:05:20] :: (<Permissions value=1049600>, <Permissions value=2048>)
[autoganjlogs] [2022-08-04 @ 13:05:20] :: (<Permissions value=1049600>, <Permissions value=2048>)
[autoganjlogs] [2022-08-04 @ 13:05:20] :: (<Permissions value=0>, <Permissions value=265012379473>)
[autoganjlogs] [2022-08-04 @ 13:05:20] :: (<Permissions value=66560>, <Permissions value=265012312913>)
[autoganjlogs] [2022-08-04 @ 13:05:20] :: (<Permissions value=0>, <Permissions value=534724933697>)
[autoganjlogs] [2022-08-04 @ 13:05:20] :: (<Permissions value=0>, <Permissions value=265012379473>)
[autoganjlogs] [2022-08-04 @ 13:05:20] :: (<Permissions value=66560>, <Permissions value=265012312913>)
[autoganjlogs] [2022-08-04 @ 13:05:20] :: (<Permissions value=0>, <Permissions value=534724933697>)
[autoganjlogs] [2022-08-04 @ 13:05:20] :: (<Permissions value=0>, <Permissions value=3136>)
[autoganjlogs] [2022-08-04 @ 13:05:20] :: (<Permissions value=137440265280>, <Permissions value=2048>)
[autoganjlogs] [2022-08-04 @ 13:05:20] :: (<Permissions value=0>, <Permissions value=1024>)
[autoganjlogs] [2022-08-04 @ 13:05:20] :: (<Permissions value=1024>, <Permissions value=1088840792896>)
[autoganjlogs] [2022-08-04 @ 13:05:20] :: (<Permissions value=0>, <Permissions value=265012379473>)
[autoganjlogs] [2022-08-04 @ 13:05:20] :: (<Permissions value=0>, <Permissions value=534724933697>)
[autoganjlogs] [2022-08-04 @ 13:05:20] :: (<Permissions value=66560>, <Permissions value=265012312913>)
[autoganjlogs] [2022-08-04 @ 13:05:20] :: (<Permissions value=0>, <Permissions value=265012379473>)
[autoganjlogs] [2022-08-04 @ 13:05:20] :: (<Permissions value=66560>, <Permissions value=265012312913>)
[autoganjlogs] [2022-08-04 @ 13:05:20] :: (<Permissions value=0>, <Permissions value=534724933697>)
[autoganjlogs] [2022-08-04 @ 13:05:20] :: (<Permissions value=0>, <Permissions value=265012379473>)
[autoganjlogs] [2022-08-04 @ 13:05:20] :: (<Permissions value=0>, <Permissions value=534724933697>)
[autoganjlogs] [2022-08-04 @ 13:05:20] :: (<Permissions value=66560>, <Permissions value=265012312913>)
[autoganjlogs] [2022-08-04 @ 13:05:20] :: (<Permissions value=0>, <Permissions value=120259085312>)
[autoganjlogs] [2022-08-04 @ 13:05:20] :: (<Permissions value=0>, <Permissions value=274878958592>)
[autoganjlogs] [2022-08-04 @ 13:05:20] :: (<Permissions value=1024>, <Permissions value=539019966528>)
[autoganjlogs] [2022-08-04 @ 13:05:20] :: (<Permissions value=0>, <Permissions value=0>)
[autoganjlogs] [2022-08-04 @ 13:05:20] :: (<Permissions value=1049600>, <Permissions value=0>)
[autoganjlogs] [2022-08-04 @ 13:05:20] :: (<Permissions value=1049600>, <Permissions value=0>)
[autoganjlogs] [2022-08-04 @ 13:05:20] :: (<Permissions value=0>, <Permissions value=265012379473>)
[autoganjlogs] [2022-08-04 @ 13:05:20] :: (<Permissions value=0>, <Permissions value=534724933697>)
[autoganjlogs] [2022-08-04 @ 13:05:20] :: (<Permissions value=66560>, <Permissions value=265012312913>)
[autoganjlogs] [2022-08-04 @ 13:05:20] :: (<Permissions value=0>, <Permissions value=265012379473>)
[autoganjlogs] [2022-08-04 @ 13:05:20] :: (<Permissions value=0>, <Permissions value=534724933697>)
[autoganjlogs] [2022-08-04 @ 13:05:20] :: (<Permissions value=66560>, <Permissions value=265012312913>)
[autoganjlogs] [2022-08-04 @ 13:05:20] :: (<Permissions value=0>, <Permissions value=265012379473>)
[autoganjlogs] [2022-08-04 @ 13:05:20] :: (<Permissions value=0>, <Permissions value=534724933697>)
[autoganjlogs] [2022-08-04 @ 13:05:20] :: (<Permissions value=66560>, <Permissions value=265012312913>)
[autoganjlogs] [2022-08-04 @ 13:05:20] :: (<Permissions value=0>, <Permissions value=265012379473>)
[autoganjlogs] [2022-08-04 @ 13:05:20] :: (<Permissions value=66560>, <Permissions value=265012312913>)
[autoganjlogs] [2022-08-04 @ 13:05:20] :: (<Permissions value=0>, <Permissions value=534724933697>)
[autoganjlogs] [2022-08-04 @ 13:05:20] :: (<Permissions value=0>, <Permissions value=1049600>)
[autoganjlogs] [2022-08-04 @ 13:05:20] :: (<Permissions value=1049600>, <Permissions value=1>)
[autoganjlogs] [2022-08-04 @ 13:05:20] :: (<Permissions value=0>, <Permissions value=1024>)
[autoganjlogs] [2022-08-04 @ 13:05:20] :: (<Permissions value=0>, <Permissions value=265012379473>)
[autoganjlogs] [2022-08-04 @ 13:05:20] :: (<Permissions value=66560>, <Permissions value=265012312913>)
[autoganjlogs] [2022-08-04 @ 13:05:20] :: (<Permissions value=0>, <Permissions value=534724933697>)
[autoganjlogs] [2022-08-04 @ 13:05:20] :: (<Permissions value=0>, <Permissions value=265012379473>)
[autoganjlogs] [2022-08-04 @ 13:05:20] :: (<Permissions value=0>, <Permissions value=534724933697>)
[autoganjlogs] [2022-08-04 @ 13:05:20] :: (<Permissions value=66560>, <Permissions value=265012312913>)
[autoganjlogs] [2022-08-04 @ 13:05:20] :: (<Permissions value=0>, <Permissions value=3136>)
[autoganjlogs] [2022-08-04 @ 13:05:20] :: (<Permissions value=137440265280>, <Permissions value=2048>)
[autoganjlogs] [2022-08-04 @ 13:05:20] :: (<Permissions value=0>, <Permissions value=1024>)
[autoganjlogs] [2022-08-04 @ 13:05:20] :: (<Permissions value=1024>, <Permissions value=1088840792896>)
[autoganjlogs] [2022-08-04 @ 13:05:20] :: (<Permissions value=0>, <Permissions value=1024>)
[autoganjlogs] [2022-08-04 @ 13:05:20] :: (<Permissions value=0>, <Permissions value=3136>)
[autoganjlogs] [2022-08-04 @ 13:05:20] :: (<Permissions value=137440265280>, <Permissions value=2048>)
[autoganjlogs] [2022-08-04 @ 13:05:20] :: (<Permissions value=0>, <Permissions value=1024>)
[autoganjlogs] [2022-08-04 @ 13:05:20] :: (<Permissions value=1024>, <Permissions value=1088840792896>)
[autoganjlogs] [2022-08-04 @ 13:05:20] :: (<Permissions value=0>, <Permissions value=1049600>)
[autoganjlogs] [2022-08-04 @ 13:05:20] :: (<Permissions value=1049600>, <Permissions value=1>)
[autoganjlogs] [2022-08-04 @ 13:05:20] :: (<Permissions value=0>, <Permissions value=1024>)
[autoganjlogs] [2022-08-04 @ 13:05:20] :: (<Permissions value=0>, <Permissions value=265012379473>)
[autoganjlogs] [2022-08-04 @ 13:05:20] :: (<Permissions value=0>, <Permissions value=534724933697>)
[autoganjlogs] [2022-08-04 @ 13:05:20] :: (<Permissions value=66560>, <Permissions value=265012312913>)
[autoganjlogs] [2022-08-04 @ 13:05:20] :: (<Permissions value=0>, <Permissions value=1024>)
[autoganjlogs] [2022-08-04 @ 13:05:20] :: (<Permissions value=1049600>, <Permissions value=2048>)
[autoganjlogs] [2022-08-04 @ 13:05:20] :: (<Permissions value=1049600>, <Permissions value=2048>)
[autoganjlogs] [2022-08-04 @ 13:05:20] :: (<Permissions value=1024>, <Permissions value=2048>)
[autoganjlogs] [2022-08-04 @ 13:05:20] :: (<Permissions value=1024>, <Permissions value=2048>)
[autoganjlogs] [2022-08-04 @ 13:05:20] :: (<Permissions value=1049600>, <Permissions value=2048>)
[autoganjlogs] [2022-08-04 @ 13:05:20] :: (<Permissions value=1049600>, <Permissions value=2048>)
[autoganjlogs] [2022-08-04 @ 13:05:20] :: (<Permissions value=1049600>, <Permissions value=2048>)
[autoganjlogs] [2022-08-04 @ 13:05:20] :: (<Permissions value=1049600>, <Permissions value=2048>)
[autoganjlogs] [2022-08-04 @ 13:05:20] :: (<Permissions value=1049600>, <Permissions value=2048>)
[autoganjlogs] [2022-08-04 @ 13:05:20] :: (<Permissions value=1049600>, <Permissions value=2048>)
[autoganjlogs] [2022-08-04 @ 13:05:20] :: (<Permissions value=1049600>, <Permissions value=2048>)
[autoganjlogs] [2022-08-04 @ 13:05:20] :: (<Permissions value=1024>, <Permissions value=2048>)
[autoganjlogs] [2022-08-04 @ 13:05:20] :: (<Permissions value=1024>, <Permissions value=2048>)
[autoganjlogs] [2022-08-04 @ 13:05:20] :: (<Permissions value=1048576>, <Permissions value=1024>)
[autoganjlogs] [2022-08-04 @ 13:05:20] :: (<Permissions value=1049600>, <Permissions value=8192>)
[autoganjlogs] [2022-08-04 @ 13:05:20] :: (<Permissions value=1024>, <Permissions value=2048>)
[autoganjlogs] [2022-08-04 @ 13:05:20] :: (<Permissions value=1049600>, <Permissions value=2048>)
[autoganjlogs] [2022-08-04 @ 13:05:20] :: (<Permissions value=0>, <Permissions value=1024>)
[autoganjlogs] [2022-08-04 @ 13:05:20] :: (<Permissions value=1024>, <Permissions value=534724933697>)
[autoganjlogs] [2022-08-04 @ 13:05:20] :: (<Permissions value=0>, <Permissions value=265012379473>)
[autoganjlogs] [2022-08-04 @ 13:05:20] :: (<Permissions value=66560>, <Permissions value=265012312913>)
[autoganjlogs] [2022-08-04 @ 13:05:20] :: (<Permissions value=0>, <Permissions value=534724933697>)
[autoganjlogs] [2022-08-04 @ 13:05:20] ::             📜bot-log :: [[31mE:[0m (0) | [31mA:[0m (0) | [31mS:[0m (0) | [31mR:[0m (0)][1m          gañjā#9046[0m > &exportperms
[autoganjlogs] [2022-08-04 @ 13:05:20] ::             📜bot-log :: [[31mE:[0m (0) | [31mA:[0m (0) | [31mS:[0m (0) | [31mR:[0m (0)][1m       AutoGanj#4302[0m > Roles perms exported to roles_perms.json
[autoganjlogs] [2022-08-04 @ 13:08:10] ::     🤖jarvis-bot-help :: [1m         Jinnah#6032[0m [[32mREACT ADD[0m]> ‼️
[autoganjlogs] [2022-08-04 @ 13:13:51] ::        🃏choose-roles ::                  [[95mSTARTED TYPING[0m]> [34m[1m          gañjā#9046[0m @ 2022-08-04 12:13:51+00:00
[autoganjlogs] [2022-08-04 @ 13:13:52] ::        🃏choose-roles :: [[31mE:[0m (0) | [31mA:[0m (0) | [31mS:[0m (0) | [31mR:[0m (0)][1m          gañjā#9046[0m > ?purge 10
[autoganjlogs] [2022-08-04 @ 13:13:53] ::        🃏choose-roles :: [1m             Unknown[0m [[31mDELETED[0m]> Message ID: {1004696849053126656, 1004696847132139530, 1004723849398591518, 1004696850273685535}
[autoganjlogs] [2022-08-04 @ 13:13:56] ::        🃏choose-roles :: [[31mE:[0m (0) | [31mA:[0m (0) | [31mS:[0m (0) | [31mR:[0m (0)][1m       AutoGanj#4302[0m > Choose your Location!
[autoganjlogs] [2022-08-04 @ 13:13:56] ::        🃏choose-roles :: [[31mE:[0m (0) | [31mA:[0m (0) | [31mS:[0m (0) | [31mR:[0m (0)][1m       AutoGanj#4302[0m > Choose your Server Alerts!
[autoganjlogs] [2022-08-04 @ 13:13:56] ::        🃏choose-roles :: [[31mE:[0m (0) | [31mA:[0m (0) | [31mS:[0m (0) | [31mR:[0m (0)][1m       AutoGanj#4302[0m > Choose your Favorite Pets!
[autoganjlogs] [2022-08-04 @ 13:14:18] ::                 🔆irl :: [1m      gitmo joe#4193[0m [[32mREACT ADD[0m]> 😌
[autoganjlogs] [2022-08-04 @ 13:14:22] ::                 🔆irl ::                  [[95mSTARTED TYPING[0m]> [34m[1m      gitmo joe#4193[0m @ 2022-08-04 12:14:22+00:00
[autoganjlogs] [2022-08-04 @ 13:14:28] ::                 🔆irl :: [[31mE:[0m (0) | [31mA:[0m (0) | [31mS:[0m (0) | [31mR:[0m (0)][1m      gitmo joe#4193[0m > Another followup in 45 minutes
[autoganjlogs] [2022-08-04 @ 13:14:33] ::                 🔆irl ::                  [[95mSTARTED TYPING[0m]> [34m[1m      gitmo joe#4193[0m @ 2022-08-04 12:14:33+00:00
[autoganjlogs] [2022-08-04 @ 13:14:44] ::                 🔆irl ::                  [[95mSTARTED TYPING[0m]> [34m[1m      gitmo joe#4193[0m @ 2022-08-04 12:14:44+00:00
[autoganjlogs] [2022-08-04 @ 13:14:46] ::                 🔆irl :: [[31mE:[0m (0) | [31mA:[0m (0) | [31mS:[0m (0) | [31mR:[0m (0)][1m      gitmo joe#4193[0m > Not a lot of drainage now, but it's still very bloody
[autoganjlogs] [2022-08-04 @ 13:14:53] ::                 🔆irl ::                  [[95mSTARTED TYPING[0m]> [34m[1m      gitmo joe#4193[0m @ 2022-08-04 12:14:53+00:00
[autoganjlogs] [2022-08-04 @ 13:15:21] ::                 🔆irl ::                  [[95mSTARTED TYPING[0m]> [34m[1m      gitmo joe#4193[0m @ 2022-08-04 12:15:21+00:00
[autoganjlogs] [2022-08-04 @ 13:15:31] ::                 🔆irl ::                  [[95mSTARTED TYPING[0m]> [34m[1m      gitmo joe#4193[0m @ 2022-08-04 12:15:31+00:00
[autoganjlogs] [2022-08-04 @ 13:15:41] ::                 🔆irl ::                  [[95mSTARTED TYPING[0m]> [34m[1m      gitmo joe#4193[0m @ 2022-08-04 12:15:41+00:00
[autoganjlogs] [2022-08-04 @ 13:15:48] ::                 🔆irl :: [[31mE:[0m (0) | [31mA:[0m (0) | [31mS:[0m (0) | [31mR:[0m (0)][1m      gitmo joe#4193[0m > Little under 2 weeks until I can move reasonably freely, barring and further complications
[autoganjlogs] [2022-08-04 @ 13:16:44] ::                 🔆irl ::                  [[95mSTARTED TYPING[0m]> [34m[1m      gitmo joe#4193[0m @ 2022-08-04 12:16:44+00:00
[autoganjlogs] [2022-08-04 @ 13:16:48] ::                 🔆irl :: [1m      gitmo joe#4193[0m [[33mEDITED[0m]> Little under 2 weeks until I can move reasonably freely, barring any further complications
[autoganjlogs] [2022-08-04 @ 13:17:03] ::        🃏choose-roles ::                  [[95mSTARTED TYPING[0m]> [34m[1m          gañjā#9046[0m @ 2022-08-04 12:17:03+00:00
[autoganjlogs] [2022-08-04 @ 13:17:06] ::        🃏choose-roles :: [[31mE:[0m (0) | [31mA:[0m (0) | [31mS:[0m (0) | [31mR:[0m (0)][1m          gañjā#9046[0m > ?purge 100
[autoganjlogs] [2022-08-04 @ 13:17:06] ::        🃏choose-roles :: [1m             Unknown[0m [[31mDELETED[0m]> Message ID: {1004723866943377481, 1004724661852053585, 1004723865680875600, 1004723864221257831}
[autoganjlogs] [2022-08-04 @ 13:17:11] ::        🃏choose-roles :: [[31mE:[0m (0) | [31mA:[0m (0) | [31mS:[0m (0) | [31mR:[0m (0)][1m       AutoGanj#4302[0m > Choose your Location!
[autoganjlogs] [2022-08-04 @ 13:17:11] ::        🃏choose-roles :: [[31mE:[0m (0) | [31mA:[0m (0) | [31mS:[0m (0) | [31mR:[0m (0)][1m       AutoGanj#4302[0m > Choose your Server Alerts!
[autoganjlogs] [2022-08-04 @ 13:17:12] ::        🃏choose-roles :: [[31mE:[0m (0) | [31mA:[0m (0) | [31mS:[0m (0) | [31mR:[0m (0)][1m       AutoGanj#4302[0m > Choose your Favorite Pets!
[autoganjlogs] [2022-08-04 @ 13:17:24] :: Direct Message with Unknown User :: [[31mE:[0m (0) | [31mA:[0m (0) | [31mS:[0m (0) | [31mR:[0m (0)][1m       AutoGanj#4302[0m > Removed Europe from your profile.
