[autoganjlogs] [2022-08-04 @ 00:25:55] :: + Quota reset running
[autoganjlogs] [2022-08-04 @ 00:25:58] :: AutoGanj#4302 is online!
[autoganjlogs] [2022-08-04 @ 00:25:58] :: Loaded: Tripwire
[autoganjlogs] [2022-08-04 @ 00:25:58] :: Loaded: Jarvis
[autoganjlogs] [2022-08-04 @ 00:25:58] :: Loaded: Rules
[autoganjlogs] [2022-08-04 @ 00:25:58] :: Loaded: Boostcog
[autoganjlogs] [2022-08-04 @ 00:25:58] :: Loaded: RoleManagement
[autoganjlogs] [2022-08-04 @ 00:25:58] :: Loaded: RaidDefense
[autoganjlogs] [2022-08-04 @ 00:25:58] :: Loaded: ExportRoles
[autoganjlogs] [2022-08-04 @ 00:25:58] :: Loaded: Basedtask
[autoganjlogs] [2022-08-04 @ 00:25:58] :: Loaded: Userinfo
[autoganjlogs] [2022-08-04 @ 00:25:58] :: Loaded: Quotatask
[autoganjlogs] [2022-08-04 @ 00:25:58] :: Loaded: Dispam
[autoganjlogs] [2022-08-04 @ 00:25:58] :: Loaded: Logger
[autoganjlogs] [2022-08-04 @ 00:25:58] :: Loaded: RolesPerms
[autoganjlogs] [2022-08-04 @ 00:25:58] :: ------------------
[autoganjlogs] [2022-08-04 @ 00:25:58] :: Loaded: 13 cogs
[autoganjlogs] [2022-08-04 @ 00:25:59] :: Loaded 3 invites from 3 servers.
[autoganjlogs] [2022-08-04 @ 00:25:59] ::  🤖staff-bot-commands ::                  [[95mSTARTED TYPING[0m]> [34m[1m          gañjā#9046[0m @ 2022-08-03 23:25:59+00:00
[autoganjlogs] [2022-08-04 @ 00:26:03] :: Current Online Members

{'uid': 218521566412013568, 'name': 'Ganj', 'roles': '@everyone,Birds,Cats,Dogs,Couch Potato,Artist,RPG Nerd,Europe,Server Booster,MG Paddleboard Enjoyer,PB Bronze Champion,Resident Boomer,Welcome Commitee,Member,Old Fag,Molecule,Servant of the Secret Fire,Staff,Admin'}
{'uid': 90967046837239808, 'name': 'IceBladeNetwork', 'roles': '@everyone,Birds,Cats,Dogs,Couch Potato,Armchair Political Analyst,History Buff,Mathologist,Coding,RPG Nerd,Gamer,X&Os Gold Champion,warning - american,Cool Kid,MG Roleplayer,Member,Old Fag,Proton,❤️Onii-Chan❤️'}
{'uid': 1002649008906444932, 'name': 'Abditoria', 'roles': '@everyone,Dogs,Couch Potato,Armchair Political Analyst,History Buff,Writer,Artist,Gamer,warning - american,Cool Kid,Member'}
{'uid': 171750408128036864, 'name': 'Lafa', 'roles': '@everyone,warning - american,Cool Kid,Member,Old Fag'}
{'uid': 939975741259534366, 'name': 'Oracle', 'roles': '@everyone,Oracle,Bots'}
{'uid': 346079855395471360, 'name': 'Victor Vector', 'roles': '@everyone,warning - american,Member'}
{'uid': 1003347793403973743, 'name': 'last time', 'roles': '@everyone'}
{'uid': 571757625100992532, 'name': 'MistaCrazy', 'roles': '@everyone,Member'}
{'uid': 220213836635045889, 'name': 'Super Spidey', 'roles': '@everyone,warning - american,Cool Kid,Member,Old Fag'}
{'uid': 704129167897264151, 'name': 'Pr3lud3', 'roles': '@everyone,Member'}
{'uid': 997252847756386544, 'name': 'PopAltaia', 'roles': '@everyone,Member'}
{'uid': 1001059281057107999, 'name': 'AutoGanj', 'roles': '@everyone,AutoGanj,Bots'}
{'uid': 115385224119975941, 'name': 'DiscordServers', 'roles': '@everyone,DiscordServers.com,Bots'}
{'uid': 339829193644703744, 'name': 'boo-radley', 'roles': '@everyone,MG TTRPG - Ganj Campaign,MG Roleplayer,Member,Old Fag,Community Contributor'}
{'uid': 301790800252239872, 'name': 'Hexistential Crisis', 'roles': '@everyone,Member,Old Fag'}
{'uid': 974927614940676137, 'name': 'loaf0', 'roles': '@everyone,Member'}
{'uid': 236919913397223425, 'name': 'Outta_Luck_Panda', 'roles': '@everyone,Member,Old Fag'}
{'uid': 173935536778641418, 'name': 'Jigen', 'roles': '@everyone,Cats,History Buff,warning - american,Cool Kid,Retired Staff,Member,Old Fag'}

Message Log:

823656840701149194
[autoganjlogs] [2022-08-04 @ 00:26:05] ::  🤖staff-bot-commands :: [[31mE:[0m (0) | [31mA:[0m (0) | [31mS:[0m (0) | [31mR:[0m (0)][1m          gañjā#9046[0m > jarvis who is online?
[autoganjlogs] [2022-08-04 @ 00:26:05] ::  🤖staff-bot-commands :: [[31mE:[0m (0) | [31mA:[0m (0) | [31mS:[0m (0) | [31mR:[0m (0)][1m       AutoGanj#4302[0m > ```jarvis who is online?

Prompt History:

There are currently 15 members online.```
[autoganjlogs] [2022-08-04 @ 00:27:09] ::     🍿general-vc-chat :: [1mIceBladeNetwork#0001[0m [[32mREACT ADD[0m]> based
[autoganjlogs] [2022-08-04 @ 00:27:13] ::     🍿general-vc-chat :: [1mIceBladeNetwork#0001[0m [[31mREACT REMOVE[0m]> based
[autoganjlogs] [2022-08-04 @ 00:28:40] ::             💬general ::                  [[95mSTARTED TYPING[0m]> [34m[1m      Satellite#9539[0m @ 2022-08-03 23:28:40+00:00
[autoganjlogs] [2022-08-04 @ 00:28:50] ::             💬general ::                  [[95mSTARTED TYPING[0m]> [34m[1m      Satellite#9539[0m @ 2022-08-03 23:28:50+00:00
[autoganjlogs] [2022-08-04 @ 00:28:52] :: Current Online Members

{'uid': 218521566412013568, 'name': 'Ganj', 'roles': '@everyone,Birds,Cats,Dogs,Couch Potato,Artist,RPG Nerd,Europe,Server Booster,MG Paddleboard Enjoyer,PB Bronze Champion,Resident Boomer,Welcome Commitee,Member,Old Fag,Molecule,Servant of the Secret Fire,Staff,Admin'}
{'uid': 90967046837239808, 'name': 'IceBladeNetwork', 'roles': '@everyone,Birds,Cats,Dogs,Couch Potato,Armchair Political Analyst,History Buff,Mathologist,Coding,RPG Nerd,Gamer,X&Os Gold Champion,warning - american,Cool Kid,MG Roleplayer,Member,Old Fag,Proton,❤️Onii-Chan❤️'}
{'uid': 1002649008906444932, 'name': 'Abditoria', 'roles': '@everyone,Dogs,Couch Potato,Armchair Political Analyst,History Buff,Writer,Artist,Gamer,warning - american,Cool Kid,Member'}
{'uid': 171750408128036864, 'name': 'Lafa', 'roles': '@everyone,warning - american,Cool Kid,Member,Old Fag'}
{'uid': 939975741259534366, 'name': 'Oracle', 'roles': '@everyone,Oracle,Bots'}
{'uid': 346079855395471360, 'name': 'Victor Vector', 'roles': '@everyone,warning - american,Member'}
{'uid': 1003347793403973743, 'name': 'last time', 'roles': '@everyone'}
{'uid': 571757625100992532, 'name': 'MistaCrazy', 'roles': '@everyone,Member'}
{'uid': 220213836635045889, 'name': 'Super Spidey', 'roles': '@everyone,warning - american,Cool Kid,Member,Old Fag'}
{'uid': 310194850802958348, 'name': 'DOOMSlayer', 'roles': '@everyone,warning - american,Cool Kid,Member,Old Fag'}
{'uid': 704129167897264151, 'name': 'Pr3lud3', 'roles': '@everyone,Member'}
{'uid': 997252847756386544, 'name': 'PopAltaia', 'roles': '@everyone,Member'}
{'uid': 1001059281057107999, 'name': 'AutoGanj', 'roles': '@everyone,AutoGanj,Bots'}
{'uid': 115385224119975941, 'name': 'DiscordServers', 'roles': '@everyone,DiscordServers.com,Bots'}
{'uid': 339829193644703744, 'name': 'boo-radley', 'roles': '@everyone,MG TTRPG - Ganj Campaign,MG Roleplayer,Member,Old Fag,Community Contributor'}
{'uid': 301790800252239872, 'name': 'Hexistential Crisis', 'roles': '@everyone,Member,Old Fag'}
{'uid': 974927614940676137, 'name': 'loaf0', 'roles': '@everyone,Member'}
{'uid': 236919913397223425, 'name': 'Outta_Luck_Panda', 'roles': '@everyone,Member,Old Fag'}
{'uid': 173935536778641418, 'name': 'Jigen', 'roles': '@everyone,Cats,History Buff,warning - american,Cool Kid,Retired Staff,Member,Old Fag'}

Message Log:

823656840701149194
820097812506869780
[autoganjlogs] [2022-08-04 @ 00:28:54] ::             💬general :: [[31mE:[0m (0) | [31mA:[0m (0) | [31mS:[0m (0) | [31mR:[0m (0)][1m      Satellite#9539[0m > Jarvis how many members online?
[autoganjlogs] [2022-08-04 @ 00:28:54] ::             💬general :: [[31mE:[0m (0) | [31mA:[0m (0) | [31mS:[0m (0) | [31mR:[0m (0)][1m       AutoGanj#4302[0m > ```There are currently 18 members online.```
[autoganjlogs] [2022-08-04 @ 00:28:58] ::             💬general ::                  [[95mSTARTED TYPING[0m]> [34m[1m      Satellite#9539[0m @ 2022-08-03 23:28:58+00:00
[autoganjlogs] [2022-08-04 @ 00:29:06] :: Current Online Members

{'uid': 218521566412013568, 'name': 'Ganj', 'roles': '@everyone,Birds,Cats,Dogs,Couch Potato,Artist,RPG Nerd,Europe,Server Booster,MG Paddleboard Enjoyer,PB Bronze Champion,Resident Boomer,Welcome Commitee,Member,Old Fag,Molecule,Servant of the Secret Fire,Staff,Admin'}
{'uid': 90967046837239808, 'name': 'IceBladeNetwork', 'roles': '@everyone,Birds,Cats,Dogs,Couch Potato,Armchair Political Analyst,History Buff,Mathologist,Coding,RPG Nerd,Gamer,X&Os Gold Champion,warning - american,Cool Kid,MG Roleplayer,Member,Old Fag,Proton,❤️Onii-Chan❤️'}
{'uid': 1002649008906444932, 'name': 'Abditoria', 'roles': '@everyone,Dogs,Couch Potato,Armchair Political Analyst,History Buff,Writer,Artist,Gamer,warning - american,Cool Kid,Member'}
{'uid': 171750408128036864, 'name': 'Lafa', 'roles': '@everyone,warning - american,Cool Kid,Member,Old Fag'}
{'uid': 939975741259534366, 'name': 'Oracle', 'roles': '@everyone,Oracle,Bots'}
{'uid': 346079855395471360, 'name': 'Victor Vector', 'roles': '@everyone,warning - american,Member'}
{'uid': 1003347793403973743, 'name': 'last time', 'roles': '@everyone'}
{'uid': 571757625100992532, 'name': 'MistaCrazy', 'roles': '@everyone,Member'}
{'uid': 220213836635045889, 'name': 'Super Spidey', 'roles': '@everyone,warning - american,Cool Kid,Member,Old Fag'}
{'uid': 704129167897264151, 'name': 'Pr3lud3', 'roles': '@everyone,Member'}
{'uid': 997252847756386544, 'name': 'PopAltaia', 'roles': '@everyone,Member'}
{'uid': 1001059281057107999, 'name': 'AutoGanj', 'roles': '@everyone,AutoGanj,Bots'}
{'uid': 115385224119975941, 'name': 'DiscordServers', 'roles': '@everyone,DiscordServers.com,Bots'}
{'uid': 339829193644703744, 'name': 'boo-radley', 'roles': '@everyone,MG TTRPG - Ganj Campaign,MG Roleplayer,Member,Old Fag,Community Contributor'}
{'uid': 301790800252239872, 'name': 'Hexistential Crisis', 'roles': '@everyone,Member,Old Fag'}
{'uid': 974927614940676137, 'name': 'loaf0', 'roles': '@everyone,Member'}
{'uid': 236919913397223425, 'name': 'Outta_Luck_Panda', 'roles': '@everyone,Member,Old Fag'}
{'uid': 173935536778641418, 'name': 'Jigen', 'roles': '@everyone,Cats,History Buff,warning - american,Cool Kid,Retired Staff,Member,Old Fag'}

Message Log:

823656840701149194
820097812506869780
[autoganjlogs] [2022-08-04 @ 00:29:10] ::             💬general :: [[31mE:[0m (0) | [31mA:[0m (0) | [31mS:[0m (0) | [31mR:[0m (0)][1m      Satellite#9539[0m > Jarvis which members are online?
[autoganjlogs] [2022-08-04 @ 00:29:10] ::             💬general :: [[31mE:[0m (0) | [31mA:[0m (0) | [31mS:[0m (0) | [31mR:[0m (0)][1m       AutoGanj#4302[0m > ```The following members are currently online:

Ganj
IceBladeNetwork
Abditoria
Lafa
Oracle
Victor Vector
last time
MistaCrazy
Super Spidey
Pr3lud3
PopAltaia
AutoGanj
DiscordServers.com  boo-radley   Hexistential Crisis  loaf0 Outta_Luck_Panda  Jigen```
[autoganjlogs] [2022-08-04 @ 00:29:24] ::     🍿general-vc-chat :: [[31mE:[0m (0) | [32mA:[0m (1) | [31mS:[0m (0) | [31mR:[0m (0)][1m          gañjā#9046[0m > 
[autoganjlogs] [2022-08-04 @ 00:29:33] ::     🍿general-vc-chat :: [[31mE:[0m (0) | [31mA:[0m (0) | [31mS:[0m (0) | [31mR:[0m (0)][1mIceBladeNetwork#0001[0m > <:kek:824339797254340629>
[autoganjlogs] [2022-08-04 @ 00:29:42] ::             💬general ::                  [[95mSTARTED TYPING[0m]> [34m[1m          gañjā#9046[0m @ 2022-08-03 23:29:42+00:00
[autoganjlogs] [2022-08-04 @ 00:29:53] ::             💬general ::                  [[95mSTARTED TYPING[0m]> [34m[1m          gañjā#9046[0m @ 2022-08-03 23:29:53+00:00
[autoganjlogs] [2022-08-04 @ 00:30:05] ::             💬general ::                  [[95mSTARTED TYPING[0m]> [34m[1m          gañjā#9046[0m @ 2022-08-03 23:30:05+00:00
[autoganjlogs] [2022-08-04 @ 00:30:07] :: Current Online Members

{'uid': 218521566412013568, 'name': 'Ganj', 'roles': '@everyone,Birds,Cats,Dogs,Couch Potato,Artist,RPG Nerd,Europe,Server Booster,MG Paddleboard Enjoyer,PB Bronze Champion,Resident Boomer,Welcome Commitee,Member,Old Fag,Molecule,Servant of the Secret Fire,Staff,Admin'}
{'uid': 90967046837239808, 'name': 'IceBladeNetwork', 'roles': '@everyone,Birds,Cats,Dogs,Couch Potato,Armchair Political Analyst,History Buff,Mathologist,Coding,RPG Nerd,Gamer,X&Os Gold Champion,warning - american,Cool Kid,MG Roleplayer,Member,Old Fag,Proton,❤️Onii-Chan❤️'}
{'uid': 1002649008906444932, 'name': 'Abditoria', 'roles': '@everyone,Dogs,Couch Potato,Armchair Political Analyst,History Buff,Writer,Artist,Gamer,warning - american,Cool Kid,Member'}
{'uid': 171750408128036864, 'name': 'Lafa', 'roles': '@everyone,warning - american,Cool Kid,Member,Old Fag'}
{'uid': 939975741259534366, 'name': 'Oracle', 'roles': '@everyone,Oracle,Bots'}
{'uid': 346079855395471360, 'name': 'Victor Vector', 'roles': '@everyone,warning - american,Member'}
{'uid': 140657754149879819, 'name': 'Aero', 'roles': '@everyone,Trusted Tester,MG TTRPG - Ganj Campaign,warning - american,MG Roleplayer,Member'}
{'uid': 1003347793403973743, 'name': 'last time', 'roles': '@everyone'}
{'uid': 571757625100992532, 'name': 'MistaCrazy', 'roles': '@everyone,Member'}
{'uid': 220213836635045889, 'name': 'Super Spidey', 'roles': '@everyone,warning - american,Cool Kid,Member,Old Fag'}
{'uid': 704129167897264151, 'name': 'Pr3lud3', 'roles': '@everyone,Member'}
{'uid': 997252847756386544, 'name': 'PopAltaia', 'roles': '@everyone,Member'}
{'uid': 1001059281057107999, 'name': 'AutoGanj', 'roles': '@everyone,AutoGanj,Bots'}
{'uid': 869701972960362518, 'name': 'deadrose', 'roles': '@everyone,MG Roleplayer,Member'}
{'uid': 115385224119975941, 'name': 'DiscordServers', 'roles': '@everyone,DiscordServers.com,Bots'}
{'uid': 339829193644703744, 'name': 'boo-radley', 'roles': '@everyone,MG TTRPG - Ganj Campaign,MG Roleplayer,Member,Old Fag,Community Contributor'}
{'uid': 301790800252239872, 'name': 'Hexistential Crisis', 'roles': '@everyone,Member,Old Fag'}
{'uid': 974927614940676137, 'name': 'loaf0', 'roles': '@everyone,Member'}
{'uid': 236919913397223425, 'name': 'Outta_Luck_Panda', 'roles': '@everyone,Member,Old Fag'}
{'uid': 173935536778641418, 'name': 'Jigen', 'roles': '@everyone,Cats,History Buff,warning - american,Cool Kid,Retired Staff,Member,Old Fag'}

Message Log:

823656840701149194
820097812506869780
823304890175717416
[autoganjlogs] [2022-08-04 @ 00:30:08] ::             💬general :: [[31mE:[0m (0) | [31mA:[0m (0) | [31mS:[0m (0) | [31mR:[0m (0)][1m          gañjā#9046[0m > Jarvis what did Satellite just say?
[autoganjlogs] [2022-08-04 @ 00:30:08] ::             💬general :: [[31mE:[0m (0) | [31mA:[0m (0) | [31mS:[0m (0) | [31mR:[0m (0)][1m       AutoGanj#4302[0m > ```I'm sorry, I couldn't hear what Satellite said.```
[autoganjlogs] [2022-08-04 @ 00:30:12] ::             💬general ::                  [[95mSTARTED TYPING[0m]> [34m[1m          gañjā#9046[0m @ 2022-08-03 23:30:12+00:00
[autoganjlogs] [2022-08-04 @ 00:30:20] ::             💬general ::                  [[95mSTARTED TYPING[0m]> [34m[1m          gañjā#9046[0m @ 2022-08-03 23:30:20+00:00
[autoganjlogs] [2022-08-04 @ 00:30:26] :: Current Online Members

{'uid': 218521566412013568, 'name': 'Ganj', 'roles': '@everyone,Birds,Cats,Dogs,Couch Potato,Artist,RPG Nerd,Europe,Server Booster,MG Paddleboard Enjoyer,PB Bronze Champion,Resident Boomer,Welcome Commitee,Member,Old Fag,Molecule,Servant of the Secret Fire,Staff,Admin'}
{'uid': 90967046837239808, 'name': 'IceBladeNetwork', 'roles': '@everyone,Birds,Cats,Dogs,Couch Potato,Armchair Political Analyst,History Buff,Mathologist,Coding,RPG Nerd,Gamer,X&Os Gold Champion,warning - american,Cool Kid,MG Roleplayer,Member,Old Fag,Proton,❤️Onii-Chan❤️'}
{'uid': 1002649008906444932, 'name': 'Abditoria', 'roles': '@everyone,Dogs,Couch Potato,Armchair Political Analyst,History Buff,Writer,Artist,Gamer,warning - american,Cool Kid,Member'}
{'uid': 171750408128036864, 'name': 'Lafa', 'roles': '@everyone,warning - american,Cool Kid,Member,Old Fag'}
{'uid': 939975741259534366, 'name': 'Oracle', 'roles': '@everyone,Oracle,Bots'}
{'uid': 346079855395471360, 'name': 'Victor Vector', 'roles': '@everyone,warning - american,Member'}
{'uid': 140657754149879819, 'name': 'Aero', 'roles': '@everyone,Trusted Tester,MG TTRPG - Ganj Campaign,warning - american,MG Roleplayer,Member'}
{'uid': 1003347793403973743, 'name': 'last time', 'roles': '@everyone'}
{'uid': 571757625100992532, 'name': 'MistaCrazy', 'roles': '@everyone,Member'}
{'uid': 220213836635045889, 'name': 'Super Spidey', 'roles': '@everyone,warning - american,Cool Kid,Member,Old Fag'}
{'uid': 704129167897264151, 'name': 'Pr3lud3', 'roles': '@everyone,Member'}
{'uid': 997252847756386544, 'name': 'PopAltaia', 'roles': '@everyone,Member'}
{'uid': 1001059281057107999, 'name': 'AutoGanj', 'roles': '@everyone,AutoGanj,Bots'}
{'uid': 869701972960362518, 'name': 'deadrose', 'roles': '@everyone,MG Roleplayer,Member'}
{'uid': 115385224119975941, 'name': 'DiscordServers', 'roles': '@everyone,DiscordServers.com,Bots'}
{'uid': 339829193644703744, 'name': 'boo-radley', 'roles': '@everyone,MG TTRPG - Ganj Campaign,MG Roleplayer,Member,Old Fag,Community Contributor'}
{'uid': 301790800252239872, 'name': 'Hexistential Crisis', 'roles': '@everyone,Member,Old Fag'}
{'uid': 974927614940676137, 'name': 'loaf0', 'roles': '@everyone,Member'}
{'uid': 236919913397223425, 'name': 'Outta_Luck_Panda', 'roles': '@everyone,Member,Old Fag'}
{'uid': 173935536778641418, 'name': 'Jigen', 'roles': '@everyone,Cats,History Buff,warning - american,Cool Kid,Retired Staff,Member,Old Fag'}

Message Log:

823656840701149194
820097812506869780
823304890175717416
[autoganjlogs] [2022-08-04 @ 00:30:27] ::             💬general :: [[31mE:[0m (0) | [31mA:[0m (0) | [31mS:[0m (0) | [31mR:[0m (0)][1m          gañjā#9046[0m > Jarvis what did the member Satellite say?
[autoganjlogs] [2022-08-04 @ 00:30:27] ::             💬general :: [[31mE:[0m (0) | [31mA:[0m (0) | [31mS:[0m (0) | [31mR:[0m (0)][1m       AutoGanj#4302[0m > ```I'm sorry, I couldn't hear what Satellite said.```
[autoganjlogs] [2022-08-04 @ 00:30:32] ::             💬general ::                  [[95mSTARTED TYPING[0m]> [34m[1m      Satellite#9539[0m @ 2022-08-03 23:30:32+00:00
[autoganjlogs] [2022-08-04 @ 00:30:35] ::             💬general ::                  [[95mSTARTED TYPING[0m]> [34m[1m          gañjā#9046[0m @ 2022-08-03 23:30:35+00:00
[autoganjlogs] [2022-08-04 @ 00:30:43] ::             💬general ::                  [[95mSTARTED TYPING[0m]> [34m[1m      Satellite#9539[0m @ 2022-08-03 23:30:43+00:00
[autoganjlogs] [2022-08-04 @ 00:30:45] :: Current Online Members

{'uid': 218521566412013568, 'name': 'Ganj', 'roles': '@everyone,Birds,Cats,Dogs,Couch Potato,Artist,RPG Nerd,Europe,Server Booster,MG Paddleboard Enjoyer,PB Bronze Champion,Resident Boomer,Welcome Commitee,Member,Old Fag,Molecule,Servant of the Secret Fire,Staff,Admin'}
{'uid': 90967046837239808, 'name': 'IceBladeNetwork', 'roles': '@everyone,Birds,Cats,Dogs,Couch Potato,Armchair Political Analyst,History Buff,Mathologist,Coding,RPG Nerd,Gamer,X&Os Gold Champion,warning - american,Cool Kid,MG Roleplayer,Member,Old Fag,Proton,❤️Onii-Chan❤️'}
{'uid': 1002649008906444932, 'name': 'Abditoria', 'roles': '@everyone,Dogs,Couch Potato,Armchair Political Analyst,History Buff,Writer,Artist,Gamer,warning - american,Cool Kid,Member'}
{'uid': 171750408128036864, 'name': 'Lafa', 'roles': '@everyone,warning - american,Cool Kid,Member,Old Fag'}
{'uid': 939975741259534366, 'name': 'Oracle', 'roles': '@everyone,Oracle,Bots'}
{'uid': 346079855395471360, 'name': 'Victor Vector', 'roles': '@everyone,warning - american,Member'}
{'uid': 140657754149879819, 'name': 'Aero', 'roles': '@everyone,Trusted Tester,MG TTRPG - Ganj Campaign,warning - american,MG Roleplayer,Member'}
{'uid': 1003347793403973743, 'name': 'last time', 'roles': '@everyone'}
{'uid': 571757625100992532, 'name': 'MistaCrazy', 'roles': '@everyone,Member'}
{'uid': 220213836635045889, 'name': 'Super Spidey', 'roles': '@everyone,warning - american,Cool Kid,Member,Old Fag'}
{'uid': 704129167897264151, 'name': 'Pr3lud3', 'roles': '@everyone,Member'}
{'uid': 997252847756386544, 'name': 'PopAltaia', 'roles': '@everyone,Member'}
{'uid': 1001059281057107999, 'name': 'AutoGanj', 'roles': '@everyone,AutoGanj,Bots'}
{'uid': 869701972960362518, 'name': 'deadrose', 'roles': '@everyone,MG Roleplayer,Member'}
{'uid': 115385224119975941, 'name': 'DiscordServers', 'roles': '@everyone,DiscordServers.com,Bots'}
{'uid': 339829193644703744, 'name': 'boo-radley', 'roles': '@everyone,MG TTRPG - Ganj Campaign,MG Roleplayer,Member,Old Fag,Community Contributor'}
{'uid': 301790800252239872, 'name': 'Hexistential Crisis', 'roles': '@everyone,Member,Old Fag'}
{'uid': 974927614940676137, 'name': 'loaf0', 'roles': '@everyone,Member'}
{'uid': 236919913397223425, 'name': 'Outta_Luck_Panda', 'roles': '@everyone,Member,Old Fag'}
{'uid': 173935536778641418, 'name': 'Jigen', 'roles': '@everyone,Cats,History Buff,warning - american,Cool Kid,Retired Staff,Member,Old Fag'}

Message Log:

823656840701149194
820097812506869780
823304890175717416
[autoganjlogs] [2022-08-04 @ 00:30:46] ::             💬general :: [[31mE:[0m (0) | [31mA:[0m (0) | [31mS:[0m (0) | [31mR:[0m (0)][1m      Satellite#9539[0m > Jarvis what did Ganj just type?
[autoganjlogs] [2022-08-04 @ 00:30:46] ::             💬general :: [[31mE:[0m (0) | [31mA:[0m (0) | [31mS:[0m (0) | [31mR:[0m (0)][1m       AutoGanj#4302[0m > ```Ganj's latest message was "823656840701149194"```
[autoganjlogs] [2022-08-04 @ 00:30:52] ::             💬general ::                  [[95mSTARTED TYPING[0m]> [34m[1m          gañjā#9046[0m @ 2022-08-03 23:30:52+00:00
[autoganjlogs] [2022-08-04 @ 00:30:54] ::             💬general :: [[31mE:[0m (0) | [31mA:[0m (0) | [31mS:[0m (0) | [31mR:[0m (0)][1m          gañjā#9046[0m > thats correct
[autoganjlogs] [2022-08-04 @ 00:30:55] ::             💬general ::                  [[95mSTARTED TYPING[0m]> [34m[1m      Satellite#9539[0m @ 2022-08-03 23:30:55+00:00
[autoganjlogs] [2022-08-04 @ 00:30:56] ::             💬general ::                  [[95mSTARTED TYPING[0m]> [34m[1m          gañjā#9046[0m @ 2022-08-03 23:30:55+00:00
[autoganjlogs] [2022-08-04 @ 00:30:56] ::             💬general :: [[31mE:[0m (0) | [31mA:[0m (0) | [31mS:[0m (0) | [31mR:[0m (0)][1m          gañjā#9046[0m > thats the message id
[autoganjlogs] [2022-08-04 @ 00:30:57] ::             💬general :: [[31mE:[0m (0) | [31mA:[0m (0) | [31mS:[0m (0) | [31mR:[0m (0)][1m          gañjā#9046[0m > lol
[autoganjlogs] [2022-08-04 @ 00:31:00] ::             💬general ::                  [[95mSTARTED TYPING[0m]> [34m[1m          gañjā#9046[0m @ 2022-08-03 23:31:00+00:00
[autoganjlogs] [2022-08-04 @ 00:31:03] ::             💬general :: [[31mE:[0m (0) | [31mA:[0m (0) | [31mS:[0m (0) | [31mR:[0m (0)][1m      Satellite#9539[0m > lol
[autoganjlogs] [2022-08-04 @ 00:31:04] :: Current Online Members

{'uid': 218521566412013568, 'name': 'Ganj', 'roles': '@everyone,Birds,Cats,Dogs,Couch Potato,Artist,RPG Nerd,Europe,Server Booster,MG Paddleboard Enjoyer,PB Bronze Champion,Resident Boomer,Welcome Commitee,Member,Old Fag,Molecule,Servant of the Secret Fire,Staff,Admin'}
{'uid': 90967046837239808, 'name': 'IceBladeNetwork', 'roles': '@everyone,Birds,Cats,Dogs,Couch Potato,Armchair Political Analyst,History Buff,Mathologist,Coding,RPG Nerd,Gamer,X&Os Gold Champion,warning - american,Cool Kid,MG Roleplayer,Member,Old Fag,Proton,❤️Onii-Chan❤️'}
{'uid': 1002649008906444932, 'name': 'Abditoria', 'roles': '@everyone,Dogs,Couch Potato,Armchair Political Analyst,History Buff,Writer,Artist,Gamer,warning - american,Cool Kid,Member'}
{'uid': 171750408128036864, 'name': 'Lafa', 'roles': '@everyone,warning - american,Cool Kid,Member,Old Fag'}
{'uid': 939975741259534366, 'name': 'Oracle', 'roles': '@everyone,Oracle,Bots'}
{'uid': 346079855395471360, 'name': 'Victor Vector', 'roles': '@everyone,warning - american,Member'}
{'uid': 140657754149879819, 'name': 'Aero', 'roles': '@everyone,Trusted Tester,MG TTRPG - Ganj Campaign,warning - american,MG Roleplayer,Member'}
{'uid': 1003347793403973743, 'name': 'last time', 'roles': '@everyone'}
{'uid': 571757625100992532, 'name': 'MistaCrazy', 'roles': '@everyone,Member'}
{'uid': 220213836635045889, 'name': 'Super Spidey', 'roles': '@everyone,warning - american,Cool Kid,Member,Old Fag'}
{'uid': 704129167897264151, 'name': 'Pr3lud3', 'roles': '@everyone,Member'}
{'uid': 997252847756386544, 'name': 'PopAltaia', 'roles': '@everyone,Member'}
{'uid': 1001059281057107999, 'name': 'AutoGanj', 'roles': '@everyone,AutoGanj,Bots'}
{'uid': 869701972960362518, 'name': 'deadrose', 'roles': '@everyone,MG Roleplayer,Member'}
{'uid': 115385224119975941, 'name': 'DiscordServers', 'roles': '@everyone,DiscordServers.com,Bots'}
{'uid': 339829193644703744, 'name': 'boo-radley', 'roles': '@everyone,MG TTRPG - Ganj Campaign,MG Roleplayer,Member,Old Fag,Community Contributor'}
{'uid': 301790800252239872, 'name': 'Hexistential Crisis', 'roles': '@everyone,Member,Old Fag'}
{'uid': 974927614940676137, 'name': 'loaf0', 'roles': '@everyone,Member'}
{'uid': 236919913397223425, 'name': 'Outta_Luck_Panda', 'roles': '@everyone,Member,Old Fag'}
{'uid': 173935536778641418, 'name': 'Jigen', 'roles': '@everyone,Cats,History Buff,warning - american,Cool Kid,Retired Staff,Member,Old Fag'}

Message Log:

823656840701149194
820097812506869780
823304890175717416
[autoganjlogs] [2022-08-04 @ 00:31:05] ::             💬general :: [[31mE:[0m (0) | [31mA:[0m (0) | [31mS:[0m (0) | [31mR:[0m (0)][1m          gañjā#9046[0m > jarvis what was the message content?
[autoganjlogs] [2022-08-04 @ 00:31:05] ::             💬general :: [[31mE:[0m (0) | [31mA:[0m (0) | [31mS:[0m (0) | [31mR:[0m (0)][1m       AutoGanj#4302[0m > ```I'm sorry, I couldn't hear what Satellite said.```
[autoganjlogs] [2022-08-04 @ 00:31:09] ::             💬general :: [[31mE:[0m (0) | [31mA:[0m (0) | [31mS:[0m (0) | [31mR:[0m (0)][1m          gañjā#9046[0m > &forget
[autoganjlogs] [2022-08-04 @ 00:31:12] ::             💬general ::                  [[95mSTARTED TYPING[0m]> [34m[1m          gañjā#9046[0m @ 2022-08-03 23:31:11+00:00
[autoganjlogs] [2022-08-04 @ 00:31:19] ::             💬general :: [[31mE:[0m (0) | [31mA:[0m (0) | [31mS:[0m (0) | [31mR:[0m (0)][1m          gañjā#9046[0m > what was the message content of Satellite's last message?
[autoganjlogs] [2022-08-04 @ 00:31:32] :: Current Online Members

{'uid': 218521566412013568, 'name': 'Ganj', 'roles': '@everyone,Birds,Cats,Dogs,Couch Potato,Artist,RPG Nerd,Europe,Server Booster,MG Paddleboard Enjoyer,PB Bronze Champion,Resident Boomer,Welcome Commitee,Member,Old Fag,Molecule,Servant of the Secret Fire,Staff,Admin'}
{'uid': 90967046837239808, 'name': 'IceBladeNetwork', 'roles': '@everyone,Birds,Cats,Dogs,Couch Potato,Armchair Political Analyst,History Buff,Mathologist,Coding,RPG Nerd,Gamer,X&Os Gold Champion,warning - american,Cool Kid,MG Roleplayer,Member,Old Fag,Proton,❤️Onii-Chan❤️'}
{'uid': 1002649008906444932, 'name': 'Abditoria', 'roles': '@everyone,Dogs,Couch Potato,Armchair Political Analyst,History Buff,Writer,Artist,Gamer,warning - american,Cool Kid,Member'}
{'uid': 171750408128036864, 'name': 'Lafa', 'roles': '@everyone,warning - american,Cool Kid,Member,Old Fag'}
{'uid': 939975741259534366, 'name': 'Oracle', 'roles': '@everyone,Oracle,Bots'}
{'uid': 346079855395471360, 'name': 'Victor Vector', 'roles': '@everyone,warning - american,Member'}
{'uid': 140657754149879819, 'name': 'Aero', 'roles': '@everyone,Trusted Tester,MG TTRPG - Ganj Campaign,warning - american,MG Roleplayer,Member'}
{'uid': 1003347793403973743, 'name': 'last time', 'roles': '@everyone'}
{'uid': 571757625100992532, 'name': 'MistaCrazy', 'roles': '@everyone,Member'}
{'uid': 220213836635045889, 'name': 'Super Spidey', 'roles': '@everyone,warning - american,Cool Kid,Member,Old Fag'}
{'uid': 704129167897264151, 'name': 'Pr3lud3', 'roles': '@everyone,Member'}
{'uid': 997252847756386544, 'name': 'PopAltaia', 'roles': '@everyone,Member'}
{'uid': 1001059281057107999, 'name': 'AutoGanj', 'roles': '@everyone,AutoGanj,Bots'}
{'uid': 115385224119975941, 'name': 'DiscordServers', 'roles': '@everyone,DiscordServers.com,Bots'}
{'uid': 339829193644703744, 'name': 'boo-radley', 'roles': '@everyone,MG TTRPG - Ganj Campaign,MG Roleplayer,Member,Old Fag,Community Contributor'}
{'uid': 301790800252239872, 'name': 'Hexistential Crisis', 'roles': '@everyone,Member,Old Fag'}
{'uid': 974927614940676137, 'name': 'loaf0', 'roles': '@everyone,Member'}
{'uid': 236919913397223425, 'name': 'Outta_Luck_Panda', 'roles': '@everyone,Member,Old Fag'}
{'uid': 173935536778641418, 'name': 'Jigen', 'roles': '@everyone,Cats,History Buff,warning - american,Cool Kid,Retired Staff,Member,Old Fag'}

Message Log:

823656840701149194
820097812506869780
823304890175717416
[autoganjlogs] [2022-08-04 @ 00:31:34] ::             💬general :: [[31mE:[0m (0) | [31mA:[0m (0) | [31mS:[0m (0) | [31mR:[0m (0)][1m          gañjā#9046[0m > jarvis what was the message content of Satellite's last message?
[autoganjlogs] [2022-08-04 @ 00:31:34] ::             💬general :: [[31mE:[0m (0) | [31mA:[0m (0) | [31mS:[0m (0) | [31mR:[0m (0)][1m       AutoGanj#4302[0m > ```"What do you think the chances are that we'll get a new map soon?"```
[autoganjlogs] [2022-08-04 @ 00:31:40] ::             💬general :: [[31mE:[0m (0) | [31mA:[0m (0) | [31mS:[0m (0) | [31mR:[0m (0)][1m          gañjā#9046[0m > 🥴
[autoganjlogs] [2022-08-04 @ 00:31:43] ::             💬general ::                  [[95mSTARTED TYPING[0m]> [34m[1m      Satellite#9539[0m @ 2022-08-03 23:31:43+00:00
[autoganjlogs] [2022-08-04 @ 00:31:44] ::             💬general :: [[31mE:[0m (0) | [31mA:[0m (0) | [31mS:[0m (0) | [31mR:[0m (0)][1m      Satellite#9539[0m > lol
[autoganjlogs] [2022-08-04 @ 00:31:50] ::             💬general :: [[31mE:[0m (0) | [31mA:[0m (0) | [31mS:[0m (0) | [31mR:[0m (0)][1m          gañjā#9046[0m > hmm
[autoganjlogs] [2022-08-04 @ 00:31:53] ::             💬general ::                  [[95mSTARTED TYPING[0m]> [34m[1m          gañjā#9046[0m @ 2022-08-03 23:31:52+00:00
[autoganjlogs] [2022-08-04 @ 00:31:55] ::             💬general :: [[31mE:[0m (0) | [31mA:[0m (0) | [31mS:[0m (0) | [31mR:[0m (0)][1m          gañjā#9046[0m > chat awareness is kinda weird
[autoganjlogs] [2022-08-04 @ 00:31:55] ::             💬general :: [[31mE:[0m (0) | [31mA:[0m (0) | [31mS:[0m (0) | [31mR:[0m (0)][1m          gañjā#9046[0m > lol
[autoganjlogs] [2022-08-04 @ 00:31:59] ::             💬general ::                  [[95mSTARTED TYPING[0m]> [34m[1m          gañjā#9046[0m @ 2022-08-03 23:31:59+00:00
[autoganjlogs] [2022-08-04 @ 00:32:01] ::             💬general ::                  [[95mSTARTED TYPING[0m]> [34m[1m      Satellite#9539[0m @ 2022-08-03 23:32:01+00:00
[autoganjlogs] [2022-08-04 @ 00:32:02] :: Current Online Members

{'uid': 218521566412013568, 'name': 'Ganj', 'roles': '@everyone,Birds,Cats,Dogs,Couch Potato,Artist,RPG Nerd,Europe,Server Booster,MG Paddleboard Enjoyer,PB Bronze Champion,Resident Boomer,Welcome Commitee,Member,Old Fag,Molecule,Servant of the Secret Fire,Staff,Admin'}
{'uid': 90967046837239808, 'name': 'IceBladeNetwork', 'roles': '@everyone,Birds,Cats,Dogs,Couch Potato,Armchair Political Analyst,History Buff,Mathologist,Coding,RPG Nerd,Gamer,X&Os Gold Champion,warning - american,Cool Kid,MG Roleplayer,Member,Old Fag,Proton,❤️Onii-Chan❤️'}
{'uid': 1002649008906444932, 'name': 'Abditoria', 'roles': '@everyone,Dogs,Couch Potato,Armchair Political Analyst,History Buff,Writer,Artist,Gamer,warning - american,Cool Kid,Member'}
{'uid': 171750408128036864, 'name': 'Lafa', 'roles': '@everyone,warning - american,Cool Kid,Member,Old Fag'}
{'uid': 939975741259534366, 'name': 'Oracle', 'roles': '@everyone,Oracle,Bots'}
{'uid': 346079855395471360, 'name': 'Victor Vector', 'roles': '@everyone,warning - american,Member'}
{'uid': 140657754149879819, 'name': 'Aero', 'roles': '@everyone,Trusted Tester,MG TTRPG - Ganj Campaign,warning - american,MG Roleplayer,Member'}
{'uid': 1003347793403973743, 'name': 'last time', 'roles': '@everyone'}
{'uid': 571757625100992532, 'name': 'MistaCrazy', 'roles': '@everyone,Member'}
{'uid': 220213836635045889, 'name': 'Super Spidey', 'roles': '@everyone,warning - american,Cool Kid,Member,Old Fag'}
{'uid': 704129167897264151, 'name': 'Pr3lud3', 'roles': '@everyone,Member'}
{'uid': 997252847756386544, 'name': 'PopAltaia', 'roles': '@everyone,Member'}
{'uid': 1001059281057107999, 'name': 'AutoGanj', 'roles': '@everyone,AutoGanj,Bots'}
{'uid': 115385224119975941, 'name': 'DiscordServers', 'roles': '@everyone,DiscordServers.com,Bots'}
{'uid': 339829193644703744, 'name': 'boo-radley', 'roles': '@everyone,MG TTRPG - Ganj Campaign,MG Roleplayer,Member,Old Fag,Community Contributor'}
{'uid': 301790800252239872, 'name': 'Hexistential Crisis', 'roles': '@everyone,Member,Old Fag'}
{'uid': 974927614940676137, 'name': 'loaf0', 'roles': '@everyone,Member'}
{'uid': 236919913397223425, 'name': 'Outta_Luck_Panda', 'roles': '@everyone,Member,Old Fag'}
{'uid': 173935536778641418, 'name': 'Jigen', 'roles': '@everyone,Cats,History Buff,warning - american,Cool Kid,Retired Staff,Member,Old Fag'}

Message Log:

823656840701149194
820097812506869780
823304890175717416
[autoganjlogs] [2022-08-04 @ 00:32:03] ::             💬general :: [[31mE:[0m (0) | [31mA:[0m (0) | [31mS:[0m (0) | [31mR:[0m (0)][1m          gañjā#9046[0m > jarvis what is weird?
[autoganjlogs] [2022-08-04 @ 00:32:03] ::             💬general :: [[31mE:[0m (0) | [31mA:[0m (0) | [31mS:[0m (0) | [31mR:[0m (0)][1m       AutoGanj#4302[0m > ```There isn't a defined answer.```
[autoganjlogs] [2022-08-04 @ 00:32:08] ::             💬general ::                  [[95mSTARTED TYPING[0m]> [34m[1m          gañjā#9046[0m @ 2022-08-03 23:32:08+00:00
[autoganjlogs] [2022-08-04 @ 00:32:11] :: Current Online Members

{'uid': 218521566412013568, 'name': 'Ganj', 'roles': '@everyone,Birds,Cats,Dogs,Couch Potato,Artist,RPG Nerd,Europe,Server Booster,MG Paddleboard Enjoyer,PB Bronze Champion,Resident Boomer,Welcome Commitee,Member,Old Fag,Molecule,Servant of the Secret Fire,Staff,Admin'}
{'uid': 90967046837239808, 'name': 'IceBladeNetwork', 'roles': '@everyone,Birds,Cats,Dogs,Couch Potato,Armchair Political Analyst,History Buff,Mathologist,Coding,RPG Nerd,Gamer,X&Os Gold Champion,warning - american,Cool Kid,MG Roleplayer,Member,Old Fag,Proton,❤️Onii-Chan❤️'}
{'uid': 1002649008906444932, 'name': 'Abditoria', 'roles': '@everyone,Dogs,Couch Potato,Armchair Political Analyst,History Buff,Writer,Artist,Gamer,warning - american,Cool Kid,Member'}
{'uid': 171750408128036864, 'name': 'Lafa', 'roles': '@everyone,warning - american,Cool Kid,Member,Old Fag'}
{'uid': 939975741259534366, 'name': 'Oracle', 'roles': '@everyone,Oracle,Bots'}
{'uid': 346079855395471360, 'name': 'Victor Vector', 'roles': '@everyone,warning - american,Member'}
{'uid': 140657754149879819, 'name': 'Aero', 'roles': '@everyone,Trusted Tester,MG TTRPG - Ganj Campaign,warning - american,MG Roleplayer,Member'}
{'uid': 1003347793403973743, 'name': 'last time', 'roles': '@everyone'}
{'uid': 571757625100992532, 'name': 'MistaCrazy', 'roles': '@everyone,Member'}
{'uid': 220213836635045889, 'name': 'Super Spidey', 'roles': '@everyone,warning - american,Cool Kid,Member,Old Fag'}
{'uid': 704129167897264151, 'name': 'Pr3lud3', 'roles': '@everyone,Member'}
{'uid': 997252847756386544, 'name': 'PopAltaia', 'roles': '@everyone,Member'}
{'uid': 1001059281057107999, 'name': 'AutoGanj', 'roles': '@everyone,AutoGanj,Bots'}
{'uid': 115385224119975941, 'name': 'DiscordServers', 'roles': '@everyone,DiscordServers.com,Bots'}
{'uid': 339829193644703744, 'name': 'boo-radley', 'roles': '@everyone,MG TTRPG - Ganj Campaign,MG Roleplayer,Member,Old Fag,Community Contributor'}
{'uid': 301790800252239872, 'name': 'Hexistential Crisis', 'roles': '@everyone,Member,Old Fag'}
{'uid': 974927614940676137, 'name': 'loaf0', 'roles': '@everyone,Member'}
{'uid': 236919913397223425, 'name': 'Outta_Luck_Panda', 'roles': '@everyone,Member,Old Fag'}
{'uid': 173935536778641418, 'name': 'Jigen', 'roles': '@everyone,Cats,History Buff,warning - american,Cool Kid,Retired Staff,Member,Old Fag'}

Message Log:

823656840701149194
820097812506869780
823304890175717416
[autoganjlogs] [2022-08-04 @ 00:32:12] ::             💬general :: [[31mE:[0m (0) | [31mA:[0m (0) | [31mS:[0m (0) | [31mR:[0m (0)][1m          gañjā#9046[0m > jarvis what about chat is weird?
[autoganjlogs] [2022-08-04 @ 00:32:12] ::             💬general ::                  [[95mSTARTED TYPING[0m]> [34m[1m      Satellite#9539[0m @ 2022-08-03 23:32:12+00:00
[autoganjlogs] [2022-08-04 @ 00:32:12] ::             💬general :: [[31mE:[0m (0) | [31mA:[0m (0) | [31mS:[0m (0) | [31mR:[0m (0)][1m       AutoGanj#4302[0m > ```There isn't a defined answer.```
[autoganjlogs] [2022-08-04 @ 00:32:15] ::             💬general :: [[31mE:[0m (0) | [31mA:[0m (0) | [31mS:[0m (0) | [31mR:[0m (0)][1m          gañjā#9046[0m > 🥴
[autoganjlogs] [2022-08-04 @ 00:32:17] ::             💬general ::                  [[95mSTARTED TYPING[0m]> [34m[1m          gañjā#9046[0m @ 2022-08-03 23:32:17+00:00
[autoganjlogs] [2022-08-04 @ 00:32:23] ::             💬general :: [[31mE:[0m (0) | [31mA:[0m (0) | [31mS:[0m (0) | [31mR:[0m (0)][1m          gañjā#9046[0m > i think its not working
[autoganjlogs] [2022-08-04 @ 00:32:23] ::             💬general :: [[31mE:[0m (0) | [31mA:[0m (0) | [31mS:[0m (0) | [31mR:[0m (0)][1m          gañjā#9046[0m > lol
[autoganjlogs] [2022-08-04 @ 00:32:26] ::             💬general ::                  [[95mSTARTED TYPING[0m]> [34m[1m          gañjā#9046[0m @ 2022-08-03 23:32:26+00:00
[autoganjlogs] [2022-08-04 @ 00:32:28] ::             💬general ::                  [[95mSTARTED TYPING[0m]> [34m[1m      Satellite#9539[0m @ 2022-08-03 23:32:28+00:00
[autoganjlogs] [2022-08-04 @ 00:32:29] :: Current Online Members

{'uid': 218521566412013568, 'name': 'Ganj', 'roles': '@everyone,Birds,Cats,Dogs,Couch Potato,Artist,RPG Nerd,Europe,Server Booster,MG Paddleboard Enjoyer,PB Bronze Champion,Resident Boomer,Welcome Commitee,Member,Old Fag,Molecule,Servant of the Secret Fire,Staff,Admin'}
{'uid': 90967046837239808, 'name': 'IceBladeNetwork', 'roles': '@everyone,Birds,Cats,Dogs,Couch Potato,Armchair Political Analyst,History Buff,Mathologist,Coding,RPG Nerd,Gamer,X&Os Gold Champion,warning - american,Cool Kid,MG Roleplayer,Member,Old Fag,Proton,❤️Onii-Chan❤️'}
{'uid': 1002649008906444932, 'name': 'Abditoria', 'roles': '@everyone,Dogs,Couch Potato,Armchair Political Analyst,History Buff,Writer,Artist,Gamer,warning - american,Cool Kid,Member'}
{'uid': 171750408128036864, 'name': 'Lafa', 'roles': '@everyone,warning - american,Cool Kid,Member,Old Fag'}
{'uid': 939975741259534366, 'name': 'Oracle', 'roles': '@everyone,Oracle,Bots'}
{'uid': 346079855395471360, 'name': 'Victor Vector', 'roles': '@everyone,warning - american,Member'}
{'uid': 140657754149879819, 'name': 'Aero', 'roles': '@everyone,Trusted Tester,MG TTRPG - Ganj Campaign,warning - american,MG Roleplayer,Member'}
{'uid': 1003347793403973743, 'name': 'last time', 'roles': '@everyone'}
{'uid': 571757625100992532, 'name': 'MistaCrazy', 'roles': '@everyone,Member'}
{'uid': 220213836635045889, 'name': 'Super Spidey', 'roles': '@everyone,warning - american,Cool Kid,Member,Old Fag'}
{'uid': 704129167897264151, 'name': 'Pr3lud3', 'roles': '@everyone,Member'}
{'uid': 997252847756386544, 'name': 'PopAltaia', 'roles': '@everyone,Member'}
{'uid': 1001059281057107999, 'name': 'AutoGanj', 'roles': '@everyone,AutoGanj,Bots'}
{'uid': 115385224119975941, 'name': 'DiscordServers', 'roles': '@everyone,DiscordServers.com,Bots'}
{'uid': 339829193644703744, 'name': 'boo-radley', 'roles': '@everyone,MG TTRPG - Ganj Campaign,MG Roleplayer,Member,Old Fag,Community Contributor'}
{'uid': 301790800252239872, 'name': 'Hexistential Crisis', 'roles': '@everyone,Member,Old Fag'}
{'uid': 974927614940676137, 'name': 'loaf0', 'roles': '@everyone,Member'}
{'uid': 236919913397223425, 'name': 'Outta_Luck_Panda', 'roles': '@everyone,Member,Old Fag'}
{'uid': 173935536778641418, 'name': 'Jigen', 'roles': '@everyone,Cats,History Buff,warning - american,Cool Kid,Retired Staff,Member,Old Fag'}

Message Log:

823656840701149194
820097812506869780
823304890175717416
[autoganjlogs] [2022-08-04 @ 00:32:30] ::             💬general :: [[31mE:[0m (0) | [31mA:[0m (0) | [31mS:[0m (0) | [31mR:[0m (0)][1m      Satellite#9539[0m > Jarvis what was <@849496648693579826>'s last message?
[autoganjlogs] [2022-08-04 @ 00:32:30] ::             💬general :: [[31mE:[0m (0) | [31mA:[0m (0) | [31mS:[0m (0) | [31mR:[0m (0)][1m          gañjā#9046[0m > i need to review the implementation
[autoganjlogs] [2022-08-04 @ 00:32:30] ::             💬general :: [[31mE:[0m (0) | [31mA:[0m (0) | [31mS:[0m (0) | [31mR:[0m (0)][1m       AutoGanj#4302[0m > ```Scarecrow's latest message was "820097812506869780"```
[autoganjlogs] [2022-08-04 @ 00:32:34] ::             💬general ::                  [[95mSTARTED TYPING[0m]> [34m[1m      Satellite#9539[0m @ 2022-08-03 23:32:34+00:00
[autoganjlogs] [2022-08-04 @ 00:32:41] ::             💬general :: [[31mE:[0m (0) | [31mA:[0m (0) | [31mS:[0m (0) | [31mR:[0m (0)][1m          gañjā#9046[0m > not true
[autoganjlogs] [2022-08-04 @ 00:32:42] :: Current Online Members

{'uid': 218521566412013568, 'name': 'Ganj', 'roles': '@everyone,Birds,Cats,Dogs,Couch Potato,Artist,RPG Nerd,Europe,Server Booster,MG Paddleboard Enjoyer,PB Bronze Champion,Resident Boomer,Welcome Commitee,Member,Old Fag,Molecule,Servant of the Secret Fire,Staff,Admin'}
{'uid': 90967046837239808, 'name': 'IceBladeNetwork', 'roles': '@everyone,Birds,Cats,Dogs,Couch Potato,Armchair Political Analyst,History Buff,Mathologist,Coding,RPG Nerd,Gamer,X&Os Gold Champion,warning - american,Cool Kid,MG Roleplayer,Member,Old Fag,Proton,❤️Onii-Chan❤️'}
{'uid': 1002649008906444932, 'name': 'Abditoria', 'roles': '@everyone,Dogs,Couch Potato,Armchair Political Analyst,History Buff,Writer,Artist,Gamer,warning - american,Cool Kid,Member'}
{'uid': 171750408128036864, 'name': 'Lafa', 'roles': '@everyone,warning - american,Cool Kid,Member,Old Fag'}
{'uid': 939975741259534366, 'name': 'Oracle', 'roles': '@everyone,Oracle,Bots'}
{'uid': 346079855395471360, 'name': 'Victor Vector', 'roles': '@everyone,warning - american,Member'}
{'uid': 140657754149879819, 'name': 'Aero', 'roles': '@everyone,Trusted Tester,MG TTRPG - Ganj Campaign,warning - american,MG Roleplayer,Member'}
{'uid': 1003347793403973743, 'name': 'last time', 'roles': '@everyone'}
{'uid': 571757625100992532, 'name': 'MistaCrazy', 'roles': '@everyone,Member'}
{'uid': 220213836635045889, 'name': 'Super Spidey', 'roles': '@everyone,warning - american,Cool Kid,Member,Old Fag'}
{'uid': 166239599981625344, 'name': 'tynamite', 'roles': '@everyone,Member,Old Fag'}
{'uid': 704129167897264151, 'name': 'Pr3lud3', 'roles': '@everyone,Member'}
{'uid': 997252847756386544, 'name': 'PopAltaia', 'roles': '@everyone,Member'}
{'uid': 1001059281057107999, 'name': 'AutoGanj', 'roles': '@everyone,AutoGanj,Bots'}
{'uid': 394995682806857739, 'name': 'Super Bi and Proud', 'roles': '@everyone,warning - american,Cool Kid,Member,Old Fag,Proton'}
{'uid': 115385224119975941, 'name': 'DiscordServers', 'roles': '@everyone,DiscordServers.com,Bots'}
{'uid': 339829193644703744, 'name': 'boo-radley', 'roles': '@everyone,MG TTRPG - Ganj Campaign,MG Roleplayer,Member,Old Fag,Community Contributor'}
{'uid': 301790800252239872, 'name': 'Hexistential Crisis', 'roles': '@everyone,Member,Old Fag'}
{'uid': 974927614940676137, 'name': 'loaf0', 'roles': '@everyone,Member'}
{'uid': 236919913397223425, 'name': 'Outta_Luck_Panda', 'roles': '@everyone,Member,Old Fag'}
{'uid': 173935536778641418, 'name': 'Jigen', 'roles': '@everyone,Cats,History Buff,warning - american,Cool Kid,Retired Staff,Member,Old Fag'}

Message Log:

823656840701149194
820097812506869780
823304890175717416
[autoganjlogs] [2022-08-04 @ 00:32:43] ::             💬general :: [[31mE:[0m (0) | [31mA:[0m (0) | [31mS:[0m (0) | [31mR:[0m (0)][1m      Satellite#9539[0m > Jarvis was the content of the message?
[autoganjlogs] [2022-08-04 @ 00:32:43] ::             💬general ::                  [[95mSTARTED TYPING[0m]> [34m[1m          gañjā#9046[0m @ 2022-08-03 23:32:43+00:00
[autoganjlogs] [2022-08-04 @ 00:32:43] ::             💬general :: [[31mE:[0m (0) | [31mA:[0m (0) | [31mS:[0m (0) | [31mR:[0m (0)][1m       AutoGanj#4302[0m > ```The message was "Hello, world!"```
[autoganjlogs] [2022-08-04 @ 00:32:47] ::             💬general ::                  [[95mSTARTED TYPING[0m]> [34m[1m      Satellite#9539[0m @ 2022-08-03 23:32:47+00:00
[autoganjlogs] [2022-08-04 @ 00:32:48] ::             💬general :: [[31mE:[0m (0) | [31mA:[0m (0) | [31mS:[0m (0) | [31mR:[0m (0)][1m      Satellite#9539[0m > ah welp
[autoganjlogs] [2022-08-04 @ 00:32:50] ::             💬general :: [[31mE:[0m (0) | [31mA:[0m (0) | [31mS:[0m (0) | [31mR:[0m (0)][1m          gañjā#9046[0m > it only has chat awareness from when it was online
[autoganjlogs] [2022-08-04 @ 00:32:55] ::             💬general ::                  [[95mSTARTED TYPING[0m]> [34m[1m          gañjā#9046[0m @ 2022-08-03 23:32:55+00:00
[autoganjlogs] [2022-08-04 @ 00:32:58] ::             💬general :: [[31mE:[0m (0) | [31mA:[0m (0) | [31mS:[0m (0) | [31mR:[0m (0)][1m          gañjā#9046[0m > so it cant know about his last message
[autoganjlogs] [2022-08-04 @ 00:33:01] ::             💬general :: [[31mE:[0m (0) | [31mA:[0m (0) | [31mS:[0m (0) | [31mR:[0m (0)][1m          gañjā#9046[0m > hold on
[autoganjlogs] [2022-08-04 @ 00:33:14] ::             💬general ::                  [[95mSTARTED TYPING[0m]> [34m[1m          gañjā#9046[0m @ 2022-08-03 23:33:14+00:00
[autoganjlogs] [2022-08-04 @ 00:33:16] ::             💬general :: [[31mE:[0m (0) | [32mA:[0m (1) | [31mS:[0m (0) | [31mR:[0m (0)][1m          gañjā#9046[0m > i know whats wrong
[autoganjlogs] [2022-08-04 @ 00:33:33] ::             💬general ::                  [[95mSTARTED TYPING[0m]> [34m[1mSuper Bi and Proud#3039[0m @ 2022-08-03 23:33:33+00:00
[autoganjlogs] [2022-08-04 @ 00:33:39] ::             💬general ::                  [[95mSTARTED TYPING[0m]> [34m[1m      Satellite#9539[0m @ 2022-08-03 23:33:39+00:00
[autoganjlogs] [2022-08-04 @ 00:33:41] ::             💬general :: [[31mE:[0m (0) | [31mA:[0m (0) | [31mS:[0m (0) | [31mR:[0m (0)][1m      Satellite#9539[0m > alright
[autoganjlogs] [2022-08-04 @ 00:33:43] :: Current Online Members

{'uid': 218521566412013568, 'name': 'Ganj', 'roles': '@everyone,Birds,Cats,Dogs,Couch Potato,Artist,RPG Nerd,Europe,Server Booster,MG Paddleboard Enjoyer,PB Bronze Champion,Resident Boomer,Welcome Commitee,Member,Old Fag,Molecule,Servant of the Secret Fire,Staff,Admin'}
{'uid': 90967046837239808, 'name': 'IceBladeNetwork', 'roles': '@everyone,Birds,Cats,Dogs,Couch Potato,Armchair Political Analyst,History Buff,Mathologist,Coding,RPG Nerd,Gamer,X&Os Gold Champion,warning - american,Cool Kid,MG Roleplayer,Member,Old Fag,Proton,❤️Onii-Chan❤️'}
{'uid': 1002649008906444932, 'name': 'Abditoria', 'roles': '@everyone,Dogs,Couch Potato,Armchair Political Analyst,History Buff,Writer,Artist,Gamer,warning - american,Cool Kid,Member'}
{'uid': 171750408128036864, 'name': 'Lafa', 'roles': '@everyone,warning - american,Cool Kid,Member,Old Fag'}
{'uid': 939975741259534366, 'name': 'Oracle', 'roles': '@everyone,Oracle,Bots'}
{'uid': 346079855395471360, 'name': 'Victor Vector', 'roles': '@everyone,warning - american,Member'}
{'uid': 140657754149879819, 'name': 'Aero', 'roles': '@everyone,Trusted Tester,MG TTRPG - Ganj Campaign,warning - american,MG Roleplayer,Member'}
{'uid': 1003347793403973743, 'name': 'last time', 'roles': '@everyone'}
{'uid': 571757625100992532, 'name': 'MistaCrazy', 'roles': '@everyone,Member'}
{'uid': 220213836635045889, 'name': 'Super Spidey', 'roles': '@everyone,warning - american,Cool Kid,Member,Old Fag'}
{'uid': 166239599981625344, 'name': 'tynamite', 'roles': '@everyone,Member,Old Fag'}
{'uid': 704129167897264151, 'name': 'Pr3lud3', 'roles': '@everyone,Member'}
{'uid': 997252847756386544, 'name': 'PopAltaia', 'roles': '@everyone,Member'}
{'uid': 1001059281057107999, 'name': 'AutoGanj', 'roles': '@everyone,AutoGanj,Bots'}
{'uid': 394995682806857739, 'name': 'Super Bi and Proud', 'roles': '@everyone,warning - american,Cool Kid,Member,Old Fag,Proton'}
{'uid': 115385224119975941, 'name': 'DiscordServers', 'roles': '@everyone,DiscordServers.com,Bots'}
{'uid': 339829193644703744, 'name': 'boo-radley', 'roles': '@everyone,MG TTRPG - Ganj Campaign,MG Roleplayer,Member,Old Fag,Community Contributor'}
{'uid': 727559608465358869, 'name': 'Homie_D', 'roles': '@everyone,Reptiles,Dogs,Couch Potato,Armchair Political Analyst,Artist,Gamer,warning - american,Member'}
{'uid': 301790800252239872, 'name': 'Hexistential Crisis', 'roles': '@everyone,Member,Old Fag'}
{'uid': 974927614940676137, 'name': 'loaf0', 'roles': '@everyone,Member'}
{'uid': 236919913397223425, 'name': 'Outta_Luck_Panda', 'roles': '@everyone,Member,Old Fag'}
{'uid': 173935536778641418, 'name': 'Jigen', 'roles': '@everyone,Cats,History Buff,warning - american,Cool Kid,Retired Staff,Member,Old Fag'}

Message Log:

823656840701149194
820097812506869780
823304890175717416
[autoganjlogs] [2022-08-04 @ 00:33:44] ::             💬general :: [[31mE:[0m (0) | [31mA:[0m (0) | [31mS:[0m (0) | [31mR:[0m (0)][1mSuper Bi and Proud#3039[0m > Jarvis, thank you for answering questions.
[autoganjlogs] [2022-08-04 @ 00:33:44] ::             💬general :: [[31mE:[0m (0) | [31mA:[0m (0) | [31mS:[0m (0) | [31mR:[0m (0)][1m       AutoGanj#4302[0m > ```1. What is your favorite color?
2. What is your favorite food?
3. What is your favorite hobby?
4. What is your favorite thing to do?```
[autoganjlogs] [2022-08-04 @ 00:33:51] ::             💬general ::                  [[95mSTARTED TYPING[0m]> [34m[1mSuper Bi and Proud#3039[0m @ 2022-08-03 23:33:51+00:00
[autoganjlogs] [2022-08-04 @ 00:34:01] ::             💬general ::                  [[95mSTARTED TYPING[0m]> [34m[1mSuper Bi and Proud#3039[0m @ 2022-08-03 23:34:01+00:00
[autoganjlogs] [2022-08-04 @ 00:34:03] ::             💬general :: [[31mE:[0m (0) | [31mA:[0m (0) | [31mS:[0m (0) | [31mR:[0m (0)][1mSuper Bi and Proud#3039[0m > Okay, not the proper response but very well.
