[autoganjlogs] [2022-08-04 @ 00:23:05] :: + Quota reset running
[autoganjlogs] [2022-08-04 @ 00:23:08] :: AutoGanj#4302 is online!
[autoganjlogs] [2022-08-04 @ 00:23:08] :: Loaded: Tripwire
[autoganjlogs] [2022-08-04 @ 00:23:08] :: Loaded: Jarvis
[autoganjlogs] [2022-08-04 @ 00:23:08] :: Loaded: Rules
[autoganjlogs] [2022-08-04 @ 00:23:08] :: Loaded: Boostcog
[autoganjlogs] [2022-08-04 @ 00:23:08] :: Loaded: RoleManagement
[autoganjlogs] [2022-08-04 @ 00:23:08] :: Loaded: RaidDefense
[autoganjlogs] [2022-08-04 @ 00:23:08] :: Loaded: ExportRoles
[autoganjlogs] [2022-08-04 @ 00:23:08] :: Loaded: Basedtask
[autoganjlogs] [2022-08-04 @ 00:23:08] :: Loaded: Userinfo
[autoganjlogs] [2022-08-04 @ 00:23:08] :: Loaded: Quotatask
[autoganjlogs] [2022-08-04 @ 00:23:08] :: Loaded: Dispam
[autoganjlogs] [2022-08-04 @ 00:23:08] :: Loaded: Logger
[autoganjlogs] [2022-08-04 @ 00:23:08] :: Loaded: RolesPerms
[autoganjlogs] [2022-08-04 @ 00:23:08] :: ------------------
[autoganjlogs] [2022-08-04 @ 00:23:08] :: Loaded: 13 cogs
[autoganjlogs] [2022-08-04 @ 00:23:08] :: Loaded 3 invites from 3 servers.
[autoganjlogs] [2022-08-04 @ 00:23:09] ::  🤖staff-bot-commands ::                  [[95mSTARTED TYPING[0m]> [34m[1m          gañjā#9046[0m @ 2022-08-03 23:23:09+00:00
[autoganjlogs] [2022-08-04 @ 00:23:13] :: Current Online Members

{'uid': 218521566412013568, 'name': 'Ganj', 'roles': '@everyone,Birds,Cats,Dogs,Couch Potato,Artist,RPG Nerd,Europe,Server Booster,MG Paddleboard Enjoyer,PB Bronze Champion,Resident Boomer,Welcome Commitee,Member,Old Fag,Molecule,Servant of the Secret Fire,Staff,Admin'}
{'uid': 197427506599428096, 'name': 'Tomte', 'roles': '@everyone,Trusted Tester,Member'}
{'uid': 868161207725600798, 'name': 'Rosie Lady Rose', 'roles': '@everyone,Member'}
{'uid': 514859386116767765, 'name': 'tomacatx1', 'roles': '@everyone,Server Booster,MG TTRPG - Ganj Campaign,MG TTRPG - Liddys Campaign,MG X&Os Enjoyer,Cool Kid,MG Roleplayer,Retired Staff,Member,Old Fag,Atom,Official MG Gumshoe,Chief Shitposting Officer'}
{'uid': 739569766070485049, 'name': 'G ɱყʂƚιƈ', 'roles': '@everyone,Member'}
{'uid': 826242637538656277, 'name': 'YourFavoriteNPC', 'roles': '@everyone,Cats,Couch Potato,Artist,RPG Nerd,Gamer,warning - american,Cool Kid,MG Roleplayer,Art Competition - July 2021,Member,Old Fag,Electron'}
{'uid': 1002649008906444932, 'name': 'Abditoria', 'roles': '@everyone,Dogs,Couch Potato,Armchair Political Analyst,History Buff,Writer,Artist,Gamer,warning - american,Cool Kid,Member'}
{'uid': 677614050296725554, 'name': 'tash', 'roles': '@everyone,Member'}
{'uid': 142738598926483456, 'name': 'SC', 'roles': '@everyone,Member'}
{'uid': 171750408128036864, 'name': 'Lafa', 'roles': '@everyone,warning - american,Cool Kid,Member,Old Fag'}
{'uid': 487650878136778794, 'name': 'Papa Katsu', 'roles': '@everyone,Member'}
{'uid': 982979928712695838, 'name': 'lexicuru', 'roles': '@everyone'}
{'uid': 731100579388063744, 'name': 'MetalSpartan', 'roles': '@everyone,warning - american,Art Competition - July 2021,Member,Old Fag'}
{'uid': 1003812070061523006, 'name': 'Carson', 'roles': '@everyone,Member'}
{'uid': 800336778958995466, 'name': 'bankfootjack', 'roles': '@everyone,Member'}
{'uid': 932510183211561000, 'name': 'gemMercurial', 'roles': '@everyone,Member'}
{'uid': 636403812189470739, 'name': 'Senko', 'roles': '@everyone,Cool Kid,Retired Staff,Emotional Arsonist,Member'}
{'uid': 939975741259534366, 'name': 'Oracle', 'roles': '@everyone,Oracle,Bots'}
{'uid': 754594321138712602, 'name': 'Senko', 'roles': '@everyone,Special Noodle,Cool Kid,Retired Staff,Emotional Arsonist,Member,Old Fag,Servant of the Secret Fire,Actually Potato'}
{'uid': 346079855395471360, 'name': 'Victor Vector', 'roles': '@everyone,warning - american,Member'}
{'uid': 250420085322285066, 'name': 'Niiiiiic', 'roles': '@everyone,Member'}
{'uid': 1003532980507123802, 'name': 'Valentina-!', 'roles': '@everyone'}
{'uid': 935628159448133733, 'name': 'WhyMan', 'roles': '@everyone,Member'}
{'uid': 745971232058376192, 'name': 'Kal', 'roles': '@everyone,Member'}
{'uid': 566924520879947776, 'name': 'Tater', 'roles': '@everyone,Special Noodle,Cool Kid,Emotional Arsonist,Member'}
{'uid': 819971472835346442, 'name': 'bip bop', 'roles': '@everyone,Member,Community Contributor'}
{'uid': 667096726313893890, 'name': 'SummonerOvThaGutterCrypt', 'roles': '@everyone,Member'}
{'uid': 243403341500121088, 'name': 'lunarflu', 'roles': '@everyone,warning - american,Retired Staff,Member,Old Fag'}
{'uid': 721549197945471006, 'name': 'Generic Army Man', 'roles': '@everyone,Member'}
{'uid': 849496648693579826, 'name': 'Scarecrow', 'roles': '@everyone,Cats,Gamer,PB Silver Champion,warning - american,Cool Kid,Beware of user; Ad hominem,Member,Old Fag,Neutron,Servant of the Secret Fire'}
{'uid': 134046022430097409, 'name': 'WindHoosXP', 'roles': '@everyone,Member'}
{'uid': 338057950977458177, 'name': '𝓔𝓻𝓲𝓬𝓴 𝓶𝓸𝓱𝓪𝓶𝓮𝓭', 'roles': '@everyone,Member'}
{'uid': 756370739463979018, 'name': 'Mr.Roy', 'roles': '@everyone'}
{'uid': 525101943266213899, 'name': 'Mash', 'roles': '@everyone,Cool Kid,Member,Old Fag,Servant of the Secret Fire'}
{'uid': 1002922210173911164, 'name': 'Jennifer2johnson', 'roles': '@everyone'}
{'uid': 140657754149879819, 'name': 'Aero', 'roles': '@everyone,Trusted Tester,MG TTRPG - Ganj Campaign,warning - american,MG Roleplayer,Member'}
{'uid': 418222766014332929, 'name': 'Yamie', 'roles': '@everyone,Member'}
{'uid': 822530280656994374, 'name': 'AI', 'roles': '@everyone,Art Competition - July 2021,Member,Old Fag,Resident Artist,Community Contributor'}
{'uid': 599139146006528009, 'name': 'DeSaad', 'roles': '@everyone,Member'}
{'uid': 1003196739517427806, 'name': 'ImNotSteve', 'roles': '@everyone,Member'}
{'uid': 222077534861262848, 'name': 'Aphn_3', 'roles': '@everyone,Member'}
{'uid': 410869125100077057, 'name': "sad'e", 'roles': '@everyone'}
{'uid': 1003665159887261757, 'name': 'SCVX', 'roles': '@everyone'}
{'uid': 737482534362808363, 'name': 'SirHood', 'roles': '@everyone,Member'}
{'uid': 563709419104370689, 'name': 'Otis Redding', 'roles': '@everyone,Member'}
{'uid': 207342350249230337, 'name': 'Firestock', 'roles': '@everyone,Member,Old Fag'}
{'uid': 464950194304319489, 'name': 'NonProfitFlight', 'roles': '@everyone,Member'}
{'uid': 1003347793403973743, 'name': 'last time', 'roles': '@everyone'}
{'uid': 425115247242772500, 'name': '🌺Purple lightning 🌺', 'roles': '@everyone,Member'}
{'uid': 344068153791348738, 'name': 'xN01R', 'roles': '@everyone,Member,Old Fag'}
{'uid': 989257513620873216, 'name': 'ikra', 'roles': '@everyone,Member'}
{'uid': 366507812282695690, 'name': 'Dualwave', 'roles': '@everyone,Member'}
{'uid': 571757625100992532, 'name': 'MistaCrazy', 'roles': '@everyone,Member'}
{'uid': 220213836635045889, 'name': 'Super Spidey', 'roles': '@everyone,warning - american,Cool Kid,Member,Old Fag'}
{'uid': 820070084009000960, 'name': 'ganj the white', 'roles': '@everyone,Member'}
{'uid': 382348220405383171, 'name': 'steampunk stalin', 'roles': '@everyone,Dogs,Couch Potato,Armchair Political Analyst,RPG Nerd,MG TTRPG - Ganj Campaign,MG TTRPG - Liddys Campaign,MG X&Os Enjoyer,MG Paddleboard Enjoyer,warning - american,Cool Kid,MG Roleplayer,Beware of user; Ad hominem,Retired Staff,Welcome Commitee,Member,Old Fag,Molecule'}
{'uid': 690140189183574089, 'name': 'SilentInquisitor', 'roles': '@everyone,Reptiles,Birds,Couch Potato,Writer,Artist,RPG Nerd,Gamer,Trusted Tester,MG TTRPG - Ganj Campaign,warning - american,Cool Kid,MG Roleplayer,Member,Proton,Glowie'}
{'uid': 910188825991577650, 'name': '3or3', 'roles': '@everyone,Member'}
{'uid': 332828567924768770, 'name': 'SilentKnight', 'roles': '@everyone,Member'}
{'uid': 872057943204433930, 'name': 'ᗩᘻᓰᖇᘻᗩᘻᗩᕲ ~', 'roles': '@everyone'}
{'uid': 374214184340291585, 'name': 'ThatOneDegenerate', 'roles': '@everyone,Member'}
{'uid': 864283598142832650, 'name': 'Alx73', 'roles': '@everyone,Member'}
{'uid': 166239599981625344, 'name': 'tynamite', 'roles': '@everyone,Member,Old Fag'}
{'uid': 188087598948941827, 'name': 'sg1113', 'roles': '@everyone,Member'}
{'uid': 310194850802958348, 'name': 'DOOMSlayer', 'roles': '@everyone,warning - american,Cool Kid,Member,Old Fag'}
{'uid': 829500972144263200, 'name': 'Aurora (she/they)', 'roles': '@everyone,Member'}
{'uid': 1002709543245054004, 'name': 'NHeinen28', 'roles': '@everyone'}
{'uid': 995262567964491796, 'name': "Captn' N", 'roles': '@everyone'}
{'uid': 323982979732865025, 'name': 'zanezilla', 'roles': '@everyone'}
{'uid': 228538268994502657, 'name': 'coldcupoftea', 'roles': '@everyone,Member,Old Fag'}
{'uid': 704129167897264151, 'name': 'Pr3lud3', 'roles': '@everyone,Member'}
{'uid': 90967046837239808, 'name': 'IceBladeNetwork', 'roles': '@everyone,Birds,Cats,Dogs,Couch Potato,Armchair Political Analyst,History Buff,Mathologist,Coding,RPG Nerd,Gamer,X&Os Gold Champion,warning - american,Cool Kid,MG Roleplayer,Member,Old Fag,Proton,❤️Onii-Chan❤️'}
{'uid': 997252847756386544, 'name': 'PopAltaia', 'roles': '@everyone,Member'}
{'uid': 887376127893602395, 'name': 'ChocoSpooky', 'roles': '@everyone,Member'}
{'uid': 1001059281057107999, 'name': 'AutoGanj', 'roles': '@everyone,AutoGanj,Bots'}
{'uid': 692988295512195082, 'name': 'Nikolai Bellikov', 'roles': '@everyone,Member'}
{'uid': 802384565695021108, 'name': 'olivestring', 'roles': '@everyone,Birds,Cats,Couch Potato,MG X&Os Enjoyer,X&Os Bronze Champion,warning - american,Cool Kid,Retired Staff,Member,Old Fag'}
{'uid': 394995682806857739, 'name': 'Super Bi and Proud', 'roles': '@everyone,warning - american,Cool Kid,Member,Old Fag,Proton'}
{'uid': 683802103029825586, 'name': 'Chaos', 'roles': '@everyone,Member'}
{'uid': 958183642889342986, 'name': 'ben dover', 'roles': '@everyone'}
{'uid': 869701972960362518, 'name': 'deadrose', 'roles': '@everyone,MG Roleplayer,Member'}
{'uid': 979088444779270204, 'name': 'orangeblast2000', 'roles': '@everyone'}
{'uid': 964769556583313458, 'name': '.w', 'roles': '@everyone,Member'}
{'uid': 899084336563904522, 'name': 'James Peterson', 'roles': '@everyone,Member'}
{'uid': 115385224119975941, 'name': 'DiscordServers', 'roles': '@everyone,DiscordServers.com,Bots'}
{'uid': 889123996736552981, 'name': 'Satellite', 'roles': '@everyone,MG TTRPG - Liddys Campaign,Cool Kid,MG Roleplayer,Member,Old Fag'}
{'uid': 339829193644703744, 'name': 'boo-radley', 'roles': '@everyone,MG TTRPG - Ganj Campaign,MG Roleplayer,Member,Old Fag,Community Contributor'}
{'uid': 861460014840414248, 'name': 'alas', 'roles': '@everyone'}
{'uid': 996226110423572490, 'name': 'katieb22', 'roles': '@everyone,Member'}
{'uid': 690771292491743272, 'name': 'BlankCanvas_89', 'roles': '@everyone,warning - american,Member'}
{'uid': 727559608465358869, 'name': 'Homie_D', 'roles': '@everyone,Reptiles,Dogs,Couch Potato,Armchair Political Analyst,Artist,Gamer,warning - american,Member'}
{'uid': 294379235232186368, 'name': 'Daemou', 'roles': '@everyone,Couch Potato,RPG Nerd,Gamer,Europe,Cool Kid,Resident Boomer,Member,Old Fag'}
{'uid': 1001127913443299358, 'name': 'thatonebitch', 'roles': '@everyone,Member'}
{'uid': 1003315264131190794, 'name': 'sg1113', 'roles': '@everyone'}
{'uid': 780580120359469058, 'name': 'Danger Nudle of Blades', 'roles': '@everyone,Member'}
{'uid': 689211661030260856, 'name': 'Yuyu_kina', 'roles': '@everyone,Art Competition - July 2021,Member,Resident Artist,Maestro'}
{'uid': 316685781240643585, 'name': 'sleebyBoi', 'roles': '@everyone,Member'}
{'uid': 131955930584711168, 'name': 'Sir Sniffles III', 'roles': '@everyone,Reptiles,Birds,Dogs,Armchair Political Analyst,History Buff,Mathologist,Coding,RPG Nerd,Gamer,warning - american,Cool Kid,Member,Old Fag,Proton'}
{'uid': 804173162325213255, 'name': 'omar.uddin44', 'roles': '@everyone'}
{'uid': 301790800252239872, 'name': 'Hexistential Crisis', 'roles': '@everyone,Member,Old Fag'}
{'uid': 723402971370487830, 'name': 'Source', 'roles': '@everyone,Member'}
{'uid': 842065509934956604, 'name': 'de1ux', 'roles': '@everyone,Member'}
{'uid': 457181739513544705, 'name': 'Nome01', 'roles': '@everyone,Member,Old Fag,Maestro'}
{'uid': 988565066699899031, 'name': 'Jinnah', 'roles': '@everyone,Trusted Tester,Cool Kid,Member'}
{'uid': 597334109664182302, 'name': 'oh no', 'roles': '@everyone,Special Noodle,X&Os Silver Champion,Cool Kid,MG Roleplayer,Art Competition - July 2021,Member,Old Fag,Resident Artist,Maestro,Community Contributor'}
{'uid': 754061283367846010, 'name': 'Neon', 'roles': '@everyone'}
{'uid': 974927614940676137, 'name': 'loaf0', 'roles': '@everyone,Member'}
{'uid': 490926733252362243, 'name': 'Chuckles', 'roles': '@everyone,Member'}
{'uid': 710297446441287730, 'name': 'Von Hoon', 'roles': '@everyone'}
{'uid': 236919913397223425, 'name': 'Outta_Luck_Panda', 'roles': '@everyone,Member,Old Fag'}
{'uid': 821805726452285441, 'name': 'nighmi05', 'roles': '@everyone'}
{'uid': 173935536778641418, 'name': 'Jigen', 'roles': '@everyone,Cats,History Buff,warning - american,Cool Kid,Retired Staff,Member,Old Fag'}
{'uid': 975186069005959168, 'name': 'saybrittaney', 'roles': '@everyone,Member'}
{'uid': 809832782222196779, 'name': 'AshWorthy', 'roles': '@everyone,Member'}
{'uid': 821036771432464406, 'name': 'brainbrainbrain', 'roles': '@everyone,Retired Staff,Member,Old Fag'}
{'uid': 224706579491061761, 'name': 'Para', 'roles': '@everyone,Member'}

Message Log:

823656840701149194
[autoganjlogs] [2022-08-04 @ 00:23:13] :: Error handling "on_message" with "<class 'discord.message.Message'>: <Message id=1004529906551636119 channel=<TextChannel id=823656840701149194 name='🤖staff-bot-commands' position=2 nsfw=False category_id=820077049036406806 news=False> type=<MessageType.default: 0> author=<Member id=218521566412013568 name='gañjā' discriminator='9046' bot=False nick='Ganj' guild=<Guild id=820077049036406805 name='Middle Ground' shard_id=0 chunked=True member_count=116>> flags=<MessageFlags value=0>>" ""
[autoganjlogs] [2022-08-04 @ 00:23:13] ::  🤖staff-bot-commands :: [[31mE:[0m (0) | [31mA:[0m (0) | [31mS:[0m (0) | [31mR:[0m (0)][1m          gañjā#9046[0m > jarvis how are you feeling?
[autoganjlogs] [2022-08-04 @ 00:23:13] ::             📜bot-log :: [[32mE:[0m (1) | [31mA:[0m (0) | [31mS:[0m (0) | [31mR:[0m (0)][1m       AutoGanj#4302[0m > 
[autoganjlogs] [2022-08-04 @ 00:23:15] :: [1mMEMBER LEFT[0m [[106mLEAVE[0m]> sad'e
