[autoganjlogs] [2022-07-30 @ 23:26:30] :: AutoGanj#4302 is online!
[autoganjlogs] [2022-07-30 @ 23:26:30] :: Loaded: Tripwire
[autoganjlogs] [2022-07-30 @ 23:26:30] :: Loaded: Jarvis
[autoganjlogs] [2022-07-30 @ 23:26:30] :: Loaded: Serverlogs
[autoganjlogs] [2022-07-30 @ 23:26:30] :: Loaded: Rules
[autoganjlogs] [2022-07-30 @ 23:26:30] :: Loaded: Boostcog
[autoganjlogs] [2022-07-30 @ 23:26:30] :: Loaded: RoleManagement
[autoganjlogs] [2022-07-30 @ 23:26:30] :: Loaded: ExportRoles
[autoganjlogs] [2022-07-30 @ 23:26:30] :: Loaded: Basedtask
[autoganjlogs] [2022-07-30 @ 23:26:30] :: Loaded: Userinfo
[autoganjlogs] [2022-07-30 @ 23:26:30] :: Loaded: Logger
[autoganjlogs] [2022-07-30 @ 23:26:30] :: ------------------
[autoganjlogs] [2022-07-30 @ 23:26:30] :: Loaded: 10 cogs
[autoganjlogs] [2022-07-30 @ 23:26:43] :: test
[autoganjlogs] [2022-07-30 @ 23:26:43] ::             📜bot-log :: [[31mE:[0m (0) | [31mA:[0m (0) | [31mS:[0m (0) | [31mR:[0m (0)][1m       AutoGanj#4302[0m > Choose your Location!
[autoganjlogs] [2022-07-30 @ 23:26:43] ::             📜bot-log :: [[31mE:[0m (0) | [31mA:[0m (0) | [31mS:[0m (0) | [31mR:[0m (0)][1m       AutoGanj#4302[0m > Choose your Server Alerts!
[autoganjlogs] [2022-07-30 @ 23:26:43] ::             📜bot-log :: [[31mE:[0m (0) | [31mA:[0m (0) | [31mS:[0m (0) | [31mR:[0m (0)][1m       AutoGanj#4302[0m > Choose your Pets!
[autoganjlogs] [2022-07-30 @ 23:26:45] ::             💬general ::                  [[95mSTARTED TYPING[0m]> [34m[1m      Satellite#9539[0m @ 2022-07-30 22:26:45+00:00
[autoganjlogs] [2022-07-30 @ 23:26:47] ::          📜member-log :: [[32mE:[0m (1) | [31mA:[0m (0) | [31mS:[0m (0) | [31mR:[0m (0)][1m       AutoGanj#4302[0m > 
[autoganjlogs] [2022-07-30 @ 23:26:47] ::            📜role-log :: [[32mE:[0m (1) | [31mA:[0m (0) | [31mS:[0m (0) | [31mR:[0m (0)][1m       AutoGanj#4302[0m > 
[autoganjlogs] [2022-07-30 @ 23:26:49] ::          📜member-log :: [[32mE:[0m (1) | [31mA:[0m (0) | [31mS:[0m (0) | [31mR:[0m (0)][1m       AutoGanj#4302[0m > 
[autoganjlogs] [2022-07-30 @ 23:26:50] ::            📜role-log :: [[32mE:[0m (1) | [31mA:[0m (0) | [31mS:[0m (0) | [31mR:[0m (0)][1m       AutoGanj#4302[0m > 
[autoganjlogs] [2022-07-30 @ 23:26:57] ::             💬general :: [[31mE:[0m (0) | [31mA:[0m (0) | [31mS:[0m (0) | [31mR:[0m (0)][1m      Satellite#9539[0m > Jarvis is America in a recession?
[autoganjlogs] [2022-07-30 @ 23:26:57] ::          📜member-log :: [[32mE:[0m (1) | [31mA:[0m (0) | [31mS:[0m (0) | [31mR:[0m (0)][1m       AutoGanj#4302[0m > 
[autoganjlogs] [2022-07-30 @ 23:26:57] ::             💬general :: [[31mE:[0m (0) | [31mA:[0m (0) | [31mS:[0m (0) | [31mR:[0m (0)][1m       AutoGanj#4302[0m > ```That is a difficult question to answer. Each person experiences America differently, and therefore each person experiences a recession differently. Some may feel that Jarvis represents America during a recession because it is a time when people are struggling financially and are looking for ways to save money. Others may feel that Jarvis does not represent America during a recession because it is a time when people are searching for new opportunities and ways to improve their financial situation.```
[autoganjlogs] [2022-07-30 @ 23:26:57] ::            📜role-log :: [[32mE:[0m (1) | [31mA:[0m (0) | [31mS:[0m (0) | [31mR:[0m (0)][1m       AutoGanj#4302[0m > 
[autoganjlogs] [2022-07-30 @ 23:26:59] ::          📜member-log :: [[32mE:[0m (1) | [31mA:[0m (0) | [31mS:[0m (0) | [31mR:[0m (0)][1m       AutoGanj#4302[0m > 
[autoganjlogs] [2022-07-30 @ 23:26:59] ::            📜role-log :: [[32mE:[0m (1) | [31mA:[0m (0) | [31mS:[0m (0) | [31mR:[0m (0)][1m       AutoGanj#4302[0m > 
