[autoganjlogs] [2022-08-02 @ 12:25:14] :: AutoGanj#4302 is online!
[autoganjlogs] [2022-08-02 @ 12:25:14] :: Loaded: Tripwire
[autoganjlogs] [2022-08-02 @ 12:25:14] :: Loaded: Jarvis
[autoganjlogs] [2022-08-02 @ 12:25:14] :: Loaded: Serverlogs
[autoganjlogs] [2022-08-02 @ 12:25:14] :: Loaded: Rules
[autoganjlogs] [2022-08-02 @ 12:25:14] :: Loaded: Boostcog
[autoganjlogs] [2022-08-02 @ 12:25:14] :: Loaded: RoleManagement
[autoganjlogs] [2022-08-02 @ 12:25:14] :: Loaded: ExportRoles
[autoganjlogs] [2022-08-02 @ 12:25:14] :: Loaded: Basedtask
[autoganjlogs] [2022-08-02 @ 12:25:14] :: Loaded: Userinfo
[autoganjlogs] [2022-08-02 @ 12:25:14] :: Loaded: Dispam
[autoganjlogs] [2022-08-02 @ 12:25:14] :: Loaded: Logger
[autoganjlogs] [2022-08-02 @ 12:25:14] :: ------------------
[autoganjlogs] [2022-08-02 @ 12:25:14] :: Loaded: 11 cogs
[autoganjlogs] [2022-08-02 @ 12:25:14] :: Loaded 3 invites from 3 servers.
[autoganjlogs] [2022-08-02 @ 12:25:15] ::  🤖staff-bot-commands ::                  [[95mSTARTED TYPING[0m]> [34m[1m          gañjā#9046[0m @ 2022-08-02 11:25:15+00:00
[autoganjlogs] [2022-08-02 @ 12:25:16] ::  🤖staff-bot-commands :: [[31mE:[0m (0) | [31mA:[0m (0) | [31mS:[0m (0) | [31mR:[0m (0)][1m          gañjā#9046[0m > discord.gg
[autoganjlogs] [2022-08-02 @ 12:25:16] :: Direct Message with Unknown User :: [[31mE:[0m (0) | [31mA:[0m (0) | [31mS:[0m (0) | [31mR:[0m (0)][1m       AutoGanj#4302[0m > <@218521566412013568> you have been warned for spamming. You have been warned 1 times.
[autoganjlogs] [2022-08-02 @ 12:25:16] ::  🤖staff-bot-commands :: [1m          gañjā#9046[0m [[31mDELETED[0m]> discord.gg
[autoganjlogs] [2022-08-02 @ 12:25:17] ::         📜message-log :: [[32mE:[0m (1) | [31mA:[0m (0) | [31mS:[0m (0) | [31mR:[0m (0)][1m       AutoGanj#4302[0m > 
[autoganjlogs] [2022-08-02 @ 12:25:33] ::  🤖staff-bot-commands ::                  [[95mSTARTED TYPING[0m]> [34m[1m          gañjā#9046[0m @ 2022-08-02 11:25:33+00:00
[autoganjlogs] [2022-08-02 @ 12:25:34] ::  🤖staff-bot-commands :: [[31mE:[0m (0) | [31mA:[0m (0) | [31mS:[0m (0) | [31mR:[0m (0)][1m          gañjā#9046[0m > discord.gg
[autoganjlogs] [2022-08-02 @ 12:25:34] :: Direct Message with Unknown User :: [[31mE:[0m (0) | [31mA:[0m (0) | [31mS:[0m (0) | [31mR:[0m (0)][1m       AutoGanj#4302[0m > <@218521566412013568> you have been warned for spamming. You have been warned 1 times.
[autoganjlogs] [2022-08-02 @ 12:25:35] ::  🤖staff-bot-commands :: [1m          gañjā#9046[0m [[31mDELETED[0m]> discord.gg
[autoganjlogs] [2022-08-02 @ 12:25:35] ::         📜message-log :: [[32mE:[0m (1) | [31mA:[0m (0) | [31mS:[0m (0) | [31mR:[0m (0)][1m       AutoGanj#4302[0m > 
[autoganjlogs] [2022-08-02 @ 12:25:53] ::         💩shitposting ::                  [[95mSTARTED TYPING[0m]> [34m[1m     ImNotSteve#5260[0m @ 2022-08-02 11:25:53+00:00
[autoganjlogs] [2022-08-02 @ 12:25:55] ::         💩shitposting :: [[31mE:[0m (0) | [31mA:[0m (0) | [31mS:[0m (0) | [31mR:[0m (0)][1m     ImNotSteve#5260[0m > discord.gg
[autoganjlogs] [2022-08-02 @ 12:25:56] :: Direct Message with Unknown User :: [[31mE:[0m (0) | [31mA:[0m (0) | [31mS:[0m (0) | [31mR:[0m (0)][1m       AutoGanj#4302[0m > <@1003196739517427806> you have been warned for spamming. You have been warned 1 times.
[autoganjlogs] [2022-08-02 @ 12:25:56] ::         💩shitposting :: [1m     ImNotSteve#5260[0m [[31mDELETED[0m]> discord.gg
[autoganjlogs] [2022-08-02 @ 12:25:56] ::         📜message-log :: [[32mE:[0m (1) | [31mA:[0m (0) | [31mS:[0m (0) | [31mR:[0m (0)][1m       AutoGanj#4302[0m > 
[autoganjlogs] [2022-08-02 @ 12:25:57] ::         💩shitposting ::                  [[95mSTARTED TYPING[0m]> [34m[1m     ImNotSteve#5260[0m @ 2022-08-02 11:25:57+00:00
[autoganjlogs] [2022-08-02 @ 12:25:57] ::         💩shitposting :: [[31mE:[0m (0) | [31mA:[0m (0) | [31mS:[0m (0) | [31mR:[0m (0)][1m     ImNotSteve#5260[0m > discord.gg
[autoganjlogs] [2022-08-02 @ 12:25:57] :: Direct Message with Unknown User :: [[31mE:[0m (0) | [31mA:[0m (0) | [31mS:[0m (0) | [31mR:[0m (0)][1m       AutoGanj#4302[0m > <@1003196739517427806> you have been warned for spamming. You have been warned 1 times.
[autoganjlogs] [2022-08-02 @ 12:25:58] ::         💩shitposting :: [1m     ImNotSteve#5260[0m [[31mDELETED[0m]> discord.gg
[autoganjlogs] [2022-08-02 @ 12:25:58] ::         📜message-log :: [[32mE:[0m (1) | [31mA:[0m (0) | [31mS:[0m (0) | [31mR:[0m (0)][1m       AutoGanj#4302[0m > 
[autoganjlogs] [2022-08-02 @ 12:25:59] ::         💩shitposting :: [[31mE:[0m (0) | [31mA:[0m (0) | [31mS:[0m (0) | [31mR:[0m (0)][1m     ImNotSteve#5260[0m > discord.gg
[autoganjlogs] [2022-08-02 @ 12:25:59] :: Direct Message with Unknown User :: [[31mE:[0m (0) | [31mA:[0m (0) | [31mS:[0m (0) | [31mR:[0m (0)][1m       AutoGanj#4302[0m > <@1003196739517427806> you have been warned for spamming. You have been warned 1 times.
[autoganjlogs] [2022-08-02 @ 12:25:59] ::         💩shitposting :: [1m     ImNotSteve#5260[0m [[31mDELETED[0m]> discord.gg
[autoganjlogs] [2022-08-02 @ 12:25:59] ::         📜message-log :: [[32mE:[0m (1) | [31mA:[0m (0) | [31mS:[0m (0) | [31mR:[0m (0)][1m       AutoGanj#4302[0m > 
[autoganjlogs] [2022-08-02 @ 12:26:00] ::         💩shitposting :: [[31mE:[0m (0) | [31mA:[0m (0) | [31mS:[0m (0) | [31mR:[0m (0)][1m     ImNotSteve#5260[0m > discord.gg
[autoganjlogs] [2022-08-02 @ 12:26:00] :: Direct Message with Unknown User :: [[31mE:[0m (0) | [31mA:[0m (0) | [31mS:[0m (0) | [31mR:[0m (0)][1m       AutoGanj#4302[0m > <@1003196739517427806> you have been warned for spamming. You have been warned 1 times.
[autoganjlogs] [2022-08-02 @ 12:26:01] ::         💩shitposting :: [1m     ImNotSteve#5260[0m [[31mDELETED[0m]> discord.gg
[autoganjlogs] [2022-08-02 @ 12:26:01] ::         📜message-log :: [[32mE:[0m (1) | [31mA:[0m (0) | [31mS:[0m (0) | [31mR:[0m (0)][1m       AutoGanj#4302[0m > 
[autoganjlogs] [2022-08-02 @ 12:26:02] ::         💩shitposting :: [[31mE:[0m (0) | [31mA:[0m (0) | [31mS:[0m (0) | [31mR:[0m (0)][1m     ImNotSteve#5260[0m > discord.gg
[autoganjlogs] [2022-08-02 @ 12:26:02] :: Direct Message with Unknown User :: [[31mE:[0m (0) | [31mA:[0m (0) | [31mS:[0m (0) | [31mR:[0m (0)][1m       AutoGanj#4302[0m > <@1003196739517427806> you have been warned for spamming. You have been warned 1 times.
[autoganjlogs] [2022-08-02 @ 12:26:02] ::         💩shitposting :: [1m     ImNotSteve#5260[0m [[31mDELETED[0m]> discord.gg
[autoganjlogs] [2022-08-02 @ 12:26:02] ::         📜message-log :: [[32mE:[0m (1) | [31mA:[0m (0) | [31mS:[0m (0) | [31mR:[0m (0)][1m       AutoGanj#4302[0m > 
[autoganjlogs] [2022-08-02 @ 12:26:03] ::         💩shitposting :: [[31mE:[0m (0) | [31mA:[0m (0) | [31mS:[0m (0) | [31mR:[0m (0)][1m     ImNotSteve#5260[0m > discord.gg
[autoganjlogs] [2022-08-02 @ 12:26:04] :: Direct Message with Unknown User :: [[31mE:[0m (0) | [31mA:[0m (0) | [31mS:[0m (0) | [31mR:[0m (0)][1m       AutoGanj#4302[0m > <@1003196739517427806> you have been warned for spamming. You have been warned 1 times.
[autoganjlogs] [2022-08-02 @ 12:26:04] ::         💩shitposting :: [1m     ImNotSteve#5260[0m [[31mDELETED[0m]> discord.gg
[autoganjlogs] [2022-08-02 @ 12:26:04] ::         📜message-log :: [[32mE:[0m (1) | [31mA:[0m (0) | [31mS:[0m (0) | [31mR:[0m (0)][1m       AutoGanj#4302[0m > 
[autoganjlogs] [2022-08-02 @ 12:26:06] ::         💩shitposting :: [[31mE:[0m (0) | [31mA:[0m (0) | [31mS:[0m (0) | [31mR:[0m (0)][1m     ImNotSteve#5260[0m > discord.gg
[autoganjlogs] [2022-08-02 @ 12:26:07] :: Direct Message with Unknown User :: [[31mE:[0m (0) | [31mA:[0m (0) | [31mS:[0m (0) | [31mR:[0m (0)][1m       AutoGanj#4302[0m > <@1003196739517427806> you have been warned for spamming. You have been warned 1 times.
[autoganjlogs] [2022-08-02 @ 12:26:07] ::         💩shitposting :: [1m     ImNotSteve#5260[0m [[31mDELETED[0m]> discord.gg
[autoganjlogs] [2022-08-02 @ 12:26:07] ::         📜message-log :: [[32mE:[0m (1) | [31mA:[0m (0) | [31mS:[0m (0) | [31mR:[0m (0)][1m       AutoGanj#4302[0m > 
[autoganjlogs] [2022-08-02 @ 12:27:14] ::         💩shitposting ::                  [[95mSTARTED TYPING[0m]> [34m[1m     ImNotSteve#5260[0m @ 2022-08-02 11:27:14+00:00
[autoganjlogs] [2022-08-02 @ 12:27:14] ::         💩shitposting :: [[31mE:[0m (0) | [31mA:[0m (0) | [31mS:[0m (0) | [31mR:[0m (0)][1m     ImNotSteve#5260[0m > discord.gg
[autoganjlogs] [2022-08-02 @ 12:27:14] :: Error handling "on_message" with "<class 'discord.message.Message'>: <Message id=1003987338113847346 channel=<TextChannel id=820097984024018944 name='💩shitposting' position=17 nsfw=True category_id=820096462695694336 news=False> type=<MessageType.default: 0> author=<Member id=1003196739517427806 name='ImNotSteve' discriminator='5260' bot=False nick=None guild=<Guild id=820077049036406805 name='Middle Ground' shard_id=0 chunked=True member_count=114>> flags=<MessageFlags value=0>>" ""
[autoganjlogs] [2022-08-02 @ 12:27:14] ::             📜bot-log :: [[32mE:[0m (1) | [31mA:[0m (0) | [31mS:[0m (0) | [31mR:[0m (0)][1m       AutoGanj#4302[0m > 
[autoganjlogs] [2022-08-02 @ 12:27:22] ::         💩shitposting :: [1m     ImNotSteve#5260[0m [[31mDELETED[0m]> discord.gg
[autoganjlogs] [2022-08-02 @ 12:27:23] ::         📜message-log :: [[32mE:[0m (1) | [31mA:[0m (0) | [31mS:[0m (0) | [31mR:[0m (0)][1m       AutoGanj#4302[0m > 
[autoganjlogs] [2022-08-02 @ 12:28:08] ::         💩shitposting :: [[31mE:[0m (0) | [31mA:[0m (0) | [31mS:[0m (0) | [31mR:[0m (0)][1m     ImNotSteve#5260[0m > discord.gg
[autoganjlogs] [2022-08-02 @ 12:28:08] :: Direct Message with Unknown User :: [[31mE:[0m (0) | [31mA:[0m (0) | [31mS:[0m (0) | [31mR:[0m (0)][1m       AutoGanj#4302[0m > <@1003196739517427806> you have been warned for spamming. You have been warned 2 times.
[autoganjlogs] [2022-08-02 @ 12:28:09] ::         💩shitposting :: [1m     ImNotSteve#5260[0m [[31mDELETED[0m]> discord.gg
[autoganjlogs] [2022-08-02 @ 12:28:09] ::         📜message-log :: [[32mE:[0m (1) | [31mA:[0m (0) | [31mS:[0m (0) | [31mR:[0m (0)][1m       AutoGanj#4302[0m > 
[autoganjlogs] [2022-08-02 @ 12:28:12] ::         💩shitposting ::                  [[95mSTARTED TYPING[0m]> [34m[1m     ImNotSteve#5260[0m @ 2022-08-02 11:28:12+00:00
[autoganjlogs] [2022-08-02 @ 12:28:14] ::         💩shitposting :: [[31mE:[0m (0) | [31mA:[0m (0) | [31mS:[0m (0) | [31mR:[0m (0)][1m     ImNotSteve#5260[0m > discord.gg
[autoganjlogs] [2022-08-02 @ 12:28:14] :: Direct Message with Unknown User :: [[31mE:[0m (0) | [31mA:[0m (0) | [31mS:[0m (0) | [31mR:[0m (0)][1m       AutoGanj#4302[0m > <@1003196739517427806> you have been warned for spamming. You have been warned 3 times.
[autoganjlogs] [2022-08-02 @ 12:28:14] ::         💩shitposting :: [1m     ImNotSteve#5260[0m [[31mDELETED[0m]> discord.gg
[autoganjlogs] [2022-08-02 @ 12:28:14] ::         📜message-log :: [[32mE:[0m (1) | [31mA:[0m (0) | [31mS:[0m (0) | [31mR:[0m (0)][1m       AutoGanj#4302[0m > 
[autoganjlogs] [2022-08-02 @ 12:28:15] ::         💩shitposting :: [[31mE:[0m (0) | [31mA:[0m (0) | [31mS:[0m (0) | [31mR:[0m (0)][1m     ImNotSteve#5260[0m > discord.gg
[autoganjlogs] [2022-08-02 @ 12:28:15] :: Direct Message with Unknown User :: [[31mE:[0m (0) | [31mA:[0m (0) | [31mS:[0m (0) | [31mR:[0m (0)][1m       AutoGanj#4302[0m > <@1003196739517427806> you have been warned for spamming. You have been warned 4 times.
[autoganjlogs] [2022-08-02 @ 12:28:15] ::         💩shitposting :: [1m     ImNotSteve#5260[0m [[31mDELETED[0m]> discord.gg
[autoganjlogs] [2022-08-02 @ 12:28:15] ::         💩shitposting :: [[31mE:[0m (0) | [31mA:[0m (0) | [31mS:[0m (0) | [31mR:[0m (0)][1m     ImNotSteve#5260[0m > discord.gg
[autoganjlogs] [2022-08-02 @ 12:28:15] ::         📜message-log :: [[32mE:[0m (1) | [31mA:[0m (0) | [31mS:[0m (0) | [31mR:[0m (0)][1m       AutoGanj#4302[0m > 
[autoganjlogs] [2022-08-02 @ 12:28:16] :: Error handling "on_message" with "<class 'discord.message.Message'>: <Message id=1003987594360672336 channel=<TextChannel id=820097984024018944 name='💩shitposting' position=17 nsfw=True category_id=820096462695694336 news=False> type=<MessageType.default: 0> author=<Member id=1003196739517427806 name='ImNotSteve' discriminator='5260' bot=False nick=None guild=<Guild id=820077049036406805 name='Middle Ground' shard_id=0 chunked=True member_count=114>> flags=<MessageFlags value=0>>" ""
[autoganjlogs] [2022-08-02 @ 12:28:16] ::             📜bot-log :: [[32mE:[0m (1) | [31mA:[0m (0) | [31mS:[0m (0) | [31mR:[0m (0)][1m       AutoGanj#4302[0m > 
[autoganjlogs] [2022-08-02 @ 12:28:16] ::          📜member-log :: [[32mE:[0m (1) | [31mA:[0m (0) | [31mS:[0m (0) | [31mR:[0m (0)][1m       AutoGanj#4302[0m > 
[autoganjlogs] [2022-08-02 @ 12:28:22] ::         💩shitposting :: [1m     ImNotSteve#5260[0m [[31mDELETED[0m]> discord.gg
[autoganjlogs] [2022-08-02 @ 12:28:22] ::         📜message-log :: [[32mE:[0m (1) | [31mA:[0m (0) | [31mS:[0m (0) | [31mR:[0m (0)][1m       AutoGanj#4302[0m > 
[autoganjlogs] [2022-08-02 @ 12:29:07] ::          📜member-log :: [[32mE:[0m (1) | [31mA:[0m (0) | [31mS:[0m (0) | [31mR:[0m (0)][1m       AutoGanj#4302[0m > 
[autoganjlogs] [2022-08-02 @ 12:29:11] ::         💩shitposting :: [[31mE:[0m (0) | [31mA:[0m (0) | [31mS:[0m (0) | [31mR:[0m (0)][1m     ImNotSteve#5260[0m > discord.gg
[autoganjlogs] [2022-08-02 @ 12:29:12] ::         💩shitposting :: [1m     ImNotSteve#5260[0m [[31mDELETED[0m]> discord.gg
[autoganjlogs] [2022-08-02 @ 12:29:12] ::         📜message-log :: [[32mE:[0m (1) | [31mA:[0m (0) | [31mS:[0m (0) | [31mR:[0m (0)][1m       AutoGanj#4302[0m > 
[autoganjlogs] [2022-08-02 @ 12:29:12] :: Error handling "on_message" with "<class 'discord.message.Message'>: <Message id=1003987829451391066 channel=<TextChannel id=820097984024018944 name='💩shitposting' position=17 nsfw=True category_id=820096462695694336 news=False> type=<MessageType.default: 0> author=<Member id=1003196739517427806 name='ImNotSteve' discriminator='5260' bot=False nick=None guild=<Guild id=820077049036406805 name='Middle Ground' shard_id=0 chunked=True member_count=114>> flags=<MessageFlags value=0>>" ""
[autoganjlogs] [2022-08-02 @ 12:29:12] ::             📜bot-log :: [[32mE:[0m (1) | [31mA:[0m (0) | [31mS:[0m (0) | [31mR:[0m (0)][1m       AutoGanj#4302[0m > 
[autoganjlogs] [2022-08-02 @ 12:29:12] ::          📜member-log :: [[32mE:[0m (1) | [31mA:[0m (0) | [31mS:[0m (0) | [31mR:[0m (0)][1m       AutoGanj#4302[0m > 
[autoganjlogs] [2022-08-02 @ 12:30:08] ::          📜member-log :: [[32mE:[0m (1) | [31mA:[0m (0) | [31mS:[0m (0) | [31mR:[0m (0)][1m       AutoGanj#4302[0m > 
[autoganjlogs] [2022-08-02 @ 12:30:10] ::         💩shitposting :: [[31mE:[0m (0) | [31mA:[0m (0) | [31mS:[0m (0) | [31mR:[0m (0)][1m     ImNotSteve#5260[0m > discord.gg
[autoganjlogs] [2022-08-02 @ 12:30:10] :: Error handling "on_message" with "<class 'discord.message.Message'>: <Message id=1003988074071609476 channel=<TextChannel id=820097984024018944 name='💩shitposting' position=17 nsfw=True category_id=820096462695694336 news=False> type=<MessageType.default: 0> author=<Member id=1003196739517427806 name='ImNotSteve' discriminator='5260' bot=False nick=None guild=<Guild id=820077049036406805 name='Middle Ground' shard_id=0 chunked=True member_count=114>> flags=<MessageFlags value=0>>" ""
[autoganjlogs] [2022-08-02 @ 12:30:10] ::         💩shitposting :: [1m     ImNotSteve#5260[0m [[31mDELETED[0m]> discord.gg
[autoganjlogs] [2022-08-02 @ 12:30:10] ::             📜bot-log :: [[32mE:[0m (1) | [31mA:[0m (0) | [31mS:[0m (0) | [31mR:[0m (0)][1m       AutoGanj#4302[0m > 
[autoganjlogs] [2022-08-02 @ 12:30:10] ::         📜message-log :: [[32mE:[0m (1) | [31mA:[0m (0) | [31mS:[0m (0) | [31mR:[0m (0)][1m       AutoGanj#4302[0m > 
[autoganjlogs] [2022-08-02 @ 12:30:12] ::         💩shitposting :: [[31mE:[0m (0) | [31mA:[0m (0) | [31mS:[0m (0) | [31mR:[0m (0)][1m     ImNotSteve#5260[0m > self.spam_log_data[user.id]['spam_count'] = 0
[autoganjlogs] [2022-08-02 @ 12:30:15] ::         💩shitposting :: [1m     ImNotSteve#5260[0m [[31mDELETED[0m]> self.spam_log_data[user.id]['spam_count'] = 0
[autoganjlogs] [2022-08-02 @ 12:30:15] ::         📜message-log :: [[32mE:[0m (1) | [31mA:[0m (0) | [31mS:[0m (0) | [31mR:[0m (0)][1m       AutoGanj#4302[0m > 
[autoganjlogs] [2022-08-02 @ 12:30:17] ::         💩shitposting ::                  [[95mSTARTED TYPING[0m]> [34m[1m     ImNotSteve#5260[0m @ 2022-08-02 11:30:17+00:00
[autoganjlogs] [2022-08-02 @ 12:30:19] ::         💩shitposting :: [[31mE:[0m (0) | [31mA:[0m (0) | [31mS:[0m (0) | [31mR:[0m (0)][1m     ImNotSteve#5260[0m > discord.gg
[autoganjlogs] [2022-08-02 @ 12:30:19] ::         💩shitposting :: [1m     ImNotSteve#5260[0m [[31mDELETED[0m]> discord.gg
[autoganjlogs] [2022-08-02 @ 12:30:19] :: Error handling "on_message" with "<class 'discord.message.Message'>: <Message id=1003988111438643261 channel=<TextChannel id=820097984024018944 name='💩shitposting' position=17 nsfw=True category_id=820096462695694336 news=False> type=<MessageType.default: 0> author=<Member id=1003196739517427806 name='ImNotSteve' discriminator='5260' bot=False nick=None guild=<Guild id=820077049036406805 name='Middle Ground' shard_id=0 chunked=True member_count=114>> flags=<MessageFlags value=0>>" ""
[autoganjlogs] [2022-08-02 @ 12:30:19] ::         📜message-log :: [[32mE:[0m (1) | [31mA:[0m (0) | [31mS:[0m (0) | [31mR:[0m (0)][1m       AutoGanj#4302[0m > 
[autoganjlogs] [2022-08-02 @ 12:30:20] ::             📜bot-log :: [[32mE:[0m (1) | [31mA:[0m (0) | [31mS:[0m (0) | [31mR:[0m (0)][1m       AutoGanj#4302[0m > 
[autoganjlogs] [2022-08-02 @ 12:30:20] ::         💩shitposting :: [[31mE:[0m (0) | [31mA:[0m (0) | [31mS:[0m (0) | [31mR:[0m (0)][1m     ImNotSteve#5260[0m > discord.gg
[autoganjlogs] [2022-08-02 @ 12:30:20] :: Error handling "on_message" with "<class 'discord.message.Message'>: <Message id=1003988116845105233 channel=<TextChannel id=820097984024018944 name='💩shitposting' position=17 nsfw=True category_id=820096462695694336 news=False> type=<MessageType.default: 0> author=<Member id=1003196739517427806 name='ImNotSteve' discriminator='5260' bot=False nick=None guild=<Guild id=820077049036406805 name='Middle Ground' shard_id=0 chunked=True member_count=114>> flags=<MessageFlags value=0>>" ""
[autoganjlogs] [2022-08-02 @ 12:30:20] ::         💩shitposting :: [1m     ImNotSteve#5260[0m [[31mDELETED[0m]> discord.gg
[autoganjlogs] [2022-08-02 @ 12:30:20] ::             📜bot-log :: [[32mE:[0m (1) | [31mA:[0m (0) | [31mS:[0m (0) | [31mR:[0m (0)][1m       AutoGanj#4302[0m > 
[autoganjlogs] [2022-08-02 @ 12:30:20] ::         📜message-log :: [[32mE:[0m (1) | [31mA:[0m (0) | [31mS:[0m (0) | [31mR:[0m (0)][1m       AutoGanj#4302[0m > 
[autoganjlogs] [2022-08-02 @ 12:30:21] ::         💩shitposting :: [[31mE:[0m (0) | [31mA:[0m (0) | [31mS:[0m (0) | [31mR:[0m (0)][1m     ImNotSteve#5260[0m > discord.gg
[autoganjlogs] [2022-08-02 @ 12:30:22] ::         💩shitposting :: [1m     ImNotSteve#5260[0m [[31mDELETED[0m]> discord.gg
[autoganjlogs] [2022-08-02 @ 12:30:22] :: Error handling "on_message" with "<class 'discord.message.Message'>: <Message id=1003988122587115560 channel=<TextChannel id=820097984024018944 name='💩shitposting' position=17 nsfw=True category_id=820096462695694336 news=False> type=<MessageType.default: 0> author=<Member id=1003196739517427806 name='ImNotSteve' discriminator='5260' bot=False nick=None guild=<Guild id=820077049036406805 name='Middle Ground' shard_id=0 chunked=True member_count=114>> flags=<MessageFlags value=0>>" ""
[autoganjlogs] [2022-08-02 @ 12:30:22] ::             📜bot-log :: [[32mE:[0m (1) | [31mA:[0m (0) | [31mS:[0m (0) | [31mR:[0m (0)][1m       AutoGanj#4302[0m > 
[autoganjlogs] [2022-08-02 @ 12:30:22] ::         📜message-log :: [[32mE:[0m (1) | [31mA:[0m (0) | [31mS:[0m (0) | [31mR:[0m (0)][1m       AutoGanj#4302[0m > 
[autoganjlogs] [2022-08-02 @ 12:30:23] ::         💩shitposting :: [[31mE:[0m (0) | [31mA:[0m (0) | [31mS:[0m (0) | [31mR:[0m (0)][1m     ImNotSteve#5260[0m > discord.gg
[autoganjlogs] [2022-08-02 @ 12:30:23] :: Error handling "on_message" with "<class 'discord.message.Message'>: <Message id=1003988128039718972 channel=<TextChannel id=820097984024018944 name='💩shitposting' position=17 nsfw=True category_id=820096462695694336 news=False> type=<MessageType.default: 0> author=<Member id=1003196739517427806 name='ImNotSteve' discriminator='5260' bot=False nick=None guild=<Guild id=820077049036406805 name='Middle Ground' shard_id=0 chunked=True member_count=114>> flags=<MessageFlags value=0>>" ""
[autoganjlogs] [2022-08-02 @ 12:30:23] ::         💩shitposting :: [1m     ImNotSteve#5260[0m [[31mDELETED[0m]> discord.gg
[autoganjlogs] [2022-08-02 @ 12:30:23] ::             📜bot-log :: [[32mE:[0m (1) | [31mA:[0m (0) | [31mS:[0m (0) | [31mR:[0m (0)][1m       AutoGanj#4302[0m > 
[autoganjlogs] [2022-08-02 @ 12:30:23] ::         📜message-log :: [[32mE:[0m (1) | [31mA:[0m (0) | [31mS:[0m (0) | [31mR:[0m (0)][1m       AutoGanj#4302[0m > 
[autoganjlogs] [2022-08-02 @ 12:30:24] ::         💩shitposting :: [[31mE:[0m (0) | [31mA:[0m (0) | [31mS:[0m (0) | [31mR:[0m (0)][1m     ImNotSteve#5260[0m > discord.gg
[autoganjlogs] [2022-08-02 @ 12:30:24] ::         💩shitposting :: [1m     ImNotSteve#5260[0m [[31mDELETED[0m]> discord.gg
[autoganjlogs] [2022-08-02 @ 12:30:24] :: Error handling "on_message" with "<class 'discord.message.Message'>: <Message id=1003988133777510470 channel=<TextChannel id=820097984024018944 name='💩shitposting' position=17 nsfw=True category_id=820096462695694336 news=False> type=<MessageType.default: 0> author=<Member id=1003196739517427806 name='ImNotSteve' discriminator='5260' bot=False nick=None guild=<Guild id=820077049036406805 name='Middle Ground' shard_id=0 chunked=True member_count=114>> flags=<MessageFlags value=0>>" ""
[autoganjlogs] [2022-08-02 @ 12:30:24] ::         📜message-log :: [[32mE:[0m (1) | [31mA:[0m (0) | [31mS:[0m (0) | [31mR:[0m (0)][1m       AutoGanj#4302[0m > 
[autoganjlogs] [2022-08-02 @ 12:30:24] ::             📜bot-log :: [[32mE:[0m (1) | [31mA:[0m (0) | [31mS:[0m (0) | [31mR:[0m (0)][1m       AutoGanj#4302[0m > 
[autoganjlogs] [2022-08-02 @ 12:30:25] ::         💩shitposting :: [[31mE:[0m (0) | [31mA:[0m (0) | [31mS:[0m (0) | [31mR:[0m (0)][1m     ImNotSteve#5260[0m > discord.gg
[autoganjlogs] [2022-08-02 @ 12:30:26] ::         💩shitposting :: [1m     ImNotSteve#5260[0m [[31mDELETED[0m]> discord.gg
[autoganjlogs] [2022-08-02 @ 12:30:26] :: Error handling "on_message" with "<class 'discord.message.Message'>: <Message id=1003988140295467028 channel=<TextChannel id=820097984024018944 name='💩shitposting' position=17 nsfw=True category_id=820096462695694336 news=False> type=<MessageType.default: 0> author=<Member id=1003196739517427806 name='ImNotSteve' discriminator='5260' bot=False nick=None guild=<Guild id=820077049036406805 name='Middle Ground' shard_id=0 chunked=True member_count=114>> flags=<MessageFlags value=0>>" ""
[autoganjlogs] [2022-08-02 @ 12:30:26] ::         📜message-log :: [[32mE:[0m (1) | [31mA:[0m (0) | [31mS:[0m (0) | [31mR:[0m (0)][1m       AutoGanj#4302[0m > 
[autoganjlogs] [2022-08-02 @ 12:30:26] ::             📜bot-log :: [[32mE:[0m (1) | [31mA:[0m (0) | [31mS:[0m (0) | [31mR:[0m (0)][1m       AutoGanj#4302[0m > 
[autoganjlogs] [2022-08-02 @ 12:30:27] ::         💩shitposting :: [[31mE:[0m (0) | [31mA:[0m (0) | [31mS:[0m (0) | [31mR:[0m (0)][1m     ImNotSteve#5260[0m > discord.gg
[autoganjlogs] [2022-08-02 @ 12:30:27] ::         💩shitposting :: [1m     ImNotSteve#5260[0m [[31mDELETED[0m]> discord.gg
[autoganjlogs] [2022-08-02 @ 12:30:27] :: Error handling "on_message" with "<class 'discord.message.Message'>: <Message id=1003988145878077530 channel=<TextChannel id=820097984024018944 name='💩shitposting' position=17 nsfw=True category_id=820096462695694336 news=False> type=<MessageType.default: 0> author=<Member id=1003196739517427806 name='ImNotSteve' discriminator='5260' bot=False nick=None guild=<Guild id=820077049036406805 name='Middle Ground' shard_id=0 chunked=True member_count=114>> flags=<MessageFlags value=0>>" ""
[autoganjlogs] [2022-08-02 @ 12:30:27] ::         📜message-log :: [[32mE:[0m (1) | [31mA:[0m (0) | [31mS:[0m (0) | [31mR:[0m (0)][1m       AutoGanj#4302[0m > 
[autoganjlogs] [2022-08-02 @ 12:30:28] ::             📜bot-log :: [[32mE:[0m (1) | [31mA:[0m (0) | [31mS:[0m (0) | [31mR:[0m (0)][1m       AutoGanj#4302[0m > 
[autoganjlogs] [2022-08-02 @ 12:30:49] ::         💩shitposting :: [[31mE:[0m (0) | [31mA:[0m (0) | [31mS:[0m (0) | [31mR:[0m (0)][1m     ImNotSteve#5260[0m > discord.gg
[autoganjlogs] [2022-08-02 @ 12:30:50] ::         💩shitposting :: [1m     ImNotSteve#5260[0m [[31mDELETED[0m]> discord.gg
[autoganjlogs] [2022-08-02 @ 12:30:50] :: Error handling "on_message" with "<class 'discord.message.Message'>: <Message id=1003988240103116831 channel=<TextChannel id=820097984024018944 name='💩shitposting' position=17 nsfw=True category_id=820096462695694336 news=False> type=<MessageType.default: 0> author=<Member id=1003196739517427806 name='ImNotSteve' discriminator='5260' bot=False nick=None guild=<Guild id=820077049036406805 name='Middle Ground' shard_id=0 chunked=True member_count=114>> flags=<MessageFlags value=0>>" ""
[autoganjlogs] [2022-08-02 @ 12:30:50] ::             📜bot-log :: [[32mE:[0m (1) | [31mA:[0m (0) | [31mS:[0m (0) | [31mR:[0m (0)][1m       AutoGanj#4302[0m > 
[autoganjlogs] [2022-08-02 @ 12:30:50] ::         📜message-log :: [[32mE:[0m (1) | [31mA:[0m (0) | [31mS:[0m (0) | [31mR:[0m (0)][1m       AutoGanj#4302[0m > 
[autoganjlogs] [2022-08-02 @ 12:31:43] ::        🚪the-backroom ::                  [[95mSTARTED TYPING[0m]> [34m[1m      gitmo joe#4193[0m @ 2022-08-02 11:31:43+00:00
[autoganjlogs] [2022-08-02 @ 12:31:47] ::        🚪the-backroom :: [[31mE:[0m (0) | [31mA:[0m (0) | [31mS:[0m (0) | [31mR:[0m (0)][1m      gitmo joe#4193[0m > sounds like some jewish stuff 😒
[autoganjlogs] [2022-08-02 @ 12:32:07] ::             💬general ::                  [[95mSTARTED TYPING[0m]> [34m[1m      gitmo joe#4193[0m @ 2022-08-02 11:32:07+00:00
[autoganjlogs] [2022-08-02 @ 12:32:10] ::             💬general :: [[31mE:[0m (0) | [31mA:[0m (0) | [31mS:[0m (0) | [31mR:[0m (0)][1m      gitmo joe#4193[0m > this will never happen
[autoganjlogs] [2022-08-02 @ 12:32:10] ::         💩shitposting ::                  [[95mSTARTED TYPING[0m]> [34m[1m     ImNotSteve#5260[0m @ 2022-08-02 11:32:10+00:00
[autoganjlogs] [2022-08-02 @ 12:32:10] ::         💩shitposting :: [[31mE:[0m (0) | [31mA:[0m (0) | [31mS:[0m (0) | [31mR:[0m (0)][1m     ImNotSteve#5260[0m > discord.gg
[autoganjlogs] [2022-08-02 @ 12:32:10] ::         💩shitposting :: [1m     ImNotSteve#5260[0m [[31mDELETED[0m]> discord.gg
[autoganjlogs] [2022-08-02 @ 12:32:11] ::         📜message-log :: [[32mE:[0m (1) | [31mA:[0m (0) | [31mS:[0m (0) | [31mR:[0m (0)][1m       AutoGanj#4302[0m > 
[autoganjlogs] [2022-08-02 @ 12:32:11] :: Error handling "on_message" with "<class 'discord.message.Message'>: <Message id=1003988578650554438 channel=<TextChannel id=820097984024018944 name='💩shitposting' position=17 nsfw=True category_id=820096462695694336 news=False> type=<MessageType.default: 0> author=<Member id=1003196739517427806 name='ImNotSteve' discriminator='5260' bot=False nick=None guild=<Guild id=820077049036406805 name='Middle Ground' shard_id=0 chunked=True member_count=114>> flags=<MessageFlags value=0>>" ""
[autoganjlogs] [2022-08-02 @ 12:32:11] ::          📜member-log :: [[32mE:[0m (1) | [31mA:[0m (0) | [31mS:[0m (0) | [31mR:[0m (0)][1m       AutoGanj#4302[0m > 
[autoganjlogs] [2022-08-02 @ 12:32:11] ::             📜bot-log :: [[32mE:[0m (1) | [31mA:[0m (0) | [31mS:[0m (0) | [31mR:[0m (0)][1m       AutoGanj#4302[0m > 
[autoganjlogs] [2022-08-02 @ 12:32:15] ::             💬general ::                  [[95mSTARTED TYPING[0m]> [34m[1m      gitmo joe#4193[0m @ 2022-08-02 11:32:13+00:00
[autoganjlogs] [2022-08-02 @ 12:32:17] ::             💬general :: [[31mE:[0m (0) | [31mA:[0m (0) | [31mS:[0m (0) | [31mR:[0m (0)][1m      gitmo joe#4193[0m > she hates having to work for a living
[autoganjlogs] [2022-08-02 @ 12:32:20] ::             💬general ::                  [[95mSTARTED TYPING[0m]> [34m[1m      gitmo joe#4193[0m @ 2022-08-02 11:32:20+00:00
[autoganjlogs] [2022-08-02 @ 12:32:21] ::             💬general :: [[31mE:[0m (0) | [31mA:[0m (0) | [31mS:[0m (0) | [31mR:[0m (0)][1m      gitmo joe#4193[0m > desires stove shackles
[autoganjlogs] [2022-08-02 @ 12:32:32] ::          📜member-log :: [[32mE:[0m (1) | [31mA:[0m (0) | [31mS:[0m (0) | [31mR:[0m (0)][1m       AutoGanj#4302[0m > 
[autoganjlogs] [2022-08-02 @ 12:32:38] ::         💩shitposting ::                  [[95mSTARTED TYPING[0m]> [34m[1m     ImNotSteve#5260[0m @ 2022-08-02 11:32:38+00:00
[autoganjlogs] [2022-08-02 @ 12:32:39] ::         💩shitposting :: [[31mE:[0m (0) | [31mA:[0m (0) | [31mS:[0m (0) | [31mR:[0m (0)][1m     ImNotSteve#5260[0m > discord.gg
[autoganjlogs] [2022-08-02 @ 12:32:39] ::         💩shitposting :: [1m     ImNotSteve#5260[0m [[31mDELETED[0m]> discord.gg
[autoganjlogs] [2022-08-02 @ 12:32:39] :: Error handling "on_message" with "<class 'discord.message.Message'>: <Message id=1003988698733482004 channel=<TextChannel id=820097984024018944 name='💩shitposting' position=17 nsfw=True category_id=820096462695694336 news=False> type=<MessageType.default: 0> author=<Member id=1003196739517427806 name='ImNotSteve' discriminator='5260' bot=False nick=None guild=<Guild id=820077049036406805 name='Middle Ground' shard_id=0 chunked=True member_count=114>> flags=<MessageFlags value=0>>" ""
[autoganjlogs] [2022-08-02 @ 12:32:39] ::         📜message-log :: [[32mE:[0m (1) | [31mA:[0m (0) | [31mS:[0m (0) | [31mR:[0m (0)][1m       AutoGanj#4302[0m > 
[autoganjlogs] [2022-08-02 @ 12:32:39] ::          📜member-log :: [[32mE:[0m (1) | [31mA:[0m (0) | [31mS:[0m (0) | [31mR:[0m (0)][1m       AutoGanj#4302[0m > 
[autoganjlogs] [2022-08-02 @ 12:32:40] ::             📜bot-log :: [[32mE:[0m (1) | [31mA:[0m (0) | [31mS:[0m (0) | [31mR:[0m (0)][1m       AutoGanj#4302[0m > 
[autoganjlogs] [2022-08-02 @ 12:32:54] ::          📜member-log :: [[32mE:[0m (1) | [31mA:[0m (0) | [31mS:[0m (0) | [31mR:[0m (0)][1m       AutoGanj#4302[0m > 
[autoganjlogs] [2022-08-02 @ 12:33:50] ::         💩shitposting ::                  [[95mSTARTED TYPING[0m]> [34m[1m     ImNotSteve#5260[0m @ 2022-08-02 11:33:50+00:00
[autoganjlogs] [2022-08-02 @ 12:33:53] ::         💩shitposting :: [[31mE:[0m (0) | [31mA:[0m (0) | [31mS:[0m (0) | [31mR:[0m (0)][1m     ImNotSteve#5260[0m > discord.gg
[autoganjlogs] [2022-08-02 @ 12:33:53] ::         💩shitposting :: [1m     ImNotSteve#5260[0m [[31mDELETED[0m]> discord.gg
[autoganjlogs] [2022-08-02 @ 12:33:53] ::         📜message-log :: [[32mE:[0m (1) | [31mA:[0m (0) | [31mS:[0m (0) | [31mR:[0m (0)][1m       AutoGanj#4302[0m > 
[autoganjlogs] [2022-08-02 @ 12:33:53] :: Direct Message with Unknown User :: [[31mE:[0m (0) | [31mA:[0m (0) | [31mS:[0m (0) | [31mR:[0m (0)][1m       AutoGanj#4302[0m > <@1003196739517427806> you have been warned for spamming. You have been warned 1 times.
[autoganjlogs] [2022-08-02 @ 12:33:55] ::         💩shitposting :: [[31mE:[0m (0) | [31mA:[0m (0) | [31mS:[0m (0) | [31mR:[0m (0)][1m     ImNotSteve#5260[0m > discord.gg
[autoganjlogs] [2022-08-02 @ 12:33:55] ::         💩shitposting :: [1m     ImNotSteve#5260[0m [[31mDELETED[0m]> discord.gg
[autoganjlogs] [2022-08-02 @ 12:33:56] ::         📜message-log :: [[32mE:[0m (1) | [31mA:[0m (0) | [31mS:[0m (0) | [31mR:[0m (0)][1m       AutoGanj#4302[0m > 
[autoganjlogs] [2022-08-02 @ 12:33:56] :: Direct Message with Unknown User :: [[31mE:[0m (0) | [31mA:[0m (0) | [31mS:[0m (0) | [31mR:[0m (0)][1m       AutoGanj#4302[0m > <@1003196739517427806> you have been warned for spamming. You have been warned 2 times.
[autoganjlogs] [2022-08-02 @ 12:33:57] ::         💩shitposting :: [[31mE:[0m (0) | [31mA:[0m (0) | [31mS:[0m (0) | [31mR:[0m (0)][1m     ImNotSteve#5260[0m > discord.gg
[autoganjlogs] [2022-08-02 @ 12:33:58] ::         💩shitposting :: [1m     ImNotSteve#5260[0m [[31mDELETED[0m]> discord.gg
[autoganjlogs] [2022-08-02 @ 12:33:58] ::         📜message-log :: [[32mE:[0m (1) | [31mA:[0m (0) | [31mS:[0m (0) | [31mR:[0m (0)][1m       AutoGanj#4302[0m > 
[autoganjlogs] [2022-08-02 @ 12:33:58] :: Direct Message with Unknown User :: [[31mE:[0m (0) | [31mA:[0m (0) | [31mS:[0m (0) | [31mR:[0m (0)][1m       AutoGanj#4302[0m > <@1003196739517427806> you have been warned for spamming. You have been warned 3 times.
[autoganjlogs] [2022-08-02 @ 12:33:59] ::         💩shitposting :: [[31mE:[0m (0) | [31mA:[0m (0) | [31mS:[0m (0) | [31mR:[0m (0)][1m     ImNotSteve#5260[0m > discord.gg
[autoganjlogs] [2022-08-02 @ 12:33:59] ::         💩shitposting :: [1m     ImNotSteve#5260[0m [[31mDELETED[0m]> discord.gg
[autoganjlogs] [2022-08-02 @ 12:34:00] :: Direct Message with Unknown User :: [[31mE:[0m (0) | [31mA:[0m (0) | [31mS:[0m (0) | [31mR:[0m (0)][1m       AutoGanj#4302[0m > <@1003196739517427806> you have been warned for spamming. You have been warned 4 times.
[autoganjlogs] [2022-08-02 @ 12:34:00] ::         📜message-log :: [[32mE:[0m (1) | [31mA:[0m (0) | [31mS:[0m (0) | [31mR:[0m (0)][1m       AutoGanj#4302[0m > 
[autoganjlogs] [2022-08-02 @ 12:34:01] ::         💩shitposting :: [[31mE:[0m (0) | [31mA:[0m (0) | [31mS:[0m (0) | [31mR:[0m (0)][1m     ImNotSteve#5260[0m > discord.gg
[autoganjlogs] [2022-08-02 @ 12:34:01] ::         💩shitposting :: [1m     ImNotSteve#5260[0m [[31mDELETED[0m]> discord.gg
[autoganjlogs] [2022-08-02 @ 12:34:01] ::         📜message-log :: [[32mE:[0m (1) | [31mA:[0m (0) | [31mS:[0m (0) | [31mR:[0m (0)][1m       AutoGanj#4302[0m > 
[autoganjlogs] [2022-08-02 @ 12:34:02] ::          📜member-log :: [[32mE:[0m (1) | [31mA:[0m (0) | [31mS:[0m (0) | [31mR:[0m (0)][1m       AutoGanj#4302[0m > 
[autoganjlogs] [2022-08-02 @ 12:34:02] ::       🧹staff-general :: [[32mE:[0m (1) | [31mA:[0m (0) | [31mS:[0m (0) | [31mR:[0m (0)][1m       AutoGanj#4302[0m > 
[autoganjlogs] [2022-08-02 @ 12:34:02] :: Direct Message with Unknown User :: [[31mE:[0m (0) | [31mA:[0m (0) | [31mS:[0m (0) | [31mR:[0m (0)][1m       AutoGanj#4302[0m > <@1003196739517427806> you have been timed out for invite for spamming, this may result in a ban. You have been warned 0 times.
[autoganjlogs] [2022-08-02 @ 12:34:17] ::          📜member-log :: [[32mE:[0m (1) | [31mA:[0m (0) | [31mS:[0m (0) | [31mR:[0m (0)][1m       AutoGanj#4302[0m > 
[autoganjlogs] [2022-08-02 @ 12:34:22] ::         💩shitposting :: [[31mE:[0m (0) | [31mA:[0m (0) | [31mS:[0m (0) | [31mR:[0m (0)][1m     ImNotSteve#5260[0m > discord.gg
[autoganjlogs] [2022-08-02 @ 12:34:22] ::         💩shitposting :: [1m     ImNotSteve#5260[0m [[31mDELETED[0m]> discord.gg
[autoganjlogs] [2022-08-02 @ 12:34:22] :: Direct Message with Unknown User :: [[31mE:[0m (0) | [31mA:[0m (0) | [31mS:[0m (0) | [31mR:[0m (0)][1m       AutoGanj#4302[0m > <@1003196739517427806> you have been warned for spamming. You have been warned 1 times.
[autoganjlogs] [2022-08-02 @ 12:34:22] ::         📜message-log :: [[32mE:[0m (1) | [31mA:[0m (0) | [31mS:[0m (0) | [31mR:[0m (0)][1m       AutoGanj#4302[0m > 
[autoganjlogs] [2022-08-02 @ 12:34:23] ::         💩shitposting :: [[31mE:[0m (0) | [31mA:[0m (0) | [31mS:[0m (0) | [31mR:[0m (0)][1m     ImNotSteve#5260[0m > discord.gg
[autoganjlogs] [2022-08-02 @ 12:34:24] ::         💩shitposting :: [1m     ImNotSteve#5260[0m [[31mDELETED[0m]> discord.gg
[autoganjlogs] [2022-08-02 @ 12:34:24] ::         📜message-log :: [[32mE:[0m (1) | [31mA:[0m (0) | [31mS:[0m (0) | [31mR:[0m (0)][1m       AutoGanj#4302[0m > 
[autoganjlogs] [2022-08-02 @ 12:34:24] :: Direct Message with Unknown User :: [[31mE:[0m (0) | [31mA:[0m (0) | [31mS:[0m (0) | [31mR:[0m (0)][1m       AutoGanj#4302[0m > <@1003196739517427806> you have been warned for spamming. You have been warned 2 times.
[autoganjlogs] [2022-08-02 @ 12:34:25] ::         💩shitposting :: [[31mE:[0m (0) | [31mA:[0m (0) | [31mS:[0m (0) | [31mR:[0m (0)][1m     ImNotSteve#5260[0m > discord.gg
[autoganjlogs] [2022-08-02 @ 12:34:25] ::         💩shitposting :: [1m     ImNotSteve#5260[0m [[31mDELETED[0m]> discord.gg
[autoganjlogs] [2022-08-02 @ 12:34:25] ::         📜message-log :: [[32mE:[0m (1) | [31mA:[0m (0) | [31mS:[0m (0) | [31mR:[0m (0)][1m       AutoGanj#4302[0m > 
[autoganjlogs] [2022-08-02 @ 12:34:26] :: Direct Message with Unknown User :: [[31mE:[0m (0) | [31mA:[0m (0) | [31mS:[0m (0) | [31mR:[0m (0)][1m       AutoGanj#4302[0m > <@1003196739517427806> you have been warned for spamming. You have been warned 3 times.
[autoganjlogs] [2022-08-02 @ 12:34:27] ::         💩shitposting :: [[31mE:[0m (0) | [31mA:[0m (0) | [31mS:[0m (0) | [31mR:[0m (0)][1m     ImNotSteve#5260[0m > discord.gg
[autoganjlogs] [2022-08-02 @ 12:34:27] ::         💩shitposting :: [1m     ImNotSteve#5260[0m [[31mDELETED[0m]> discord.gg
[autoganjlogs] [2022-08-02 @ 12:34:27] ::         📜message-log :: [[32mE:[0m (1) | [31mA:[0m (0) | [31mS:[0m (0) | [31mR:[0m (0)][1m       AutoGanj#4302[0m > 
[autoganjlogs] [2022-08-02 @ 12:34:27] :: Direct Message with Unknown User :: [[31mE:[0m (0) | [31mA:[0m (0) | [31mS:[0m (0) | [31mR:[0m (0)][1m       AutoGanj#4302[0m > <@1003196739517427806> you have been warned for spamming. You have been warned 4 times.
[autoganjlogs] [2022-08-02 @ 12:34:29] ::         💩shitposting :: [[31mE:[0m (0) | [31mA:[0m (0) | [31mS:[0m (0) | [31mR:[0m (0)][1m     ImNotSteve#5260[0m > discord.gg
[autoganjlogs] [2022-08-02 @ 12:34:29] ::         💩shitposting :: [1m     ImNotSteve#5260[0m [[31mDELETED[0m]> discord.gg
[autoganjlogs] [2022-08-02 @ 12:34:29] ::         📜message-log :: [[32mE:[0m (1) | [31mA:[0m (0) | [31mS:[0m (0) | [31mR:[0m (0)][1m       AutoGanj#4302[0m > 
[autoganjlogs] [2022-08-02 @ 12:34:30] ::          📜member-log :: [[32mE:[0m (1) | [31mA:[0m (0) | [31mS:[0m (0) | [31mR:[0m (0)][1m       AutoGanj#4302[0m > 
[autoganjlogs] [2022-08-02 @ 12:34:30] ::       🧹staff-general :: [[32mE:[0m (1) | [31mA:[0m (0) | [31mS:[0m (0) | [31mR:[0m (0)][1m       AutoGanj#4302[0m > 
[autoganjlogs] [2022-08-02 @ 12:34:31] :: Direct Message with Unknown User :: [[31mE:[0m (0) | [31mA:[0m (0) | [31mS:[0m (0) | [31mR:[0m (0)][1m       AutoGanj#4302[0m > <@1003196739517427806> you have been timed out for invite for spamming, this may result in a ban. You have been warned 0 times.
[autoganjlogs] [2022-08-02 @ 12:36:22] ::          📜member-log :: [[32mE:[0m (1) | [31mA:[0m (0) | [31mS:[0m (0) | [31mR:[0m (0)][1m       AutoGanj#4302[0m > 
[autoganjlogs] [2022-08-02 @ 12:40:31] ::             📜bot-log ::                  [[95mSTARTED TYPING[0m]> [34m[1m          gañjā#9046[0m @ 2022-08-02 11:40:31+00:00
