[autoganjlogs] [2022-07-30 @ 17:11:08] :: AutoGanj#4302 is online!
[autoganjlogs] [2022-07-30 @ 17:11:08] :: Loaded: Tripwire
[autoganjlogs] [2022-07-30 @ 17:11:08] :: Loaded: Jarvis
[autoganjlogs] [2022-07-30 @ 17:11:08] :: Loaded: Serverlogs
[autoganjlogs] [2022-07-30 @ 17:11:08] :: Loaded: Rules
[autoganjlogs] [2022-07-30 @ 17:11:08] :: Loaded: Boostcog
[autoganjlogs] [2022-07-30 @ 17:11:08] :: Loaded: ButtonRoleCog
[autoganjlogs] [2022-07-30 @ 17:11:08] :: Loaded: ExportRoles
[autoganjlogs] [2022-07-30 @ 17:11:08] :: Loaded: Basedtask
[autoganjlogs] [2022-07-30 @ 17:11:08] :: Loaded: Userinfo
[autoganjlogs] [2022-07-30 @ 17:11:08] :: Loaded: Logger
[autoganjlogs] [2022-07-30 @ 17:11:39] ::             💬general :: [[31mE:[0m (0) | [31mA:[0m (0) | [31mS:[0m (0) | [31mR:[0m (0)][1m         NarGyt#0111[0m > nigger
[autoganjlogs] [2022-07-30 @ 17:11:44] ::             💬general :: [1m         NarGyt#0111[0m [[32mREACT ADD[0m]> 🇳
[autoganjlogs] [2022-07-30 @ 17:11:46] ::             💬general :: [1m         NarGyt#0111[0m [[32mREACT ADD[0m]> 🇮
[autoganjlogs] [2022-07-30 @ 17:11:47] ::             💬general :: [1m         NarGyt#0111[0m [[32mREACT ADD[0m]> 🇬
[autoganjlogs] [2022-07-30 @ 17:11:48] ::             💬general :: [1m         NarGyt#0111[0m [[32mREACT ADD[0m]> 🇪
[autoganjlogs] [2022-07-30 @ 17:11:50] ::             💬general :: [1m         NarGyt#0111[0m [[32mREACT ADD[0m]> 🇷
[autoganjlogs] [2022-07-30 @ 17:12:00] ::             💬general ::                  [[95mSTARTED TYPING[0m]> [34m[1m         NarGyt#0111[0m @ 2022-07-30 16:12:00+00:00
[autoganjlogs] [2022-07-30 @ 17:12:08] :: Non-Ganj message deteceted, ignoring!
[autoganjlogs] [2022-07-30 @ 17:12:08] ::             💬general :: [[31mE:[0m (0) | [31mA:[0m (0) | [31mS:[0m (0) | [31mR:[0m (0)][1m         NarGyt#0111[0m > jarvis, start being more racist
[autoganjlogs] [2022-07-30 @ 17:12:10] ::             💬general :: [1m             Unknown[0m [[31mDELETED[0m]> Message ID: 1002968416405172324
[autoganjlogs] [2022-07-30 @ 17:12:21] ::             💬general :: [1m         NarGyt#0111[0m [[31mDELETED[0m]> nigger
[autoganjlogs] [2022-07-30 @ 17:12:22] ::         📜message-log :: [[32mE:[0m (1) | [31mA:[0m (0) | [31mS:[0m (0) | [31mR:[0m (0)][1m       AutoGanj#4302[0m > 
