[autoganjlogs] [2022-08-04 @ 19:56:40] :: AutoGanj#4302 is online!
[autoganjlogs] [2022-08-04 @ 19:56:40] :: Loaded: Basedtask
[autoganjlogs] [2022-08-04 @ 19:56:40] :: Loaded: Boostcog
[autoganjlogs] [2022-08-04 @ 19:56:40] :: Loaded: Dispam
[autoganjlogs] [2022-08-04 @ 19:56:40] :: Loaded: ExportRoles
[autoganjlogs] [2022-08-04 @ 19:56:40] :: Loaded: Jarvis
[autoganjlogs] [2022-08-04 @ 19:56:40] :: Loaded: Logger
[autoganjlogs] [2022-08-04 @ 19:56:40] :: Loaded: Quotatask
[autoganjlogs] [2022-08-04 @ 19:56:40] :: Loaded: RaidDefense
[autoganjlogs] [2022-08-04 @ 19:56:40] :: Loaded: RoleManagement
[autoganjlogs] [2022-08-04 @ 19:56:40] :: Loaded: Rules
[autoganjlogs] [2022-08-04 @ 19:56:40] :: Loaded: Serverlogs
[autoganjlogs] [2022-08-04 @ 19:56:40] :: Loaded: Tripwire
[autoganjlogs] [2022-08-04 @ 19:56:40] :: Loaded: Userinfo
[autoganjlogs] [2022-08-04 @ 19:56:40] :: ------------------
[autoganjlogs] [2022-08-04 @ 19:56:40] :: Loaded: 13 cogs
[autoganjlogs] [2022-08-04 @ 19:56:40] :: Connected to server: Middle Ground (Members: 114)...
[autoganjlogs] [2022-08-04 @ 19:56:41] :: Connected to server: 🌳🌳The Old Forest🌳🌳 (Members: 5)...
[autoganjlogs] [2022-08-04 @ 19:56:41] :: Connected to server: PillBox (Members: 6)...
[autoganjlogs] [2022-08-04 @ 19:56:41] :: Loading views...
[autoganjlogs] [2022-08-04 @ 19:56:41] :: Loaded 3 invites from 3 servers.
[autoganjlogs] [2022-08-04 @ 19:56:51] ::      🔍mg-private-eye :: [[31mE:[0m (0) | [31mA:[0m (0) | [31mS:[0m (0) | [31mR:[0m (0)][1m          gañjā#9046[0m > &target tomacatx1, imnotsteve
[autoganjlogs] [2022-08-04 @ 19:56:51] ::             📜mod-log :: [[32mE:[0m (1) | [31mA:[0m (0) | [31mS:[0m (0) | [31mR:[0m (0)][1m       AutoGanj#4302[0m > 
[autoganjlogs] [2022-08-04 @ 19:56:51] :: List of Member: <class 'list'>
[autoganjlogs] [2022-08-04 @ 19:56:51] :: Error handling "on_command_error" with "<class 'discord.ext.commands.context.Context'>: <discord.ext.commands.context.Context object at 0x7f76b18d0730>, <class 'discord.ext.commands.errors.CommandInvokeError'>: Command raised an exception: AttributeError: 'str' object has no attribute 'add_roles'" ""
[autoganjlogs] [2022-08-04 @ 19:56:51] ::             📜bot-log :: [[32mE:[0m (1) | [31mA:[0m (0) | [31mS:[0m (0) | [31mR:[0m (0)][1m       AutoGanj#4302[0m > 
[autoganjlogs] [2022-08-04 @ 19:57:21] ::      🔍mg-private-eye :: [[31mE:[0m (0) | [31mA:[0m (0) | [31mS:[0m (0) | [31mR:[0m (0)][1m          gañjā#9046[0m > &target tomacatx1, imnotsteve
[autoganjlogs] [2022-08-04 @ 19:57:22] ::             📜mod-log :: [[32mE:[0m (1) | [31mA:[0m (0) | [31mS:[0m (0) | [31mR:[0m (0)][1m       AutoGanj#4302[0m > 
[autoganjlogs] [2022-08-04 @ 19:57:22] :: List of Member: <class 'str'>
[autoganjlogs] [2022-08-04 @ 19:57:22] :: Error handling "on_command_error" with "<class 'discord.ext.commands.context.Context'>: <discord.ext.commands.context.Context object at 0x7f76b103fd30>, <class 'discord.ext.commands.errors.CommandInvokeError'>: Command raised an exception: AttributeError: 'str' object has no attribute 'add_roles'" ""
[autoganjlogs] [2022-08-04 @ 19:57:22] ::             📜bot-log :: [[32mE:[0m (1) | [31mA:[0m (0) | [31mS:[0m (0) | [31mR:[0m (0)][1m       AutoGanj#4302[0m > 
[autoganjlogs] [2022-08-04 @ 19:57:45] ::                 🔆irl ::                  [[95mSTARTED TYPING[0m]> [34m[1mSuper Bi and Proud#3039[0m @ 2022-08-04 18:57:45+00:00
[autoganjlogs] [2022-08-04 @ 19:57:55] ::                 🔆irl ::                  [[95mSTARTED TYPING[0m]> [34m[1mSuper Bi and Proud#3039[0m @ 2022-08-04 18:57:55+00:00
[autoganjlogs] [2022-08-04 @ 19:58:05] ::                 🔆irl :: [[31mE:[0m (0) | [31mA:[0m (0) | [31mS:[0m (0) | [31mR:[0m (0)][1mSuper Bi and Proud#3039[0m > One of the names I went by when I was "nonbinary" was Varo.
[autoganjlogs] [2022-08-04 @ 19:58:23] ::                 🔆irl ::                  [[95mSTARTED TYPING[0m]> [34m[1m      tomacatx1#0199[0m @ 2022-08-04 18:58:22+00:00
[autoganjlogs] [2022-08-04 @ 19:58:25] ::                 🔆irl :: [[31mE:[0m (0) | [31mA:[0m (0) | [31mS:[0m (0) | [31mR:[0m (0)][1m      tomacatx1#0199[0m > noted in your dossier
[autoganjlogs] [2022-08-04 @ 19:58:35] ::                 🔆irl ::                  [[95mSTARTED TYPING[0m]> [34m[1mSuper Bi and Proud#3039[0m @ 2022-08-04 18:58:35+00:00
[autoganjlogs] [2022-08-04 @ 19:58:44] ::                 🔆irl :: [[31mE:[0m (0) | [31mA:[0m (0) | [31mS:[0m (0) | [31mR:[0m (0)][1mSuper Bi and Proud#3039[0m > Such importance, to have a dossier.
[autoganjlogs] [2022-08-04 @ 19:59:04] ::                 🔆irl ::                  [[95mSTARTED TYPING[0m]> [34m[1m      tomacatx1#0199[0m @ 2022-08-04 18:59:04+00:00
[autoganjlogs] [2022-08-04 @ 19:59:05] ::      🔍mg-private-eye ::                  [[95mSTARTED TYPING[0m]> [34m[1m          gañjā#9046[0m @ 2022-08-04 18:59:05+00:00
[autoganjlogs] [2022-08-04 @ 19:59:11] ::      🔍mg-private-eye :: [[31mE:[0m (0) | [31mA:[0m (0) | [31mS:[0m (0) | [31mR:[0m (0)][1m          gañjā#9046[0m > &target tomacatx1, imnotsteve
[autoganjlogs] [2022-08-04 @ 19:59:12] ::             📜mod-log :: [[32mE:[0m (1) | [31mA:[0m (0) | [31mS:[0m (0) | [31mR:[0m (0)][1m       AutoGanj#4302[0m > 
[autoganjlogs] [2022-08-04 @ 19:59:12] :: List of Member: <class 'str'>
[autoganjlogs] [2022-08-04 @ 19:59:12] :: Error handling "on_command_error" with "<class 'discord.ext.commands.context.Context'>: <discord.ext.commands.context.Context object at 0x7f76b1043340>, <class 'discord.ext.commands.errors.CommandInvokeError'>: Command raised an exception: AttributeError: 'str' object has no attribute 'add_roles'" ""
[autoganjlogs] [2022-08-04 @ 19:59:12] ::             📜bot-log :: [[32mE:[0m (1) | [31mA:[0m (0) | [31mS:[0m (0) | [31mR:[0m (0)][1m       AutoGanj#4302[0m > 
[autoganjlogs] [2022-08-04 @ 19:59:12] ::                 🔆irl ::                  [[95mSTARTED TYPING[0m]> [34m[1m      tomacatx1#0199[0m @ 2022-08-04 18:59:12+00:00
[autoganjlogs] [2022-08-04 @ 19:59:13] ::                 🔆irl :: [[31mE:[0m (0) | [31mA:[0m (0) | [31mS:[0m (0) | [31mR:[0m (0)][1m      tomacatx1#0199[0m > youre my favorite potential mass shooter
[autoganjlogs] [2022-08-04 @ 19:59:19] ::                 🔆irl ::                  [[95mSTARTED TYPING[0m]> [34m[1mSuper Bi and Proud#3039[0m @ 2022-08-04 18:59:18+00:00
[autoganjlogs] [2022-08-04 @ 19:59:22] ::      🔍mg-private-eye ::                  [[95mSTARTED TYPING[0m]> [34m[1m      tomacatx1#0199[0m @ 2022-08-04 18:59:22+00:00
[autoganjlogs] [2022-08-04 @ 19:59:24] ::                 🔆irl :: [[31mE:[0m (0) | [31mA:[0m (0) | [31mS:[0m (0) | [31mR:[0m (0)][1mSuper Bi and Proud#3039[0m > Not the first time I've been told that.
[autoganjlogs] [2022-08-04 @ 19:59:26] ::      🔍mg-private-eye :: [[31mE:[0m (0) | [31mA:[0m (0) | [31mS:[0m (0) | [31mR:[0m (0)][1m      tomacatx1#0199[0m > dude im like a punching bag here
[autoganjlogs] [2022-08-04 @ 19:59:28] ::      🔍mg-private-eye ::                  [[95mSTARTED TYPING[0m]> [34m[1m      tomacatx1#0199[0m @ 2022-08-04 18:59:28+00:00
[autoganjlogs] [2022-08-04 @ 19:59:36] ::      🔍mg-private-eye :: [[31mE:[0m (0) | [31mA:[0m (0) | [31mS:[0m (0) | [31mR:[0m (0)][1m      tomacatx1#0199[0m > they dont want tom anymore, they want a punching bag, im chopped liver
[autoganjlogs] [2022-08-04 @ 19:59:38] ::                 🔆irl ::                  [[95mSTARTED TYPING[0m]> [34m[1mSuper Bi and Proud#3039[0m @ 2022-08-04 18:59:38+00:00
[autoganjlogs] [2022-08-04 @ 19:59:43] ::      🔍mg-private-eye :: [[31mE:[0m (0) | [31mA:[0m (0) | [31mS:[0m (0) | [31mR:[0m (0)][1m          gañjā#9046[0m > wdym?
[autoganjlogs] [2022-08-04 @ 19:59:48] ::                 🔆irl ::                  [[95mSTARTED TYPING[0m]> [34m[1mSuper Bi and Proud#3039[0m @ 2022-08-04 18:59:48+00:00
[autoganjlogs] [2022-08-04 @ 19:59:58] ::                 🔆irl ::                  [[95mSTARTED TYPING[0m]> [34m[1mSuper Bi and Proud#3039[0m @ 2022-08-04 18:59:58+00:00
[autoganjlogs] [2022-08-04 @ 20:00:01] ::      🔍mg-private-eye ::                  [[95mSTARTED TYPING[0m]> [34m[1m      tomacatx1#0199[0m @ 2022-08-04 19:00:01+00:00
[autoganjlogs] [2022-08-04 @ 20:00:03] ::      🔍mg-private-eye :: [[31mE:[0m (0) | [31mA:[0m (0) | [31mS:[0m (0) | [31mR:[0m (0)][1m      tomacatx1#0199[0m > just a joke
[autoganjlogs] [2022-08-04 @ 20:00:05] ::      🔍mg-private-eye :: [[31mE:[0m (0) | [31mA:[0m (0) | [31mS:[0m (0) | [31mR:[0m (0)][1m      tomacatx1#0199[0m > continue
[autoganjlogs] [2022-08-04 @ 20:00:06] ::      🔍mg-private-eye :: [[31mE:[0m (0) | [31mA:[0m (0) | [31mS:[0m (0) | [31mR:[0m (0)][1m          gañjā#9046[0m > oh
[autoganjlogs] [2022-08-04 @ 20:00:08] ::                 🔆irl ::                  [[95mSTARTED TYPING[0m]> [34m[1mSuper Bi and Proud#3039[0m @ 2022-08-04 19:00:08+00:00
[autoganjlogs] [2022-08-04 @ 20:00:12] ::      🔍mg-private-eye ::                  [[95mSTARTED TYPING[0m]> [34m[1m          gañjā#9046[0m @ 2022-08-04 19:00:12+00:00
[autoganjlogs] [2022-08-04 @ 20:00:15] ::      🔍mg-private-eye :: [[31mE:[0m (0) | [31mA:[0m (0) | [31mS:[0m (0) | [31mR:[0m (0)][1m          gañjā#9046[0m > you meant the hunter/seekers
[autoganjlogs] [2022-08-04 @ 20:00:16] ::      🔍mg-private-eye :: [[31mE:[0m (0) | [31mA:[0m (0) | [31mS:[0m (0) | [31mR:[0m (0)][1m          gañjā#9046[0m > yes
[autoganjlogs] [2022-08-04 @ 20:00:18] ::      🔍mg-private-eye ::                  [[95mSTARTED TYPING[0m]> [34m[1m          gañjā#9046[0m @ 2022-08-04 19:00:18+00:00
[autoganjlogs] [2022-08-04 @ 20:00:18] ::                 🔆irl :: [[31mE:[0m (0) | [31mA:[0m (0) | [31mS:[0m (0) | [31mR:[0m (0)][1mSuper Bi and Proud#3039[0m > Was told more directly "you may as well have april 20th, 1999 tattooed on your forehead"...that's the date of columbine for reference.
[autoganjlogs] [2022-08-04 @ 20:00:20] ::      🔍mg-private-eye :: [[31mE:[0m (0) | [31mA:[0m (0) | [31mS:[0m (0) | [31mR:[0m (0)][1m          gañjā#9046[0m > they are persistent 😌
[autoganjlogs] [2022-08-04 @ 20:00:29] ::      🔍mg-private-eye :: [[31mE:[0m (0) | [31mA:[0m (0) | [31mS:[0m (0) | [31mR:[0m (0)][1m          gañjā#9046[0m > &target tomacatx1, imnotsteve
[autoganjlogs] [2022-08-04 @ 20:00:29] ::             📜mod-log :: [[32mE:[0m (1) | [31mA:[0m (0) | [31mS:[0m (0) | [31mR:[0m (0)][1m       AutoGanj#4302[0m > 
[autoganjlogs] [2022-08-04 @ 20:00:29] :: List of Member: <class 'str'>
[autoganjlogs] [2022-08-04 @ 20:00:29] :: Error handling "on_command_error" with "<class 'discord.ext.commands.context.Context'>: <discord.ext.commands.context.Context object at 0x7f76b19154c0>, <class 'discord.ext.commands.errors.CommandInvokeError'>: Command raised an exception: AttributeError: 'str' object has no attribute 'add_roles'" ""
[autoganjlogs] [2022-08-04 @ 20:00:29] ::             📜bot-log :: [[32mE:[0m (1) | [31mA:[0m (0) | [31mS:[0m (0) | [31mR:[0m (0)][1m       AutoGanj#4302[0m > 
[autoganjlogs] [2022-08-04 @ 20:00:35] ::                 🔆irl ::                  [[95mSTARTED TYPING[0m]> [34m[1mSuper Bi and Proud#3039[0m @ 2022-08-04 19:00:35+00:00
[autoganjlogs] [2022-08-04 @ 20:00:39] ::                 🔆irl :: [[31mE:[0m (0) | [31mA:[0m (0) | [31mS:[0m (0) | [31mR:[0m (0)][1mSuper Bi and Proud#3039[0m > That guy had good jokes.
[autoganjlogs] [2022-08-04 @ 20:01:00] ::          🌍world-news ::                  [[95mSTARTED TYPING[0m]> [34m[1mSuper Bi and Proud#3039[0m @ 2022-08-04 19:01:00+00:00
[autoganjlogs] [2022-08-04 @ 20:01:10] ::          🌍world-news ::                  [[95mSTARTED TYPING[0m]> [34m[1mSuper Bi and Proud#3039[0m @ 2022-08-04 19:01:10+00:00
[autoganjlogs] [2022-08-04 @ 20:01:18] ::          🌍world-news :: [[31mE:[0m (0) | [31mA:[0m (0) | [31mS:[0m (0) | [31mR:[0m (0)][1mSuper Bi and Proud#3039[0m > I'm certain I can round up the gays and get the lockdowns called homophobic and canceled.
[autoganjlogs] [2022-08-04 @ 20:01:33] ::      🔍mg-private-eye :: [[31mE:[0m (0) | [31mA:[0m (0) | [31mS:[0m (0) | [31mR:[0m (0)][1m      tomacatx1#0199[0m > https://youtu.be/YVkUvmDQ3HY?t=57
[autoganjlogs] [2022-08-04 @ 20:01:33] ::      🔍mg-private-eye :: [1m             Unknown[0m [[33mEDITED[0m]> Message ID: 1004826443844431903
[autoganjlogs] [2022-08-04 @ 20:01:33] ::         📜message-log :: [[32mE:[0m (1) | [31mA:[0m (0) | [31mS:[0m (0) | [31mR:[0m (0)][1m       AutoGanj#4302[0m > 
[autoganjlogs] [2022-08-04 @ 20:01:39] ::      🔍mg-private-eye :: [[31mE:[0m (0) | [31mA:[0m (0) | [31mS:[0m (0) | [31mR:[0m (0)][1m          gañjā#9046[0m > &target tomacatx1, imnotsteve
[autoganjlogs] [2022-08-04 @ 20:01:39] ::             📜mod-log :: [[32mE:[0m (1) | [31mA:[0m (0) | [31mS:[0m (0) | [31mR:[0m (0)][1m       AutoGanj#4302[0m > 
[autoganjlogs] [2022-08-04 @ 20:01:39] :: List of Member: <class 'str'>
[autoganjlogs] [2022-08-04 @ 20:01:39] :: Error handling "on_command_error" with "<class 'discord.ext.commands.context.Context'>: <discord.ext.commands.context.Context object at 0x7f76b1063190>, <class 'discord.ext.commands.errors.CommandInvokeError'>: Command raised an exception: AttributeError: 'NoneType' object has no attribute 'add_roles'" ""
[autoganjlogs] [2022-08-04 @ 20:01:40] ::             📜bot-log :: [[32mE:[0m (1) | [31mA:[0m (0) | [31mS:[0m (0) | [31mR:[0m (0)][1m       AutoGanj#4302[0m > 
[autoganjlogs] [2022-08-04 @ 20:01:55] ::      🔍mg-private-eye :: [[31mE:[0m (0) | [31mA:[0m (0) | [31mS:[0m (0) | [31mR:[0m (0)][1m          gañjā#9046[0m > &target tomacatx1, imnotsteve
[autoganjlogs] [2022-08-04 @ 20:01:55] ::             📜mod-log :: [[32mE:[0m (1) | [31mA:[0m (0) | [31mS:[0m (0) | [31mR:[0m (0)][1m       AutoGanj#4302[0m > 
[autoganjlogs] [2022-08-04 @ 20:01:55] :: List of Member: t: <class 'str'>
[autoganjlogs] [2022-08-04 @ 20:01:55] :: Error handling "on_command_error" with "<class 'discord.ext.commands.context.Context'>: <discord.ext.commands.context.Context object at 0x7f76b18e62b0>, <class 'discord.ext.commands.errors.CommandInvokeError'>: Command raised an exception: AttributeError: 'NoneType' object has no attribute 'add_roles'" ""
[autoganjlogs] [2022-08-04 @ 20:01:55] ::             📜bot-log :: [[32mE:[0m (1) | [31mA:[0m (0) | [31mS:[0m (0) | [31mR:[0m (0)][1m       AutoGanj#4302[0m > 
[autoganjlogs] [2022-08-04 @ 20:02:58] ::      🔍mg-private-eye ::                  [[95mSTARTED TYPING[0m]> [34m[1m          gañjā#9046[0m @ 2022-08-04 19:02:58+00:00
[autoganjlogs] [2022-08-04 @ 20:03:02] ::      🔍mg-private-eye :: [[31mE:[0m (0) | [31mA:[0m (0) | [31mS:[0m (0) | [31mR:[0m (0)][1m          gañjā#9046[0m > &target <@514859386116767765> <@1003196739517427806>
[autoganjlogs] [2022-08-04 @ 20:03:02] ::             📜mod-log :: [[32mE:[0m (1) | [31mA:[0m (0) | [31mS:[0m (0) | [31mR:[0m (0)][1m       AutoGanj#4302[0m > 
[autoganjlogs] [2022-08-04 @ 20:03:03] :: Targeted Member: tomacatx1#0199: <class 'discord.member.Member'>
[autoganjlogs] [2022-08-04 @ 20:03:03] :: Error handling "on_command_error" with "<class 'discord.ext.commands.context.Context'>: <discord.ext.commands.context.Context object at 0x7f76b10435b0>, <class 'discord.ext.commands.errors.CommandInvokeError'>: Command raised an exception: AttributeError: 'NoneType' object has no attribute 'add_roles'" ""
[autoganjlogs] [2022-08-04 @ 20:03:03] ::             📜bot-log :: [[32mE:[0m (1) | [31mA:[0m (0) | [31mS:[0m (0) | [31mR:[0m (0)][1m       AutoGanj#4302[0m > 
[autoganjlogs] [2022-08-04 @ 20:03:26] ::      🔍mg-private-eye ::                  [[95mSTARTED TYPING[0m]> [34m[1m          gañjā#9046[0m @ 2022-08-04 19:03:26+00:00
[autoganjlogs] [2022-08-04 @ 20:03:32] ::      🔍mg-private-eye :: [[31mE:[0m (0) | [31mA:[0m (0) | [31mS:[0m (0) | [31mR:[0m (0)][1m          gañjā#9046[0m > &target <@514859386116767765> <@1003196739517427806>
[autoganjlogs] [2022-08-04 @ 20:03:32] ::             📜mod-log :: [[32mE:[0m (1) | [31mA:[0m (0) | [31mS:[0m (0) | [31mR:[0m (0)][1m       AutoGanj#4302[0m > 
[autoganjlogs] [2022-08-04 @ 20:03:32] :: Targeted Member: tomacatx1#0199: <class 'discord.member.Member'>
[autoganjlogs] [2022-08-04 @ 20:03:33] ::      🔍mg-private-eye :: [[31mE:[0m (0) | [31mA:[0m (0) | [31mS:[0m (0) | [31mR:[0m (0)][1m       AutoGanj#4302[0m > ```Target: tomacatx1#0199 scanned and locked.```
[autoganjlogs] [2022-08-04 @ 20:03:33] ::          📜member-log :: [[32mE:[0m (1) | [31mA:[0m (0) | [31mS:[0m (0) | [31mR:[0m (0)][1m       AutoGanj#4302[0m > 
[autoganjlogs] [2022-08-04 @ 20:03:33] ::      🔍mg-private-eye :: [[31mE:[0m (0) | [31mA:[0m (0) | [31mS:[0m (0) | [31mR:[0m (0)][1m       AutoGanj#4302[0m > ```Preparing countermeasures...```
[autoganjlogs] [2022-08-04 @ 20:03:33] :: Targeted Member: ImNotSteve#5260: <class 'discord.member.Member'>
[autoganjlogs] [2022-08-04 @ 20:03:33] ::            📜role-log :: [[32mE:[0m (1) | [31mA:[0m (0) | [31mS:[0m (0) | [31mR:[0m (0)][1m       AutoGanj#4302[0m > 
[autoganjlogs] [2022-08-04 @ 20:03:34] ::          📜member-log :: [[32mE:[0m (1) | [31mA:[0m (0) | [31mS:[0m (0) | [31mR:[0m (0)][1m       AutoGanj#4302[0m > 
[autoganjlogs] [2022-08-04 @ 20:03:34] ::      🔍mg-private-eye :: [[31mE:[0m (0) | [31mA:[0m (0) | [31mS:[0m (0) | [31mR:[0m (0)][1m       AutoGanj#4302[0m > ```Target: ImNotSteve#5260 scanned and locked.```
[autoganjlogs] [2022-08-04 @ 20:03:34] ::      🔍mg-private-eye :: [[31mE:[0m (0) | [31mA:[0m (0) | [31mS:[0m (0) | [31mR:[0m (0)][1m       AutoGanj#4302[0m > ```Preparing countermeasures...```
[autoganjlogs] [2022-08-04 @ 20:03:34] ::            📜role-log :: [[32mE:[0m (1) | [31mA:[0m (0) | [31mS:[0m (0) | [31mR:[0m (0)][1m       AutoGanj#4302[0m > 
[autoganjlogs] [2022-08-04 @ 20:03:34] ::      🔍mg-private-eye :: [1m          gañjā#9046[0m [[31mDELETED[0m]> &target @tomacatx1 @ImNotSteve
[autoganjlogs] [2022-08-04 @ 20:03:34] ::         📜message-log :: [[32mE:[0m (1) | [31mA:[0m (0) | [31mS:[0m (0) | [31mR:[0m (0)][1m       AutoGanj#4302[0m > 
[autoganjlogs] [2022-08-04 @ 20:03:37] ::      🔍mg-private-eye :: [[31mE:[0m (0) | [31mA:[0m (0) | [31mS:[0m (0) | [31mR:[0m (0)][1m          gañjā#9046[0m > nice
[autoganjlogs] [2022-08-04 @ 20:03:38] ::      🔍mg-private-eye :: [[31mE:[0m (0) | [31mA:[0m (0) | [31mS:[0m (0) | [31mR:[0m (0)][1m          gañjā#9046[0m > works
[autoganjlogs] [2022-08-04 @ 20:03:43] ::      🔍mg-private-eye :: [1m       AutoGanj#4302[0m [[31mDELETED[0m]> ```Target: tomacatx1#0199 scanned and locked.```
[autoganjlogs] [2022-08-04 @ 20:03:43] ::      🔍mg-private-eye :: [1m       AutoGanj#4302[0m [[31mDELETED[0m]> ```Preparing countermeasures...```
[autoganjlogs] [2022-08-04 @ 20:03:44] ::      🔍mg-private-eye :: [1m       AutoGanj#4302[0m [[31mDELETED[0m]> ```Target: ImNotSteve#5260 scanned and locked.```
[autoganjlogs] [2022-08-04 @ 20:03:44] ::      🔍mg-private-eye :: [1m       AutoGanj#4302[0m [[31mDELETED[0m]> ```Preparing countermeasures...```
[autoganjlogs] [2022-08-04 @ 20:03:45] ::      🔍mg-private-eye ::                  [[95mSTARTED TYPING[0m]> [34m[1m          gañjā#9046[0m @ 2022-08-04 19:03:45+00:00
[autoganjlogs] [2022-08-04 @ 20:03:52] ::      🔍mg-private-eye :: [[31mE:[0m (0) | [31mA:[0m (0) | [31mS:[0m (0) | [31mR:[0m (0)][1m          gañjā#9046[0m > &turnloose <@514859386116767765> <@1003196739517427806>
[autoganjlogs] [2022-08-04 @ 20:03:52] ::             📜mod-log :: [[32mE:[0m (1) | [31mA:[0m (0) | [31mS:[0m (0) | [31mR:[0m (0)][1m       AutoGanj#4302[0m > 
[autoganjlogs] [2022-08-04 @ 20:03:53] ::      🔍mg-private-eye :: [[31mE:[0m (0) | [31mA:[0m (0) | [31mS:[0m (0) | [31mR:[0m (0)][1m       AutoGanj#4302[0m > ```Target tomacatx1#0199 unlocked - standing by...```
[autoganjlogs] [2022-08-04 @ 20:03:53] ::          📜member-log :: [[32mE:[0m (1) | [31mA:[0m (0) | [31mS:[0m (0) | [31mR:[0m (0)][1m       AutoGanj#4302[0m > 
[autoganjlogs] [2022-08-04 @ 20:03:53] ::            📜role-log :: [[32mE:[0m (1) | [31mA:[0m (0) | [31mS:[0m (0) | [31mR:[0m (0)][1m       AutoGanj#4302[0m > 
[autoganjlogs] [2022-08-04 @ 20:03:53] ::      🔍mg-private-eye :: [[31mE:[0m (0) | [31mA:[0m (0) | [31mS:[0m (0) | [31mR:[0m (0)][1m       AutoGanj#4302[0m > ```Target ImNotSteve#5260 unlocked - standing by...```
[autoganjlogs] [2022-08-04 @ 20:03:53] ::          📜member-log :: [[32mE:[0m (1) | [31mA:[0m (0) | [31mS:[0m (0) | [31mR:[0m (0)][1m       AutoGanj#4302[0m > 
[autoganjlogs] [2022-08-04 @ 20:03:53] ::      🔍mg-private-eye :: [1m          gañjā#9046[0m [[31mDELETED[0m]> &turnloose @tomacatx1 @ImNotSteve
[autoganjlogs] [2022-08-04 @ 20:03:53] ::            📜role-log :: [[32mE:[0m (1) | [31mA:[0m (0) | [31mS:[0m (0) | [31mR:[0m (0)][1m       AutoGanj#4302[0m > 
[autoganjlogs] [2022-08-04 @ 20:03:54] ::         📜message-log :: [[32mE:[0m (1) | [31mA:[0m (0) | [31mS:[0m (0) | [31mR:[0m (0)][1m       AutoGanj#4302[0m > 
[autoganjlogs] [2022-08-04 @ 20:04:02] ::      🔍mg-private-eye ::                  [[95mSTARTED TYPING[0m]> [34m[1m          gañjā#9046[0m @ 2022-08-04 19:04:02+00:00
[autoganjlogs] [2022-08-04 @ 20:04:03] ::      🔍mg-private-eye :: [1m       AutoGanj#4302[0m [[31mDELETED[0m]> ```Target tomacatx1#0199 unlocked - standing by...```
[autoganjlogs] [2022-08-04 @ 20:04:03] ::      🔍mg-private-eye :: [1m       AutoGanj#4302[0m [[31mDELETED[0m]> ```Target ImNotSteve#5260 unlocked - standing by...```
[autoganjlogs] [2022-08-04 @ 20:04:11] ::     🏞the-gray-havens :: [1m             Unknown[0m [[31mDELETED[0m]> Message ID: 1004671940050571266
[autoganjlogs] [2022-08-04 @ 20:04:15] ::     🏞the-gray-havens :: [[31mE:[0m (0) | [31mA:[0m (0) | [31mS:[0m (0) | [31mR:[0m (0)][1m          gañjā#9046[0m > &help
[autoganjlogs] [2022-08-04 @ 20:04:15] ::     🏞the-gray-havens :: [[31mE:[0m (0) | [31mA:[0m (0) | [31mS:[0m (0) | [31mR:[0m (0)][1m       AutoGanj#4302[0m > ```
AutoGanj - Ganj has ascended to the digital nether!

Dispam:
  spam          Check the spam count of a user.
  spam_reset    Recent a users spam violations.
Jarvis:
  forget        Clear the prompt history. Do this if you get weird/no/repeati...
  prompthistory See your prompt history to better understand odd outputs (mai...
RaidDefense:
  analyze       Run a user-info command on all targets.
  arrest        Move the target into custody.
  lockdown      Lock the server down for a set amount of time.
  lockstatus    Check the status of the lockdown.
  target        Lock on to a target member.
  targetlist    Show all current bogeys.
  unlock        Unlock the server.
Userinfo:
  leaderboard   Lists the top 10 users along with their current role and curr...
  userinfo      Get info about a user
​No Category:
  help          Shows this message

Type &help command for more info on a command.
You can also type &help category for more info on a category.
```
[autoganjlogs] [2022-08-04 @ 20:04:19] ::     🏞the-gray-havens ::                  [[95mSTARTED TYPING[0m]> [34m[1m          gañjā#9046[0m @ 2022-08-04 19:04:18+00:00
[autoganjlogs] [2022-08-04 @ 20:04:27] ::     🏞the-gray-havens ::                  [[95mSTARTED TYPING[0m]> [34m[1m          gañjā#9046[0m @ 2022-08-04 19:04:27+00:00
[autoganjlogs] [2022-08-04 @ 20:04:35] ::     🏞the-gray-havens ::                  [[95mSTARTED TYPING[0m]> [34m[1m          gañjā#9046[0m @ 2022-08-04 19:04:35+00:00
[autoganjlogs] [2022-08-04 @ 20:04:43] ::     🏞the-gray-havens ::                  [[95mSTARTED TYPING[0m]> [34m[1m          gañjā#9046[0m @ 2022-08-04 19:04:43+00:00
[autoganjlogs] [2022-08-04 @ 20:04:53] ::     🏞the-gray-havens ::                  [[95mSTARTED TYPING[0m]> [34m[1m          gañjā#9046[0m @ 2022-08-04 19:04:53+00:00
[autoganjlogs] [2022-08-04 @ 20:05:01] ::     🏞the-gray-havens ::                  [[95mSTARTED TYPING[0m]> [34m[1m          gañjā#9046[0m @ 2022-08-04 19:05:01+00:00
[autoganjlogs] [2022-08-04 @ 20:05:09] ::     🏞the-gray-havens ::                  [[95mSTARTED TYPING[0m]> [34m[1m          gañjā#9046[0m @ 2022-08-04 19:05:09+00:00
[autoganjlogs] [2022-08-04 @ 20:05:18] ::     🏞the-gray-havens ::                  [[95mSTARTED TYPING[0m]> [34m[1m          gañjā#9046[0m @ 2022-08-04 19:05:18+00:00
[autoganjlogs] [2022-08-04 @ 20:05:26] ::     🏞the-gray-havens ::                  [[95mSTARTED TYPING[0m]> [34m[1m          gañjā#9046[0m @ 2022-08-04 19:05:26+00:00
[autoganjlogs] [2022-08-04 @ 20:05:36] ::     🏞the-gray-havens ::                  [[95mSTARTED TYPING[0m]> [34m[1m          gañjā#9046[0m @ 2022-08-04 19:05:36+00:00
[autoganjlogs] [2022-08-04 @ 20:05:44] ::     🏞the-gray-havens ::                  [[95mSTARTED TYPING[0m]> [34m[1m          gañjā#9046[0m @ 2022-08-04 19:05:44+00:00
[autoganjlogs] [2022-08-04 @ 20:05:52] ::     🏞the-gray-havens ::                  [[95mSTARTED TYPING[0m]> [34m[1m          gañjā#9046[0m @ 2022-08-04 19:05:52+00:00
[autoganjlogs] [2022-08-04 @ 20:06:00] ::     🏞the-gray-havens ::                  [[95mSTARTED TYPING[0m]> [34m[1m          gañjā#9046[0m @ 2022-08-04 19:06:00+00:00
[autoganjlogs] [2022-08-04 @ 20:06:09] ::     🏞the-gray-havens ::                  [[95mSTARTED TYPING[0m]> [34m[1m          gañjā#9046[0m @ 2022-08-04 19:06:09+00:00
[autoganjlogs] [2022-08-04 @ 20:06:16] ::     🏞the-gray-havens ::                  [[95mSTARTED TYPING[0m]> [34m[1m          gañjā#9046[0m @ 2022-08-04 19:06:16+00:00
[autoganjlogs] [2022-08-04 @ 20:06:24] ::     🏞the-gray-havens ::                  [[95mSTARTED TYPING[0m]> [34m[1m          gañjā#9046[0m @ 2022-08-04 19:06:24+00:00
[autoganjlogs] [2022-08-04 @ 20:06:43] ::     🏞the-gray-havens ::                  [[95mSTARTED TYPING[0m]> [34m[1m          gañjā#9046[0m @ 2022-08-04 19:06:43+00:00
[autoganjlogs] [2022-08-04 @ 20:06:53] ::     🏞the-gray-havens ::                  [[95mSTARTED TYPING[0m]> [34m[1m          gañjā#9046[0m @ 2022-08-04 19:06:53+00:00
[autoganjlogs] [2022-08-04 @ 20:07:01] ::     🏞the-gray-havens ::                  [[95mSTARTED TYPING[0m]> [34m[1m          gañjā#9046[0m @ 2022-08-04 19:07:01+00:00
[autoganjlogs] [2022-08-04 @ 20:07:09] ::     🏞the-gray-havens ::                  [[95mSTARTED TYPING[0m]> [34m[1m          gañjā#9046[0m @ 2022-08-04 19:07:09+00:00
[autoganjlogs] [2022-08-04 @ 20:07:24] ::     🏞the-gray-havens ::                  [[95mSTARTED TYPING[0m]> [34m[1m          gañjā#9046[0m @ 2022-08-04 19:07:23+00:00
[autoganjlogs] [2022-08-04 @ 20:07:32] ::     🏞the-gray-havens ::                  [[95mSTARTED TYPING[0m]> [34m[1m          gañjā#9046[0m @ 2022-08-04 19:07:32+00:00
[autoganjlogs] [2022-08-04 @ 20:07:40] ::     🏞the-gray-havens ::                  [[95mSTARTED TYPING[0m]> [34m[1m          gañjā#9046[0m @ 2022-08-04 19:07:40+00:00
[autoganjlogs] [2022-08-04 @ 20:07:48] ::     🏞the-gray-havens ::                  [[95mSTARTED TYPING[0m]> [34m[1m          gañjā#9046[0m @ 2022-08-04 19:07:48+00:00
[autoganjlogs] [2022-08-04 @ 20:08:03] ::     🏞the-gray-havens ::                  [[95mSTARTED TYPING[0m]> [34m[1m          gañjā#9046[0m @ 2022-08-04 19:08:03+00:00
[autoganjlogs] [2022-08-04 @ 20:09:41] ::     🏞the-gray-havens ::                  [[95mSTARTED TYPING[0m]> [34m[1m          gañjā#9046[0m @ 2022-08-04 19:09:41+00:00
[autoganjlogs] [2022-08-04 @ 20:09:51] ::     🏞the-gray-havens ::                  [[95mSTARTED TYPING[0m]> [34m[1m          gañjā#9046[0m @ 2022-08-04 19:09:50+00:00
[autoganjlogs] [2022-08-04 @ 20:09:58] ::     🏞the-gray-havens ::                  [[95mSTARTED TYPING[0m]> [34m[1m          gañjā#9046[0m @ 2022-08-04 19:09:58+00:00
[autoganjlogs] [2022-08-04 @ 20:10:11] ::     🏞the-gray-havens ::                  [[95mSTARTED TYPING[0m]> [34m[1m          gañjā#9046[0m @ 2022-08-04 19:10:11+00:00
[autoganjlogs] [2022-08-04 @ 20:10:19] ::     🏞the-gray-havens ::                  [[95mSTARTED TYPING[0m]> [34m[1m          gañjā#9046[0m @ 2022-08-04 19:10:19+00:00
[autoganjlogs] [2022-08-04 @ 20:10:29] ::     🏞the-gray-havens ::                  [[95mSTARTED TYPING[0m]> [34m[1m          gañjā#9046[0m @ 2022-08-04 19:10:29+00:00
[autoganjlogs] [2022-08-04 @ 20:10:37] ::     🏞the-gray-havens ::                  [[95mSTARTED TYPING[0m]> [34m[1m          gañjā#9046[0m @ 2022-08-04 19:10:37+00:00
[autoganjlogs] [2022-08-04 @ 20:10:45] ::     🏞the-gray-havens ::                  [[95mSTARTED TYPING[0m]> [34m[1m          gañjā#9046[0m @ 2022-08-04 19:10:45+00:00
[autoganjlogs] [2022-08-04 @ 20:10:53] ::     🏞the-gray-havens ::                  [[95mSTARTED TYPING[0m]> [34m[1m          gañjā#9046[0m @ 2022-08-04 19:10:53+00:00
[autoganjlogs] [2022-08-04 @ 20:11:02] ::     🏞the-gray-havens ::                  [[95mSTARTED TYPING[0m]> [34m[1m          gañjā#9046[0m @ 2022-08-04 19:11:02+00:00
[autoganjlogs] [2022-08-04 @ 20:11:04] ::     🏞the-gray-havens :: [1mSuper Bi and Proud#3039[0m [[32mREACT ADD[0m]> bansalute
[autoganjlogs] [2022-08-04 @ 20:11:06] ::     🏞the-gray-havens :: [1mSuper Bi and Proud#3039[0m [[32mREACT ADD[0m]> bansalute
[autoganjlogs] [2022-08-04 @ 20:11:11] ::     🏞the-gray-havens ::                  [[95mSTARTED TYPING[0m]> [34m[1m          gañjā#9046[0m @ 2022-08-04 19:11:11+00:00
[autoganjlogs] [2022-08-04 @ 20:11:21] ::     🏞the-gray-havens ::                  [[95mSTARTED TYPING[0m]> [34m[1m          gañjā#9046[0m @ 2022-08-04 19:11:21+00:00
[autoganjlogs] [2022-08-04 @ 20:12:38] ::     🏞the-gray-havens ::                  [[95mSTARTED TYPING[0m]> [34m[1m          gañjā#9046[0m @ 2022-08-04 19:12:37+00:00
[autoganjlogs] [2022-08-04 @ 20:12:47] ::     🏞the-gray-havens ::                  [[95mSTARTED TYPING[0m]> [34m[1m          gañjā#9046[0m @ 2022-08-04 19:12:47+00:00
[autoganjlogs] [2022-08-04 @ 20:15:35] ::          🌍world-news :: [1m      gitmo joe#4193[0m [[32mREACT ADD[0m]> 😌
[autoganjlogs] [2022-08-04 @ 20:17:40] ::     🏞the-gray-havens ::                  [[95mSTARTED TYPING[0m]> [34m[1m          gañjā#9046[0m @ 2022-08-04 19:17:40+00:00
[autoganjlogs] [2022-08-04 @ 20:17:58] ::     🏞the-gray-havens ::                  [[95mSTARTED TYPING[0m]> [34m[1m          gañjā#9046[0m @ 2022-08-04 19:17:58+00:00
[autoganjlogs] [2022-08-04 @ 20:18:08] ::     🏞the-gray-havens ::                  [[95mSTARTED TYPING[0m]> [34m[1m          gañjā#9046[0m @ 2022-08-04 19:18:08+00:00
[autoganjlogs] [2022-08-04 @ 20:18:18] ::     🏞the-gray-havens ::                  [[95mSTARTED TYPING[0m]> [34m[1m          gañjā#9046[0m @ 2022-08-04 19:18:18+00:00
[autoganjlogs] [2022-08-04 @ 20:18:26] ::     🏞the-gray-havens ::                  [[95mSTARTED TYPING[0m]> [34m[1m          gañjā#9046[0m @ 2022-08-04 19:18:26+00:00
[autoganjlogs] [2022-08-04 @ 20:18:34] ::     🏞the-gray-havens ::                  [[95mSTARTED TYPING[0m]> [34m[1m          gañjā#9046[0m @ 2022-08-04 19:18:34+00:00
[autoganjlogs] [2022-08-04 @ 20:18:43] ::     🏞the-gray-havens ::                  [[95mSTARTED TYPING[0m]> [34m[1m          gañjā#9046[0m @ 2022-08-04 19:18:43+00:00
[autoganjlogs] [2022-08-04 @ 20:18:51] ::     🏞the-gray-havens ::                  [[95mSTARTED TYPING[0m]> [34m[1m          gañjā#9046[0m @ 2022-08-04 19:18:51+00:00
[autoganjlogs] [2022-08-04 @ 20:18:59] ::     🏞the-gray-havens ::                  [[95mSTARTED TYPING[0m]> [34m[1m          gañjā#9046[0m @ 2022-08-04 19:18:59+00:00
[autoganjlogs] [2022-08-04 @ 20:19:07] ::     🏞the-gray-havens ::                  [[95mSTARTED TYPING[0m]> [34m[1m          gañjā#9046[0m @ 2022-08-04 19:19:07+00:00
[autoganjlogs] [2022-08-04 @ 20:19:17] ::     🏞the-gray-havens ::                  [[95mSTARTED TYPING[0m]> [34m[1m          gañjā#9046[0m @ 2022-08-04 19:19:16+00:00
[autoganjlogs] [2022-08-04 @ 20:19:25] ::     🏞the-gray-havens ::                  [[95mSTARTED TYPING[0m]> [34m[1m          gañjā#9046[0m @ 2022-08-04 19:19:25+00:00
[autoganjlogs] [2022-08-04 @ 20:19:33] ::     🏞the-gray-havens ::                  [[95mSTARTED TYPING[0m]> [34m[1m          gañjā#9046[0m @ 2022-08-04 19:19:33+00:00
[autoganjlogs] [2022-08-04 @ 20:19:41] ::     🏞the-gray-havens ::                  [[95mSTARTED TYPING[0m]> [34m[1m          gañjā#9046[0m @ 2022-08-04 19:19:41+00:00
[autoganjlogs] [2022-08-04 @ 20:19:49] ::     🏞the-gray-havens ::                  [[95mSTARTED TYPING[0m]> [34m[1m          gañjā#9046[0m @ 2022-08-04 19:19:49+00:00
[autoganjlogs] [2022-08-04 @ 20:19:59] ::     🏞the-gray-havens ::                  [[95mSTARTED TYPING[0m]> [34m[1m          gañjā#9046[0m @ 2022-08-04 19:19:59+00:00
[autoganjlogs] [2022-08-04 @ 20:20:03] ::          🌍world-news ::                  [[95mSTARTED TYPING[0m]> [34m[1m      gitmo joe#4193[0m @ 2022-08-04 19:20:03+00:00
[autoganjlogs] [2022-08-04 @ 20:20:08] ::          🌍world-news :: [[31mE:[0m (0) | [31mA:[0m (0) | [31mS:[0m (0) | [31mR:[0m (0)][1m      gitmo joe#4193[0m > Reminxdf
[autoganjlogs] [2022-08-04 @ 20:20:08] ::     🏞the-gray-havens ::                  [[95mSTARTED TYPING[0m]> [34m[1m          gañjā#9046[0m @ 2022-08-04 19:20:08+00:00
[autoganjlogs] [2022-08-04 @ 20:20:11] ::          🌍world-news ::                  [[95mSTARTED TYPING[0m]> [34m[1m      gitmo joe#4193[0m @ 2022-08-04 19:20:11+00:00
[autoganjlogs] [2022-08-04 @ 20:20:14] ::          🌍world-news :: [1m      gitmo joe#4193[0m [[33mEDITED[0m]> Reminder
[autoganjlogs] [2022-08-04 @ 20:20:15] ::         📜message-log :: [[32mE:[0m (1) | [31mA:[0m (0) | [31mS:[0m (0) | [31mR:[0m (0)][1m       AutoGanj#4302[0m > 
[autoganjlogs] [2022-08-04 @ 20:20:15] ::         📜message-log :: [1m             Unknown[0m [[33mEDITED[0m]> Message ID: 1004831149077581947
[autoganjlogs] [2022-08-04 @ 20:20:15] ::          🌍world-news ::                  [[95mSTARTED TYPING[0m]> [34m[1m      gitmo joe#4193[0m @ 2022-08-04 19:20:15+00:00
[autoganjlogs] [2022-08-04 @ 20:20:17] ::     🏞the-gray-havens ::                  [[95mSTARTED TYPING[0m]> [34m[1m          gañjā#9046[0m @ 2022-08-04 19:20:16+00:00
[autoganjlogs] [2022-08-04 @ 20:20:17] ::          🌍world-news :: [[31mE:[0m (0) | [31mA:[0m (0) | [31mS:[0m (0) | [31mR:[0m (0)][1m      gitmo joe#4193[0m > Joe is right
[autoganjlogs] [2022-08-04 @ 20:20:25] ::     🏞the-gray-havens ::                  [[95mSTARTED TYPING[0m]> [34m[1m          gañjā#9046[0m @ 2022-08-04 19:20:25+00:00
[autoganjlogs] [2022-08-04 @ 20:20:34] ::     🏞the-gray-havens ::                  [[95mSTARTED TYPING[0m]> [34m[1m          gañjā#9046[0m @ 2022-08-04 19:20:34+00:00
[autoganjlogs] [2022-08-04 @ 20:20:43] ::     🏞the-gray-havens ::                  [[95mSTARTED TYPING[0m]> [34m[1m          gañjā#9046[0m @ 2022-08-04 19:20:43+00:00
[autoganjlogs] [2022-08-04 @ 20:20:52] ::     🏞the-gray-havens ::                  [[95mSTARTED TYPING[0m]> [34m[1m          gañjā#9046[0m @ 2022-08-04 19:20:51+00:00
[autoganjlogs] [2022-08-04 @ 20:21:00] ::     🏞the-gray-havens ::                  [[95mSTARTED TYPING[0m]> [34m[1m          gañjā#9046[0m @ 2022-08-04 19:21:00+00:00
[autoganjlogs] [2022-08-04 @ 20:21:09] ::     🏞the-gray-havens ::                  [[95mSTARTED TYPING[0m]> [34m[1m          gañjā#9046[0m @ 2022-08-04 19:21:09+00:00
[autoganjlogs] [2022-08-04 @ 20:21:11] ::     🏞the-gray-havens :: [[31mE:[0m (0) | [31mA:[0m (0) | [31mS:[0m (0) | [31mR:[0m (0)][1m          gañjā#9046[0m > @here use the &help command if you forget / or just check here. Look under Raid Defense.

The workflow is this:

**Targeting Users**
If you don't @ them it wont work for that user. Commas or not, doesn't matter, just mention them and nothing else.

```&target @user1 @user2 @user3``` 

**Optional: Analyze Targets**
Then you can ```&analyze``` which will print out the userinfo for each one. It takes up a lot of space so best to do this here in #🏞️the-gray-havens but the embeds auto delete so its not messy, just cluttery for a moment.

**Arrest them**
Once all targets are locked, then ```&arrest``` will put them all in the ```In the Jar``` role. They cant see channels and can't interact at all. There is no 'jail' channel. 

**Dire Emergencies Only**
In dire emergencies - use ```&lockdown``` to lock out all targets who have the ```Target Locked``` role - this is not a jail - its a limbo. It adds the ```House Arrest``` role and messages the user that there is a security concern with raiders and their access will be restored shortly.

DO NOT USE unless you are unable to resolve with normal tools. If there is no inbound flood of users this command is off-limits. If this is abused it will be taken away, this has the potential to severely damage our growth.

It is very quick to use ```target``` on 10-20 @mentions and then ```&arrest``` them - this should be a last resort if you can't keep up with the inbound joining raiders.
[autoganjlogs] [2022-08-04 @ 20:21:26] ::     🏞the-gray-havens ::                  [[95mSTARTED TYPING[0m]> [34m[1m          gañjā#9046[0m @ 2022-08-04 19:21:26+00:00
[autoganjlogs] [2022-08-04 @ 20:21:35] ::     🏞the-gray-havens ::                  [[95mSTARTED TYPING[0m]> [34m[1m          gañjā#9046[0m @ 2022-08-04 19:21:34+00:00
[autoganjlogs] [2022-08-04 @ 20:21:43] ::     🏞the-gray-havens ::                  [[95mSTARTED TYPING[0m]> [34m[1m          gañjā#9046[0m @ 2022-08-04 19:21:43+00:00
[autoganjlogs] [2022-08-04 @ 20:21:48] ::     🏞the-gray-havens :: [[31mE:[0m (0) | [31mA:[0m (0) | [31mS:[0m (0) | [31mR:[0m (0)][1m          gañjā#9046[0m > misuse or abuse of any of these tools will result in exclusion from all future moderation work.
[autoganjlogs] [2022-08-04 @ 20:22:02] ::     🏞the-gray-havens :: [1m          gañjā#9046[0m [[33mEDITED[0m]> @here use the &help command if you forget / or just check here. Look under Raid Defense.

The workflow is this:

**Targeting Users**
If you don't @ them it wont work for that user. Commas or not, doesn't matter, just mention them and nothing else.

```&target @user1 @user2 @user3``` 

**Optional: Analyze Targets**
Then you can ```&analyze``` which will print out the userinfo for each one. It takes up a lot of space so best to do this here in #🏞️the-gray-havens but the embeds auto delete so its not messy, just cluttery for a moment.

**Arrest them**
Once all targets are locked, then ```&arrest``` will put them all in the ```In the Jar``` role. They cant see channels and can't interact at all. There is no 'jail' channel. 

**Dire Emergencies Only**
In dire emergencies - use ```&lockdown``` to lock out all targets who have the ```Target Locked``` role - this is not a jail - its a limbo. It adds the ```House Arrest``` role and messages the user that there is a security concern with raiders and their access will be restored shortly.

DO NOT USE unless you are unable to resolve with normal tools. If there is no inbound flood of users this command is off-limits. If this is abused it will be taken away, this has the potential to severely damage our growth.

It is very quick to use ```&target``` on 10-20 @mentions and then ```&arrest``` them - this should be a last resort if you can't keep up with the inbound joining raiders.
[autoganjlogs] [2022-08-04 @ 20:22:02] :: Error handling "on_message_edit" with "<class 'discord.message.Message'>: <Message id=1004831386445828216 channel=<TextChannel id=1004660147139907584 name='🏞the-gray-havens' position=103 nsfw=False category_id=820077049036406806 news=False> type=<MessageType.default: 0> author=<Member id=218521566412013568 name='gañjā' discriminator='9046' bot=False nick='Ganj' guild=<Guild id=820077049036406805 name='Middle Ground' shard_id=0 chunked=True member_count=114>> flags=<MessageFlags value=0>>, <class 'discord.message.Message'>: <Message id=1004831386445828216 channel=<TextChannel id=1004660147139907584 name='🏞the-gray-havens' position=103 nsfw=False category_id=820077049036406806 news=False> type=<MessageType.default: 0> author=<Member id=218521566412013568 name='gañjā' discriminator='9046' bot=False nick='Ganj' guild=<Guild id=820077049036406805 name='Middle Ground' shard_id=0 chunked=True member_count=114>> flags=<MessageFlags value=0>>" ""
[autoganjlogs] [2022-08-04 @ 20:22:02] ::             📜bot-log :: [[32mE:[0m (1) | [31mA:[0m (0) | [31mS:[0m (0) | [31mR:[0m (0)][1m       AutoGanj#4302[0m > 
[autoganjlogs] [2022-08-04 @ 20:22:56] ::     🏞the-gray-havens :: [1m          gañjā#9046[0m [[33mEDITED[0m]> @here use the &help command if you forget / or just check here. Look under Raid Defense.

The workflow is this:

**Targeting Users**
If you don't @ them it wont work for that user. Commas or not, doesn't matter, just mention them and nothing else.

```&target @user1 @user2 @user3``` 

**Optional: Analyze Targets**
Then you can ```&analyze``` which will print out the userinfo for each one. It takes up a lot of space so best to do this here in #🏞️the-gray-havens but the embeds auto delete so its not messy, just cluttery for a moment.

**Arrest them**
Once all targets are locked, then `&arrest` will put them all in the `In the Jar` role. They cant see channels and can't interact at all. There is no 'jail' channel. 

**Dire Emergencies Only**
In dire emergencies - use `&lockdown` to lock out all targets who have the `Target Locked` role - this is not a jail - its a limbo. It adds the `House Arrest` role and messages the user that there is a security concern with raiders and their access will be restored shortly.

DO NOT USE unless you are unable to resolve with normal tools. If there is no inbound flood of users this command is off-limits. If this is abused it will be taken away, this has the potential to severely damage our growth.

It is very quick to use `&target` on 10-20 @mentions and then `&arrest` them - this should be a last resort if you can't keep up with the inbound joining raiders.
[autoganjlogs] [2022-08-04 @ 20:22:56] :: Error handling "on_message_edit" with "<class 'discord.message.Message'>: <Message id=1004831386445828216 channel=<TextChannel id=1004660147139907584 name='🏞the-gray-havens' position=103 nsfw=False category_id=820077049036406806 news=False> type=<MessageType.default: 0> author=<Member id=218521566412013568 name='gañjā' discriminator='9046' bot=False nick='Ganj' guild=<Guild id=820077049036406805 name='Middle Ground' shard_id=0 chunked=True member_count=114>> flags=<MessageFlags value=0>>, <class 'discord.message.Message'>: <Message id=1004831386445828216 channel=<TextChannel id=1004660147139907584 name='🏞the-gray-havens' position=103 nsfw=False category_id=820077049036406806 news=False> type=<MessageType.default: 0> author=<Member id=218521566412013568 name='gañjā' discriminator='9046' bot=False nick='Ganj' guild=<Guild id=820077049036406805 name='Middle Ground' shard_id=0 chunked=True member_count=114>> flags=<MessageFlags value=0>>" ""
[autoganjlogs] [2022-08-04 @ 20:22:56] ::             📜bot-log :: [[32mE:[0m (1) | [31mA:[0m (0) | [31mS:[0m (0) | [31mR:[0m (0)][1m       AutoGanj#4302[0m > 
[autoganjlogs] [2022-08-04 @ 20:23:16] ::     🏞the-gray-havens :: [1m          gañjā#9046[0m [[33mEDITED[0m]> @here use the &help command if you forget / or just check here. Look under Raid Defense.

The workflow is this:

**Targeting Users**
If you don't @ them it wont work for that user. Commas or not, doesn't matter, just mention them and nothing else.

`&target @user1 @user2 @user3` 

**Optional: Analyze Targets**
Then you can `&analyze` which will print out the userinfo for each one. It takes up a lot of space so best to do this here in #🏞️the-gray-havens but the embeds auto delete so its not messy, just cluttery for a moment.

**Arrest them**
Once all targets are locked, then `&arrest` will put them all in the `In the Jar` role. They cant see channels and can't interact at all. There is no 'jail' channel. 

**Dire Emergencies Only**
In dire emergencies - use `&lockdown` to lock out all targets who have the `Target Locked` role - this is not a jail - its a limbo. It adds the `House Arrest` role and messages the user that there is a security concern with raiders and their access will be restored shortly.

DO NOT USE unless you are unable to resolve with normal tools. If there is no inbound flood of users this command is off-limits. If this is abused it will be taken away, this has the potential to severely damage our growth.

It is very quick to use `&target` on 10-20 @mentions and then `&arrest` them - this should be a last resort if you can't keep up with the inbound joining raiders.
[autoganjlogs] [2022-08-04 @ 20:23:16] :: Error handling "on_message_edit" with "<class 'discord.message.Message'>: <Message id=1004831386445828216 channel=<TextChannel id=1004660147139907584 name='🏞the-gray-havens' position=103 nsfw=False category_id=820077049036406806 news=False> type=<MessageType.default: 0> author=<Member id=218521566412013568 name='gañjā' discriminator='9046' bot=False nick='Ganj' guild=<Guild id=820077049036406805 name='Middle Ground' shard_id=0 chunked=True member_count=114>> flags=<MessageFlags value=0>>, <class 'discord.message.Message'>: <Message id=1004831386445828216 channel=<TextChannel id=1004660147139907584 name='🏞the-gray-havens' position=103 nsfw=False category_id=820077049036406806 news=False> type=<MessageType.default: 0> author=<Member id=218521566412013568 name='gañjā' discriminator='9046' bot=False nick='Ganj' guild=<Guild id=820077049036406805 name='Middle Ground' shard_id=0 chunked=True member_count=114>> flags=<MessageFlags value=0>>" ""
[autoganjlogs] [2022-08-04 @ 20:23:17] ::             📜bot-log :: [[32mE:[0m (1) | [31mA:[0m (0) | [31mS:[0m (0) | [31mR:[0m (0)][1m       AutoGanj#4302[0m > 
[autoganjlogs] [2022-08-04 @ 20:25:02] ::          🌍world-news ::                  [[95mSTARTED TYPING[0m]> [34m[1m      tomacatx1#0199[0m @ 2022-08-04 19:25:02+00:00
[autoganjlogs] [2022-08-04 @ 20:25:04] ::          🌍world-news :: [[31mE:[0m (0) | [31mA:[0m (0) | [31mS:[0m (0) | [31mR:[0m (0)][1m      tomacatx1#0199[0m > he used to be quite left
[autoganjlogs] [2022-08-04 @ 20:25:06] ::          🌍world-news ::                  [[95mSTARTED TYPING[0m]> [34m[1m      tomacatx1#0199[0m @ 2022-08-04 19:25:06+00:00
[autoganjlogs] [2022-08-04 @ 20:25:07] ::          🌍world-news :: [[31mE:[0m (0) | [31mA:[0m (0) | [31mS:[0m (0) | [31mR:[0m (0)][1m      tomacatx1#0199[0m > in the not so distant past
[autoganjlogs] [2022-08-04 @ 20:26:05] ::          🌍world-news ::                  [[95mSTARTED TYPING[0m]> [34m[1m      gitmo joe#4193[0m @ 2022-08-04 19:26:04+00:00
[autoganjlogs] [2022-08-04 @ 20:26:15] ::          🌍world-news :: [[31mE:[0m (0) | [31mA:[0m (0) | [31mS:[0m (0) | [31mR:[0m (0)][1m      gitmo joe#4193[0m > Very right all the time now 😌
[autoganjlogs] [2022-08-04 @ 20:29:27] ::             💬general ::                  [[95mSTARTED TYPING[0m]> [34m[1m          gañjā#9046[0m @ 2022-08-04 19:29:27+00:00
[autoganjlogs] [2022-08-04 @ 20:29:31] ::             💬general :: [[31mE:[0m (0) | [31mA:[0m (0) | [31mS:[0m (0) | [31mR:[0m (0)][1m          gañjā#9046[0m > &target <@1003196739517427806>
[autoganjlogs] [2022-08-04 @ 20:29:31] :: Error: Command not found: Command "target" is not found
[autoganjlogs] [2022-08-04 @ 20:29:31] :: None
