[autoganjlogs] [2022-07-29 @ 13:51:57] :: AutoGanj#4302 is online!
[autoganjlogs] [2022-07-29 @ 13:51:57] :: Loaded: Tripwire
[autoganjlogs] [2022-07-29 @ 13:51:57] :: Loaded: Jarvis
[autoganjlogs] [2022-07-29 @ 13:51:57] :: Loaded: Boostcog
[autoganjlogs] [2022-07-29 @ 13:51:57] :: Loaded: ExportRoles
[autoganjlogs] [2022-07-29 @ 13:51:57] :: Loaded: Basedtask
[autoganjlogs] [2022-07-29 @ 13:51:57] :: Loaded: Userinfo
[autoganjlogs] [2022-07-29 @ 13:51:57] :: Loaded: Logger
[autoganjlogs] [2022-07-29 @ 13:52:09] ::       ðŸ¦¸anime-discuss :: [[31mE:[0m (0) | [31mA:[0m (0) | [31mS:[0m (0) | [31mR:[0m (0)][1mIceBladeNetwork#0001[0m > https://tenor.com/view/popeyes-disappointment-immeasurable-sad-not-happy-gif-13567943
[autoganjlogs] [2022-07-29 @ 13:52:09] ::       ðŸ¦¸anime-discuss :: [1m             Unknown[0m [[33mEDITED[0m]> Message ID: 1002559155506257980
[autoganjlogs] [2022-07-29 @ 13:52:18] ::       ðŸ¦¸anime-discuss :: [1mIceBladeNetwork#0001[0m [[31mDELETED[0m]> https://tenor.com/view/popeyes-disappointment-immeasurable-sad-not-happy-gif-13567943
[autoganjlogs] [2022-07-29 @ 13:52:18] ::         ðŸ“œmessage-log :: [[32mE:[0m (1) | [31mA:[0m (0) | [31mS:[0m (0) | [31mR:[0m (0)][1m           Dyno#0000[0m > 
[autoganjlogs] [2022-07-29 @ 13:52:26] ::       ðŸ¦¸anime-discuss :: [[32mE:[0m (1) | [31mA:[0m (0) | [31mS:[0m (0) | [31mR:[0m (0)][1mIceBladeNetwork#0001[0m > https://tenor.com/view/my-disappointment-is-immeasurable-and-gif-20080022
[autoganjlogs] [2022-07-29 @ 13:52:39] ::                 ðŸ”†irl :: [1mIceBladeNetwork#0001[0m [[32mREACT ADD[0m]> â­
[autoganjlogs] [2022-07-29 @ 13:52:39] :: A user has already reacted to this message!
[autoganjlogs] [2022-07-29 @ 13:54:08] ::       ðŸ¦¸anime-discuss :: [[95mSTARTED TYPING[0m]> [1m      gitmo joe#4193[0m @ 2022-07-29 12:54:08+00:00
[autoganjlogs] [2022-07-29 @ 13:54:18] ::       ðŸ¦¸anime-discuss :: [[95mSTARTED TYPING[0m]> [1m      gitmo joe#4193[0m @ 2022-07-29 12:54:18+00:00
[autoganjlogs] [2022-07-29 @ 13:54:23] ::       ðŸ¦¸anime-discuss :: [[31mE:[0m (0) | [31mA:[0m (0) | [31mS:[0m (0) | [31mR:[0m (0)][1m      gitmo joe#4193[0m > Weeb claims he has a pants wearing gee eff now tho
[autoganjlogs] [2022-07-29 @ 13:54:24] ::       ðŸ¦¸anime-discuss :: [[95mSTARTED TYPING[0m]> [1m      gitmo joe#4193[0m @ 2022-07-29 12:54:24+00:00
[autoganjlogs] [2022-07-29 @ 13:54:26] ::       ðŸ¦¸anime-discuss :: [[31mE:[0m (0) | [31mA:[0m (0) | [31mS:[0m (0) | [31mR:[0m (0)][1m      gitmo joe#4193[0m > You can ask him
[autoganjlogs] [2022-07-29 @ 13:54:27] ::       ðŸ¦¸anime-discuss :: [[95mSTARTED TYPING[0m]> [1m      gitmo joe#4193[0m @ 2022-07-29 12:54:26+00:00
[autoganjlogs] [2022-07-29 @ 13:55:49] ::       ðŸ¦¸anime-discuss :: [[95mSTARTED TYPING[0m]> [1mIceBladeNetwork#0001[0m @ 2022-07-29 12:55:49+00:00
