[autoganjlogs] [2022-07-30 @ 17:14:09] :: AutoGanj#4302 is online!
[autoganjlogs] [2022-07-30 @ 17:14:09] :: Loaded: Tripwire
[autoganjlogs] [2022-07-30 @ 17:14:09] :: Loaded: Jarvis
[autoganjlogs] [2022-07-30 @ 17:14:09] :: Loaded: Serverlogs
[autoganjlogs] [2022-07-30 @ 17:14:09] :: Loaded: Rules
[autoganjlogs] [2022-07-30 @ 17:14:09] :: Loaded: Boostcog
[autoganjlogs] [2022-07-30 @ 17:14:09] :: Loaded: ButtonRoleCog
[autoganjlogs] [2022-07-30 @ 17:14:09] :: Loaded: ExportRoles
[autoganjlogs] [2022-07-30 @ 17:14:09] :: Loaded: Basedtask
[autoganjlogs] [2022-07-30 @ 17:14:09] :: Loaded: Userinfo
[autoganjlogs] [2022-07-30 @ 17:14:09] :: Loaded: Logger
[autoganjlogs] [2022-07-30 @ 17:14:09] :: Error handling "on_member_remove" with "<class 'discord.member.Member'>: NarGyt#0111" ""
[autoganjlogs] [2022-07-30 @ 17:14:09] :: Error handling "on_member_remove" with "<class 'discord.member.Member'>: NarGyt#0111" ""
[autoganjlogs] [2022-07-30 @ 17:14:09] ::             📜bot-log :: [[32mE:[0m (1) | [31mA:[0m (0) | [31mS:[0m (0) | [31mR:[0m (0)][1m       AutoGanj#4302[0m > 
[autoganjlogs] [2022-07-30 @ 17:14:10] ::             📜bot-log :: [[32mE:[0m (1) | [31mA:[0m (0) | [31mS:[0m (0) | [31mR:[0m (0)][1m       AutoGanj#4302[0m > 
[autoganjlogs] [2022-07-30 @ 17:14:22] :: Error handling "on_member_join" with "<class 'discord.member.Member'>: NarGyt#0111" ""
[autoganjlogs] [2022-07-30 @ 17:14:22] :: Error handling "on_member_join" with "<class 'discord.member.Member'>: NarGyt#0111" ""
[autoganjlogs] [2022-07-30 @ 17:14:22] ::             📜bot-log :: [[32mE:[0m (1) | [31mA:[0m (0) | [31mS:[0m (0) | [31mR:[0m (0)][1m       AutoGanj#4302[0m > 
[autoganjlogs] [2022-07-30 @ 17:14:22] ::     📜server-activity :: [[31mE:[0m (0) | [31mA:[0m (0) | [31mS:[0m (0) | [31mR:[0m (0)][1m         NarGyt#0111[0m > 
[autoganjlogs] [2022-07-30 @ 17:14:22] ::             📜bot-log :: [[32mE:[0m (1) | [31mA:[0m (0) | [31mS:[0m (0) | [31mR:[0m (0)][1m       AutoGanj#4302[0m > 
[autoganjlogs] [2022-07-30 @ 17:14:28] ::               📖rules :: [1m         NarGyt#0111[0m [[31mREACT REMOVE[0m]> ✅
[autoganjlogs] [2022-07-30 @ 17:14:28] ::             📜mod-log :: [[32mE:[0m (1) | [31mA:[0m (0) | [31mS:[0m (0) | [31mR:[0m (0)][1m       AutoGanj#4302[0m > 
[autoganjlogs] [2022-07-30 @ 17:14:28] ::               📖rules :: [1m         NarGyt#0111[0m [[32mREACT ADD[0m]> ✅
[autoganjlogs] [2022-07-30 @ 17:14:29] ::          📜member-log :: [[32mE:[0m (1) | [31mA:[0m (0) | [31mS:[0m (0) | [31mR:[0m (0)][1m       AutoGanj#4302[0m > 
[autoganjlogs] [2022-07-30 @ 17:14:29] ::            📜role-log :: [[32mE:[0m (1) | [31mA:[0m (0) | [31mS:[0m (0) | [31mR:[0m (0)][1m       AutoGanj#4302[0m > 
[autoganjlogs] [2022-07-30 @ 17:18:49] ::             💬general :: [[32mE:[0m (1) | [31mA:[0m (0) | [31mS:[0m (0) | [31mR:[0m (0)][1m         NarGyt#0111[0m > https://tenor.com/view/bread-nft-gif-24295414
[autoganjlogs] [2022-07-30 @ 17:20:29] ::             💬general :: [[31mE:[0m (0) | [31mA:[0m (0) | [31mS:[0m (0) | [31mR:[0m (0)][1m      tomacatx1#0199[0m > so true
[autoganjlogs] [2022-07-30 @ 17:20:30] ::             💬general :: [[31mE:[0m (0) | [31mA:[0m (0) | [31mS:[0m (0) | [31mR:[0m (0)][1m      tomacatx1#0199[0m > so so true
[autoganjlogs] [2022-07-30 @ 17:20:36] ::             💬general :: [[32mE:[0m (1) | [31mA:[0m (0) | [31mS:[0m (0) | [31mR:[0m (0)][1m      tomacatx1#0199[0m > https://tenor.com/view/bread-nft-gif-24295414
[autoganjlogs] [2022-07-30 @ 17:22:23] ::              🎮gaming :: [[31mE:[0m (0) | [32mA:[0m (1) | [31mS:[0m (0) | [31mR:[0m (0)][1m      tomacatx1#0199[0m > 
[autoganjlogs] [2022-07-30 @ 17:22:28] ::              🎮gaming :: [1m      tomacatx1#0199[0m [[31mDELETED[0m]> 
[autoganjlogs] [2022-07-30 @ 17:22:28] :: Error handling "on_message_delete" with "<class 'discord.message.Message'>: <Message id=1002974451291389972 channel=<TextChannel id=823247106650800199 name='🎮gaming' position=26 nsfw=False category_id=820095883454185483 news=False> type=<MessageType.reply: 19> author=<Member id=514859386116767765 name='tomacatx1' discriminator='0199' bot=False nick=None guild=<Guild id=820077049036406805 name='Middle Ground' shard_id=0 chunked=True member_count=97>> flags=<MessageFlags value=0>>" ""
[autoganjlogs] [2022-07-30 @ 17:22:29] ::             📜bot-log :: [[32mE:[0m (1) | [31mA:[0m (0) | [31mS:[0m (0) | [31mR:[0m (0)][1m       AutoGanj#4302[0m > 
[autoganjlogs] [2022-07-30 @ 17:23:21] ::         💩shitposting :: [[31mE:[0m (0) | [31mA:[0m (0) | [31mS:[0m (0) | [31mR:[0m (0)][1m      tomacatx1#0199[0m > https://cdn.discordapp.com/attachments/245858413643431936/1002970581492318258/DDLVID.COM-1549710742785499142.mp4
[autoganjlogs] [2022-07-30 @ 17:23:21] ::         💩shitposting :: [1m             Unknown[0m [[33mEDITED[0m]> Message ID: 1002974691662757980
[autoganjlogs] [2022-07-30 @ 17:23:21] ::         📜message-log :: [[32mE:[0m (1) | [31mA:[0m (0) | [31mS:[0m (0) | [31mR:[0m (0)][1m       AutoGanj#4302[0m > 
[autoganjlogs] [2022-07-30 @ 17:23:23] ::         💩shitposting ::                  [[95mSTARTED TYPING[0m]> [34m[1m      tomacatx1#0199[0m @ 2022-07-30 16:23:23+00:00
[autoganjlogs] [2022-07-30 @ 17:23:23] ::         💩shitposting :: [[31mE:[0m (0) | [31mA:[0m (0) | [31mS:[0m (0) | [31mR:[0m (0)][1m      tomacatx1#0199[0m > <@802384565695021108>
[autoganjlogs] [2022-07-30 @ 17:29:42] :: Error handling "on_member_remove" with "<class 'discord.member.Member'>: NarGyt#0111" ""
[autoganjlogs] [2022-07-30 @ 17:32:40] :: Error handling "on_guild_role_create" with "<class 'discord.role.Role'>: new role" ""
[autoganjlogs] [2022-07-30 @ 17:32:54] :: Error handling "on_guild_role_update" with "<class 'discord.role.Role'>: Dunce Cap, <class 'discord.role.Role'>: Dunce Cap" ""
[autoganjlogs] [2022-07-30 @ 17:32:55] :: Error handling "on_guild_role_update" with "<class 'discord.role.Role'>: DiscordServers.com, <class 'discord.role.Role'>: DiscordServers.com" ""
[autoganjlogs] [2022-07-30 @ 17:32:55] :: Error handling "on_guild_role_update" with "<class 'discord.role.Role'>: SCP Test Subject, <class 'discord.role.Role'>: SCP Test Subject" ""
[autoganjlogs] [2022-07-30 @ 17:32:55] :: Error handling "on_guild_role_update" with "<class 'discord.role.Role'>: Server Booster, <class 'discord.role.Role'>: Server Booster" ""
[autoganjlogs] [2022-07-30 @ 17:32:55] :: Error handling "on_guild_role_update" with "<class 'discord.role.Role'>: MG TTRPG - Ganj Campaign, <class 'discord.role.Role'>: MG TTRPG - Ganj Campaign" ""
[autoganjlogs] [2022-07-30 @ 17:32:59] :: Error handling "on_guild_role_update" with "<class 'discord.role.Role'>: MG TTRPG - Liddys Campaign, <class 'discord.role.Role'>: MG TTRPG - Liddys Campaign" ""
[autoganjlogs] [2022-07-30 @ 17:33:00] :: Error handling "on_guild_role_update" with "<class 'discord.role.Role'>: Special Noodle, <class 'discord.role.Role'>: Special Noodle" ""
[autoganjlogs] [2022-07-30 @ 17:33:00] :: Error handling "on_guild_role_update" with "<class 'discord.role.Role'>: MG X&Os Enjoyer, <class 'discord.role.Role'>: MG X&Os Enjoyer" ""
[autoganjlogs] [2022-07-30 @ 17:33:00] :: Error handling "on_guild_role_update" with "<class 'discord.role.Role'>: X&Os Bronze Champion, <class 'discord.role.Role'>: X&Os Bronze Champion" ""
[autoganjlogs] [2022-07-30 @ 17:33:00] :: Error handling "on_guild_role_update" with "<class 'discord.role.Role'>: X&Os Silver Champion, <class 'discord.role.Role'>: X&Os Silver Champion" ""
[autoganjlogs] [2022-07-30 @ 17:33:05] :: Error handling "on_guild_role_update" with "<class 'discord.role.Role'>: X&Os Gold Champion, <class 'discord.role.Role'>: X&Os Gold Champion" ""
[autoganjlogs] [2022-07-30 @ 17:33:05] :: Error handling "on_guild_role_update" with "<class 'discord.role.Role'>: MG Paddleboard Enjoyer, <class 'discord.role.Role'>: MG Paddleboard Enjoyer" ""
[autoganjlogs] [2022-07-30 @ 17:33:05] :: Error handling "on_guild_role_update" with "<class 'discord.role.Role'>: PB Bronze Champion, <class 'discord.role.Role'>: PB Bronze Champion" ""
[autoganjlogs] [2022-07-30 @ 17:33:05] :: Error handling "on_guild_role_update" with "<class 'discord.role.Role'>: PB Silver Champion, <class 'discord.role.Role'>: PB Silver Champion" ""
[autoganjlogs] [2022-07-30 @ 17:33:06] :: Error handling "on_guild_role_update" with "<class 'discord.role.Role'>: PB Gold Champion, <class 'discord.role.Role'>: PB Gold Champion" ""
[autoganjlogs] [2022-07-30 @ 17:33:10] :: Error handling "on_guild_role_update" with "<class 'discord.role.Role'>: warning - american, <class 'discord.role.Role'>: warning - american" ""
[autoganjlogs] [2022-07-30 @ 17:33:10] :: Error handling "on_guild_role_update" with "<class 'discord.role.Role'>: Cool Kid, <class 'discord.role.Role'>: Cool Kid" ""
[autoganjlogs] [2022-07-30 @ 17:33:10] :: Error handling "on_guild_role_update" with "<class 'discord.role.Role'>: MG Roleplayer, <class 'discord.role.Role'>: MG Roleplayer" ""
[autoganjlogs] [2022-07-30 @ 17:33:10] :: Error handling "on_guild_role_update" with "<class 'discord.role.Role'>: Beware of user; Ad hominem, <class 'discord.role.Role'>: Beware of user; Ad hominem" ""
[autoganjlogs] [2022-07-30 @ 17:33:11] :: Error handling "on_guild_role_update" with "<class 'discord.role.Role'>: Retired Staff, <class 'discord.role.Role'>: Retired Staff" ""
[autoganjlogs] [2022-07-30 @ 17:33:15] :: Error handling "on_guild_role_update" with "<class 'discord.role.Role'>: Resident Boomer, <class 'discord.role.Role'>: Resident Boomer" ""
[autoganjlogs] [2022-07-30 @ 17:33:15] :: Error handling "on_guild_role_update" with "<class 'discord.role.Role'>: Emotional Arsonist, <class 'discord.role.Role'>: Emotional Arsonist" ""
[autoganjlogs] [2022-07-30 @ 17:33:15] :: Error handling "on_guild_role_update" with "<class 'discord.role.Role'>: Art Competition - July 2021, <class 'discord.role.Role'>: Art Competition - July 2021" ""
[autoganjlogs] [2022-07-30 @ 17:33:16] :: Error handling "on_guild_role_update" with "<class 'discord.role.Role'>: -- COSMETIC ROLES --, <class 'discord.role.Role'>: -- COSMETIC ROLES --" ""
[autoganjlogs] [2022-07-30 @ 17:33:16] :: Error handling "on_guild_role_update" with "<class 'discord.role.Role'>: VC Gang, <class 'discord.role.Role'>: VC Gang" ""
[autoganjlogs] [2022-07-30 @ 17:33:20] :: Error handling "on_guild_role_update" with "<class 'discord.role.Role'>: Workshops, <class 'discord.role.Role'>: Workshops" ""
[autoganjlogs] [2022-07-30 @ 17:33:20] :: Error handling "on_guild_role_update" with "<class 'discord.role.Role'>: TT Nerd, <class 'discord.role.Role'>: TT Nerd" ""
[autoganjlogs] [2022-07-30 @ 17:33:21] :: Error handling "on_guild_role_update" with "<class 'discord.role.Role'>: GamerGeek, <class 'discord.role.Role'>: GamerGeek" ""
[autoganjlogs] [2022-07-30 @ 17:33:21] :: Error handling "on_guild_role_update" with "<class 'discord.role.Role'>: Couch Potato, <class 'discord.role.Role'>: Couch Potato" ""
[autoganjlogs] [2022-07-30 @ 17:33:21] :: Error handling "on_guild_role_update" with "<class 'discord.role.Role'>: Bookworm, <class 'discord.role.Role'>: Bookworm" ""
[autoganjlogs] [2022-07-30 @ 17:33:25] :: Error handling "on_guild_role_update" with "<class 'discord.role.Role'>: Art Lover, <class 'discord.role.Role'>: Art Lover" ""
[autoganjlogs] [2022-07-30 @ 17:33:26] :: Error handling "on_guild_role_update" with "<class 'discord.role.Role'>: Member, <class 'discord.role.Role'>: Member" ""
[autoganjlogs] [2022-07-30 @ 17:33:26] :: Error handling "on_guild_role_update" with "<class 'discord.role.Role'>: Old Fag, <class 'discord.role.Role'>: Old Fag" ""
[autoganjlogs] [2022-07-30 @ 17:33:26] :: Error handling "on_guild_role_update" with "<class 'discord.role.Role'>: ---REGULAR ROLES---, <class 'discord.role.Role'>: ---REGULAR ROLES---" ""
[autoganjlogs] [2022-07-30 @ 17:33:26] :: Error handling "on_guild_role_update" with "<class 'discord.role.Role'>: Electron, <class 'discord.role.Role'>: Electron" ""
[autoganjlogs] [2022-07-30 @ 17:33:31] :: Error handling "on_guild_role_update" with "<class 'discord.role.Role'>: Proton, <class 'discord.role.Role'>: Proton" ""
[autoganjlogs] [2022-07-30 @ 17:33:31] :: Error handling "on_guild_role_update" with "<class 'discord.role.Role'>: Neutron, <class 'discord.role.Role'>: Neutron" ""
[autoganjlogs] [2022-07-30 @ 17:33:31] :: Error handling "on_guild_role_update" with "<class 'discord.role.Role'>: Atom, <class 'discord.role.Role'>: Atom" ""
[autoganjlogs] [2022-07-30 @ 17:33:31] :: Error handling "on_guild_role_update" with "<class 'discord.role.Role'>: Molecule, <class 'discord.role.Role'>: Molecule" ""
[autoganjlogs] [2022-07-30 @ 17:33:32] :: Error handling "on_guild_role_update" with "<class 'discord.role.Role'>: Dust Particle, <class 'discord.role.Role'>: Dust Particle" ""
[autoganjlogs] [2022-07-30 @ 17:33:36] :: Error handling "on_guild_role_update" with "<class 'discord.role.Role'>: Meteoroid, <class 'discord.role.Role'>: Meteoroid" ""
[autoganjlogs] [2022-07-30 @ 17:33:36] :: Error handling "on_guild_role_update" with "<class 'discord.role.Role'>: Comet, <class 'discord.role.Role'>: Comet" ""
[autoganjlogs] [2022-07-30 @ 17:33:36] :: Error handling "on_guild_role_update" with "<class 'discord.role.Role'>: Moon, <class 'discord.role.Role'>: Moon" ""
[autoganjlogs] [2022-07-30 @ 17:33:37] :: Error handling "on_guild_role_update" with "<class 'discord.role.Role'>: Planet, <class 'discord.role.Role'>: Planet" ""
[autoganjlogs] [2022-07-30 @ 17:33:37] :: Error handling "on_guild_role_update" with "<class 'discord.role.Role'>: Gas Giant, <class 'discord.role.Role'>: Gas Giant" ""
[autoganjlogs] [2022-07-30 @ 17:33:41] :: Error handling "on_guild_role_update" with "<class 'discord.role.Role'>: Star, <class 'discord.role.Role'>: Star" ""
[autoganjlogs] [2022-07-30 @ 17:33:41] :: Error handling "on_guild_role_update" with "<class 'discord.role.Role'>: Solar System, <class 'discord.role.Role'>: Solar System" ""
[autoganjlogs] [2022-07-30 @ 17:33:41] :: Error handling "on_guild_role_update" with "<class 'discord.role.Role'>: Galaxy, <class 'discord.role.Role'>: Galaxy" ""
[autoganjlogs] [2022-07-30 @ 17:33:42] :: Error handling "on_guild_role_update" with "<class 'discord.role.Role'>: Black Hole, <class 'discord.role.Role'>: Black Hole" ""
[autoganjlogs] [2022-07-30 @ 17:33:42] :: Error handling "on_guild_role_update" with "<class 'discord.role.Role'>: ---LEVELING---, <class 'discord.role.Role'>: ---LEVELING---" ""
[autoganjlogs] [2022-07-30 @ 17:33:46] :: Error handling "on_guild_role_update" with "<class 'discord.role.Role'>: Servant of the Secret Fire, <class 'discord.role.Role'>: Servant of the Secret Fire" ""
[autoganjlogs] [2022-07-30 @ 17:33:47] :: Error handling "on_guild_role_update" with "<class 'discord.role.Role'>: Wielder of the flame of Anor, <class 'discord.role.Role'>: Wielder of the flame of Anor" ""
[autoganjlogs] [2022-07-30 @ 17:33:47] :: Error handling "on_guild_role_update" with "<class 'discord.role.Role'>: Resident Artist, <class 'discord.role.Role'>: Resident Artist" ""
[autoganjlogs] [2022-07-30 @ 17:33:47] :: Error handling "on_guild_role_update" with "<class 'discord.role.Role'>: Maestro, <class 'discord.role.Role'>: Maestro" ""
[autoganjlogs] [2022-07-30 @ 17:33:47] :: Error handling "on_guild_role_update" with "<class 'discord.role.Role'>: Community Contributor, <class 'discord.role.Role'>: Community Contributor" ""
[autoganjlogs] [2022-07-30 @ 17:33:52] :: Error handling "on_guild_role_update" with "<class 'discord.role.Role'>: Actually Potato, <class 'discord.role.Role'>: Actually Potato" ""
[autoganjlogs] [2022-07-30 @ 17:33:52] :: Error handling "on_guild_role_update" with "<class 'discord.role.Role'>: Official MG Gumshoe, <class 'discord.role.Role'>: Official MG Gumshoe" ""
[autoganjlogs] [2022-07-30 @ 17:33:52] :: Error handling "on_guild_role_update" with "<class 'discord.role.Role'>: ❤️Onii-Chan❤️, <class 'discord.role.Role'>: ❤️Onii-Chan❤️" ""
[autoganjlogs] [2022-07-30 @ 17:33:52] :: Error handling "on_guild_role_update" with "<class 'discord.role.Role'>: Chief Shitposting Officer, <class 'discord.role.Role'>: Chief Shitposting Officer" ""
[autoganjlogs] [2022-07-30 @ 17:33:52] :: Error handling "on_guild_role_update" with "<class 'discord.role.Role'>: Glowie, <class 'discord.role.Role'>: Glowie" ""
[autoganjlogs] [2022-07-30 @ 17:33:57] :: Error handling "on_guild_role_update" with "<class 'discord.role.Role'>: Afflicted with Cringe, <class 'discord.role.Role'>: Afflicted with Cringe" ""
[autoganjlogs] [2022-07-30 @ 17:33:57] :: Error handling "on_guild_role_update" with "<class 'discord.role.Role'>: Based, <class 'discord.role.Role'>: Based" ""
[autoganjlogs] [2022-07-30 @ 17:33:57] :: Error handling "on_guild_role_update" with "<class 'discord.role.Role'>: -- HOISTED ROLES --, <class 'discord.role.Role'>: -- HOISTED ROLES --" ""
[autoganjlogs] [2022-07-30 @ 17:33:57] :: Error handling "on_guild_role_update" with "<class 'discord.role.Role'>: Oracle, <class 'discord.role.Role'>: Oracle" ""
[autoganjlogs] [2022-07-30 @ 17:33:58] :: Error handling "on_guild_role_update" with "<class 'discord.role.Role'>: AutoGanj, <class 'discord.role.Role'>: AutoGanj" ""
[autoganjlogs] [2022-07-30 @ 17:34:02] :: Error handling "on_guild_role_update" with "<class 'discord.role.Role'>: Bots, <class 'discord.role.Role'>: Bots" ""
[autoganjlogs] [2022-07-30 @ 17:34:02] :: Error handling "on_guild_role_update" with "<class 'discord.role.Role'>: ---BOTS---, <class 'discord.role.Role'>: ---BOTS---" ""
[autoganjlogs] [2022-07-30 @ 17:34:02] :: Error handling "on_guild_role_update" with "<class 'discord.role.Role'>: Staff, <class 'discord.role.Role'>: Staff" ""
[autoganjlogs] [2022-07-30 @ 17:34:03] :: Error handling "on_guild_role_update" with "<class 'discord.role.Role'>: Admin, <class 'discord.role.Role'>: Admin" ""
[autoganjlogs] [2022-07-30 @ 17:34:03] :: Error handling "on_guild_role_update" with "<class 'discord.role.Role'>: new role, <class 'discord.role.Role'>: Welcome Commitee" ""
[autoganjlogs] [2022-07-30 @ 17:34:07] :: Error handling "on_guild_role_update" with "<class 'discord.role.Role'>: Dunce Cap, <class 'discord.role.Role'>: Dunce Cap" ""
[autoganjlogs] [2022-07-30 @ 17:34:07] :: Error handling "on_guild_role_update" with "<class 'discord.role.Role'>: DiscordServers.com, <class 'discord.role.Role'>: DiscordServers.com" ""
[autoganjlogs] [2022-07-30 @ 17:34:08] :: Error handling "on_guild_role_update" with "<class 'discord.role.Role'>: SCP Test Subject, <class 'discord.role.Role'>: SCP Test Subject" ""
[autoganjlogs] [2022-07-30 @ 17:34:08] :: Error handling "on_guild_role_update" with "<class 'discord.role.Role'>: Server Booster, <class 'discord.role.Role'>: Server Booster" ""
[autoganjlogs] [2022-07-30 @ 17:34:08] :: Error handling "on_guild_role_update" with "<class 'discord.role.Role'>: MG TTRPG - Ganj Campaign, <class 'discord.role.Role'>: MG TTRPG - Ganj Campaign" ""
[autoganjlogs] [2022-07-30 @ 17:34:12] :: Error handling "on_guild_role_update" with "<class 'discord.role.Role'>: MG TTRPG - Liddys Campaign, <class 'discord.role.Role'>: MG TTRPG - Liddys Campaign" ""
[autoganjlogs] [2022-07-30 @ 17:34:12] :: Error handling "on_guild_role_update" with "<class 'discord.role.Role'>: Special Noodle, <class 'discord.role.Role'>: Special Noodle" ""
[autoganjlogs] [2022-07-30 @ 17:34:13] :: Error handling "on_guild_role_update" with "<class 'discord.role.Role'>: MG X&Os Enjoyer, <class 'discord.role.Role'>: MG X&Os Enjoyer" ""
[autoganjlogs] [2022-07-30 @ 17:34:13] :: Error handling "on_guild_role_update" with "<class 'discord.role.Role'>: X&Os Bronze Champion, <class 'discord.role.Role'>: X&Os Bronze Champion" ""
[autoganjlogs] [2022-07-30 @ 17:34:13] :: Error handling "on_guild_role_update" with "<class 'discord.role.Role'>: X&Os Silver Champion, <class 'discord.role.Role'>: X&Os Silver Champion" ""
[autoganjlogs] [2022-07-30 @ 17:34:18] :: Error handling "on_guild_role_update" with "<class 'discord.role.Role'>: X&Os Gold Champion, <class 'discord.role.Role'>: X&Os Gold Champion" ""
[autoganjlogs] [2022-07-30 @ 17:34:18] :: Error handling "on_guild_role_update" with "<class 'discord.role.Role'>: MG Paddleboard Enjoyer, <class 'discord.role.Role'>: MG Paddleboard Enjoyer" ""
[autoganjlogs] [2022-07-30 @ 17:34:18] :: Error handling "on_guild_role_update" with "<class 'discord.role.Role'>: PB Bronze Champion, <class 'discord.role.Role'>: PB Bronze Champion" ""
[autoganjlogs] [2022-07-30 @ 17:34:18] :: Error handling "on_guild_role_update" with "<class 'discord.role.Role'>: Welcome Commitee, <class 'discord.role.Role'>: Welcome Commitee" ""
[autoganjlogs] [2022-07-30 @ 17:34:18] :: Error handling "on_guild_role_update" with "<class 'discord.role.Role'>: PB Silver Champion, <class 'discord.role.Role'>: PB Silver Champion" ""
[autoganjlogs] [2022-07-30 @ 17:34:23] :: Error handling "on_guild_role_update" with "<class 'discord.role.Role'>: PB Gold Champion, <class 'discord.role.Role'>: PB Gold Champion" ""
[autoganjlogs] [2022-07-30 @ 17:34:23] :: Error handling "on_guild_role_update" with "<class 'discord.role.Role'>: warning - american, <class 'discord.role.Role'>: warning - american" ""
[autoganjlogs] [2022-07-30 @ 17:34:23] :: Error handling "on_guild_role_update" with "<class 'discord.role.Role'>: Cool Kid, <class 'discord.role.Role'>: Cool Kid" ""
[autoganjlogs] [2022-07-30 @ 17:34:23] :: Error handling "on_guild_role_update" with "<class 'discord.role.Role'>: MG Roleplayer, <class 'discord.role.Role'>: MG Roleplayer" ""
[autoganjlogs] [2022-07-30 @ 17:34:24] :: Error handling "on_guild_role_update" with "<class 'discord.role.Role'>: Beware of user; Ad hominem, <class 'discord.role.Role'>: Beware of user; Ad hominem" ""
[autoganjlogs] [2022-07-30 @ 17:34:28] :: Error handling "on_guild_role_update" with "<class 'discord.role.Role'>: Welcome Commitee, <class 'discord.role.Role'>: Welcome Commitee" ""
