[autoganjlogs] [2022-08-02 @ 00:39:06] :: AutoGanj#4302 is online!
[autoganjlogs] [2022-08-02 @ 00:39:06] :: Loaded: Tripwire
[autoganjlogs] [2022-08-02 @ 00:39:06] :: Loaded: Jarvis
[autoganjlogs] [2022-08-02 @ 00:39:06] :: Loaded: Serverlogs
[autoganjlogs] [2022-08-02 @ 00:39:06] :: Loaded: Rules
[autoganjlogs] [2022-08-02 @ 00:39:06] :: Loaded: Boostcog
[autoganjlogs] [2022-08-02 @ 00:39:06] :: Loaded: RoleManagement
[autoganjlogs] [2022-08-02 @ 00:39:06] :: Loaded: ExportRoles
[autoganjlogs] [2022-08-02 @ 00:39:06] :: Loaded: Basedtask
[autoganjlogs] [2022-08-02 @ 00:39:06] :: Loaded: Userinfo
[autoganjlogs] [2022-08-02 @ 00:39:06] :: Loaded: Logger
[autoganjlogs] [2022-08-02 @ 00:39:06] :: ------------------
[autoganjlogs] [2022-08-02 @ 00:39:06] :: Loaded: 10 cogs
[autoganjlogs] [2022-08-02 @ 00:39:06] :: Loaded 3 invites from 3 servers.
[autoganjlogs] [2022-08-02 @ 00:39:45] ::             💬general ::                  [[95mSTARTED TYPING[0m]> [34m[1mSilentInquisitor#2034[0m @ 2022-08-01 23:39:45+00:00
[autoganjlogs] [2022-08-02 @ 00:39:53] ::             💬general ::                  [[95mSTARTED TYPING[0m]> [34m[1mSilentInquisitor#2034[0m @ 2022-08-01 23:39:53+00:00
[autoganjlogs] [2022-08-02 @ 00:40:01] ::             💬general ::                  [[95mSTARTED TYPING[0m]> [34m[1mSilentInquisitor#2034[0m @ 2022-08-01 23:40:01+00:00
[autoganjlogs] [2022-08-02 @ 00:40:04] ::             💬general :: [[31mE:[0m (0) | [31mA:[0m (0) | [31mS:[0m (0) | [31mR:[0m (0)][1mSilentInquisitor#2034[0m > Awesome creativity is right
[autoganjlogs] [2022-08-02 @ 00:40:08] ::             💬general ::                  [[95mSTARTED TYPING[0m]> [34m[1mSilentInquisitor#2034[0m @ 2022-08-01 23:40:08+00:00
[autoganjlogs] [2022-08-02 @ 00:41:11] ::             💬general ::                  [[95mSTARTED TYPING[0m]> [34m[1m      Kingmaker#0261[0m @ 2022-08-01 23:41:11+00:00
[autoganjlogs] [2022-08-02 @ 00:41:17] ::             💬general :: [[31mE:[0m (0) | [31mA:[0m (0) | [31mS:[0m (0) | [31mR:[0m (0)][1m      Kingmaker#0261[0m > I'll stick around for the third rendition
[autoganjlogs] [2022-08-02 @ 00:41:19] ::             💬general ::                  [[95mSTARTED TYPING[0m]> [34m[1m      Kingmaker#0261[0m @ 2022-08-01 23:41:19+00:00
[autoganjlogs] [2022-08-02 @ 00:41:20] ::             💬general :: [[31mE:[0m (0) | [31mA:[0m (0) | [31mS:[0m (0) | [31mR:[0m (0)][1m      Kingmaker#0261[0m > :°)
[autoganjlogs] [2022-08-02 @ 00:41:30] ::             💬general ::                  [[95mSTARTED TYPING[0m]> [34m[1mSilentInquisitor#2034[0m @ 2022-08-01 23:41:30+00:00
