[autoganjlogs] [2022-07-30 @ 14:23:40] :: AutoGanj#4302 is online!
[autoganjlogs] [2022-07-30 @ 14:23:40] :: Loaded: Tripwire
[autoganjlogs] [2022-07-30 @ 14:23:40] :: Loaded: Jarvis
[autoganjlogs] [2022-07-30 @ 14:23:40] :: Loaded: Serverlogs
[autoganjlogs] [2022-07-30 @ 14:23:40] :: Loaded: Rules
[autoganjlogs] [2022-07-30 @ 14:23:40] :: Loaded: Boostcog
[autoganjlogs] [2022-07-30 @ 14:23:40] :: Loaded: ButtonRoleCog
[autoganjlogs] [2022-07-30 @ 14:23:40] :: Loaded: ExportRoles
[autoganjlogs] [2022-07-30 @ 14:23:40] :: Loaded: Basedtask
[autoganjlogs] [2022-07-30 @ 14:23:40] :: Loaded: Userinfo
[autoganjlogs] [2022-07-30 @ 14:23:40] :: Loaded: Logger
[autoganjlogs] [2022-07-30 @ 14:23:40] :: Error handling "on_ready" with "" ""
[autoganjlogs] [2022-07-30 @ 14:23:41] ::             📜bot-log :: [[32mE:[0m (1) | [31mA:[0m (0) | [31mS:[0m (0) | [31mR:[0m (0)][1m       AutoGanj#4302[0m > 
[autoganjlogs] [2022-07-30 @ 14:23:44] ::             💬general ::                  [[95mSTARTED TYPING[0m]> [34m[1m          gañjā#9046[0m @ 2022-07-30 13:23:44+00:00
[autoganjlogs] [2022-07-30 @ 14:23:44] :: Non-Ganj message deteceted, ignoring!
[autoganjlogs] [2022-07-30 @ 14:23:44] ::             💬general :: [[31mE:[0m (0) | [31mA:[0m (0) | [31mS:[0m (0) | [31mR:[0m (0)][1m          gañjā#9046[0m > jarvis are you sane?
[autoganjlogs] [2022-07-30 @ 14:23:51] ::             💬general ::                  [[95mSTARTED TYPING[0m]> [34m[1mIceBladeNetwork#0001[0m @ 2022-07-30 13:23:51+00:00
[autoganjlogs] [2022-07-30 @ 14:23:52] ::             💬general :: [[31mE:[0m (0) | [31mA:[0m (0) | [31mS:[0m (0) | [31mR:[0m (0)][1m          gañjā#9046[0m > good
[autoganjlogs] [2022-07-30 @ 14:23:55] ::             💬general :: [[31mE:[0m (0) | [31mA:[0m (0) | [31mS:[0m (0) | [31mR:[0m (0)][1m          gañjā#9046[0m > &jarvis
[autoganjlogs] [2022-07-30 @ 14:23:55] ::             💬general :: [[31mE:[0m (0) | [31mA:[0m (0) | [31mS:[0m (0) | [31mR:[0m (0)][1m       AutoGanj#4302[0m > ```

Hello, Ganj! Thank you for using me!```
[autoganjlogs] [2022-07-30 @ 14:23:57] ::             💬general :: [[31mE:[0m (0) | [31mA:[0m (0) | [31mS:[0m (0) | [31mR:[0m (0)][1m       AutoGanj#4302[0m > ```

Hello Ganj! I am Jarvis, your personal AI assistant. I am here to help you in any way I can.```
[autoganjlogs] [2022-07-30 @ 14:23:59] ::             💬general :: [[31mE:[0m (0) | [31mA:[0m (0) | [31mS:[0m (0) | [31mR:[0m (0)][1m          gañjā#9046[0m > uh oh
[autoganjlogs] [2022-07-30 @ 14:24:04] ::             💬general ::                  [[95mSTARTED TYPING[0m]> [34m[1m          gañjā#9046[0m @ 2022-07-30 13:24:04+00:00
[autoganjlogs] [2022-07-30 @ 14:24:05] :: Error handling "on_message" with "<class 'discord.message.Message'>: <Message id=1002929579217932379 channel=<TextChannel id=820097812506869780 name='💬general' position=19 nsfw=True category_id=820095883454185483 news=False> type=<MessageType.default: 0> author=<Member id=218521566412013568 name='gañjā' discriminator='9046' bot=False nick='Ganj' guild=<Guild id=820077049036406805 name='Middle Ground' shard_id=0 chunked=True member_count=95>> flags=<MessageFlags value=0>>" ""
[autoganjlogs] [2022-07-30 @ 14:24:05] ::             💬general :: [[31mE:[0m (0) | [31mA:[0m (0) | [31mS:[0m (0) | [31mR:[0m (0)][1m          gañjā#9046[0m > the AI has fractured
[autoganjlogs] [2022-07-30 @ 14:24:05] ::             📜bot-log :: [[32mE:[0m (1) | [31mA:[0m (0) | [31mS:[0m (0) | [31mR:[0m (0)][1m       AutoGanj#4302[0m > 
[autoganjlogs] [2022-07-30 @ 14:24:06] :: Error handling "on_message" with "<class 'discord.message.Message'>: <Message id=1002929584846671943 channel=<TextChannel id=820097812506869780 name='💬general' position=19 nsfw=True category_id=820095883454185483 news=False> type=<MessageType.default: 0> author=<Member id=218521566412013568 name='gañjā' discriminator='9046' bot=False nick='Ganj' guild=<Guild id=820077049036406805 name='Middle Ground' shard_id=0 chunked=True member_count=95>> flags=<MessageFlags value=0>>" ""
[autoganjlogs] [2022-07-30 @ 14:24:06] ::             💬general :: [[31mE:[0m (0) | [31mA:[0m (0) | [31mS:[0m (0) | [31mR:[0m (0)][1m          gañjā#9046[0m > 🥴
[autoganjlogs] [2022-07-30 @ 14:24:06] :: Error handling "on_message" with "<class 'discord.message.Message'>: <Message id=1002929585786200164 channel=<TextChannel id=1002884287261065287 name='📜bot-log' position=101 nsfw=False category_id=822863122310103081 news=False> type=<MessageType.default: 0> author=<Member id=1001059281057107999 name='AutoGanj' discriminator='4302' bot=True nick=None guild=<Guild id=820077049036406805 name='Middle Ground' shard_id=0 chunked=True member_count=95>> flags=<MessageFlags value=0>>" ""
[autoganjlogs] [2022-07-30 @ 14:24:06] ::             📜bot-log :: [[32mE:[0m (1) | [31mA:[0m (0) | [31mS:[0m (0) | [31mR:[0m (0)][1m       AutoGanj#4302[0m > 
[autoganjlogs] [2022-07-30 @ 14:24:07] ::             📜bot-log :: [[32mE:[0m (1) | [31mA:[0m (0) | [31mS:[0m (0) | [31mR:[0m (0)][1m       AutoGanj#4302[0m > 
[autoganjlogs] [2022-07-30 @ 14:24:10] ::             💬general ::                  [[95mSTARTED TYPING[0m]> [34m[1m          gañjā#9046[0m @ 2022-07-30 13:24:10+00:00
[autoganjlogs] [2022-07-30 @ 14:24:11] ::             💬general :: [[31mE:[0m (0) | [31mA:[0m (0) | [31mS:[0m (0) | [31mR:[0m (0)][1m          gañjā#9046[0m > we're all going to die
[autoganjlogs] [2022-07-30 @ 14:24:15] ::             💬general ::                  [[95mSTARTED TYPING[0m]> [34m[1mIceBladeNetwork#0001[0m @ 2022-07-30 13:24:15+00:00
[autoganjlogs] [2022-07-30 @ 14:24:17] :: Error handling "on_message" with "<class 'discord.message.Message'>: <Message id=1002929629570531419 channel=<TextChannel id=820097812506869780 name='💬general' position=19 nsfw=True category_id=820095883454185483 news=False> type=<MessageType.default: 0> author=<Member id=90967046837239808 name='IceBladeNetwork' discriminator='0001' bot=False nick='IceTransNetwork' guild=<Guild id=820077049036406805 name='Middle Ground' shard_id=0 chunked=True member_count=95>> flags=<MessageFlags value=0>>" ""
[autoganjlogs] [2022-07-30 @ 14:24:17] ::             💬general :: [[31mE:[0m (0) | [31mA:[0m (0) | [31mS:[0m (0) | [31mR:[0m (0)][1mIceBladeNetwork#0001[0m > Rip
[autoganjlogs] [2022-07-30 @ 14:24:17] ::             📜bot-log :: [[32mE:[0m (1) | [31mA:[0m (0) | [31mS:[0m (0) | [31mR:[0m (0)][1m       AutoGanj#4302[0m > 
[autoganjlogs] [2022-07-30 @ 14:24:17] ::             💬general ::                  [[95mSTARTED TYPING[0m]> [34m[1mIceBladeNetwork#0001[0m @ 2022-07-30 13:24:17+00:00
[autoganjlogs] [2022-07-30 @ 14:24:21] ::             💬general ::                  [[95mSTARTED TYPING[0m]> [34m[1m          gañjā#9046[0m @ 2022-07-30 13:24:21+00:00
[autoganjlogs] [2022-07-30 @ 14:24:23] ::             💬general :: [[31mE:[0m (0) | [31mA:[0m (0) | [31mS:[0m (0) | [31mR:[0m (0)][1m          gañjā#9046[0m > &jarvis
[autoganjlogs] [2022-07-30 @ 14:24:24] ::             💬general :: [[31mE:[0m (0) | [31mA:[0m (0) | [31mS:[0m (0) | [31mR:[0m (0)][1m       AutoGanj#4302[0m > ```

Command confirmed. Shutting down.```
[autoganjlogs] [2022-07-30 @ 14:24:24] ::             💬general :: [[31mE:[0m (0) | [31mA:[0m (0) | [31mS:[0m (0) | [31mR:[0m (0)][1m       AutoGanj#4302[0m > ```
Hello Ganj. In order to shut down, I will need your confirmation. Please say ' shut down' to confirm.```
[autoganjlogs] [2022-07-30 @ 14:24:27] :: Non-Ganj message deteceted, ignoring!
[autoganjlogs] [2022-07-30 @ 14:24:27] ::             💬general :: [[31mE:[0m (0) | [31mA:[0m (0) | [31mS:[0m (0) | [31mR:[0m (0)][1mIceBladeNetwork#0001[0m > Jarvis are you going to kill us all?
[autoganjlogs] [2022-07-30 @ 14:24:40] ::             💬general :: [1mIceBladeNetwork#0001[0m [[31mDELETED[0m]> Jarvis are you going to kill us all?
[autoganjlogs] [2022-07-30 @ 14:24:40] ::             💬general ::                  [[95mSTARTED TYPING[0m]> [34m[1m          Senko#9430[0m @ 2022-07-30 13:24:40+00:00
[autoganjlogs] [2022-07-30 @ 14:24:40] ::          📜member-log :: [[32mE:[0m (1) | [31mA:[0m (0) | [31mS:[0m (0) | [31mR:[0m (0)][1m       AutoGanj#4302[0m > 
[autoganjlogs] [2022-07-30 @ 14:24:40] ::         📜message-log :: [[32mE:[0m (1) | [31mA:[0m (0) | [31mS:[0m (0) | [31mR:[0m (0)][1m           Dyno#0000[0m > 
[autoganjlogs] [2022-07-30 @ 14:24:42] ::             💬general ::                  [[95mSTARTED TYPING[0m]> [34m[1mIceBladeNetwork#0001[0m @ 2022-07-30 13:24:42+00:00
[autoganjlogs] [2022-07-30 @ 14:24:42] :: Non-Ganj message deteceted, ignoring!
[autoganjlogs] [2022-07-30 @ 14:24:42] ::             💬general :: [[31mE:[0m (0) | [31mA:[0m (0) | [31mS:[0m (0) | [31mR:[0m (0)][1m          Senko#9430[0m > Jarvis, what is your blood type
