[autoganjlogs] [2022-08-04 @ 13:25:18] :: + Quota reset running
[autoganjlogs] [2022-08-04 @ 13:25:21] :: AutoGanj#4302 is online!
[autoganjlogs] [2022-08-04 @ 13:25:21] :: Loaded: Tripwire
[autoganjlogs] [2022-08-04 @ 13:25:21] :: Loaded: Jarvis
[autoganjlogs] [2022-08-04 @ 13:25:21] :: Loaded: Rules
[autoganjlogs] [2022-08-04 @ 13:25:21] :: Loaded: Boostcog
[autoganjlogs] [2022-08-04 @ 13:25:21] :: Loaded: RoleManagement
[autoganjlogs] [2022-08-04 @ 13:25:21] :: Loaded: RaidDefense
[autoganjlogs] [2022-08-04 @ 13:25:21] :: Loaded: ExportRoles
[autoganjlogs] [2022-08-04 @ 13:25:21] :: Loaded: Basedtask
[autoganjlogs] [2022-08-04 @ 13:25:21] :: Loaded: Userinfo
[autoganjlogs] [2022-08-04 @ 13:25:21] :: Loaded: Quotatask
[autoganjlogs] [2022-08-04 @ 13:25:21] :: Loaded: Dispam
[autoganjlogs] [2022-08-04 @ 13:25:21] :: Loaded: Logger
[autoganjlogs] [2022-08-04 @ 13:25:21] :: Loaded: RolesPerms
[autoganjlogs] [2022-08-04 @ 13:25:21] :: ------------------
[autoganjlogs] [2022-08-04 @ 13:25:21] :: Loaded: 13 cogs
[autoganjlogs] [2022-08-04 @ 13:25:21] :: Error handling "on_ready" with "" ""
[autoganjlogs] [2022-08-04 @ 13:25:21] ::             ðŸ“œbot-log :: [[32mE:[0m (1) | [31mA:[0m (0) | [31mS:[0m (0) | [31mR:[0m (0)][1m       AutoGanj#4302[0m > 
[autoganjlogs] [2022-08-04 @ 13:25:22] :: Loaded 3 invites from 3 servers.
[autoganjlogs] [2022-08-04 @ 13:43:24] :: Error handling "on_raw_reaction_add" with "<class 'discord.raw_models.RawReactionActionEvent'>: <RawReactionActionEvent message_id=1004666604044431430 user_id=173935536778641418 channel_id=820097765442191360 guild_id=820077049036406805 emoji=<PartialEmoji animated=False name='ðŸ‘' id=None> event_type='REACTION_ADD' member=<Member id=173935536778641418 name='ComedicEffect' discriminator='1985' bot=False nick='Jigen' guild=<Guild id=820077049036406805 name='Middle Ground' shard_id=0 chunked=True member_count=116>>>" ""
[autoganjlogs] [2022-08-04 @ 13:43:24] :: Error handling "on_message" with "<class 'discord.message.Message'>: <Message id=1004731282590281770 channel=<TextChannel id=1002884287261065287 name='ðŸ“œbot-log' position=33 nsfw=False category_id=822863122310103081 news=False> type=<MessageType.default: 0> author=<Member id=1001059281057107999 name='AutoGanj' discriminator='4302' bot=True nick=None guild=<Guild id=820077049036406805 name='Middle Ground' shard_id=0 chunked=True member_count=116>> flags=<MessageFlags value=0>>" ""
[autoganjlogs] [2022-08-04 @ 13:43:24] :: Error handling "on_message" with "<class 'discord.message.Message'>: <Message id=1004731282590281770 channel=<TextChannel id=1002884287261065287 name='ðŸ“œbot-log' position=33 nsfw=False category_id=822863122310103081 news=False> type=<MessageType.default: 0> author=<Member id=1001059281057107999 name='AutoGanj' discriminator='4302' bot=True nick=None guild=<Guild id=820077049036406805 name='Middle Ground' shard_id=0 chunked=True member_count=116>> flags=<MessageFlags value=0>>" ""
[autoganjlogs] [2022-08-04 @ 13:43:24] :: Error handling "on_message" with "<class 'discord.message.Message'>: <Message id=1004731282590281770 channel=<TextChannel id=1002884287261065287 name='ðŸ“œbot-log' position=33 nsfw=False category_id=822863122310103081 news=False> type=<MessageType.default: 0> author=<Member id=1001059281057107999 name='AutoGanj' discriminator='4302' bot=True nick=None guild=<Guild id=820077049036406805 name='Middle Ground' shard_id=0 chunked=True member_count=116>> flags=<MessageFlags value=0>>" ""
[autoganjlogs] [2022-08-04 @ 13:43:25] :: Error handling "on_message" with "<class 'discord.message.Message'>: <Message id=1004731283919863871 channel=<TextChannel id=1002884287261065287 name='ðŸ“œbot-log' position=33 nsfw=False category_id=822863122310103081 news=False> type=<MessageType.default: 0> author=<Member id=1001059281057107999 name='AutoGanj' discriminator='4302' bot=True nick=None guild=<Guild id=820077049036406805 name='Middle Ground' shard_id=0 chunked=True member_count=116>> flags=<MessageFlags value=0>>" ""
[autoganjlogs] [2022-08-04 @ 13:43:25] :: Error handling "on_message" with "<class 'discord.message.Message'>: <Message id=1004731283919863871 channel=<TextChannel id=1002884287261065287 name='ðŸ“œbot-log' position=33 nsfw=False category_id=822863122310103081 news=False> type=<MessageType.default: 0> author=<Member id=1001059281057107999 name='AutoGanj' discriminator='4302' bot=True nick=None guild=<Guild id=820077049036406805 name='Middle Ground' shard_id=0 chunked=True member_count=116>> flags=<MessageFlags value=0>>" ""
[autoganjlogs] [2022-08-04 @ 13:43:25] :: Error handling "on_message" with "<class 'discord.message.Message'>: <Message id=1004731283919863871 channel=<TextChannel id=1002884287261065287 name='ðŸ“œbot-log' position=33 nsfw=False category_id=822863122310103081 news=False> type=<MessageType.default: 0> author=<Member id=1001059281057107999 name='AutoGanj' discriminator='4302' bot=True nick=None guild=<Guild id=820077049036406805 name='Middle Ground' shard_id=0 chunked=True member_count=116>> flags=<MessageFlags value=0>>" ""
[autoganjlogs] [2022-08-04 @ 13:43:25] :: Error handling "on_message" with "<class 'discord.message.Message'>: <Message id=1004731284913930250 channel=<TextChannel id=1002884287261065287 name='ðŸ“œbot-log' position=33 nsfw=False category_id=822863122310103081 news=False> type=<MessageType.default: 0> author=<Member id=1001059281057107999 name='AutoGanj' discriminator='4302' bot=True nick=None guild=<Guild id=820077049036406805 name='Middle Ground' shard_id=0 chunked=True member_count=116>> flags=<MessageFlags value=0>>" ""
[autoganjlogs] [2022-08-04 @ 13:43:25] :: Error handling "on_message" with "<class 'discord.message.Message'>: <Message id=1004731284913930250 channel=<TextChannel id=1002884287261065287 name='ðŸ“œbot-log' position=33 nsfw=False category_id=822863122310103081 news=False> type=<MessageType.default: 0> author=<Member id=1001059281057107999 name='AutoGanj' discriminator='4302' bot=True nick=None guild=<Guild id=820077049036406805 name='Middle Ground' shard_id=0 chunked=True member_count=116>> flags=<MessageFlags value=0>>" ""
[autoganjlogs] [2022-08-04 @ 13:43:25] :: Error handling "on_message" with "<class 'discord.message.Message'>: <Message id=1004731284913930250 channel=<TextChannel id=1002884287261065287 name='ðŸ“œbot-log' position=33 nsfw=False category_id=822863122310103081 news=False> type=<MessageType.default: 0> author=<Member id=1001059281057107999 name='AutoGanj' discriminator='4302' bot=True nick=None guild=<Guild id=820077049036406805 name='Middle Ground' shard_id=0 chunked=True member_count=116>> flags=<MessageFlags value=0>>" ""
[autoganjlogs] [2022-08-04 @ 13:43:25] :: Error handling "on_message" with "<class 'discord.message.Message'>: <Message id=1004731285635342357 channel=<TextChannel id=1002884287261065287 name='ðŸ“œbot-log' position=33 nsfw=False category_id=822863122310103081 news=False> type=<MessageType.default: 0> author=<Member id=1001059281057107999 name='AutoGanj' discriminator='4302' bot=True nick=None guild=<Guild id=820077049036406805 name='Middle Ground' shard_id=0 chunked=True member_count=116>> flags=<MessageFlags value=0>>" ""
[autoganjlogs] [2022-08-04 @ 13:43:25] :: Error handling "on_message" with "<class 'discord.message.Message'>: <Message id=1004731285635342357 channel=<TextChannel id=1002884287261065287 name='ðŸ“œbot-log' position=33 nsfw=False category_id=822863122310103081 news=False> type=<MessageType.default: 0> author=<Member id=1001059281057107999 name='AutoGanj' discriminator='4302' bot=True nick=None guild=<Guild id=820077049036406805 name='Middle Ground' shard_id=0 chunked=True member_count=116>> flags=<MessageFlags value=0>>" ""
[autoganjlogs] [2022-08-04 @ 13:43:25] :: Error handling "on_message" with "<class 'discord.message.Message'>: <Message id=1004731285635342357 channel=<TextChannel id=1002884287261065287 name='ðŸ“œbot-log' position=33 nsfw=False category_id=822863122310103081 news=False> type=<MessageType.default: 0> author=<Member id=1001059281057107999 name='AutoGanj' discriminator='4302' bot=True nick=None guild=<Guild id=820077049036406805 name='Middle Ground' shard_id=0 chunked=True member_count=116>> flags=<MessageFlags value=0>>" ""
[autoganjlogs] [2022-08-04 @ 13:43:26] :: Error handling "on_message" with "<class 'discord.message.Message'>: <Message id=1004731287321448538 channel=<TextChannel id=1002884287261065287 name='ðŸ“œbot-log' position=33 nsfw=False category_id=822863122310103081 news=False> type=<MessageType.default: 0> author=<Member id=1001059281057107999 name='AutoGanj' discriminator='4302' bot=True nick=None guild=<Guild id=820077049036406805 name='Middle Ground' shard_id=0 chunked=True member_count=116>> flags=<MessageFlags value=0>>" ""
[autoganjlogs] [2022-08-04 @ 13:43:26] :: Error handling "on_message" with "<class 'discord.message.Message'>: <Message id=1004731287321448538 channel=<TextChannel id=1002884287261065287 name='ðŸ“œbot-log' position=33 nsfw=False category_id=822863122310103081 news=False> type=<MessageType.default: 0> author=<Member id=1001059281057107999 name='AutoGanj' discriminator='4302' bot=True nick=None guild=<Guild id=820077049036406805 name='Middle Ground' shard_id=0 chunked=True member_count=116>> flags=<MessageFlags value=0>>" ""
[autoganjlogs] [2022-08-04 @ 13:43:26] :: Error handling "on_message" with "<class 'discord.message.Message'>: <Message id=1004731287321448538 channel=<TextChannel id=1002884287261065287 name='ðŸ“œbot-log' position=33 nsfw=False category_id=822863122310103081 news=False> type=<MessageType.default: 0> author=<Member id=1001059281057107999 name='AutoGanj' discriminator='4302' bot=True nick=None guild=<Guild id=820077049036406805 name='Middle Ground' shard_id=0 chunked=True member_count=116>> flags=<MessageFlags value=0>>" ""
