[autoganjlogs] [2022-08-04 @ 10:30:47] :: + Quota reset running
[autoganjlogs] [2022-08-04 @ 10:30:50] :: AutoGanj#4302 is online!
[autoganjlogs] [2022-08-04 @ 10:30:50] :: Loaded: Tripwire
[autoganjlogs] [2022-08-04 @ 10:30:50] :: Loaded: Jarvis
[autoganjlogs] [2022-08-04 @ 10:30:50] :: Loaded: Rules
[autoganjlogs] [2022-08-04 @ 10:30:50] :: Loaded: Boostcog
[autoganjlogs] [2022-08-04 @ 10:30:50] :: Loaded: RoleManagement
[autoganjlogs] [2022-08-04 @ 10:30:50] :: Loaded: RaidDefense
[autoganjlogs] [2022-08-04 @ 10:30:50] :: Loaded: ExportRoles
[autoganjlogs] [2022-08-04 @ 10:30:50] :: Loaded: Basedtask
[autoganjlogs] [2022-08-04 @ 10:30:50] :: Loaded: Userinfo
[autoganjlogs] [2022-08-04 @ 10:30:50] :: Loaded: Quotatask
[autoganjlogs] [2022-08-04 @ 10:30:50] :: Loaded: Dispam
[autoganjlogs] [2022-08-04 @ 10:30:50] :: Loaded: Logger
[autoganjlogs] [2022-08-04 @ 10:30:50] :: Loaded: RolesPerms
[autoganjlogs] [2022-08-04 @ 10:30:50] :: ------------------
[autoganjlogs] [2022-08-04 @ 10:30:50] :: Loaded: 13 cogs
[autoganjlogs] [2022-08-04 @ 10:30:51] :: Loaded 3 invites from 3 servers.
[autoganjlogs] [2022-08-04 @ 10:30:54] ::             💬general ::                  [[95mSTARTED TYPING[0m]> [34m[1m      gitmo joe#4193[0m @ 2022-08-04 09:30:54+00:00
[autoganjlogs] [2022-08-04 @ 10:30:55] ::             💬general :: [1m             Unknown[0m [[33mEDITED[0m]> Message ID: 1004682700755566682
[autoganjlogs] [2022-08-04 @ 10:30:59] ::             💬general ::                  [[95mSTARTED TYPING[0m]> [34m[1m      gitmo joe#4193[0m @ 2022-08-04 09:30:59+00:00
[autoganjlogs] [2022-08-04 @ 10:31:08] :: Error handling "on_message" with "<class 'discord.message.Message'>: <Message id=1004682893806805003 channel=<TextChannel id=820097812506869780 name='💬general' position=11 nsfw=True category_id=820095883454185483 news=False> type=<MessageType.default: 0> author=<Member id=382348220405383171 name='gitmo joe' discriminator='4193' bot=False nick='steampunk stalin' guild=<Guild id=820077049036406805 name='Middle Ground' shard_id=0 chunked=True member_count=116>> flags=<MessageFlags value=0>>" ""
[autoganjlogs] [2022-08-04 @ 10:31:08] ::             💬general :: [[31mE:[0m (0) | [31mA:[0m (0) | [31mS:[0m (0) | [31mR:[0m (0)][1m      gitmo joe#4193[0m > Stay the fuck out of my wallet
[autoganjlogs] [2022-08-04 @ 10:31:08] :: Error handling "on_message" with "<class 'discord.message.Message'>: <Message id=1004682894909898785 channel=<TextChannel id=1002884287261065287 name='📜bot-log' position=33 nsfw=False category_id=822863122310103081 news=False> type=<MessageType.default: 0> author=<Member id=1001059281057107999 name='AutoGanj' discriminator='4302' bot=True nick=None guild=<Guild id=820077049036406805 name='Middle Ground' shard_id=0 chunked=True member_count=116>> flags=<MessageFlags value=0>>" ""
[autoganjlogs] [2022-08-04 @ 10:31:08] ::             📜bot-log :: [[32mE:[0m (1) | [31mA:[0m (0) | [31mS:[0m (0) | [31mR:[0m (0)][1m       AutoGanj#4302[0m > 
[autoganjlogs] [2022-08-04 @ 10:31:08] ::             💬general ::                  [[95mSTARTED TYPING[0m]> [34m[1m      gitmo joe#4193[0m @ 2022-08-04 09:31:08+00:00
[autoganjlogs] [2022-08-04 @ 10:31:08] :: Error handling "on_message" with "<class 'discord.message.Message'>: <Message id=1004682896222732298 channel=<TextChannel id=1002884287261065287 name='📜bot-log' position=33 nsfw=False category_id=822863122310103081 news=False> type=<MessageType.default: 0> author=<Member id=1001059281057107999 name='AutoGanj' discriminator='4302' bot=True nick=None guild=<Guild id=820077049036406805 name='Middle Ground' shard_id=0 chunked=True member_count=116>> flags=<MessageFlags value=0>>" ""
[autoganjlogs] [2022-08-04 @ 10:31:08] ::             📜bot-log :: [[32mE:[0m (1) | [31mA:[0m (0) | [31mS:[0m (0) | [31mR:[0m (0)][1m       AutoGanj#4302[0m > 
[autoganjlogs] [2022-08-04 @ 10:31:08] :: Error handling "on_message" with "<class 'discord.message.Message'>: <Message id=1004682897074163805 channel=<TextChannel id=1002884287261065287 name='📜bot-log' position=33 nsfw=False category_id=822863122310103081 news=False> type=<MessageType.default: 0> author=<Member id=1001059281057107999 name='AutoGanj' discriminator='4302' bot=True nick=None guild=<Guild id=820077049036406805 name='Middle Ground' shard_id=0 chunked=True member_count=116>> flags=<MessageFlags value=0>>" ""
[autoganjlogs] [2022-08-04 @ 10:31:08] ::             📜bot-log :: [[32mE:[0m (1) | [31mA:[0m (0) | [31mS:[0m (0) | [31mR:[0m (0)][1m       AutoGanj#4302[0m > 
[autoganjlogs] [2022-08-04 @ 10:31:09] :: Error handling "on_message" with "<class 'discord.message.Message'>: <Message id=1004682898332463196 channel=<TextChannel id=1002884287261065287 name='📜bot-log' position=33 nsfw=False category_id=822863122310103081 news=False> type=<MessageType.default: 0> author=<Member id=1001059281057107999 name='AutoGanj' discriminator='4302' bot=True nick=None guild=<Guild id=820077049036406805 name='Middle Ground' shard_id=0 chunked=True member_count=116>> flags=<MessageFlags value=0>>" ""
[autoganjlogs] [2022-08-04 @ 10:31:09] ::             📜bot-log :: [[32mE:[0m (1) | [31mA:[0m (0) | [31mS:[0m (0) | [31mR:[0m (0)][1m       AutoGanj#4302[0m > 
[autoganjlogs] [2022-08-04 @ 10:31:09] :: Error handling "on_message" with "<class 'discord.message.Message'>: <Message id=1004682899796275310 channel=<TextChannel id=1002884287261065287 name='📜bot-log' position=33 nsfw=False category_id=822863122310103081 news=False> type=<MessageType.default: 0> author=<Member id=1001059281057107999 name='AutoGanj' discriminator='4302' bot=True nick=None guild=<Guild id=820077049036406805 name='Middle Ground' shard_id=0 chunked=True member_count=116>> flags=<MessageFlags value=0>>" ""
[autoganjlogs] [2022-08-04 @ 10:31:09] ::             📜bot-log :: [[32mE:[0m (1) | [31mA:[0m (0) | [31mS:[0m (0) | [31mR:[0m (0)][1m       AutoGanj#4302[0m > 
[autoganjlogs] [2022-08-04 @ 10:31:10] :: Error handling "on_message" with "<class 'discord.message.Message'>: <Message id=1004682904414208000 channel=<TextChannel id=820097812506869780 name='💬general' position=11 nsfw=True category_id=820095883454185483 news=False> type=<MessageType.default: 0> author=<Member id=382348220405383171 name='gitmo joe' discriminator='4193' bot=False nick='steampunk stalin' guild=<Guild id=820077049036406805 name='Middle Ground' shard_id=0 chunked=True member_count=116>> flags=<MessageFlags value=0>>" ""
[autoganjlogs] [2022-08-04 @ 10:31:10] ::             💬general :: [[31mE:[0m (0) | [31mA:[0m (0) | [31mS:[0m (0) | [31mR:[0m (0)][1m      gitmo joe#4193[0m > No gibs
[autoganjlogs] [2022-08-04 @ 10:31:10] ::             💬general ::                  [[95mSTARTED TYPING[0m]> [34m[1m      gitmo joe#4193[0m @ 2022-08-04 09:31:10+00:00
[autoganjlogs] [2022-08-04 @ 10:31:12] :: Error handling "on_message" with "<class 'discord.message.Message'>: <Message id=1004682912643432512 channel=<TextChannel id=820097812506869780 name='💬general' position=11 nsfw=True category_id=820095883454185483 news=False> type=<MessageType.default: 0> author=<Member id=1003613477681770587 name='BaboonBasher791' discriminator='3733' bot=False nick='BB' guild=<Guild id=820077049036406805 name='Middle Ground' shard_id=0 chunked=True member_count=116>> flags=<MessageFlags value=0>>" ""
[autoganjlogs] [2022-08-04 @ 10:31:12] ::             💬general :: [[31mE:[0m (0) | [31mA:[0m (0) | [31mS:[0m (0) | [31mR:[0m (0)][1mBaboonBasher791#3733[0m > Right
[autoganjlogs] [2022-08-04 @ 10:31:13] :: Error handling "on_message" with "<class 'discord.message.Message'>: <Message id=1004682916212768818 channel=<TextChannel id=820097812506869780 name='💬general' position=11 nsfw=True category_id=820095883454185483 news=False> type=<MessageType.default: 0> author=<Member id=382348220405383171 name='gitmo joe' discriminator='4193' bot=False nick='steampunk stalin' guild=<Guild id=820077049036406805 name='Middle Ground' shard_id=0 chunked=True member_count=116>> flags=<MessageFlags value=0>>" ""
[autoganjlogs] [2022-08-04 @ 10:31:13] ::             💬general :: [[31mE:[0m (0) | [31mA:[0m (0) | [31mS:[0m (0) | [31mR:[0m (0)][1m      gitmo joe#4193[0m > None, not one
[autoganjlogs] [2022-08-04 @ 10:31:13] :: Error handling "on_message" with "<class 'discord.message.Message'>: <Message id=1004682917328465990 channel=<TextChannel id=1002884287261065287 name='📜bot-log' position=33 nsfw=False category_id=822863122310103081 news=False> type=<MessageType.default: 0> author=<Member id=1001059281057107999 name='AutoGanj' discriminator='4302' bot=True nick=None guild=<Guild id=820077049036406805 name='Middle Ground' shard_id=0 chunked=True member_count=116>> flags=<MessageFlags value=0>>" ""
[autoganjlogs] [2022-08-04 @ 10:31:13] ::             📜bot-log :: [[32mE:[0m (1) | [31mA:[0m (0) | [31mS:[0m (0) | [31mR:[0m (0)][1m       AutoGanj#4302[0m > 
[autoganjlogs] [2022-08-04 @ 10:31:13] :: Error handling "on_message" with "<class 'discord.message.Message'>: <Message id=1004682918318309406 channel=<TextChannel id=1002884287261065287 name='📜bot-log' position=33 nsfw=False category_id=822863122310103081 news=False> type=<MessageType.default: 0> author=<Member id=1001059281057107999 name='AutoGanj' discriminator='4302' bot=True nick=None guild=<Guild id=820077049036406805 name='Middle Ground' shard_id=0 chunked=True member_count=116>> flags=<MessageFlags value=0>>" ""
[autoganjlogs] [2022-08-04 @ 10:31:13] ::             📜bot-log :: [[32mE:[0m (1) | [31mA:[0m (0) | [31mS:[0m (0) | [31mR:[0m (0)][1m       AutoGanj#4302[0m > 
[autoganjlogs] [2022-08-04 @ 10:31:14] :: Error handling "on_message" with "<class 'discord.message.Message'>: <Message id=1004682919396245574 channel=<TextChannel id=1002884287261065287 name='📜bot-log' position=33 nsfw=False category_id=822863122310103081 news=False> type=<MessageType.default: 0> author=<Member id=1001059281057107999 name='AutoGanj' discriminator='4302' bot=True nick=None guild=<Guild id=820077049036406805 name='Middle Ground' shard_id=0 chunked=True member_count=116>> flags=<MessageFlags value=0>>" ""
[autoganjlogs] [2022-08-04 @ 10:31:14] ::             📜bot-log :: [[32mE:[0m (1) | [31mA:[0m (0) | [31mS:[0m (0) | [31mR:[0m (0)][1m       AutoGanj#4302[0m > 
[autoganjlogs] [2022-08-04 @ 10:31:14] :: Error handling "on_message" with "<class 'discord.message.Message'>: <Message id=1004682920767787049 channel=<TextChannel id=1002884287261065287 name='📜bot-log' position=33 nsfw=False category_id=822863122310103081 news=False> type=<MessageType.default: 0> author=<Member id=1001059281057107999 name='AutoGanj' discriminator='4302' bot=True nick=None guild=<Guild id=820077049036406805 name='Middle Ground' shard_id=0 chunked=True member_count=116>> flags=<MessageFlags value=0>>" ""
[autoganjlogs] [2022-08-04 @ 10:31:14] ::             📜bot-log :: [[32mE:[0m (1) | [31mA:[0m (0) | [31mS:[0m (0) | [31mR:[0m (0)][1m       AutoGanj#4302[0m > 
[autoganjlogs] [2022-08-04 @ 10:31:14] :: Error handling "on_message" with "<class 'discord.message.Message'>: <Message id=1004682922017685524 channel=<TextChannel id=1002884287261065287 name='📜bot-log' position=33 nsfw=False category_id=822863122310103081 news=False> type=<MessageType.default: 0> author=<Member id=1001059281057107999 name='AutoGanj' discriminator='4302' bot=True nick=None guild=<Guild id=820077049036406805 name='Middle Ground' shard_id=0 chunked=True member_count=116>> flags=<MessageFlags value=0>>" ""
[autoganjlogs] [2022-08-04 @ 10:31:14] ::             📜bot-log :: [[32mE:[0m (1) | [31mA:[0m (0) | [31mS:[0m (0) | [31mR:[0m (0)][1m       AutoGanj#4302[0m > 
[autoganjlogs] [2022-08-04 @ 10:31:15] ::             💬general ::                  [[95mSTARTED TYPING[0m]> [34m[1mBaboonBasher791#3733[0m @ 2022-08-04 09:31:15+00:00
[autoganjlogs] [2022-08-04 @ 10:31:18] :: Error handling "on_message" with "<class 'discord.message.Message'>: <Message id=1004682939285651506 channel=<TextChannel id=1002884287261065287 name='📜bot-log' position=33 nsfw=False category_id=822863122310103081 news=False> type=<MessageType.default: 0> author=<Member id=1001059281057107999 name='AutoGanj' discriminator='4302' bot=True nick=None guild=<Guild id=820077049036406805 name='Middle Ground' shard_id=0 chunked=True member_count=116>> flags=<MessageFlags value=0>>" ""
[autoganjlogs] [2022-08-04 @ 10:31:18] ::             📜bot-log :: [[32mE:[0m (1) | [31mA:[0m (0) | [31mS:[0m (0) | [31mR:[0m (0)][1m       AutoGanj#4302[0m > 
[autoganjlogs] [2022-08-04 @ 10:31:19] :: Error handling "on_message" with "<class 'discord.message.Message'>: <Message id=1004682940351008788 channel=<TextChannel id=1002884287261065287 name='📜bot-log' position=33 nsfw=False category_id=822863122310103081 news=False> type=<MessageType.default: 0> author=<Member id=1001059281057107999 name='AutoGanj' discriminator='4302' bot=True nick=None guild=<Guild id=820077049036406805 name='Middle Ground' shard_id=0 chunked=True member_count=116>> flags=<MessageFlags value=0>>" ""
[autoganjlogs] [2022-08-04 @ 10:31:19] ::             📜bot-log :: [[32mE:[0m (1) | [31mA:[0m (0) | [31mS:[0m (0) | [31mR:[0m (0)][1m       AutoGanj#4302[0m > 
[autoganjlogs] [2022-08-04 @ 10:31:19] ::             💬general ::                  [[95mSTARTED TYPING[0m]> [34m[1m      gitmo joe#4193[0m @ 2022-08-04 09:31:19+00:00
[autoganjlogs] [2022-08-04 @ 10:31:19] :: Error handling "on_message" with "<class 'discord.message.Message'>: <Message id=1004682941349249114 channel=<TextChannel id=1002884287261065287 name='📜bot-log' position=33 nsfw=False category_id=822863122310103081 news=False> type=<MessageType.default: 0> author=<Member id=1001059281057107999 name='AutoGanj' discriminator='4302' bot=True nick=None guild=<Guild id=820077049036406805 name='Middle Ground' shard_id=0 chunked=True member_count=116>> flags=<MessageFlags value=0>>" ""
[autoganjlogs] [2022-08-04 @ 10:31:19] ::             📜bot-log :: [[32mE:[0m (1) | [31mA:[0m (0) | [31mS:[0m (0) | [31mR:[0m (0)][1m       AutoGanj#4302[0m > 
[autoganjlogs] [2022-08-04 @ 10:31:19] :: Error handling "on_message" with "<class 'discord.message.Message'>: <Message id=1004682942498484264 channel=<TextChannel id=1002884287261065287 name='📜bot-log' position=33 nsfw=False category_id=822863122310103081 news=False> type=<MessageType.default: 0> author=<Member id=1001059281057107999 name='AutoGanj' discriminator='4302' bot=True nick=None guild=<Guild id=820077049036406805 name='Middle Ground' shard_id=0 chunked=True member_count=116>> flags=<MessageFlags value=0>>" ""
[autoganjlogs] [2022-08-04 @ 10:31:19] ::             📜bot-log :: [[32mE:[0m (1) | [31mA:[0m (0) | [31mS:[0m (0) | [31mR:[0m (0)][1m       AutoGanj#4302[0m > 
[autoganjlogs] [2022-08-04 @ 10:31:19] :: Error handling "on_message" with "<class 'discord.message.Message'>: <Message id=1004682943232491540 channel=<TextChannel id=820097812506869780 name='💬general' position=11 nsfw=True category_id=820095883454185483 news=False> type=<MessageType.default: 0> author=<Member id=1003613477681770587 name='BaboonBasher791' discriminator='3733' bot=False nick='BB' guild=<Guild id=820077049036406805 name='Middle Ground' shard_id=0 chunked=True member_count=116>> flags=<MessageFlags value=0>>" ""
[autoganjlogs] [2022-08-04 @ 10:31:19] ::             💬general :: [[31mE:[0m (0) | [31mA:[0m (0) | [31mS:[0m (0) | [31mR:[0m (0)][1mBaboonBasher791#3733[0m > BLM is a joke
[autoganjlogs] [2022-08-04 @ 10:31:19] :: Error handling "on_message" with "<class 'discord.message.Message'>: <Message id=1004682943513493504 channel=<TextChannel id=1002884287261065287 name='📜bot-log' position=33 nsfw=False category_id=822863122310103081 news=False> type=<MessageType.default: 0> author=<Member id=1001059281057107999 name='AutoGanj' discriminator='4302' bot=True nick=None guild=<Guild id=820077049036406805 name='Middle Ground' shard_id=0 chunked=True member_count=116>> flags=<MessageFlags value=0>>" ""
[autoganjlogs] [2022-08-04 @ 10:31:19] ::             📜bot-log :: [[32mE:[0m (1) | [31mA:[0m (0) | [31mS:[0m (0) | [31mR:[0m (0)][1m       AutoGanj#4302[0m > 
[autoganjlogs] [2022-08-04 @ 10:31:22] ::             💬general ::                  [[95mSTARTED TYPING[0m]> [34m[1mBaboonBasher791#3733[0m @ 2022-08-04 09:31:22+00:00
[autoganjlogs] [2022-08-04 @ 10:31:23] :: Error handling "on_message" with "<class 'discord.message.Message'>: <Message id=1004682957899964527 channel=<TextChannel id=820097812506869780 name='💬general' position=11 nsfw=True category_id=820095883454185483 news=False> type=<MessageType.default: 0> author=<Member id=1003613477681770587 name='BaboonBasher791' discriminator='3733' bot=False nick='BB' guild=<Guild id=820077049036406805 name='Middle Ground' shard_id=0 chunked=True member_count=116>> flags=<MessageFlags value=0>>" ""
[autoganjlogs] [2022-08-04 @ 10:31:23] ::             💬general :: [[31mE:[0m (0) | [31mA:[0m (0) | [31mS:[0m (0) | [31mR:[0m (0)][1mBaboonBasher791#3733[0m > Cash grab
[autoganjlogs] [2022-08-04 @ 10:31:24] :: Error handling "on_message" with "<class 'discord.message.Message'>: <Message id=1004682961293152318 channel=<TextChannel id=1002884287261065287 name='📜bot-log' position=33 nsfw=False category_id=822863122310103081 news=False> type=<MessageType.default: 0> author=<Member id=1001059281057107999 name='AutoGanj' discriminator='4302' bot=True nick=None guild=<Guild id=820077049036406805 name='Middle Ground' shard_id=0 chunked=True member_count=116>> flags=<MessageFlags value=0>>" ""
[autoganjlogs] [2022-08-04 @ 10:31:24] ::             📜bot-log :: [[32mE:[0m (1) | [31mA:[0m (0) | [31mS:[0m (0) | [31mR:[0m (0)][1m       AutoGanj#4302[0m > 
[autoganjlogs] [2022-08-04 @ 10:31:24] :: Error handling "on_message" with "<class 'discord.message.Message'>: <Message id=1004682962484346960 channel=<TextChannel id=1002884287261065287 name='📜bot-log' position=33 nsfw=False category_id=822863122310103081 news=False> type=<MessageType.default: 0> author=<Member id=1001059281057107999 name='AutoGanj' discriminator='4302' bot=True nick=None guild=<Guild id=820077049036406805 name='Middle Ground' shard_id=0 chunked=True member_count=116>> flags=<MessageFlags value=0>>" ""
[autoganjlogs] [2022-08-04 @ 10:31:24] ::             📜bot-log :: [[32mE:[0m (1) | [31mA:[0m (0) | [31mS:[0m (0) | [31mR:[0m (0)][1m       AutoGanj#4302[0m > 
[autoganjlogs] [2022-08-04 @ 10:31:24] :: Error handling "on_message" with "<class 'discord.message.Message'>: <Message id=1004682964107526164 channel=<TextChannel id=1002884287261065287 name='📜bot-log' position=33 nsfw=False category_id=822863122310103081 news=False> type=<MessageType.default: 0> author=<Member id=1001059281057107999 name='AutoGanj' discriminator='4302' bot=True nick=None guild=<Guild id=820077049036406805 name='Middle Ground' shard_id=0 chunked=True member_count=116>> flags=<MessageFlags value=0>>" ""
[autoganjlogs] [2022-08-04 @ 10:31:24] ::             📜bot-log :: [[32mE:[0m (1) | [31mA:[0m (0) | [31mS:[0m (0) | [31mR:[0m (0)][1m       AutoGanj#4302[0m > 
[autoganjlogs] [2022-08-04 @ 10:31:25] :: Error handling "on_message" with "<class 'discord.message.Message'>: <Message id=1004682965105786901 channel=<TextChannel id=1002884287261065287 name='📜bot-log' position=33 nsfw=False category_id=822863122310103081 news=False> type=<MessageType.default: 0> author=<Member id=1001059281057107999 name='AutoGanj' discriminator='4302' bot=True nick=None guild=<Guild id=820077049036406805 name='Middle Ground' shard_id=0 chunked=True member_count=116>> flags=<MessageFlags value=0>>" ""
[autoganjlogs] [2022-08-04 @ 10:31:25] ::             📜bot-log :: [[32mE:[0m (1) | [31mA:[0m (0) | [31mS:[0m (0) | [31mR:[0m (0)][1m       AutoGanj#4302[0m > 
[autoganjlogs] [2022-08-04 @ 10:31:25] :: Error handling "on_message" with "<class 'discord.message.Message'>: <Message id=1004682966175326328 channel=<TextChannel id=1002884287261065287 name='📜bot-log' position=33 nsfw=False category_id=822863122310103081 news=False> type=<MessageType.default: 0> author=<Member id=1001059281057107999 name='AutoGanj' discriminator='4302' bot=True nick=None guild=<Guild id=820077049036406805 name='Middle Ground' shard_id=0 chunked=True member_count=116>> flags=<MessageFlags value=0>>" ""
[autoganjlogs] [2022-08-04 @ 10:31:25] ::             📜bot-log :: [[32mE:[0m (1) | [31mA:[0m (0) | [31mS:[0m (0) | [31mR:[0m (0)][1m       AutoGanj#4302[0m > 
[autoganjlogs] [2022-08-04 @ 10:31:26] :: Error handling "on_message" with "<class 'discord.message.Message'>: <Message id=1004682970185076756 channel=<TextChannel id=820097812506869780 name='💬general' position=11 nsfw=True category_id=820095883454185483 news=False> type=<MessageType.default: 0> author=<Member id=382348220405383171 name='gitmo joe' discriminator='4193' bot=False nick='steampunk stalin' guild=<Guild id=820077049036406805 name='Middle Ground' shard_id=0 chunked=True member_count=116>> flags=<MessageFlags value=0>>" ""
[autoganjlogs] [2022-08-04 @ 10:31:26] ::             💬general :: [[31mE:[0m (0) | [31mA:[0m (0) | [31mS:[0m (0) | [31mR:[0m (0)][1m      gitmo joe#4193[0m > BLM is a psyop
[autoganjlogs] [2022-08-04 @ 10:31:26] ::             💬general ::                  [[95mSTARTED TYPING[0m]> [34m[1m          gañjā#9046[0m @ 2022-08-04 09:31:26+00:00
[autoganjlogs] [2022-08-04 @ 10:31:27] ::             💬general ::                  [[95mSTARTED TYPING[0m]> [34m[1m      gitmo joe#4193[0m @ 2022-08-04 09:31:26+00:00
[autoganjlogs] [2022-08-04 @ 10:31:29] :: Error handling "on_message" with "<class 'discord.message.Message'>: <Message id=1004682983371976745 channel=<TextChannel id=1002884287261065287 name='📜bot-log' position=33 nsfw=False category_id=822863122310103081 news=False> type=<MessageType.default: 0> author=<Member id=1001059281057107999 name='AutoGanj' discriminator='4302' bot=True nick=None guild=<Guild id=820077049036406805 name='Middle Ground' shard_id=0 chunked=True member_count=116>> flags=<MessageFlags value=0>>" ""
[autoganjlogs] [2022-08-04 @ 10:31:29] ::             📜bot-log :: [[32mE:[0m (1) | [31mA:[0m (0) | [31mS:[0m (0) | [31mR:[0m (0)][1m       AutoGanj#4302[0m > 
[autoganjlogs] [2022-08-04 @ 10:31:29] :: Error handling "on_message" with "<class 'discord.message.Message'>: <Message id=1004682984403763220 channel=<TextChannel id=1002884287261065287 name='📜bot-log' position=33 nsfw=False category_id=822863122310103081 news=False> type=<MessageType.default: 0> author=<Member id=1001059281057107999 name='AutoGanj' discriminator='4302' bot=True nick=None guild=<Guild id=820077049036406805 name='Middle Ground' shard_id=0 chunked=True member_count=116>> flags=<MessageFlags value=0>>" ""
[autoganjlogs] [2022-08-04 @ 10:31:29] ::             📜bot-log :: [[32mE:[0m (1) | [31mA:[0m (0) | [31mS:[0m (0) | [31mR:[0m (0)][1m       AutoGanj#4302[0m > 
[autoganjlogs] [2022-08-04 @ 10:31:29] :: Error handling "on_message" with "<class 'discord.message.Message'>: <Message id=1004682985485897749 channel=<TextChannel id=1002884287261065287 name='📜bot-log' position=33 nsfw=False category_id=822863122310103081 news=False> type=<MessageType.default: 0> author=<Member id=1001059281057107999 name='AutoGanj' discriminator='4302' bot=True nick=None guild=<Guild id=820077049036406805 name='Middle Ground' shard_id=0 chunked=True member_count=116>> flags=<MessageFlags value=0>>" ""
[autoganjlogs] [2022-08-04 @ 10:31:29] ::             📜bot-log :: [[32mE:[0m (1) | [31mA:[0m (0) | [31mS:[0m (0) | [31mR:[0m (0)][1m       AutoGanj#4302[0m > 
[autoganjlogs] [2022-08-04 @ 10:31:30] :: Error handling "on_message" with "<class 'discord.message.Message'>: <Message id=1004682986693865542 channel=<TextChannel id=1002884287261065287 name='📜bot-log' position=33 nsfw=False category_id=822863122310103081 news=False> type=<MessageType.default: 0> author=<Member id=1001059281057107999 name='AutoGanj' discriminator='4302' bot=True nick=None guild=<Guild id=820077049036406805 name='Middle Ground' shard_id=0 chunked=True member_count=116>> flags=<MessageFlags value=0>>" ""
[autoganjlogs] [2022-08-04 @ 10:31:30] ::             📜bot-log :: [[32mE:[0m (1) | [31mA:[0m (0) | [31mS:[0m (0) | [31mR:[0m (0)][1m       AutoGanj#4302[0m > 
[autoganjlogs] [2022-08-04 @ 10:31:30] :: Error handling "on_message" with "<class 'discord.message.Message'>: <Message id=1004682987868274708 channel=<TextChannel id=1002884287261065287 name='📜bot-log' position=33 nsfw=False category_id=822863122310103081 news=False> type=<MessageType.default: 0> author=<Member id=1001059281057107999 name='AutoGanj' discriminator='4302' bot=True nick=None guild=<Guild id=820077049036406805 name='Middle Ground' shard_id=0 chunked=True member_count=116>> flags=<MessageFlags value=0>>" ""
[autoganjlogs] [2022-08-04 @ 10:31:30] ::             📜bot-log :: [[32mE:[0m (1) | [31mA:[0m (0) | [31mS:[0m (0) | [31mR:[0m (0)][1m       AutoGanj#4302[0m > 
[autoganjlogs] [2022-08-04 @ 10:31:31] :: Error handling "on_message" with "<class 'discord.message.Message'>: <Message id=1004682990535839825 channel=<TextChannel id=820097812506869780 name='💬general' position=11 nsfw=True category_id=820095883454185483 news=False> type=<MessageType.default: 0> author=<Member id=382348220405383171 name='gitmo joe' discriminator='4193' bot=False nick='steampunk stalin' guild=<Guild id=820077049036406805 name='Middle Ground' shard_id=0 chunked=True member_count=116>> flags=<MessageFlags value=0>>" ""
[autoganjlogs] [2022-08-04 @ 10:31:31] ::             💬general :: [[31mE:[0m (0) | [31mA:[0m (0) | [31mS:[0m (0) | [31mR:[0m (0)][1m      gitmo joe#4193[0m > Same as feminism
[autoganjlogs] [2022-08-04 @ 10:31:31] ::             💬general ::                  [[95mSTARTED TYPING[0m]> [34m[1mBaboonBasher791#3733[0m @ 2022-08-04 09:31:31+00:00
[autoganjlogs] [2022-08-04 @ 10:31:34] :: Error handling "on_message" with "<class 'discord.message.Message'>: <Message id=1004683003345256488 channel=<TextChannel id=820097812506869780 name='💬general' position=11 nsfw=True category_id=820095883454185483 news=False> type=<MessageType.default: 0> author=<Member id=1003613477681770587 name='BaboonBasher791' discriminator='3733' bot=False nick='BB' guild=<Guild id=820077049036406805 name='Middle Ground' shard_id=0 chunked=True member_count=116>> flags=<MessageFlags value=0>>" ""
[autoganjlogs] [2022-08-04 @ 10:31:34] ::             💬general :: [[31mE:[0m (0) | [31mA:[0m (0) | [31mS:[0m (0) | [31mR:[0m (0)][1mBaboonBasher791#3733[0m > So was the vegas massacre
[autoganjlogs] [2022-08-04 @ 10:31:34] :: Error handling "on_message" with "<class 'discord.message.Message'>: <Message id=1004683005341741126 channel=<TextChannel id=1002884287261065287 name='📜bot-log' position=33 nsfw=False category_id=822863122310103081 news=False> type=<MessageType.default: 0> author=<Member id=1001059281057107999 name='AutoGanj' discriminator='4302' bot=True nick=None guild=<Guild id=820077049036406805 name='Middle Ground' shard_id=0 chunked=True member_count=116>> flags=<MessageFlags value=0>>" ""
[autoganjlogs] [2022-08-04 @ 10:31:34] ::             📜bot-log :: [[32mE:[0m (1) | [31mA:[0m (0) | [31mS:[0m (0) | [31mR:[0m (0)][1m       AutoGanj#4302[0m > 
[autoganjlogs] [2022-08-04 @ 10:31:34] :: Error handling "on_message" with "<class 'discord.message.Message'>: <Message id=1004683006394499093 channel=<TextChannel id=1002884287261065287 name='📜bot-log' position=33 nsfw=False category_id=822863122310103081 news=False> type=<MessageType.default: 0> author=<Member id=1001059281057107999 name='AutoGanj' discriminator='4302' bot=True nick=None guild=<Guild id=820077049036406805 name='Middle Ground' shard_id=0 chunked=True member_count=116>> flags=<MessageFlags value=0>>" ""
[autoganjlogs] [2022-08-04 @ 10:31:34] ::             📜bot-log :: [[32mE:[0m (1) | [31mA:[0m (0) | [31mS:[0m (0) | [31mR:[0m (0)][1m       AutoGanj#4302[0m > 
[autoganjlogs] [2022-08-04 @ 10:31:35] :: Error handling "on_message" with "<class 'discord.message.Message'>: <Message id=1004683007497617419 channel=<TextChannel id=1002884287261065287 name='📜bot-log' position=33 nsfw=False category_id=822863122310103081 news=False> type=<MessageType.default: 0> author=<Member id=1001059281057107999 name='AutoGanj' discriminator='4302' bot=True nick=None guild=<Guild id=820077049036406805 name='Middle Ground' shard_id=0 chunked=True member_count=116>> flags=<MessageFlags value=0>>" ""
[autoganjlogs] [2022-08-04 @ 10:31:35] ::             📜bot-log :: [[32mE:[0m (1) | [31mA:[0m (0) | [31mS:[0m (0) | [31mR:[0m (0)][1m       AutoGanj#4302[0m > 
[autoganjlogs] [2022-08-04 @ 10:31:35] :: Error handling "on_message" with "<class 'discord.message.Message'>: <Message id=1004683008399376426 channel=<TextChannel id=1002884287261065287 name='📜bot-log' position=33 nsfw=False category_id=822863122310103081 news=False> type=<MessageType.default: 0> author=<Member id=1001059281057107999 name='AutoGanj' discriminator='4302' bot=True nick=None guild=<Guild id=820077049036406805 name='Middle Ground' shard_id=0 chunked=True member_count=116>> flags=<MessageFlags value=0>>" ""
[autoganjlogs] [2022-08-04 @ 10:31:35] ::             📜bot-log :: [[32mE:[0m (1) | [31mA:[0m (0) | [31mS:[0m (0) | [31mR:[0m (0)][1m       AutoGanj#4302[0m > 
[autoganjlogs] [2022-08-04 @ 10:31:35] :: Error handling "on_message" with "<class 'discord.message.Message'>: <Message id=1004683009670262854 channel=<TextChannel id=1002884287261065287 name='📜bot-log' position=33 nsfw=False category_id=822863122310103081 news=False> type=<MessageType.default: 0> author=<Member id=1001059281057107999 name='AutoGanj' discriminator='4302' bot=True nick=None guild=<Guild id=820077049036406805 name='Middle Ground' shard_id=0 chunked=True member_count=116>> flags=<MessageFlags value=0>>" ""
[autoganjlogs] [2022-08-04 @ 10:31:35] ::             📜bot-log :: [[32mE:[0m (1) | [31mA:[0m (0) | [31mS:[0m (0) | [31mR:[0m (0)][1m       AutoGanj#4302[0m > 
[autoganjlogs] [2022-08-04 @ 10:31:39] :: Error handling "on_message" with "<class 'discord.message.Message'>: <Message id=1004683027269554228 channel=<TextChannel id=1002884287261065287 name='📜bot-log' position=33 nsfw=False category_id=822863122310103081 news=False> type=<MessageType.default: 0> author=<Member id=1001059281057107999 name='AutoGanj' discriminator='4302' bot=True nick=None guild=<Guild id=820077049036406805 name='Middle Ground' shard_id=0 chunked=True member_count=116>> flags=<MessageFlags value=0>>" ""
[autoganjlogs] [2022-08-04 @ 10:31:39] ::             📜bot-log :: [[32mE:[0m (1) | [31mA:[0m (0) | [31mS:[0m (0) | [31mR:[0m (0)][1m       AutoGanj#4302[0m > 
[autoganjlogs] [2022-08-04 @ 10:31:40] :: Error handling "on_message" with "<class 'discord.message.Message'>: <Message id=1004683028720799844 channel=<TextChannel id=1002884287261065287 name='📜bot-log' position=33 nsfw=False category_id=822863122310103081 news=False> type=<MessageType.default: 0> author=<Member id=1001059281057107999 name='AutoGanj' discriminator='4302' bot=True nick=None guild=<Guild id=820077049036406805 name='Middle Ground' shard_id=0 chunked=True member_count=116>> flags=<MessageFlags value=0>>" ""
[autoganjlogs] [2022-08-04 @ 10:31:40] ::             📜bot-log :: [[32mE:[0m (1) | [31mA:[0m (0) | [31mS:[0m (0) | [31mR:[0m (0)][1m       AutoGanj#4302[0m > 
[autoganjlogs] [2022-08-04 @ 10:31:40] ::             💬general ::                  [[95mSTARTED TYPING[0m]> [34m[1m          gañjā#9046[0m @ 2022-08-04 09:31:40+00:00
[autoganjlogs] [2022-08-04 @ 10:31:40] :: Error handling "on_message" with "<class 'discord.message.Message'>: <Message id=1004683029781938236 channel=<TextChannel id=1002884287261065287 name='📜bot-log' position=33 nsfw=False category_id=822863122310103081 news=False> type=<MessageType.default: 0> author=<Member id=1001059281057107999 name='AutoGanj' discriminator='4302' bot=True nick=None guild=<Guild id=820077049036406805 name='Middle Ground' shard_id=0 chunked=True member_count=116>> flags=<MessageFlags value=0>>" ""
[autoganjlogs] [2022-08-04 @ 10:31:40] ::             📜bot-log :: [[32mE:[0m (1) | [31mA:[0m (0) | [31mS:[0m (0) | [31mR:[0m (0)][1m       AutoGanj#4302[0m > 
[autoganjlogs] [2022-08-04 @ 10:31:40] :: Error handling "on_message" with "<class 'discord.message.Message'>: <Message id=1004683030780203038 channel=<TextChannel id=1002884287261065287 name='📜bot-log' position=33 nsfw=False category_id=822863122310103081 news=False> type=<MessageType.default: 0> author=<Member id=1001059281057107999 name='AutoGanj' discriminator='4302' bot=True nick=None guild=<Guild id=820077049036406805 name='Middle Ground' shard_id=0 chunked=True member_count=116>> flags=<MessageFlags value=0>>" ""
[autoganjlogs] [2022-08-04 @ 10:31:40] ::             📜bot-log :: [[32mE:[0m (1) | [31mA:[0m (0) | [31mS:[0m (0) | [31mR:[0m (0)][1m       AutoGanj#4302[0m > 
[autoganjlogs] [2022-08-04 @ 10:31:41] :: Error handling "on_message" with "<class 'discord.message.Message'>: <Message id=1004683031807799366 channel=<TextChannel id=1002884287261065287 name='📜bot-log' position=33 nsfw=False category_id=822863122310103081 news=False> type=<MessageType.default: 0> author=<Member id=1001059281057107999 name='AutoGanj' discriminator='4302' bot=True nick=None guild=<Guild id=820077049036406805 name='Middle Ground' shard_id=0 chunked=True member_count=116>> flags=<MessageFlags value=0>>" ""
[autoganjlogs] [2022-08-04 @ 10:31:41] ::             📜bot-log :: [[32mE:[0m (1) | [31mA:[0m (0) | [31mS:[0m (0) | [31mR:[0m (0)][1m       AutoGanj#4302[0m > 
[autoganjlogs] [2022-08-04 @ 10:31:41] ::             💬general ::                  [[95mSTARTED TYPING[0m]> [34m[1m      gitmo joe#4193[0m @ 2022-08-04 09:31:41+00:00
[autoganjlogs] [2022-08-04 @ 10:31:44] :: Error handling "on_message" with "<class 'discord.message.Message'>: <Message id=1004683047066664990 channel=<TextChannel id=820097812506869780 name='💬general' position=11 nsfw=True category_id=820095883454185483 news=False> type=<MessageType.reply: 19> author=<Member id=382348220405383171 name='gitmo joe' discriminator='4193' bot=False nick='steampunk stalin' guild=<Guild id=820077049036406805 name='Middle Ground' shard_id=0 chunked=True member_count=116>> flags=<MessageFlags value=0>>" ""
[autoganjlogs] [2022-08-04 @ 10:31:44] ::             💬general :: [[31mE:[0m (0) | [31mA:[0m (0) | [31mS:[0m (0) | [31mR:[0m (0)][1m      gitmo joe#4193[0m > Entirely possible sir.
[autoganjlogs] [2022-08-04 @ 10:31:45] :: Error handling "on_message" with "<class 'discord.message.Message'>: <Message id=1004683049444855828 channel=<TextChannel id=1002884287261065287 name='📜bot-log' position=33 nsfw=False category_id=822863122310103081 news=False> type=<MessageType.default: 0> author=<Member id=1001059281057107999 name='AutoGanj' discriminator='4302' bot=True nick=None guild=<Guild id=820077049036406805 name='Middle Ground' shard_id=0 chunked=True member_count=116>> flags=<MessageFlags value=0>>" ""
[autoganjlogs] [2022-08-04 @ 10:31:45] ::             📜bot-log :: [[32mE:[0m (1) | [31mA:[0m (0) | [31mS:[0m (0) | [31mR:[0m (0)][1m       AutoGanj#4302[0m > 
[autoganjlogs] [2022-08-04 @ 10:31:45] :: Error handling "on_message" with "<class 'discord.message.Message'>: <Message id=1004683050594074656 channel=<TextChannel id=1002884287261065287 name='📜bot-log' position=33 nsfw=False category_id=822863122310103081 news=False> type=<MessageType.default: 0> author=<Member id=1001059281057107999 name='AutoGanj' discriminator='4302' bot=True nick=None guild=<Guild id=820077049036406805 name='Middle Ground' shard_id=0 chunked=True member_count=116>> flags=<MessageFlags value=0>>" ""
[autoganjlogs] [2022-08-04 @ 10:31:45] ::             📜bot-log :: [[32mE:[0m (1) | [31mA:[0m (0) | [31mS:[0m (0) | [31mR:[0m (0)][1m       AutoGanj#4302[0m > 
[autoganjlogs] [2022-08-04 @ 10:31:45] :: Error handling "on_message" with "<class 'discord.message.Message'>: <Message id=1004683051651051611 channel=<TextChannel id=1002884287261065287 name='📜bot-log' position=33 nsfw=False category_id=822863122310103081 news=False> type=<MessageType.default: 0> author=<Member id=1001059281057107999 name='AutoGanj' discriminator='4302' bot=True nick=None guild=<Guild id=820077049036406805 name='Middle Ground' shard_id=0 chunked=True member_count=116>> flags=<MessageFlags value=0>>" ""
[autoganjlogs] [2022-08-04 @ 10:31:45] ::             📜bot-log :: [[32mE:[0m (1) | [31mA:[0m (0) | [31mS:[0m (0) | [31mR:[0m (0)][1m       AutoGanj#4302[0m > 
[autoganjlogs] [2022-08-04 @ 10:31:46] :: Error handling "on_message" with "<class 'discord.message.Message'>: <Message id=1004683052741574706 channel=<TextChannel id=1002884287261065287 name='📜bot-log' position=33 nsfw=False category_id=822863122310103081 news=False> type=<MessageType.default: 0> author=<Member id=1001059281057107999 name='AutoGanj' discriminator='4302' bot=True nick=None guild=<Guild id=820077049036406805 name='Middle Ground' shard_id=0 chunked=True member_count=116>> flags=<MessageFlags value=0>>" ""
[autoganjlogs] [2022-08-04 @ 10:31:46] ::             📜bot-log :: [[32mE:[0m (1) | [31mA:[0m (0) | [31mS:[0m (0) | [31mR:[0m (0)][1m       AutoGanj#4302[0m > 
[autoganjlogs] [2022-08-04 @ 10:31:46] :: Error handling "on_message" with "<class 'discord.message.Message'>: <Message id=1004683053685297174 channel=<TextChannel id=1002884287261065287 name='📜bot-log' position=33 nsfw=False category_id=822863122310103081 news=False> type=<MessageType.default: 0> author=<Member id=1001059281057107999 name='AutoGanj' discriminator='4302' bot=True nick=None guild=<Guild id=820077049036406805 name='Middle Ground' shard_id=0 chunked=True member_count=116>> flags=<MessageFlags value=0>>" ""
[autoganjlogs] [2022-08-04 @ 10:31:46] ::             📜bot-log :: [[32mE:[0m (1) | [31mA:[0m (0) | [31mS:[0m (0) | [31mR:[0m (0)][1m       AutoGanj#4302[0m > 
[autoganjlogs] [2022-08-04 @ 10:31:48] :: Error handling "on_message" with "<class 'discord.message.Message'>: <Message id=1004683063072145418 channel=<TextChannel id=820097812506869780 name='💬general' position=11 nsfw=True category_id=820095883454185483 news=False> type=<MessageType.default: 0> author=<Member id=218521566412013568 name='gañjā' discriminator='9046' bot=False nick='Ganj' guild=<Guild id=820077049036406805 name='Middle Ground' shard_id=0 chunked=True member_count=116>> flags=<MessageFlags value=0>>" ""
[autoganjlogs] [2022-08-04 @ 10:31:48] ::             💬general :: [[31mE:[0m (0) | [31mA:[0m (0) | [31mS:[0m (0) | [31mR:[0m (0)][1m          gañjā#9046[0m > the interesting thing is that 400 years back in any european country and you're likely to find slavery
[autoganjlogs] [2022-08-04 @ 10:31:50] :: Error handling "on_message" with "<class 'discord.message.Message'>: <Message id=1004683071393648711 channel=<TextChannel id=1002884287261065287 name='📜bot-log' position=33 nsfw=False category_id=822863122310103081 news=False> type=<MessageType.default: 0> author=<Member id=1001059281057107999 name='AutoGanj' discriminator='4302' bot=True nick=None guild=<Guild id=820077049036406805 name='Middle Ground' shard_id=0 chunked=True member_count=116>> flags=<MessageFlags value=0>>" ""
[autoganjlogs] [2022-08-04 @ 10:31:50] ::             📜bot-log :: [[32mE:[0m (1) | [31mA:[0m (0) | [31mS:[0m (0) | [31mR:[0m (0)][1m       AutoGanj#4302[0m > 
[autoganjlogs] [2022-08-04 @ 10:31:50] :: Error handling "on_message" with "<class 'discord.message.Message'>: <Message id=1004683072400277514 channel=<TextChannel id=1002884287261065287 name='📜bot-log' position=33 nsfw=False category_id=822863122310103081 news=False> type=<MessageType.default: 0> author=<Member id=1001059281057107999 name='AutoGanj' discriminator='4302' bot=True nick=None guild=<Guild id=820077049036406805 name='Middle Ground' shard_id=0 chunked=True member_count=116>> flags=<MessageFlags value=0>>" ""
[autoganjlogs] [2022-08-04 @ 10:31:50] ::             📜bot-log :: [[32mE:[0m (1) | [31mA:[0m (0) | [31mS:[0m (0) | [31mR:[0m (0)][1m       AutoGanj#4302[0m > 
[autoganjlogs] [2022-08-04 @ 10:31:51] :: Error handling "on_message" with "<class 'discord.message.Message'>: <Message id=1004683075176910928 channel=<TextChannel id=1002884287261065287 name='📜bot-log' position=33 nsfw=False category_id=822863122310103081 news=False> type=<MessageType.default: 0> author=<Member id=1001059281057107999 name='AutoGanj' discriminator='4302' bot=True nick=None guild=<Guild id=820077049036406805 name='Middle Ground' shard_id=0 chunked=True member_count=116>> flags=<MessageFlags value=0>>" ""
[autoganjlogs] [2022-08-04 @ 10:31:51] ::             📜bot-log :: [[32mE:[0m (1) | [31mA:[0m (0) | [31mS:[0m (0) | [31mR:[0m (0)][1m       AutoGanj#4302[0m > 
[autoganjlogs] [2022-08-04 @ 10:31:51] :: Error handling "on_message" with "<class 'discord.message.Message'>: <Message id=1004683076405837874 channel=<TextChannel id=1002884287261065287 name='📜bot-log' position=33 nsfw=False category_id=822863122310103081 news=False> type=<MessageType.default: 0> author=<Member id=1001059281057107999 name='AutoGanj' discriminator='4302' bot=True nick=None guild=<Guild id=820077049036406805 name='Middle Ground' shard_id=0 chunked=True member_count=116>> flags=<MessageFlags value=0>>" ""
[autoganjlogs] [2022-08-04 @ 10:31:51] ::             📜bot-log :: [[32mE:[0m (1) | [31mA:[0m (0) | [31mS:[0m (0) | [31mR:[0m (0)][1m       AutoGanj#4302[0m > 
[autoganjlogs] [2022-08-04 @ 10:31:51] :: Error handling "on_message" with "<class 'discord.message.Message'>: <Message id=1004683077173379105 channel=<TextChannel id=1002884287261065287 name='📜bot-log' position=33 nsfw=False category_id=822863122310103081 news=False> type=<MessageType.default: 0> author=<Member id=1001059281057107999 name='AutoGanj' discriminator='4302' bot=True nick=None guild=<Guild id=820077049036406805 name='Middle Ground' shard_id=0 chunked=True member_count=116>> flags=<MessageFlags value=0>>" ""
[autoganjlogs] [2022-08-04 @ 10:31:51] ::             📜bot-log :: [[32mE:[0m (1) | [31mA:[0m (0) | [31mS:[0m (0) | [31mR:[0m (0)][1m       AutoGanj#4302[0m > 
[autoganjlogs] [2022-08-04 @ 10:31:52] ::             💬general ::                  [[95mSTARTED TYPING[0m]> [34m[1m          gañjā#9046[0m @ 2022-08-04 09:31:52+00:00
[autoganjlogs] [2022-08-04 @ 10:31:52] ::             💬general ::                  [[95mSTARTED TYPING[0m]> [34m[1mBaboonBasher791#3733[0m @ 2022-08-04 09:31:52+00:00
[autoganjlogs] [2022-08-04 @ 10:31:53] :: Error handling "on_message" with "<class 'discord.message.Message'>: <Message id=1004683085314535504 channel=<TextChannel id=820097812506869780 name='💬general' position=11 nsfw=True category_id=820095883454185483 news=False> type=<MessageType.reply: 19> author=<Member id=1003613477681770587 name='BaboonBasher791' discriminator='3733' bot=False nick='BB' guild=<Guild id=820077049036406805 name='Middle Ground' shard_id=0 chunked=True member_count=116>> flags=<MessageFlags value=0>>" ""
[autoganjlogs] [2022-08-04 @ 10:31:53] ::             💬general :: [[31mE:[0m (0) | [31mA:[0m (0) | [31mS:[0m (0) | [31mR:[0m (0)][1mBaboonBasher791#3733[0m > I have proof
[autoganjlogs] [2022-08-04 @ 10:31:55] ::             💬general ::                  [[95mSTARTED TYPING[0m]> [34m[1m      gitmo joe#4193[0m @ 2022-08-04 09:31:55+00:00
[autoganjlogs] [2022-08-04 @ 10:31:55] :: Error handling "on_message" with "<class 'discord.message.Message'>: <Message id=1004683093342441472 channel=<TextChannel id=1002884287261065287 name='📜bot-log' position=33 nsfw=False category_id=822863122310103081 news=False> type=<MessageType.default: 0> author=<Member id=1001059281057107999 name='AutoGanj' discriminator='4302' bot=True nick=None guild=<Guild id=820077049036406805 name='Middle Ground' shard_id=0 chunked=True member_count=116>> flags=<MessageFlags value=0>>" ""
[autoganjlogs] [2022-08-04 @ 10:31:55] ::             📜bot-log :: [[32mE:[0m (1) | [31mA:[0m (0) | [31mS:[0m (0) | [31mR:[0m (0)][1m       AutoGanj#4302[0m > 
[autoganjlogs] [2022-08-04 @ 10:31:55] :: Error handling "on_message" with "<class 'discord.message.Message'>: <Message id=1004683094558777384 channel=<TextChannel id=1002884287261065287 name='📜bot-log' position=33 nsfw=False category_id=822863122310103081 news=False> type=<MessageType.default: 0> author=<Member id=1001059281057107999 name='AutoGanj' discriminator='4302' bot=True nick=None guild=<Guild id=820077049036406805 name='Middle Ground' shard_id=0 chunked=True member_count=116>> flags=<MessageFlags value=0>>" ""
[autoganjlogs] [2022-08-04 @ 10:31:55] ::             📜bot-log :: [[32mE:[0m (1) | [31mA:[0m (0) | [31mS:[0m (0) | [31mR:[0m (0)][1m       AutoGanj#4302[0m > 
[autoganjlogs] [2022-08-04 @ 10:31:56] :: Error handling "on_message" with "<class 'discord.message.Message'>: <Message id=1004683095695446156 channel=<TextChannel id=1002884287261065287 name='📜bot-log' position=33 nsfw=False category_id=822863122310103081 news=False> type=<MessageType.default: 0> author=<Member id=1001059281057107999 name='AutoGanj' discriminator='4302' bot=True nick=None guild=<Guild id=820077049036406805 name='Middle Ground' shard_id=0 chunked=True member_count=116>> flags=<MessageFlags value=0>>" ""
[autoganjlogs] [2022-08-04 @ 10:31:56] ::             📜bot-log :: [[32mE:[0m (1) | [31mA:[0m (0) | [31mS:[0m (0) | [31mR:[0m (0)][1m       AutoGanj#4302[0m > 
[autoganjlogs] [2022-08-04 @ 10:31:56] :: Error handling "on_message" with "<class 'discord.message.Message'>: <Message id=1004683096806932480 channel=<TextChannel id=1002884287261065287 name='📜bot-log' position=33 nsfw=False category_id=822863122310103081 news=False> type=<MessageType.default: 0> author=<Member id=1001059281057107999 name='AutoGanj' discriminator='4302' bot=True nick=None guild=<Guild id=820077049036406805 name='Middle Ground' shard_id=0 chunked=True member_count=116>> flags=<MessageFlags value=0>>" ""
[autoganjlogs] [2022-08-04 @ 10:31:56] ::             📜bot-log :: [[32mE:[0m (1) | [31mA:[0m (0) | [31mS:[0m (0) | [31mR:[0m (0)][1m       AutoGanj#4302[0m > 
[autoganjlogs] [2022-08-04 @ 10:31:56] :: Error handling "on_message" with "<class 'discord.message.Message'>: <Message id=1004683098228785223 channel=<TextChannel id=1002884287261065287 name='📜bot-log' position=33 nsfw=False category_id=822863122310103081 news=False> type=<MessageType.default: 0> author=<Member id=1001059281057107999 name='AutoGanj' discriminator='4302' bot=True nick=None guild=<Guild id=820077049036406805 name='Middle Ground' shard_id=0 chunked=True member_count=116>> flags=<MessageFlags value=0>>" ""
[autoganjlogs] [2022-08-04 @ 10:31:56] ::             📜bot-log :: [[32mE:[0m (1) | [31mA:[0m (0) | [31mS:[0m (0) | [31mR:[0m (0)][1m       AutoGanj#4302[0m > 
[autoganjlogs] [2022-08-04 @ 10:32:00] :: Error handling "on_message" with "<class 'discord.message.Message'>: <Message id=1004683115547074611 channel=<TextChannel id=1002884287261065287 name='📜bot-log' position=33 nsfw=False category_id=822863122310103081 news=False> type=<MessageType.default: 0> author=<Member id=1001059281057107999 name='AutoGanj' discriminator='4302' bot=True nick=None guild=<Guild id=820077049036406805 name='Middle Ground' shard_id=0 chunked=True member_count=116>> flags=<MessageFlags value=0>>" ""
[autoganjlogs] [2022-08-04 @ 10:32:00] ::             📜bot-log :: [[32mE:[0m (1) | [31mA:[0m (0) | [31mS:[0m (0) | [31mR:[0m (0)][1m       AutoGanj#4302[0m > 
[autoganjlogs] [2022-08-04 @ 10:32:01] :: Error handling "on_message" with "<class 'discord.message.Message'>: <Message id=1004683116570476544 channel=<TextChannel id=1002884287261065287 name='📜bot-log' position=33 nsfw=False category_id=822863122310103081 news=False> type=<MessageType.default: 0> author=<Member id=1001059281057107999 name='AutoGanj' discriminator='4302' bot=True nick=None guild=<Guild id=820077049036406805 name='Middle Ground' shard_id=0 chunked=True member_count=116>> flags=<MessageFlags value=0>>" ""
[autoganjlogs] [2022-08-04 @ 10:32:01] ::             📜bot-log :: [[32mE:[0m (1) | [31mA:[0m (0) | [31mS:[0m (0) | [31mR:[0m (0)][1m       AutoGanj#4302[0m > 
[autoganjlogs] [2022-08-04 @ 10:32:01] :: Error handling "on_message" with "<class 'discord.message.Message'>: <Message id=1004683117593903125 channel=<TextChannel id=1002884287261065287 name='📜bot-log' position=33 nsfw=False category_id=822863122310103081 news=False> type=<MessageType.default: 0> author=<Member id=1001059281057107999 name='AutoGanj' discriminator='4302' bot=True nick=None guild=<Guild id=820077049036406805 name='Middle Ground' shard_id=0 chunked=True member_count=116>> flags=<MessageFlags value=0>>" ""
[autoganjlogs] [2022-08-04 @ 10:32:01] ::             📜bot-log :: [[32mE:[0m (1) | [31mA:[0m (0) | [31mS:[0m (0) | [31mR:[0m (0)][1m       AutoGanj#4302[0m > 
[autoganjlogs] [2022-08-04 @ 10:32:01] :: Error handling "on_message" with "<class 'discord.message.Message'>: <Message id=1004683118814433300 channel=<TextChannel id=1002884287261065287 name='📜bot-log' position=33 nsfw=False category_id=822863122310103081 news=False> type=<MessageType.default: 0> author=<Member id=1001059281057107999 name='AutoGanj' discriminator='4302' bot=True nick=None guild=<Guild id=820077049036406805 name='Middle Ground' shard_id=0 chunked=True member_count=116>> flags=<MessageFlags value=0>>" ""
[autoganjlogs] [2022-08-04 @ 10:32:01] ::             📜bot-log :: [[32mE:[0m (1) | [31mA:[0m (0) | [31mS:[0m (0) | [31mR:[0m (0)][1m       AutoGanj#4302[0m > 
[autoganjlogs] [2022-08-04 @ 10:32:02] :: Error handling "on_message" with "<class 'discord.message.Message'>: <Message id=1004683120223731712 channel=<TextChannel id=1002884287261065287 name='📜bot-log' position=33 nsfw=False category_id=822863122310103081 news=False> type=<MessageType.default: 0> author=<Member id=1001059281057107999 name='AutoGanj' discriminator='4302' bot=True nick=None guild=<Guild id=820077049036406805 name='Middle Ground' shard_id=0 chunked=True member_count=116>> flags=<MessageFlags value=0>>" ""
[autoganjlogs] [2022-08-04 @ 10:32:02] ::             📜bot-log :: [[32mE:[0m (1) | [31mA:[0m (0) | [31mS:[0m (0) | [31mR:[0m (0)][1m       AutoGanj#4302[0m > 
[autoganjlogs] [2022-08-04 @ 10:32:02] :: Error handling "on_message" with "<class 'discord.message.Message'>: <Message id=1004683123742740580 channel=<TextChannel id=820097812506869780 name='💬general' position=11 nsfw=True category_id=820095883454185483 news=False> type=<MessageType.reply: 19> author=<Member id=382348220405383171 name='gitmo joe' discriminator='4193' bot=False nick='steampunk stalin' guild=<Guild id=820077049036406805 name='Middle Ground' shard_id=0 chunked=True member_count=116>> flags=<MessageFlags value=0>>" ""
[autoganjlogs] [2022-08-04 @ 10:32:02] ::             💬general :: [[31mE:[0m (0) | [31mA:[0m (0) | [31mS:[0m (0) | [31mR:[0m (0)][1m      gitmo joe#4193[0m > Shut up, you subhuman mick
[autoganjlogs] [2022-08-04 @ 10:32:06] :: Error handling "on_message" with "<class 'discord.message.Message'>: <Message id=1004683137781088309 channel=<TextChannel id=1002884287261065287 name='📜bot-log' position=33 nsfw=False category_id=822863122310103081 news=False> type=<MessageType.default: 0> author=<Member id=1001059281057107999 name='AutoGanj' discriminator='4302' bot=True nick=None guild=<Guild id=820077049036406805 name='Middle Ground' shard_id=0 chunked=True member_count=116>> flags=<MessageFlags value=0>>" ""
[autoganjlogs] [2022-08-04 @ 10:32:06] ::             📜bot-log :: [[32mE:[0m (1) | [31mA:[0m (0) | [31mS:[0m (0) | [31mR:[0m (0)][1m       AutoGanj#4302[0m > 
[autoganjlogs] [2022-08-04 @ 10:32:06] :: Error handling "on_message" with "<class 'discord.message.Message'>: <Message id=1004683139681108049 channel=<TextChannel id=1002884287261065287 name='📜bot-log' position=33 nsfw=False category_id=822863122310103081 news=False> type=<MessageType.default: 0> author=<Member id=1001059281057107999 name='AutoGanj' discriminator='4302' bot=True nick=None guild=<Guild id=820077049036406805 name='Middle Ground' shard_id=0 chunked=True member_count=116>> flags=<MessageFlags value=0>>" ""
[autoganjlogs] [2022-08-04 @ 10:32:06] ::             📜bot-log :: [[32mE:[0m (1) | [31mA:[0m (0) | [31mS:[0m (0) | [31mR:[0m (0)][1m       AutoGanj#4302[0m > 
[autoganjlogs] [2022-08-04 @ 10:32:07] :: Error handling "on_message" with "<class 'discord.message.Message'>: <Message id=1004683141149106216 channel=<TextChannel id=1002884287261065287 name='📜bot-log' position=33 nsfw=False category_id=822863122310103081 news=False> type=<MessageType.default: 0> author=<Member id=1001059281057107999 name='AutoGanj' discriminator='4302' bot=True nick=None guild=<Guild id=820077049036406805 name='Middle Ground' shard_id=0 chunked=True member_count=116>> flags=<MessageFlags value=0>>" ""
[autoganjlogs] [2022-08-04 @ 10:32:07] ::             📜bot-log :: [[32mE:[0m (1) | [31mA:[0m (0) | [31mS:[0m (0) | [31mR:[0m (0)][1m       AutoGanj#4302[0m > 
[autoganjlogs] [2022-08-04 @ 10:32:07] :: Error handling "on_message" with "<class 'discord.message.Message'>: <Message id=1004683142285766706 channel=<TextChannel id=1002884287261065287 name='📜bot-log' position=33 nsfw=False category_id=822863122310103081 news=False> type=<MessageType.default: 0> author=<Member id=1001059281057107999 name='AutoGanj' discriminator='4302' bot=True nick=None guild=<Guild id=820077049036406805 name='Middle Ground' shard_id=0 chunked=True member_count=116>> flags=<MessageFlags value=0>>" ""
[autoganjlogs] [2022-08-04 @ 10:32:07] ::             📜bot-log :: [[32mE:[0m (1) | [31mA:[0m (0) | [31mS:[0m (0) | [31mR:[0m (0)][1m       AutoGanj#4302[0m > 
[autoganjlogs] [2022-08-04 @ 10:32:07] :: Error handling "on_message" with "<class 'discord.message.Message'>: <Message id=1004683143195922483 channel=<TextChannel id=1002884287261065287 name='📜bot-log' position=33 nsfw=False category_id=822863122310103081 news=False> type=<MessageType.default: 0> author=<Member id=1001059281057107999 name='AutoGanj' discriminator='4302' bot=True nick=None guild=<Guild id=820077049036406805 name='Middle Ground' shard_id=0 chunked=True member_count=116>> flags=<MessageFlags value=0>>" ""
[autoganjlogs] [2022-08-04 @ 10:32:07] ::             📜bot-log :: [[32mE:[0m (1) | [31mA:[0m (0) | [31mS:[0m (0) | [31mR:[0m (0)][1m       AutoGanj#4302[0m > 
[autoganjlogs] [2022-08-04 @ 10:32:09] ::             💬general ::                  [[95mSTARTED TYPING[0m]> [34m[1m      gitmo joe#4193[0m @ 2022-08-04 09:32:09+00:00
[autoganjlogs] [2022-08-04 @ 10:32:10] :: Error handling "on_message" with "<class 'discord.message.Message'>: <Message id=1004683157032947722 channel=<TextChannel id=820097812506869780 name='💬general' position=11 nsfw=True category_id=820095883454185483 news=False> type=<MessageType.default: 0> author=<Member id=382348220405383171 name='gitmo joe' discriminator='4193' bot=False nick='steampunk stalin' guild=<Guild id=820077049036406805 name='Middle Ground' shard_id=0 chunked=True member_count=116>> flags=<MessageFlags value=0>>" ""
[autoganjlogs] [2022-08-04 @ 10:32:10] ::             💬general :: [[31mE:[0m (0) | [31mA:[0m (0) | [31mS:[0m (0) | [31mR:[0m (0)][1m      gitmo joe#4193[0m > i was talking to maddles
[autoganjlogs] [2022-08-04 @ 10:32:11] :: Error handling "on_message" with "<class 'discord.message.Message'>: <Message id=1004683160157687849 channel=<TextChannel id=1002884287261065287 name='📜bot-log' position=33 nsfw=False category_id=822863122310103081 news=False> type=<MessageType.default: 0> author=<Member id=1001059281057107999 name='AutoGanj' discriminator='4302' bot=True nick=None guild=<Guild id=820077049036406805 name='Middle Ground' shard_id=0 chunked=True member_count=116>> flags=<MessageFlags value=0>>" ""
[autoganjlogs] [2022-08-04 @ 10:32:11] ::             📜bot-log :: [[32mE:[0m (1) | [31mA:[0m (0) | [31mS:[0m (0) | [31mR:[0m (0)][1m       AutoGanj#4302[0m > 
[autoganjlogs] [2022-08-04 @ 10:32:11] :: Error handling "on_message" with "<class 'discord.message.Message'>: <Message id=1004683161122394174 channel=<TextChannel id=1002884287261065287 name='📜bot-log' position=33 nsfw=False category_id=822863122310103081 news=False> type=<MessageType.default: 0> author=<Member id=1001059281057107999 name='AutoGanj' discriminator='4302' bot=True nick=None guild=<Guild id=820077049036406805 name='Middle Ground' shard_id=0 chunked=True member_count=116>> flags=<MessageFlags value=0>>" ""
[autoganjlogs] [2022-08-04 @ 10:32:11] ::             📜bot-log :: [[32mE:[0m (1) | [31mA:[0m (0) | [31mS:[0m (0) | [31mR:[0m (0)][1m       AutoGanj#4302[0m > 
[autoganjlogs] [2022-08-04 @ 10:32:12] :: Error handling "on_message" with "<class 'discord.message.Message'>: <Message id=1004683162439405619 channel=<TextChannel id=1002884287261065287 name='📜bot-log' position=33 nsfw=False category_id=822863122310103081 news=False> type=<MessageType.default: 0> author=<Member id=1001059281057107999 name='AutoGanj' discriminator='4302' bot=True nick=None guild=<Guild id=820077049036406805 name='Middle Ground' shard_id=0 chunked=True member_count=116>> flags=<MessageFlags value=0>>" ""
[autoganjlogs] [2022-08-04 @ 10:32:12] ::             📜bot-log :: [[32mE:[0m (1) | [31mA:[0m (0) | [31mS:[0m (0) | [31mR:[0m (0)][1m       AutoGanj#4302[0m > 
[autoganjlogs] [2022-08-04 @ 10:32:12] :: Error handling "on_message" with "<class 'discord.message.Message'>: <Message id=1004683164100329502 channel=<TextChannel id=1002884287261065287 name='📜bot-log' position=33 nsfw=False category_id=822863122310103081 news=False> type=<MessageType.default: 0> author=<Member id=1001059281057107999 name='AutoGanj' discriminator='4302' bot=True nick=None guild=<Guild id=820077049036406805 name='Middle Ground' shard_id=0 chunked=True member_count=116>> flags=<MessageFlags value=0>>" ""
[autoganjlogs] [2022-08-04 @ 10:32:12] ::             📜bot-log :: [[32mE:[0m (1) | [31mA:[0m (0) | [31mS:[0m (0) | [31mR:[0m (0)][1m       AutoGanj#4302[0m > 
[autoganjlogs] [2022-08-04 @ 10:32:12] ::             💬general ::                  [[95mSTARTED TYPING[0m]> [34m[1m      gitmo joe#4193[0m @ 2022-08-04 09:32:12+00:00
[autoganjlogs] [2022-08-04 @ 10:32:12] :: Error handling "on_message" with "<class 'discord.message.Message'>: <Message id=1004683165245395035 channel=<TextChannel id=1002884287261065287 name='📜bot-log' position=33 nsfw=False category_id=822863122310103081 news=False> type=<MessageType.default: 0> author=<Member id=1001059281057107999 name='AutoGanj' discriminator='4302' bot=True nick=None guild=<Guild id=820077049036406805 name='Middle Ground' shard_id=0 chunked=True member_count=116>> flags=<MessageFlags value=0>>" ""
[autoganjlogs] [2022-08-04 @ 10:32:12] ::             📜bot-log :: [[32mE:[0m (1) | [31mA:[0m (0) | [31mS:[0m (0) | [31mR:[0m (0)][1m       AutoGanj#4302[0m > 
[autoganjlogs] [2022-08-04 @ 10:32:16] :: Error handling "on_message" with "<class 'discord.message.Message'>: <Message id=1004683182400098314 channel=<TextChannel id=1002884287261065287 name='📜bot-log' position=33 nsfw=False category_id=822863122310103081 news=False> type=<MessageType.default: 0> author=<Member id=1001059281057107999 name='AutoGanj' discriminator='4302' bot=True nick=None guild=<Guild id=820077049036406805 name='Middle Ground' shard_id=0 chunked=True member_count=116>> flags=<MessageFlags value=0>>" ""
[autoganjlogs] [2022-08-04 @ 10:32:16] ::             📜bot-log :: [[32mE:[0m (1) | [31mA:[0m (0) | [31mS:[0m (0) | [31mR:[0m (0)][1m       AutoGanj#4302[0m > 
[autoganjlogs] [2022-08-04 @ 10:32:17] :: Error handling "on_message" with "<class 'discord.message.Message'>: <Message id=1004683183515762778 channel=<TextChannel id=1002884287261065287 name='📜bot-log' position=33 nsfw=False category_id=822863122310103081 news=False> type=<MessageType.default: 0> author=<Member id=1001059281057107999 name='AutoGanj' discriminator='4302' bot=True nick=None guild=<Guild id=820077049036406805 name='Middle Ground' shard_id=0 chunked=True member_count=116>> flags=<MessageFlags value=0>>" ""
[autoganjlogs] [2022-08-04 @ 10:32:17] ::             📜bot-log :: [[32mE:[0m (1) | [31mA:[0m (0) | [31mS:[0m (0) | [31mR:[0m (0)][1m       AutoGanj#4302[0m > 
[autoganjlogs] [2022-08-04 @ 10:32:17] :: Error handling "on_message" with "<class 'discord.message.Message'>: <Message id=1004683184715337778 channel=<TextChannel id=1002884287261065287 name='📜bot-log' position=33 nsfw=False category_id=822863122310103081 news=False> type=<MessageType.default: 0> author=<Member id=1001059281057107999 name='AutoGanj' discriminator='4302' bot=True nick=None guild=<Guild id=820077049036406805 name='Middle Ground' shard_id=0 chunked=True member_count=116>> flags=<MessageFlags value=0>>" ""
[autoganjlogs] [2022-08-04 @ 10:32:17] ::             📜bot-log :: [[32mE:[0m (1) | [31mA:[0m (0) | [31mS:[0m (0) | [31mR:[0m (0)][1m       AutoGanj#4302[0m > 
[autoganjlogs] [2022-08-04 @ 10:32:17] :: Error handling "on_message" with "<class 'discord.message.Message'>: <Message id=1004683185801666561 channel=<TextChannel id=1002884287261065287 name='📜bot-log' position=33 nsfw=False category_id=822863122310103081 news=False> type=<MessageType.default: 0> author=<Member id=1001059281057107999 name='AutoGanj' discriminator='4302' bot=True nick=None guild=<Guild id=820077049036406805 name='Middle Ground' shard_id=0 chunked=True member_count=116>> flags=<MessageFlags value=0>>" ""
[autoganjlogs] [2022-08-04 @ 10:32:17] ::             📜bot-log :: [[32mE:[0m (1) | [31mA:[0m (0) | [31mS:[0m (0) | [31mR:[0m (0)][1m       AutoGanj#4302[0m > 
[autoganjlogs] [2022-08-04 @ 10:32:17] :: Error handling "on_message" with "<class 'discord.message.Message'>: <Message id=1004683186862833684 channel=<TextChannel id=1002884287261065287 name='📜bot-log' position=33 nsfw=False category_id=822863122310103081 news=False> type=<MessageType.default: 0> author=<Member id=1001059281057107999 name='AutoGanj' discriminator='4302' bot=True nick=None guild=<Guild id=820077049036406805 name='Middle Ground' shard_id=0 chunked=True member_count=116>> flags=<MessageFlags value=0>>" ""
[autoganjlogs] [2022-08-04 @ 10:32:17] ::             📜bot-log :: [[32mE:[0m (1) | [31mA:[0m (0) | [31mS:[0m (0) | [31mR:[0m (0)][1m       AutoGanj#4302[0m > 
[autoganjlogs] [2022-08-04 @ 10:32:18] :: Error handling "on_message" with "<class 'discord.message.Message'>: <Message id=1004683190872576060 channel=<TextChannel id=820097812506869780 name='💬general' position=11 nsfw=True category_id=820095883454185483 news=False> type=<MessageType.default: 0> author=<Member id=382348220405383171 name='gitmo joe' discriminator='4193' bot=False nick='steampunk stalin' guild=<Guild id=820077049036406805 name='Middle Ground' shard_id=0 chunked=True member_count=116>> flags=<MessageFlags value=0>>" ""
[autoganjlogs] [2022-08-04 @ 10:32:18] ::             💬general :: [[31mE:[0m (0) | [31mA:[0m (0) | [31mS:[0m (0) | [31mR:[0m (0)][1m      gitmo joe#4193[0m > she really thinks there's "black" and "white"
[autoganjlogs] [2022-08-04 @ 10:32:20] :: Error handling "on_message" with "<class 'discord.message.Message'>: <Message id=1004683195532464178 channel=<TextChannel id=820097812506869780 name='💬general' position=11 nsfw=True category_id=820095883454185483 news=False> type=<MessageType.default: 0> author=<Member id=382348220405383171 name='gitmo joe' discriminator='4193' bot=False nick='steampunk stalin' guild=<Guild id=820077049036406805 name='Middle Ground' shard_id=0 chunked=True member_count=116>> flags=<MessageFlags value=0>>" ""
[autoganjlogs] [2022-08-04 @ 10:32:20] ::             💬general :: [[31mE:[0m (0) | [31mA:[0m (0) | [31mS:[0m (0) | [31mR:[0m (0)][1m      gitmo joe#4193[0m > as in
[autoganjlogs] [2022-08-04 @ 10:32:22] ::             💬general ::                  [[95mSTARTED TYPING[0m]> [34m[1m      gitmo joe#4193[0m @ 2022-08-04 09:32:22+00:00
[autoganjlogs] [2022-08-04 @ 10:32:22] ::             📜bot-log :: [[32mE:[0m (1) | [31mA:[0m (0) | [31mS:[0m (0) | [31mR:[0m (0)][1m       AutoGanj#4302[0m > 
[autoganjlogs] [2022-08-04 @ 10:32:22] ::             📜bot-log :: [[32mE:[0m (1) | [31mA:[0m (0) | [31mS:[0m (0) | [31mR:[0m (0)][1m       AutoGanj#4302[0m > 
[autoganjlogs] [2022-08-04 @ 10:32:22] ::             📜bot-log :: [[32mE:[0m (1) | [31mA:[0m (0) | [31mS:[0m (0) | [31mR:[0m (0)][1m       AutoGanj#4302[0m > 
[autoganjlogs] [2022-08-04 @ 10:32:23] ::             📜bot-log :: [[32mE:[0m (1) | [31mA:[0m (0) | [31mS:[0m (0) | [31mR:[0m (0)][1m       AutoGanj#4302[0m > 
[autoganjlogs] [2022-08-04 @ 10:32:23] ::             📜bot-log :: [[32mE:[0m (1) | [31mA:[0m (0) | [31mS:[0m (0) | [31mR:[0m (0)][1m       AutoGanj#4302[0m > 
[autoganjlogs] [2022-08-04 @ 10:32:25] ::             💬general :: [[31mE:[0m (0) | [31mA:[0m (0) | [31mS:[0m (0) | [31mR:[0m (0)][1m      gitmo joe#4193[0m > there's "black" and "not-black"
[autoganjlogs] [2022-08-04 @ 10:32:27] ::             💬general ::                  [[95mSTARTED TYPING[0m]> [34m[1m      gitmo joe#4193[0m @ 2022-08-04 09:32:27+00:00
[autoganjlogs] [2022-08-04 @ 10:32:27] ::             📜bot-log :: [[32mE:[0m (1) | [31mA:[0m (0) | [31mS:[0m (0) | [31mR:[0m (0)][1m       AutoGanj#4302[0m > 
[autoganjlogs] [2022-08-04 @ 10:32:27] ::             📜bot-log :: [[32mE:[0m (1) | [31mA:[0m (0) | [31mS:[0m (0) | [31mR:[0m (0)][1m       AutoGanj#4302[0m > 
[autoganjlogs] [2022-08-04 @ 10:32:28] ::             📜bot-log :: [[32mE:[0m (1) | [31mA:[0m (0) | [31mS:[0m (0) | [31mR:[0m (0)][1m       AutoGanj#4302[0m > 
[autoganjlogs] [2022-08-04 @ 10:32:28] ::             📜bot-log :: [[32mE:[0m (1) | [31mA:[0m (0) | [31mS:[0m (0) | [31mR:[0m (0)][1m       AutoGanj#4302[0m > 
[autoganjlogs] [2022-08-04 @ 10:32:28] ::             📜bot-log :: [[32mE:[0m (1) | [31mA:[0m (0) | [31mS:[0m (0) | [31mR:[0m (0)][1m       AutoGanj#4302[0m > 
[autoganjlogs] [2022-08-04 @ 10:32:29] ::             📜bot-log ::                  [[95mSTARTED TYPING[0m]> [34m[1m          gañjā#9046[0m @ 2022-08-04 09:32:28+00:00
[autoganjlogs] [2022-08-04 @ 10:32:29] ::             💬general :: [[31mE:[0m (0) | [31mA:[0m (0) | [31mS:[0m (0) | [31mR:[0m (0)][1m      gitmo joe#4193[0m > in terms of who's oppressed
[autoganjlogs] [2022-08-04 @ 10:32:29] ::             📜bot-log :: [[31mE:[0m (0) | [31mA:[0m (0) | [31mS:[0m (0) | [31mR:[0m (0)][1m          gañjā#9046[0m > ?purge 1000
[autoganjlogs] [2022-08-04 @ 10:32:31] ::             📜bot-log :: [1m             Unknown[0m [[31mDELETED[0m]> Message ID: {1004683204676026368, 1004683185801666561, 1004683120223731712, 1004683116570476544, 1004683096806932480, 1004683093342441472, 1004682943513493504, 1004682790245240832, 1004682786357121024, 1004683182400098314, 1004683072400277514, 1004683007497617419, 1004682896222732298, 1004683186862833684, 1004683230408093717, 1004683118814433300, 1004683117593903125, 1004683053685297174, 1004683049444855828, 1004683006394499093, 1004682987868274708, 1004682985485897749, 1004682984403763220, 1004683164100329502, 1004683229455978526, 1004683207343607839, 1004683077173379105, 1004683050594074656, 1004683030780203038, 1004682918318309406, 1004682894909898785, 1004683231922245672, 1004683160157687849, 1004683141149106216, 1004683094558777384, 1004683008399376426, 1004682983371976745, 1004682942498484264, 1004682920767787049, 1004682791507722281, 1004683184715337778, 1004683162439405619, 1004683143195922483, 1004683142285766706, 1004683137781088309, 1004683115547074611, 1004683076405837874, 1004683052741574706, 1004683027269554228, 1004682939285651506, 1004683235806150716, 1004683029781938236, 1004683161122394174, 1004682961293152318, 1004683031807799366, 1004683098228785223, 1004683071393648711, 1004683009670262854, 1004683005341741126, 1004682986693865542, 1004682919396245574, 1004682917328465990, 1004682787758026823, 1004683075176910928, 1004683139681108049, 1004682962484346960, 1004683183515762778, 1004683165245395035, 1004683051651051611, 1004682941349249114, 1004682898332463196, 1004682897074163805, 1004682788945002588, 1004683228143177828, 1004683226880688228, 1004683210019582053, 1004683208413167718, 1004683205871407205, 1004683028720799844, 1004682965105786901, 1004682964107526164, 1004682922017685524, 1004682899796275310, 1004680700043206767, 1004682966175326328, 1004683095695446156, 1004682940351008788, 1004677508085583892}
[autoganjlogs] [2022-08-04 @ 10:32:31] ::             💬general :: [[31mE:[0m (0) | [32mA:[0m (1) | [31mS:[0m (0) | [31mR:[0m (0)][1mBaboonBasher791#3733[0m > 
[autoganjlogs] [2022-08-04 @ 10:32:32] ::             💬general ::                  [[95mSTARTED TYPING[0m]> [34m[1m      gitmo joe#4193[0m @ 2022-08-04 09:32:32+00:00
[autoganjlogs] [2022-08-04 @ 10:32:32] ::             📜bot-log :: [[32mE:[0m (1) | [31mA:[0m (0) | [31mS:[0m (0) | [31mR:[0m (0)][1m       AutoGanj#4302[0m > 
[autoganjlogs] [2022-08-04 @ 10:32:33] ::             📜bot-log :: [[32mE:[0m (1) | [31mA:[0m (0) | [31mS:[0m (0) | [31mR:[0m (0)][1m       AutoGanj#4302[0m > 
[autoganjlogs] [2022-08-04 @ 10:32:33] ::             📜bot-log :: [[32mE:[0m (1) | [31mA:[0m (0) | [31mS:[0m (0) | [31mR:[0m (0)][1m       AutoGanj#4302[0m > 
[autoganjlogs] [2022-08-04 @ 10:32:33] ::             📜bot-log :: [[32mE:[0m (1) | [31mA:[0m (0) | [31mS:[0m (0) | [31mR:[0m (0)][1m       AutoGanj#4302[0m > 
[autoganjlogs] [2022-08-04 @ 10:32:33] ::             📜bot-log :: [[32mE:[0m (1) | [31mA:[0m (0) | [31mS:[0m (0) | [31mR:[0m (0)][1m       AutoGanj#4302[0m > 
[autoganjlogs] [2022-08-04 @ 10:32:38] ::             📜bot-log :: [[32mE:[0m (1) | [31mA:[0m (0) | [31mS:[0m (0) | [31mR:[0m (0)][1m       AutoGanj#4302[0m > 
[autoganjlogs] [2022-08-04 @ 10:32:38] ::             💬general :: [[31mE:[0m (0) | [31mA:[0m (0) | [31mS:[0m (0) | [31mR:[0m (0)][1m      gitmo joe#4193[0m > i'm going to shove a handful of redpills up her ass
[autoganjlogs] [2022-08-04 @ 10:32:53] ::             💬general ::                  [[95mSTARTED TYPING[0m]> [34m[1m          gañjā#9046[0m @ 2022-08-04 09:32:53+00:00
[autoganjlogs] [2022-08-04 @ 10:32:56] ::             💬general ::                  [[95mSTARTED TYPING[0m]> [34m[1m      gitmo joe#4193[0m @ 2022-08-04 09:32:56+00:00
[autoganjlogs] [2022-08-04 @ 10:33:01] ::             💬general ::                  [[95mSTARTED TYPING[0m]> [34m[1m          gañjā#9046[0m @ 2022-08-04 09:33:01+00:00
[autoganjlogs] [2022-08-04 @ 10:33:04] ::             💬general ::                  [[95mSTARTED TYPING[0m]> [34m[1m      gitmo joe#4193[0m @ 2022-08-04 09:33:04+00:00
[autoganjlogs] [2022-08-04 @ 10:33:05] ::             💬general :: [[31mE:[0m (0) | [31mA:[0m (0) | [31mS:[0m (0) | [31mR:[0m (0)][1m      gitmo joe#4193[0m > we're gonna get really granular about ethnic subgroups 😇
[autoganjlogs] [2022-08-04 @ 10:33:06] ::             💬general ::                  [[95mSTARTED TYPING[0m]> [34m[1m      gitmo joe#4193[0m @ 2022-08-04 09:33:06+00:00
[autoganjlogs] [2022-08-04 @ 10:33:13] ::             💬general ::                  [[95mSTARTED TYPING[0m]> [34m[1m          gañjā#9046[0m @ 2022-08-04 09:33:13+00:00
[autoganjlogs] [2022-08-04 @ 10:33:14] ::             💬general ::                  [[95mSTARTED TYPING[0m]> [34m[1m      gitmo joe#4193[0m @ 2022-08-04 09:33:14+00:00
[autoganjlogs] [2022-08-04 @ 10:33:16] ::             💬general :: [[31mE:[0m (0) | [31mA:[0m (0) | [31mS:[0m (0) | [31mR:[0m (0)][1m      gitmo joe#4193[0m > ask her if she knows the difference between a bantu, a zulu, and a khoisan
[autoganjlogs] [2022-08-04 @ 10:33:16] ::             💬general :: [[31mE:[0m (0) | [31mA:[0m (0) | [31mS:[0m (0) | [31mR:[0m (0)][1m      gitmo joe#4193[0m > stg
[autoganjlogs] [2022-08-04 @ 10:33:21] ::             💬general ::                  [[95mSTARTED TYPING[0m]> [34m[1m          gañjā#9046[0m @ 2022-08-04 09:33:21+00:00
[autoganjlogs] [2022-08-04 @ 10:33:25] ::             💬general ::                  [[95mSTARTED TYPING[0m]> [34m[1mBaboonBasher791#3733[0m @ 2022-08-04 09:33:25+00:00
[autoganjlogs] [2022-08-04 @ 10:33:25] ::             💬general :: [[31mE:[0m (0) | [31mA:[0m (0) | [31mS:[0m (0) | [31mR:[0m (0)][1mBaboonBasher791#3733[0m > A what
[autoganjlogs] [2022-08-04 @ 10:33:27] ::             💬general :: [[31mE:[0m (0) | [31mA:[0m (0) | [31mS:[0m (0) | [31mR:[0m (0)][1mBaboonBasher791#3733[0m > ???
[autoganjlogs] [2022-08-04 @ 10:33:30] ::             💬general ::                  [[95mSTARTED TYPING[0m]> [34m[1m      gitmo joe#4193[0m @ 2022-08-04 09:33:30+00:00
[autoganjlogs] [2022-08-04 @ 10:33:31] ::             💬general ::                  [[95mSTARTED TYPING[0m]> [34m[1mBaboonBasher791#3733[0m @ 2022-08-04 09:33:31+00:00
[autoganjlogs] [2022-08-04 @ 10:33:32] ::             💬general :: [[31mE:[0m (0) | [31mA:[0m (0) | [31mS:[0m (0) | [31mR:[0m (0)][1mBaboonBasher791#3733[0m > Is that english
[autoganjlogs] [2022-08-04 @ 10:33:32] ::             💬general :: [[31mE:[0m (0) | [31mA:[0m (0) | [31mS:[0m (0) | [31mR:[0m (0)][1m      gitmo joe#4193[0m > african ethnic groups
[autoganjlogs] [2022-08-04 @ 10:33:35] ::             💬general :: [[31mE:[0m (0) | [31mA:[0m (0) | [31mS:[0m (0) | [31mR:[0m (0)][1mBaboonBasher791#3733[0m > Oh god
[autoganjlogs] [2022-08-04 @ 10:33:36] ::             💬general ::                  [[95mSTARTED TYPING[0m]> [34m[1m          gañjā#9046[0m @ 2022-08-04 09:33:35+00:00
[autoganjlogs] [2022-08-04 @ 10:33:37] ::             💬general ::                  [[95mSTARTED TYPING[0m]> [34m[1mBaboonBasher791#3733[0m @ 2022-08-04 09:33:37+00:00
[autoganjlogs] [2022-08-04 @ 10:33:38] ::             💬general :: [[31mE:[0m (0) | [31mA:[0m (0) | [31mS:[0m (0) | [31mR:[0m (0)][1mBaboonBasher791#3733[0m > Don't get me started
[autoganjlogs] [2022-08-04 @ 10:33:39] ::             💬general ::                  [[95mSTARTED TYPING[0m]> [34m[1m      gitmo joe#4193[0m @ 2022-08-04 09:33:39+00:00
[autoganjlogs] [2022-08-04 @ 10:33:40] ::             💬general ::                  [[95mSTARTED TYPING[0m]> [34m[1mBaboonBasher791#3733[0m @ 2022-08-04 09:33:40+00:00
[autoganjlogs] [2022-08-04 @ 10:33:41] ::             💬general :: [[31mE:[0m (0) | [31mA:[0m (0) | [31mS:[0m (0) | [31mR:[0m (0)][1mBaboonBasher791#3733[0m > Send them all back
[autoganjlogs] [2022-08-04 @ 10:33:43] ::             💬general :: [[31mE:[0m (0) | [31mA:[0m (0) | [31mS:[0m (0) | [31mR:[0m (0)][1m          gañjā#9046[0m > yeah
[autoganjlogs] [2022-08-04 @ 10:33:45] ::             💬general :: [[31mE:[0m (0) | [31mA:[0m (0) | [31mS:[0m (0) | [31mR:[0m (0)][1m      gitmo joe#4193[0m > the best way to beat stupid modern conceptions of racism
[autoganjlogs] [2022-08-04 @ 10:33:47] ::             💬general ::                  [[95mSTARTED TYPING[0m]> [34m[1m      gitmo joe#4193[0m @ 2022-08-04 09:33:47+00:00
[autoganjlogs] [2022-08-04 @ 10:33:47] ::             💬general :: [1m          gañjā#9046[0m [[31mDELETED[0m]> yeah
[autoganjlogs] [2022-08-04 @ 10:33:48] ::             💬general :: [[31mE:[0m (0) | [31mA:[0m (0) | [31mS:[0m (0) | [31mR:[0m (0)][1m          gañjā#9046[0m > yeah
[autoganjlogs] [2022-08-04 @ 10:33:50] ::             💬general :: [[31mE:[0m (0) | [31mA:[0m (0) | [31mS:[0m (0) | [31mR:[0m (0)][1m      gitmo joe#4193[0m > is to discuss real ethnic groups
[autoganjlogs] [2022-08-04 @ 10:33:55] ::             💬general ::                  [[95mSTARTED TYPING[0m]> [34m[1m      gitmo joe#4193[0m @ 2022-08-04 09:33:55+00:00
[autoganjlogs] [2022-08-04 @ 10:33:59] ::             💬general :: [[31mE:[0m (0) | [31mA:[0m (0) | [31mS:[0m (0) | [31mR:[0m (0)][1m      gitmo joe#4193[0m > sicilians and etruscans
[autoganjlogs] [2022-08-04 @ 10:34:01] ::             💬general ::                  [[95mSTARTED TYPING[0m]> [34m[1m      gitmo joe#4193[0m @ 2022-08-04 09:34:00+00:00
[autoganjlogs] [2022-08-04 @ 10:34:08] ::             💬general :: [1m          gañjā#9046[0m [[33mEDITED[0m]> yeah - lets talk about something else
[autoganjlogs] [2022-08-04 @ 10:34:09] ::             💬general ::                  [[95mSTARTED TYPING[0m]> [34m[1m      gitmo joe#4193[0m @ 2022-08-04 09:34:08+00:00
[autoganjlogs] [2022-08-04 @ 10:34:10] ::             💬general :: [[31mE:[0m (0) | [31mA:[0m (0) | [31mS:[0m (0) | [31mR:[0m (0)][1m      gitmo joe#4193[0m > gauls, germanics, anglos, saxons, gaelic
[autoganjlogs] [2022-08-04 @ 10:34:13] ::             💬general :: [[31mE:[0m (0) | [31mA:[0m (0) | [31mS:[0m (0) | [31mR:[0m (0)][1m      gitmo joe#4193[0m > ok fine
[autoganjlogs] [2022-08-04 @ 10:34:17] ::             💬general ::                  [[95mSTARTED TYPING[0m]> [34m[1m      gitmo joe#4193[0m @ 2022-08-04 09:34:17+00:00
[autoganjlogs] [2022-08-04 @ 10:34:18] ::             💬general :: [[31mE:[0m (0) | [31mA:[0m (0) | [31mS:[0m (0) | [31mR:[0m (0)][1m      gitmo joe#4193[0m > i want some food
[autoganjlogs] [2022-08-04 @ 10:34:20] ::             💬general ::                  [[95mSTARTED TYPING[0m]> [34m[1m      gitmo joe#4193[0m @ 2022-08-04 09:34:20+00:00
[autoganjlogs] [2022-08-04 @ 10:34:23] ::             💬general :: [[31mE:[0m (0) | [31mA:[0m (0) | [31mS:[0m (0) | [31mR:[0m (0)][1m      gitmo joe#4193[0m > i'm too lazy to make breakfast
[autoganjlogs] [2022-08-04 @ 10:34:24] ::             💬general :: [[31mE:[0m (0) | [31mA:[0m (0) | [31mS:[0m (0) | [31mR:[0m (0)][1m      gitmo joe#4193[0m > pls halp
[autoganjlogs] [2022-08-04 @ 10:34:30] ::             💬general :: [[31mE:[0m (0) | [31mA:[0m (0) | [31mS:[0m (0) | [31mR:[0m (0)][1m          gañjā#9046[0m > uber
[autoganjlogs] [2022-08-04 @ 10:34:31] ::             💬general :: [[31mE:[0m (0) | [31mA:[0m (0) | [31mS:[0m (0) | [31mR:[0m (0)][1m          gañjā#9046[0m > eats
[autoganjlogs] [2022-08-04 @ 10:34:33] ::             💬general :: [[31mE:[0m (0) | [31mA:[0m (0) | [31mS:[0m (0) | [31mR:[0m (0)][1m          gañjā#9046[0m > 😌
[autoganjlogs] [2022-08-04 @ 10:34:34] ::             💬general ::                  [[95mSTARTED TYPING[0m]> [34m[1m      gitmo joe#4193[0m @ 2022-08-04 09:34:34+00:00
[autoganjlogs] [2022-08-04 @ 10:34:34] ::             💬general :: [[31mE:[0m (0) | [31mA:[0m (0) | [31mS:[0m (0) | [31mR:[0m (0)][1m      gitmo joe#4193[0m > No
[autoganjlogs] [2022-08-04 @ 10:34:36] ::             💬general ::                  [[95mSTARTED TYPING[0m]> [34m[1m      gitmo joe#4193[0m @ 2022-08-04 09:34:36+00:00
[autoganjlogs] [2022-08-04 @ 10:34:38] ::             💬general ::                  [[95mSTARTED TYPING[0m]> [34m[1m          gañjā#9046[0m @ 2022-08-04 09:34:38+00:00
[autoganjlogs] [2022-08-04 @ 10:34:39] ::             💬general :: [[31mE:[0m (0) | [31mA:[0m (0) | [31mS:[0m (0) | [31mR:[0m (0)][1m          gañjā#9046[0m > then i cant help you
[autoganjlogs] [2022-08-04 @ 10:34:40] ::             💬general :: [[31mE:[0m (0) | [31mA:[0m (0) | [31mS:[0m (0) | [31mR:[0m (0)][1m          gañjā#9046[0m > i tried
[autoganjlogs] [2022-08-04 @ 10:34:46] ::             💬general :: [[31mE:[0m (0) | [31mA:[0m (0) | [31mS:[0m (0) | [31mR:[0m (0)][1m      gitmo joe#4193[0m > I had to spend $50 on Uber yesterday for my appt
[autoganjlogs] [2022-08-04 @ 10:34:47] ::             💬general ::                  [[95mSTARTED TYPING[0m]> [34m[1m      gitmo joe#4193[0m @ 2022-08-04 09:34:47+00:00
[autoganjlogs] [2022-08-04 @ 10:34:48] ::             💬general ::                  [[95mSTARTED TYPING[0m]> [34m[1m          gañjā#9046[0m @ 2022-08-04 09:34:48+00:00
[autoganjlogs] [2022-08-04 @ 10:34:52] ::             💬general :: [[31mE:[0m (0) | [31mA:[0m (0) | [31mS:[0m (0) | [31mR:[0m (0)][1m      gitmo joe#4193[0m > Gonna have to spend $60 today
[autoganjlogs] [2022-08-04 @ 10:34:54] ::             💬general ::                  [[95mSTARTED TYPING[0m]> [34m[1m      gitmo joe#4193[0m @ 2022-08-04 09:34:54+00:00
[autoganjlogs] [2022-08-04 @ 10:34:56] ::             💬general ::                  [[95mSTARTED TYPING[0m]> [34m[1m          gañjā#9046[0m @ 2022-08-04 09:34:56+00:00
[autoganjlogs] [2022-08-04 @ 10:34:58] ::             💬general ::                  [[95mSTARTED TYPING[0m]> [34m[1mBaboonBasher791#3733[0m @ 2022-08-04 09:34:58+00:00
[autoganjlogs] [2022-08-04 @ 10:34:58] ::             💬general :: [[31mE:[0m (0) | [31mA:[0m (0) | [31mS:[0m (0) | [31mR:[0m (0)][1m          gañjā#9046[0m > "i can only show you the door to mcdonalds, you must loose the weight to walk through it"
[autoganjlogs] [2022-08-04 @ 10:35:00] ::             💬general :: [[31mE:[0m (0) | [31mA:[0m (0) | [31mS:[0m (0) | [31mR:[0m (0)][1m      gitmo joe#4193[0m > And I told you about my driver yesterday
[autoganjlogs] [2022-08-04 @ 10:35:01] ::             💬general ::                  [[95mSTARTED TYPING[0m]> [34m[1m      gitmo joe#4193[0m @ 2022-08-04 09:35:00+00:00
[autoganjlogs] [2022-08-04 @ 10:35:03] ::             💬general :: [[31mE:[0m (0) | [31mA:[0m (0) | [31mS:[0m (0) | [31mR:[0m (0)][1m      gitmo joe#4193[0m > Never relax
[autoganjlogs] [2022-08-04 @ 10:35:05] ::             💬general :: [[31mE:[0m (0) | [31mA:[0m (0) | [31mS:[0m (0) | [31mR:[0m (0)][1mBaboonBasher791#3733[0m > Loose?
[autoganjlogs] [2022-08-04 @ 10:35:18] ::             💬general :: [1m          gañjā#9046[0m [[33mEDITED[0m]> "i can only show you the door to mcdonalds, you must lose the weight to walk through it"
[autoganjlogs] [2022-08-04 @ 10:35:20] ::             💬general ::                  [[95mSTARTED TYPING[0m]> [34m[1m          gañjā#9046[0m @ 2022-08-04 09:35:20+00:00
[autoganjlogs] [2022-08-04 @ 10:35:28] ::             💬general ::                  [[95mSTARTED TYPING[0m]> [34m[1m          gañjā#9046[0m @ 2022-08-04 09:35:28+00:00
[autoganjlogs] [2022-08-04 @ 10:35:30] ::             💬general :: [[31mE:[0m (0) | [31mA:[0m (0) | [31mS:[0m (0) | [31mR:[0m (0)][1m          gañjā#9046[0m > sorry i have jittery hands sometimes and i make dumb typos
[autoganjlogs] [2022-08-04 @ 10:35:32] ::             💬general ::                  [[95mSTARTED TYPING[0m]> [34m[1m          gañjā#9046[0m @ 2022-08-04 09:35:32+00:00
[autoganjlogs] [2022-08-04 @ 10:35:35] ::             💬general :: [[31mE:[0m (0) | [31mA:[0m (0) | [31mS:[0m (0) | [31mR:[0m (0)][1m          gañjā#9046[0m > double tapping by accident
[autoganjlogs] [2022-08-04 @ 10:35:36] ::             💬general :: [[31mE:[0m (0) | [31mA:[0m (0) | [31mS:[0m (0) | [31mR:[0m (0)][1m          gañjā#9046[0m > :]
[autoganjlogs] [2022-08-04 @ 10:35:40] ::             💬general ::                  [[95mSTARTED TYPING[0m]> [34m[1m          gañjā#9046[0m @ 2022-08-04 09:35:40+00:00
[autoganjlogs] [2022-08-04 @ 10:35:49] ::             💬general ::                  [[95mSTARTED TYPING[0m]> [34m[1m          gañjā#9046[0m @ 2022-08-04 09:35:48+00:00
[autoganjlogs] [2022-08-04 @ 10:36:03] ::             💬general ::                  [[95mSTARTED TYPING[0m]> [34m[1mBaboonBasher791#3733[0m @ 2022-08-04 09:36:03+00:00
[autoganjlogs] [2022-08-04 @ 10:36:04] ::             💬general :: [[31mE:[0m (0) | [31mA:[0m (0) | [31mS:[0m (0) | [31mR:[0m (0)][1mBaboonBasher791#3733[0m > Happens to the best of us
[autoganjlogs] [2022-08-04 @ 10:36:07] ::             💬general ::                  [[95mSTARTED TYPING[0m]> [34m[1mBaboonBasher791#3733[0m @ 2022-08-04 09:36:06+00:00
[autoganjlogs] [2022-08-04 @ 10:36:14] ::             💬general :: [[31mE:[0m (0) | [31mA:[0m (0) | [31mS:[0m (0) | [31mR:[0m (0)][1mBaboonBasher791#3733[0m > I do it, was just being edgy
[autoganjlogs] [2022-08-04 @ 10:36:18] ::             💬general ::                  [[95mSTARTED TYPING[0m]> [34m[1m      gitmo joe#4193[0m @ 2022-08-04 09:36:18+00:00
[autoganjlogs] [2022-08-04 @ 10:36:20] ::             💬general :: [[31mE:[0m (0) | [31mA:[0m (0) | [31mS:[0m (0) | [31mR:[0m (0)][1m      gitmo joe#4193[0m > I need coffee
[autoganjlogs] [2022-08-04 @ 10:36:21] ::             💬general ::                  [[95mSTARTED TYPING[0m]> [34m[1m      gitmo joe#4193[0m @ 2022-08-04 09:36:20+00:00
[autoganjlogs] [2022-08-04 @ 10:36:24] ::             💬general ::                  [[95mSTARTED TYPING[0m]> [34m[1m          gañjā#9046[0m @ 2022-08-04 09:36:24+00:00
[autoganjlogs] [2022-08-04 @ 10:36:25] ::             💬general :: [[31mE:[0m (0) | [31mA:[0m (0) | [31mS:[0m (0) | [31mR:[0m (0)][1m      gitmo joe#4193[0m > That requires reaching
[autoganjlogs] [2022-08-04 @ 10:36:26] ::             💬general ::                  [[95mSTARTED TYPING[0m]> [34m[1m      gitmo joe#4193[0m @ 2022-08-04 09:36:26+00:00
[autoganjlogs] [2022-08-04 @ 10:36:27] ::             💬general :: [[31mE:[0m (0) | [31mA:[0m (0) | [31mS:[0m (0) | [31mR:[0m (0)][1m      gitmo joe#4193[0m > :|
[autoganjlogs] [2022-08-04 @ 10:36:30] ::             💬general ::                  [[95mSTARTED TYPING[0m]> [34m[1m      gitmo joe#4193[0m @ 2022-08-04 09:36:30+00:00
[autoganjlogs] [2022-08-04 @ 10:36:31] ::             💬general :: [[31mE:[0m (0) | [31mA:[0m (0) | [31mS:[0m (0) | [31mR:[0m (0)][1m          gañjā#9046[0m > coffeecoffeecoffeecoffeecoffeecoffeecoffee
[autoganjlogs] [2022-08-04 @ 10:36:33] ::             💬general :: [[31mE:[0m (0) | [31mA:[0m (0) | [31mS:[0m (0) | [31mR:[0m (0)][1m      gitmo joe#4193[0m > Wish maddles was here
[autoganjlogs] [2022-08-04 @ 10:36:34] ::             💬general ::                  [[95mSTARTED TYPING[0m]> [34m[1m          gañjā#9046[0m @ 2022-08-04 09:36:34+00:00
[autoganjlogs] [2022-08-04 @ 10:36:34] ::             💬general :: [[31mE:[0m (0) | [31mA:[0m (0) | [31mS:[0m (0) | [31mR:[0m (0)][1m          gañjā#9046[0m > i just had one
[autoganjlogs] [2022-08-04 @ 10:36:44] ::             💬general ::                  [[95mSTARTED TYPING[0m]> [34m[1m      gitmo joe#4193[0m @ 2022-08-04 09:36:44+00:00
[autoganjlogs] [2022-08-04 @ 10:36:50] ::             💬general :: [[31mE:[0m (0) | [31mA:[0m (0) | [31mS:[0m (0) | [31mR:[0m (0)][1m      gitmo joe#4193[0m > Shame I won't really see her for a while
[autoganjlogs] [2022-08-04 @ 10:36:51] ::             💬general ::                  [[95mSTARTED TYPING[0m]> [34m[1m      gitmo joe#4193[0m @ 2022-08-04 09:36:51+00:00
[autoganjlogs] [2022-08-04 @ 10:36:52] ::             💬general ::                  [[95mSTARTED TYPING[0m]> [34m[1m          gañjā#9046[0m @ 2022-08-04 09:36:51+00:00
[autoganjlogs] [2022-08-04 @ 10:36:52] ::             💬general :: [[31mE:[0m (0) | [31mA:[0m (0) | [31mS:[0m (0) | [31mR:[0m (0)][1m      gitmo joe#4193[0m > And
[autoganjlogs] [2022-08-04 @ 10:36:52] ::             💬general ::                  [[95mSTARTED TYPING[0m]> [34m[1m      gitmo joe#4193[0m @ 2022-08-04 09:36:52+00:00
[autoganjlogs] [2022-08-04 @ 10:37:02] ::             💬general ::                  [[95mSTARTED TYPING[0m]> [34m[1m      gitmo joe#4193[0m @ 2022-08-04 09:37:02+00:00
[autoganjlogs] [2022-08-04 @ 10:37:03] ::             💬general ::                  [[95mSTARTED TYPING[0m]> [34m[1m          gañjā#9046[0m @ 2022-08-04 09:37:03+00:00
[autoganjlogs] [2022-08-04 @ 10:37:05] ::             💬general :: [[31mE:[0m (0) | [31mA:[0m (0) | [31mS:[0m (0) | [31mR:[0m (0)][1m          gañjā#9046[0m > jarvis are you there?
[autoganjlogs] [2022-08-04 @ 10:37:07] ::             💬general :: [[31mE:[0m (0) | [31mA:[0m (0) | [31mS:[0m (0) | [31mR:[0m (0)][1m      gitmo joe#4193[0m > I will inflict everything I think about her on all of you
[autoganjlogs] [2022-08-04 @ 10:37:07] ::             💬general ::                  [[95mSTARTED TYPING[0m]> [34m[1m      gitmo joe#4193[0m @ 2022-08-04 09:37:07+00:00
[autoganjlogs] [2022-08-04 @ 10:37:13] ::             💬general :: [[31mE:[0m (0) | [31mA:[0m (0) | [31mS:[0m (0) | [31mR:[0m (0)][1m      gitmo joe#4193[0m > You are all subject to my pining
[autoganjlogs] [2022-08-04 @ 10:37:14] ::             💬general ::                  [[95mSTARTED TYPING[0m]> [34m[1m      gitmo joe#4193[0m @ 2022-08-04 09:37:13+00:00
[autoganjlogs] [2022-08-04 @ 10:37:17] ::             💬general :: [[31mE:[0m (0) | [31mA:[0m (0) | [31mS:[0m (0) | [31mR:[0m (0)][1m      gitmo joe#4193[0m > Because I hate you
[autoganjlogs] [2022-08-04 @ 10:37:18] ::             💬general ::                  [[95mSTARTED TYPING[0m]> [34m[1m      gitmo joe#4193[0m @ 2022-08-04 09:37:18+00:00
[autoganjlogs] [2022-08-04 @ 10:37:19] ::             💬general :: [[31mE:[0m (0) | [31mA:[0m (0) | [31mS:[0m (0) | [31mR:[0m (0)][1m      gitmo joe#4193[0m > 😇
