[autoganjlogs] [2022-08-04 @ 00:11:48] :: + Quota reset running
[autoganjlogs] [2022-08-04 @ 00:11:50] :: AutoGanj#4302 is online!
[autoganjlogs] [2022-08-04 @ 00:11:50] :: Loaded: Tripwire
[autoganjlogs] [2022-08-04 @ 00:11:50] :: Loaded: Jarvis
[autoganjlogs] [2022-08-04 @ 00:11:50] :: Loaded: Rules
[autoganjlogs] [2022-08-04 @ 00:11:50] :: Loaded: Boostcog
[autoganjlogs] [2022-08-04 @ 00:11:50] :: Loaded: RoleManagement
[autoganjlogs] [2022-08-04 @ 00:11:50] :: Loaded: RaidDefense
[autoganjlogs] [2022-08-04 @ 00:11:50] :: Loaded: ExportRoles
[autoganjlogs] [2022-08-04 @ 00:11:50] :: Loaded: Basedtask
[autoganjlogs] [2022-08-04 @ 00:11:50] :: Loaded: Userinfo
[autoganjlogs] [2022-08-04 @ 00:11:50] :: Loaded: Quotatask
[autoganjlogs] [2022-08-04 @ 00:11:50] :: Loaded: Dispam
[autoganjlogs] [2022-08-04 @ 00:11:50] :: Loaded: Logger
[autoganjlogs] [2022-08-04 @ 00:11:50] :: Loaded: RolesPerms
[autoganjlogs] [2022-08-04 @ 00:11:50] :: ------------------
[autoganjlogs] [2022-08-04 @ 00:11:50] :: Loaded: 13 cogs
[autoganjlogs] [2022-08-04 @ 00:11:51] :: Loaded 3 invites from 3 servers.
[autoganjlogs] [2022-08-04 @ 00:12:04] :: Error handling "on_message" with "<class 'discord.message.Message'>: <Message id=1004527094325321788 channel=<TextChannel id=820097812506869780 name='💬general' position=11 nsfw=True category_id=820095883454185483 news=False> type=<MessageType.default: 0> author=<Member id=218521566412013568 name='gañjā' discriminator='9046' bot=False nick='Ganj' guild=<Guild id=820077049036406805 name='Middle Ground' shard_id=0 chunked=True member_count=115>> flags=<MessageFlags value=0>>" ""
[autoganjlogs] [2022-08-04 @ 00:12:04] ::             💬general :: [[31mE:[0m (0) | [31mA:[0m (0) | [31mS:[0m (0) | [31mR:[0m (0)][1m          gañjā#9046[0m > &jarvis
[autoganjlogs] [2022-08-04 @ 00:12:04] ::             💬general :: [[31mE:[0m (0) | [31mA:[0m (0) | [31mS:[0m (0) | [31mR:[0m (0)][1m       AutoGanj#4302[0m > ```
Thank you for your input, Ganj. JARVIS is shutting down.```
[autoganjlogs] [2022-08-04 @ 00:12:04] ::             📜bot-log :: [[32mE:[0m (1) | [31mA:[0m (0) | [31mS:[0m (0) | [31mR:[0m (0)][1m       AutoGanj#4302[0m > 
[autoganjlogs] [2022-08-04 @ 00:12:23] ::             📜bot-log ::                  [[95mSTARTED TYPING[0m]> [34m[1m          gañjā#9046[0m @ 2022-08-03 23:12:22+00:00
[autoganjlogs] [2022-08-04 @ 00:12:24] :: Error handling "on_message" with "<class 'discord.message.Message'>: <Message id=1004527187229159444 channel=<TextChannel id=1002884287261065287 name='📜bot-log' position=33 nsfw=False category_id=822863122310103081 news=False> type=<MessageType.default: 0> author=<Member id=218521566412013568 name='gañjā' discriminator='9046' bot=False nick='Ganj' guild=<Guild id=820077049036406805 name='Middle Ground' shard_id=0 chunked=True member_count=115>> flags=<MessageFlags value=0>>" ""
[autoganjlogs] [2022-08-04 @ 00:12:24] ::             📜bot-log :: [[31mE:[0m (0) | [31mA:[0m (0) | [31mS:[0m (0) | [31mR:[0m (0)][1m          gañjā#9046[0m > ?purge 51
[autoganjlogs] [2022-08-04 @ 00:12:25] ::             📜bot-log :: [[32mE:[0m (1) | [31mA:[0m (0) | [31mS:[0m (0) | [31mR:[0m (0)][1m       AutoGanj#4302[0m > 
[autoganjlogs] [2022-08-04 @ 00:12:26] ::             📜bot-log :: [1m             Unknown[0m [[31mDELETED[0m]> Message ID: {1004526837004767362, 1004526995415244810, 1004526973068005386, 1004526970140360714, 1004526950091599882, 1004526835981373451, 1004527187229159444, 1004526905522933780, 1004526902435905686, 1004526860828426261, 1004526812887519252, 1004526992990933022, 1004527102932029470, 1004526968663986336, 1004526857959505950, 1004526924284051496, 1004526882743652392, 1004527012788056106, 1004526861944115240, 1004527014071500850, 1004526974213046322, 1004526946631295026, 1004526863160463413, 1004526859540758588, 1004526883284717629, 1004526838342754364, 1004527017347268678, 1004527016281911366, 1004526948631969864, 1004526947633737798, 1004526816356225094, 1004526814158405703, 1004526811922829382, 1004526815286673488, 1004526903526428882, 1004526926272151635, 1004526994370867290, 1004526990713442395, 1004526925320040568, 1004526881179193435, 1004526840481849434, 1004526928558051429, 1004526884912111718, 1004526880134791269, 1004526839487799397, 1004527015321423982, 1004526971721621615, 1004526927543017582, 1004526904507891823, 1004526950993363064, 1004526991871049849, 1004526906596675706}
