[autoganjlogs] [2022-07-31 @ 16:03:29] :: AutoGanj#4302 is online!
[autoganjlogs] [2022-07-31 @ 16:03:29] :: Loaded: Tripwire
[autoganjlogs] [2022-07-31 @ 16:03:29] :: Loaded: Jarvis
[autoganjlogs] [2022-07-31 @ 16:03:29] :: Loaded: Serverlogs
[autoganjlogs] [2022-07-31 @ 16:03:29] :: Loaded: Rules
[autoganjlogs] [2022-07-31 @ 16:03:29] :: Loaded: Boostcog
[autoganjlogs] [2022-07-31 @ 16:03:29] :: Loaded: RoleManagement
[autoganjlogs] [2022-07-31 @ 16:03:29] :: Loaded: ExportRoles
[autoganjlogs] [2022-07-31 @ 16:03:29] :: Loaded: Basedtask
[autoganjlogs] [2022-07-31 @ 16:03:29] :: Loaded: Userinfo
[autoganjlogs] [2022-07-31 @ 16:03:29] :: Loaded: Logger
[autoganjlogs] [2022-07-31 @ 16:03:29] :: ------------------
[autoganjlogs] [2022-07-31 @ 16:03:29] :: Loaded: 10 cogs
[autoganjlogs] [2022-07-31 @ 16:03:30] :: Loaded 3 invites from 3 servers.
[autoganjlogs] [2022-07-31 @ 16:03:35] :: [1mMEMBER LEFT[0m [[106mLEAVE[0m]> ImNotSteve
[autoganjlogs] [2022-07-31 @ 16:03:36] :: Error handling "on_member_remove" with "<class 'discord.member.Member'>: ImNotSteve#5260" ""
[autoganjlogs] [2022-07-31 @ 16:03:36] ::             📜bot-log :: [[32mE:[0m (1) | [31mA:[0m (0) | [31mS:[0m (0) | [31mR:[0m (0)][1m       AutoGanj#4302[0m > 
[autoganjlogs] [2022-07-31 @ 16:04:05] :: [1mMEMBER JOINED[0m [[106mJOIN[0m]> ImNotSteve
[autoganjlogs] [2022-07-31 @ 16:04:05] ::     📜server-activity :: [[31mE:[0m (0) | [31mA:[0m (0) | [31mS:[0m (0) | [31mR:[0m (0)][1m     ImNotSteve#5260[0m > 
[autoganjlogs] [2022-07-31 @ 16:04:05] :: Error handling "on_member_join" with "<class 'discord.member.Member'>: ImNotSteve#5260" ""
[autoganjlogs] [2022-07-31 @ 16:04:06] ::             📜bot-log :: [[32mE:[0m (1) | [31mA:[0m (0) | [31mS:[0m (0) | [31mR:[0m (0)][1m       AutoGanj#4302[0m > 
[autoganjlogs] [2022-07-31 @ 16:06:21] ::     ic-general-liddy :: [[31mE:[0m (0) | [31mA:[0m (0) | [31mS:[0m (0) | [31mR:[0m (0)][1m      tomacatx1#0199[0m > ?roll 7,5,5
[autoganjlogs] [2022-07-31 @ 16:06:21] ::     ic-general-liddy :: [[31mE:[0m (0) | [31mA:[0m (0) | [31mS:[0m (0) | [31mR:[0m (0)][1m         Oracle#0027[0m > ```markdown
# ?roll 7,5,5 - Raw Results: [1,10,10,10,2,2,4,6,6,7,8,9] 9 successes + 11 automatic successes``````markdown
tomacatx1 rolled 12D10s and got < 20 successes >!```
[autoganjlogs] [2022-07-31 @ 16:06:22] ::     ic-general-liddy :: [[31mE:[0m (0) | [31mA:[0m (0) | [31mS:[0m (0) | [31mR:[0m (0)][1m      tomacatx1#0199[0m > ?roll 7,5,5
[autoganjlogs] [2022-07-31 @ 16:06:23] ::     ic-general-liddy :: [[31mE:[0m (0) | [31mA:[0m (0) | [31mS:[0m (0) | [31mR:[0m (0)][1m         Oracle#0027[0m > ```markdown
# ?roll 7,5,5 - Raw Results: [1,3,4,4,4,5,6,7,8,9,9,9] 5 successes + 11 automatic successes``````markdown
tomacatx1 rolled 12D10s and got < 16 successes >!```
[autoganjlogs] [2022-07-31 @ 16:06:24] ::     ic-general-liddy :: [[31mE:[0m (0) | [31mA:[0m (0) | [31mS:[0m (0) | [31mR:[0m (0)][1m      tomacatx1#0199[0m > ?roll 7,5,5
[autoganjlogs] [2022-07-31 @ 16:06:24] ::     ic-general-liddy :: [[31mE:[0m (0) | [31mA:[0m (0) | [31mS:[0m (0) | [31mR:[0m (0)][1m         Oracle#0027[0m > ```markdown
# ?roll 7,5,5 - Raw Results: [10,10,2,2,2,4,4,5,6,8,8,9] 7 successes + 11 automatic successes``````markdown
tomacatx1 rolled 12D10s and got < 18 successes >!```
[autoganjlogs] [2022-07-31 @ 16:06:25] ::     ic-general-liddy :: [[31mE:[0m (0) | [31mA:[0m (0) | [31mS:[0m (0) | [31mR:[0m (0)][1m      tomacatx1#0199[0m > ?roll 7,5,5
[autoganjlogs] [2022-07-31 @ 16:06:25] ::     ic-general-liddy :: [[31mE:[0m (0) | [31mA:[0m (0) | [31mS:[0m (0) | [31mR:[0m (0)][1m         Oracle#0027[0m > ```markdown
# ?roll 7,5,5 - Raw Results: [1,10,10,10,3,3,4,4,5,6,6,6] 6 successes + 11 automatic successes``````markdown
tomacatx1 rolled 12D10s and got < 17 successes >!```
[autoganjlogs] [2022-07-31 @ 16:06:26] ::     ic-general-liddy :: [[31mE:[0m (0) | [31mA:[0m (0) | [31mS:[0m (0) | [31mR:[0m (0)][1m      tomacatx1#0199[0m > ?roll 7,5,5
[autoganjlogs] [2022-07-31 @ 16:06:27] ::     ic-general-liddy :: [[31mE:[0m (0) | [31mA:[0m (0) | [31mS:[0m (0) | [31mR:[0m (0)][1m         Oracle#0027[0m > ```markdown
# ?roll 7,5,5 - Raw Results: [10,2,2,3,3,4,5,6,7,8,9,9] 6 successes + 11 automatic successes``````markdown
tomacatx1 rolled 12D10s and got < 17 successes >!```
[autoganjlogs] [2022-07-31 @ 16:06:28] ::     ic-general-liddy :: [[31mE:[0m (0) | [31mA:[0m (0) | [31mS:[0m (0) | [31mR:[0m (0)][1m      tomacatx1#0199[0m > ?roll 7,5,5
[autoganjlogs] [2022-07-31 @ 16:06:28] ::     ic-general-liddy :: [[31mE:[0m (0) | [31mA:[0m (0) | [31mS:[0m (0) | [31mR:[0m (0)][1m         Oracle#0027[0m > ```markdown
# ?roll 7,5,5 - Raw Results: [3,4,4,4,8,8,8,8,9,9,9,9] 8 successes + 11 automatic successes``````markdown
tomacatx1 rolled 12D10s and got < 19 successes >!```
[autoganjlogs] [2022-07-31 @ 16:06:29] ::     ic-general-liddy :: [[31mE:[0m (0) | [31mA:[0m (0) | [31mS:[0m (0) | [31mR:[0m (0)][1m      tomacatx1#0199[0m > ?roll 7,5,5
[autoganjlogs] [2022-07-31 @ 16:06:29] ::     ic-general-liddy :: [[31mE:[0m (0) | [31mA:[0m (0) | [31mS:[0m (0) | [31mR:[0m (0)][1m         Oracle#0027[0m > ```markdown
# ?roll 7,5,5 - Raw Results: [1,10,3,4,5,5,5,5,6,6,8,8] 4 successes + 11 automatic successes``````markdown
tomacatx1 rolled 12D10s and got < 15 successes >!```
[autoganjlogs] [2022-07-31 @ 16:06:30] ::     ic-general-liddy :: [[31mE:[0m (0) | [31mA:[0m (0) | [31mS:[0m (0) | [31mR:[0m (0)][1m      tomacatx1#0199[0m > ?roll 7,5,5
[autoganjlogs] [2022-07-31 @ 16:06:30] ::     ic-general-liddy :: [[31mE:[0m (0) | [31mA:[0m (0) | [31mS:[0m (0) | [31mR:[0m (0)][1m         Oracle#0027[0m > ```markdown
# ?roll 7,5,5 - Raw Results: [2,2,3,4,5,7,7,8,8,8,8,9] 7 successes + 11 automatic successes``````markdown
tomacatx1 rolled 12D10s and got < 18 successes >!```
[autoganjlogs] [2022-07-31 @ 16:06:32] ::     ic-general-liddy :: [[31mE:[0m (0) | [31mA:[0m (0) | [31mS:[0m (0) | [31mR:[0m (0)][1m      tomacatx1#0199[0m > ?roll 7,5,5
[autoganjlogs] [2022-07-31 @ 16:06:32] ::     ic-general-liddy :: [[31mE:[0m (0) | [31mA:[0m (0) | [31mS:[0m (0) | [31mR:[0m (0)][1m         Oracle#0027[0m > ```markdown
# ?roll 7,5,5 - Raw Results: [1,10,2,3,3,5,5,6,7,7,9,9] 6 successes + 11 automatic successes``````markdown
tomacatx1 rolled 12D10s and got < 17 successes >!```
[autoganjlogs] [2022-07-31 @ 16:06:33] ::     ic-general-liddy :: [[31mE:[0m (0) | [31mA:[0m (0) | [31mS:[0m (0) | [31mR:[0m (0)][1m      tomacatx1#0199[0m > ?roll 7,5,5
[autoganjlogs] [2022-07-31 @ 16:06:33] ::     ic-general-liddy :: [[31mE:[0m (0) | [31mA:[0m (0) | [31mS:[0m (0) | [31mR:[0m (0)][1m         Oracle#0027[0m > ```markdown
# ?roll 7,5,5 - Raw Results: [1,10,10,10,2,2,3,3,4,5,7,9] 8 successes + 11 automatic successes``````markdown
tomacatx1 rolled 12D10s and got < 19 successes >!```
[autoganjlogs] [2022-07-31 @ 16:06:34] ::     ic-general-liddy :: [[31mE:[0m (0) | [31mA:[0m (0) | [31mS:[0m (0) | [31mR:[0m (0)][1m      tomacatx1#0199[0m > ?roll 7,5,5
[autoganjlogs] [2022-07-31 @ 16:06:34] ::     ic-general-liddy :: [[31mE:[0m (0) | [31mA:[0m (0) | [31mS:[0m (0) | [31mR:[0m (0)][1m         Oracle#0027[0m > ```markdown
# ?roll 7,5,5 - Raw Results: [1,10,10,10,10,2,4,4,6,6,7,9] 10 successes + 11 automatic successes``````markdown
tomacatx1 rolled 12D10s and got < 21 successes >!```
[autoganjlogs] [2022-07-31 @ 16:06:37] ::     ic-general-liddy ::                  [[95mSTARTED TYPING[0m]> [34m[1m      tomacatx1#0199[0m @ 2022-07-31 15:06:36+00:00
[autoganjlogs] [2022-07-31 @ 16:06:48] ::             💬general ::                  [[95mSTARTED TYPING[0m]> [34m[1m          Senko#9430[0m @ 2022-07-31 15:06:47+00:00
[autoganjlogs] [2022-07-31 @ 16:06:48] ::             💬general :: [[31mE:[0m (0) | [31mA:[0m (0) | [31mS:[0m (0) | [31mR:[0m (0)][1m          Senko#9430[0m > https://cdn.discordapp.com/attachments/998176626116395028/1003317353771188316/1655402011447.jpg.jpeg
[autoganjlogs] [2022-07-31 @ 16:06:49] ::             💬general :: [1m             Unknown[0m [[33mEDITED[0m]> Message ID: 1003317818156134490
[autoganjlogs] [2022-07-31 @ 16:06:49] ::         📜message-log :: [[32mE:[0m (1) | [31mA:[0m (0) | [31mS:[0m (0) | [31mR:[0m (0)][1m       AutoGanj#4302[0m > 
[autoganjlogs] [2022-07-31 @ 16:06:49] ::         📜message-log :: [1m             Unknown[0m [[33mEDITED[0m]> Message ID: 1003317821155053628
[autoganjlogs] [2022-07-31 @ 16:07:20] :: [1mMEMBER LEFT[0m [[106mLEAVE[0m]> ImNotSteve
[autoganjlogs] [2022-07-31 @ 16:07:20] :: Error handling "on_member_remove" with "<class 'discord.member.Member'>: ImNotSteve#5260" ""
[autoganjlogs] [2022-07-31 @ 16:07:21] ::             📜bot-log :: [[32mE:[0m (1) | [31mA:[0m (0) | [31mS:[0m (0) | [31mR:[0m (0)][1m       AutoGanj#4302[0m > 
[autoganjlogs] [2022-07-31 @ 16:07:33] :: [1mMEMBER JOINED[0m [[106mJOIN[0m]> sg1113
[autoganjlogs] [2022-07-31 @ 16:07:33] :: Error handling "on_member_join" with "<class 'discord.member.Member'>: sg1113#3102" ""
[autoganjlogs] [2022-07-31 @ 16:07:34] ::     📜server-activity :: [[31mE:[0m (0) | [31mA:[0m (0) | [31mS:[0m (0) | [31mR:[0m (0)][1m         sg1113#3102[0m > 
[autoganjlogs] [2022-07-31 @ 16:07:34] ::             📜bot-log :: [[32mE:[0m (1) | [31mA:[0m (0) | [31mS:[0m (0) | [31mR:[0m (0)][1m       AutoGanj#4302[0m > 
[autoganjlogs] [2022-07-31 @ 16:08:23] ::             💬general ::                  [[95mSTARTED TYPING[0m]> [34m[1mSilentInquisitor#2034[0m @ 2022-07-31 15:08:22+00:00
[autoganjlogs] [2022-07-31 @ 16:08:31] ::             💬general ::                  [[95mSTARTED TYPING[0m]> [34m[1mSilentInquisitor#2034[0m @ 2022-07-31 15:08:31+00:00
[autoganjlogs] [2022-07-31 @ 16:08:37] ::             💬general :: [[31mE:[0m (0) | [31mA:[0m (0) | [31mS:[0m (0) | [31mR:[0m (0)][1mSilentInquisitor#2034[0m > Jarvis, refer to me as the inquisition!
[autoganjlogs] [2022-07-31 @ 16:08:37] ::             💬general :: [[31mE:[0m (0) | [31mA:[0m (0) | [31mS:[0m (0) | [31mR:[0m (0)][1m       AutoGanj#4302[0m > ```My lord, I am at your service.```
