[autoganjlogs] [2022-08-02 @ 12:47:36] :: AutoGanj#4302 is online!
[autoganjlogs] [2022-08-02 @ 12:47:36] :: Loaded: Tripwire
[autoganjlogs] [2022-08-02 @ 12:47:36] :: Loaded: Jarvis
[autoganjlogs] [2022-08-02 @ 12:47:36] :: Loaded: Serverlogs
[autoganjlogs] [2022-08-02 @ 12:47:36] :: Loaded: Rules
[autoganjlogs] [2022-08-02 @ 12:47:36] :: Loaded: Boostcog
[autoganjlogs] [2022-08-02 @ 12:47:36] :: Loaded: RoleManagement
[autoganjlogs] [2022-08-02 @ 12:47:36] :: Loaded: ExportRoles
[autoganjlogs] [2022-08-02 @ 12:47:36] :: Loaded: Basedtask
[autoganjlogs] [2022-08-02 @ 12:47:36] :: Loaded: Userinfo
[autoganjlogs] [2022-08-02 @ 12:47:36] :: Loaded: Dispam
[autoganjlogs] [2022-08-02 @ 12:47:36] :: Loaded: Logger
[autoganjlogs] [2022-08-02 @ 12:47:36] :: ------------------
[autoganjlogs] [2022-08-02 @ 12:47:36] :: Loaded: 11 cogs
[autoganjlogs] [2022-08-02 @ 12:47:37] :: Loaded 3 invites from 3 servers.
[autoganjlogs] [2022-08-02 @ 12:47:39] :: Direct Message with Unknown User :: [[31mE:[0m (0) | [31mA:[0m (0) | [31mS:[0m (0) | [31mR:[0m (0)][1m       AutoGanj#4302[0m > Choose your Location!
[autoganjlogs] [2022-08-02 @ 12:47:39] :: Direct Message with Unknown User :: [[31mE:[0m (0) | [31mA:[0m (0) | [31mS:[0m (0) | [31mR:[0m (0)][1m       AutoGanj#4302[0m > Choose your Server Alerts!
[autoganjlogs] [2022-08-02 @ 12:47:39] :: Direct Message with Unknown User :: [[31mE:[0m (0) | [31mA:[0m (0) | [31mS:[0m (0) | [31mR:[0m (0)][1m       AutoGanj#4302[0m > Choose your Favorite Pets!
[autoganjlogs] [2022-08-02 @ 12:48:32] :: Direct Message with Unknown User :: [[31mE:[0m (0) | [31mA:[0m (0) | [31mS:[0m (0) | [31mR:[0m (0)][1m       AutoGanj#4302[0m > Choose your Location!
[autoganjlogs] [2022-08-02 @ 12:48:32] :: Direct Message with Unknown User :: [[31mE:[0m (0) | [31mA:[0m (0) | [31mS:[0m (0) | [31mR:[0m (0)][1m       AutoGanj#4302[0m > Choose your Server Alerts!
[autoganjlogs] [2022-08-02 @ 12:48:32] :: Direct Message with Unknown User :: [[31mE:[0m (0) | [31mA:[0m (0) | [31mS:[0m (0) | [31mR:[0m (0)][1m       AutoGanj#4302[0m > Choose your Favorite Pets!
