[autoganjlogs] [2022-08-03 @ 14:46:58] :: AutoGanj#4302 is online!
[autoganjlogs] [2022-08-03 @ 14:46:58] :: Loaded: Tripwire
[autoganjlogs] [2022-08-03 @ 14:46:58] :: Loaded: Jarvis
[autoganjlogs] [2022-08-03 @ 14:46:58] :: Loaded: Serverlogs
[autoganjlogs] [2022-08-03 @ 14:46:58] :: Loaded: Rules
[autoganjlogs] [2022-08-03 @ 14:46:58] :: Loaded: Boostcog
[autoganjlogs] [2022-08-03 @ 14:46:58] :: Loaded: RoleManagement
[autoganjlogs] [2022-08-03 @ 14:46:58] :: Loaded: RaidDefense
[autoganjlogs] [2022-08-03 @ 14:46:58] :: Loaded: ExportRoles
[autoganjlogs] [2022-08-03 @ 14:46:58] :: Loaded: Basedtask
[autoganjlogs] [2022-08-03 @ 14:46:58] :: Loaded: Userinfo
[autoganjlogs] [2022-08-03 @ 14:46:58] :: Loaded: Dispam
[autoganjlogs] [2022-08-03 @ 14:46:58] :: Loaded: Logger
[autoganjlogs] [2022-08-03 @ 14:46:58] :: ------------------
[autoganjlogs] [2022-08-03 @ 14:46:58] :: Loaded: 12 cogs
[autoganjlogs] [2022-08-03 @ 14:46:59] :: Loaded 3 invites from 3 servers.
[autoganjlogs] [2022-08-03 @ 14:47:36] ::     📜server-activity :: [1m             Unknown[0m [[31mDELETED[0m]> Message ID: 1004056294203871312
[autoganjlogs] [2022-08-03 @ 14:47:36] :: Error handling "on_member_ban" with "<class 'discord.guild.Guild'>: Middle Ground, <class 'discord.user.User'>: buurner#3312" ""
[autoganjlogs] [2022-08-03 @ 14:47:36] ::             📜bot-log :: [[32mE:[0m (1) | [31mA:[0m (0) | [31mS:[0m (0) | [31mR:[0m (0)][1m       AutoGanj#4302[0m > 
[autoganjlogs] [2022-08-03 @ 14:47:41] ::             💬general ::                  [[95mSTARTED TYPING[0m]> [34m[1m      gitmo joe#4193[0m @ 2022-08-03 13:47:41+00:00
[autoganjlogs] [2022-08-03 @ 14:47:50] ::             💬general :: [[31mE:[0m (0) | [31mA:[0m (0) | [31mS:[0m (0) | [31mR:[0m (0)][1m      gitmo joe#4193[0m > Jarvis, is water wet?
[autoganjlogs] [2022-08-03 @ 14:47:50] ::             💬general :: [[31mE:[0m (0) | [31mA:[0m (0) | [31mS:[0m (0) | [31mR:[0m (0)][1m       AutoGanj#4302[0m > ```Yes, water is wet.```
[autoganjlogs] [2022-08-03 @ 14:47:53] ::             💬general ::                  [[95mSTARTED TYPING[0m]> [34m[1m      gitmo joe#4193[0m @ 2022-08-03 13:47:53+00:00
[autoganjlogs] [2022-08-03 @ 14:47:54] ::             💬general :: [[31mE:[0m (0) | [31mA:[0m (0) | [31mS:[0m (0) | [31mR:[0m (0)][1m      gitmo joe#4193[0m > Good.
[autoganjlogs] [2022-08-03 @ 14:48:14] ::             💬general :: [1m             Unknown[0m [[31mDELETED[0m]> Message ID: 1004131644476772382
[autoganjlogs] [2022-08-03 @ 14:48:22] ::             💬general :: [1m             Unknown[0m [[31mDELETED[0m]> Message ID: {1004065372816818186, 1004058649104224368, 1004065830172098641, 1004057452981006386, 1004065004074569818, 1004060906025660476}
[autoganjlogs] [2022-08-03 @ 14:48:59] ::         💩shitposting ::                  [[95mSTARTED TYPING[0m]> [34m[1m    olivestring#3103[0m @ 2022-08-03 13:48:59+00:00
