[autoganjlogs] [2022-07-30 @ 23:09:51] :: AutoGanj#4302 is online!
[autoganjlogs] [2022-07-30 @ 23:09:51] :: Loaded: Tripwire
[autoganjlogs] [2022-07-30 @ 23:09:51] :: Loaded: Jarvis
[autoganjlogs] [2022-07-30 @ 23:09:51] :: Loaded: Serverlogs
[autoganjlogs] [2022-07-30 @ 23:09:51] :: Loaded: Rules
[autoganjlogs] [2022-07-30 @ 23:09:51] :: Loaded: Boostcog
[autoganjlogs] [2022-07-30 @ 23:09:51] :: Loaded: RoleManagement
[autoganjlogs] [2022-07-30 @ 23:09:51] :: Loaded: ExportRoles
[autoganjlogs] [2022-07-30 @ 23:09:51] :: Loaded: Basedtask
[autoganjlogs] [2022-07-30 @ 23:09:51] :: Loaded: Userinfo
[autoganjlogs] [2022-07-30 @ 23:09:51] :: Loaded: Logger
[autoganjlogs] [2022-07-30 @ 23:09:51] :: ------------------
[autoganjlogs] [2022-07-30 @ 23:09:51] :: Loaded: 10 cogs
[autoganjlogs] [2022-07-30 @ 23:10:02] :: test
[autoganjlogs] [2022-07-30 @ 23:10:03] ::             📜bot-log :: [[31mE:[0m (0) | [31mA:[0m (0) | [31mS:[0m (0) | [31mR:[0m (0)][1m       AutoGanj#4302[0m > Choose your Location!
[autoganjlogs] [2022-07-30 @ 23:10:03] ::             📜bot-log :: [[31mE:[0m (0) | [31mA:[0m (0) | [31mS:[0m (0) | [31mR:[0m (0)][1m       AutoGanj#4302[0m > Choose your Server Alerts!
[autoganjlogs] [2022-07-30 @ 23:10:03] ::             📜bot-log :: [[31mE:[0m (0) | [31mA:[0m (0) | [31mS:[0m (0) | [31mR:[0m (0)][1m       AutoGanj#4302[0m > Choose your Pets!
[autoganjlogs] [2022-07-30 @ 23:10:06] :: Error handling "on_message" with "<class 'discord.message.Message'>: <Message id=1003061954681765948 channel=<DMChannel id=1002884287261065287 recipient=None> type=<MessageType.reply: 19> author=<User id=1001059281057107999 name='AutoGanj' discriminator='4302' bot=True> flags=<MessageFlags value=64>>" ""
[autoganjlogs] [2022-07-30 @ 23:10:06] ::          📜member-log :: [[32mE:[0m (1) | [31mA:[0m (0) | [31mS:[0m (0) | [31mR:[0m (0)][1m       AutoGanj#4302[0m > 
[autoganjlogs] [2022-07-30 @ 23:10:06] ::             📜bot-log :: [[32mE:[0m (1) | [31mA:[0m (0) | [31mS:[0m (0) | [31mR:[0m (0)][1m       AutoGanj#4302[0m > 
[autoganjlogs] [2022-07-30 @ 23:10:06] ::            📜role-log :: [[32mE:[0m (1) | [31mA:[0m (0) | [31mS:[0m (0) | [31mR:[0m (0)][1m       AutoGanj#4302[0m > 
[autoganjlogs] [2022-07-30 @ 23:11:06] :: Direct Message with Unknown User :: [[31mE:[0m (0) | [31mA:[0m (0) | [31mS:[0m (0) | [31mR:[0m (0)][1m       AutoGanj#4302[0m > Removed Couch Potato from your profile.
[autoganjlogs] [2022-07-30 @ 23:11:07] ::          📜member-log :: [[32mE:[0m (1) | [31mA:[0m (0) | [31mS:[0m (0) | [31mR:[0m (0)][1m       AutoGanj#4302[0m > 
[autoganjlogs] [2022-07-30 @ 23:11:07] ::            📜role-log :: [[32mE:[0m (1) | [31mA:[0m (0) | [31mS:[0m (0) | [31mR:[0m (0)][1m       AutoGanj#4302[0m > 
