[autoganjlogs] [2022-07-30 @ 13:13:43] :: AutoGanj#4302 is online!
[autoganjlogs] [2022-07-30 @ 13:13:43] :: Loaded: Tripwire
[autoganjlogs] [2022-07-30 @ 13:13:43] :: Loaded: Jarvis
[autoganjlogs] [2022-07-30 @ 13:13:43] :: Loaded: Serverlogs
[autoganjlogs] [2022-07-30 @ 13:13:43] :: Loaded: Rules
[autoganjlogs] [2022-07-30 @ 13:13:43] :: Loaded: Boostcog
[autoganjlogs] [2022-07-30 @ 13:13:43] :: Loaded: ButtonRoleCog
[autoganjlogs] [2022-07-30 @ 13:13:43] :: Loaded: ExportRoles
[autoganjlogs] [2022-07-30 @ 13:13:43] :: Loaded: Basedtask
[autoganjlogs] [2022-07-30 @ 13:13:43] :: Loaded: Userinfo
[autoganjlogs] [2022-07-30 @ 13:13:43] :: Loaded: Logger
[autoganjlogs] [2022-07-30 @ 13:13:43] :: Error handling "on_ready" with "" ""
[autoganjlogs] [2022-07-30 @ 13:13:43] ::             📜bot-log :: [[32mE:[0m (1) | [31mA:[0m (0) | [31mS:[0m (0) | [31mR:[0m (0)][1m       AutoGanj#4302[0m > 
[autoganjlogs] [2022-07-30 @ 13:14:01] ::             💬general ::                  [[95mSTARTED TYPING[0m]> [34m[1m      tomacatx1#0199[0m @ 2022-07-30 12:14:01+00:00
[autoganjlogs] [2022-07-30 @ 13:14:04] :: Error handling "on_message" with "<class 'discord.message.Message'>: <Message id=1002911961610195015 channel=<TextChannel id=820097812506869780 name='💬general' position=19 nsfw=True category_id=820095883454185483 news=False> type=<MessageType.default: 0> author=<Member id=514859386116767765 name='tomacatx1' discriminator='0199' bot=False nick=None guild=<Guild id=820077049036406805 name='Middle Ground' shard_id=0 chunked=True member_count=95>> flags=<MessageFlags value=0>>" ""
[autoganjlogs] [2022-07-30 @ 13:14:04] ::             💬general :: [[31mE:[0m (0) | [31mA:[0m (0) | [31mS:[0m (0) | [31mR:[0m (0)][1m      tomacatx1#0199[0m > your CE light was on?
[autoganjlogs] [2022-07-30 @ 13:14:05] ::             📜bot-log :: [[32mE:[0m (1) | [31mA:[0m (0) | [31mS:[0m (0) | [31mR:[0m (0)][1m       AutoGanj#4302[0m > 
[autoganjlogs] [2022-07-30 @ 13:14:06] ::             💬general ::                  [[95mSTARTED TYPING[0m]> [34m[1m      tomacatx1#0199[0m @ 2022-07-30 12:14:06+00:00
[autoganjlogs] [2022-07-30 @ 13:14:08] ::         💩shitposting ::                  [[95mSTARTED TYPING[0m]> [34m[1mIceBladeNetwork#0001[0m @ 2022-07-30 12:14:08+00:00
[autoganjlogs] [2022-07-30 @ 13:14:09] ::             💬general :: [[31mE:[0m (0) | [31mA:[0m (0) | [31mS:[0m (0) | [31mR:[0m (0)][1m      tomacatx1#0199[0m > better get the Chief Engineer then
[autoganjlogs] [2022-07-30 @ 13:14:10] ::             💬general :: [1m      tomacatx1#0199[0m [[33mEDITED[0m]> better get the Chief Engineer then.
[autoganjlogs] [2022-07-30 @ 13:14:11] ::         📜message-log :: [[32mE:[0m (1) | [31mA:[0m (0) | [31mS:[0m (0) | [31mR:[0m (0)][1m       AutoGanj#4302[0m > 
[autoganjlogs] [2022-07-30 @ 13:14:11] ::         📜message-log :: [[32mE:[0m (1) | [31mA:[0m (0) | [31mS:[0m (0) | [31mR:[0m (0)][1m           Dyno#0000[0m > 
[autoganjlogs] [2022-07-30 @ 13:14:15] ::         💩shitposting :: [[31mE:[0m (0) | [31mA:[0m (0) | [31mS:[0m (0) | [31mR:[0m (0)][1mIceBladeNetwork#0001[0m > https://twitter.com/kan66014786/status/1553193157994483712
[autoganjlogs] [2022-07-30 @ 13:14:16] ::         💩shitposting :: [1m             Unknown[0m [[33mEDITED[0m]> Message ID: 1002912004815728660
[autoganjlogs] [2022-07-30 @ 13:14:16] ::         📜message-log :: [[32mE:[0m (1) | [31mA:[0m (0) | [31mS:[0m (0) | [31mR:[0m (0)][1m       AutoGanj#4302[0m > 
[autoganjlogs] [2022-07-30 @ 13:14:17] ::             💬general ::                  [[95mSTARTED TYPING[0m]> [34m[1m      gitmo joe#4193[0m @ 2022-07-30 12:14:17+00:00
[autoganjlogs] [2022-07-30 @ 13:14:25] ::             💬general :: [[31mE:[0m (0) | [31mA:[0m (0) | [31mS:[0m (0) | [31mR:[0m (0)][1m      gitmo joe#4193[0m > At least you know they're working <:salute:941650547088445460>
[autoganjlogs] [2022-07-30 @ 13:14:33] ::       🦸anime-discuss ::                  [[95mSTARTED TYPING[0m]> [34m[1mIceBladeNetwork#0001[0m @ 2022-07-30 12:14:32+00:00
[autoganjlogs] [2022-07-30 @ 13:14:43] ::       🦸anime-discuss ::                  [[95mSTARTED TYPING[0m]> [34m[1mIceBladeNetwork#0001[0m @ 2022-07-30 12:14:43+00:00
[autoganjlogs] [2022-07-30 @ 13:14:54] ::       🦸anime-discuss ::                  [[95mSTARTED TYPING[0m]> [34m[1mIceBladeNetwork#0001[0m @ 2022-07-30 12:14:53+00:00
[autoganjlogs] [2022-07-30 @ 13:14:58] ::       🦸anime-discuss :: [[31mE:[0m (0) | [31mA:[0m (0) | [31mS:[0m (0) | [31mR:[0m (0)][1mIceBladeNetwork#0001[0m > But anime makes you trans and being trans makes everything better. <:kappa:382384760280055809>
[autoganjlogs] [2022-07-30 @ 13:15:37] ::             💬general ::                  [[95mSTARTED TYPING[0m]> [34m[1mIceBladeNetwork#0001[0m @ 2022-07-30 12:15:37+00:00
[autoganjlogs] [2022-07-30 @ 13:15:48] ::             💬general :: [[31mE:[0m (0) | [31mA:[0m (0) | [31mS:[0m (0) | [31mR:[0m (0)][1mIceBladeNetwork#0001[0m > Lol, so Tru oomfie.
[autoganjlogs] [2022-07-30 @ 13:15:52] ::             💬general :: [1m      Satellite#9539[0m [[32mREACT ADD[0m]> based
[autoganjlogs] [2022-07-30 @ 13:15:53] :: Error handling "on_message" with "<class 'discord.message.Message'>: <Message id=1002912415194812447 channel=<TextChannel id=822866553187598367 name='📜member-log' position=8 nsfw=False category_id=822863122310103081 news=False> type=<MessageType.default: 0> author=<Member id=1001059281057107999 name='AutoGanj' discriminator='4302' bot=True nick=None guild=<Guild id=820077049036406805 name='Middle Ground' shard_id=0 chunked=True member_count=95>> flags=<MessageFlags value=0>>" ""
[autoganjlogs] [2022-07-30 @ 13:15:53] ::          📜member-log :: [[32mE:[0m (1) | [31mA:[0m (0) | [31mS:[0m (0) | [31mR:[0m (0)][1m       AutoGanj#4302[0m > 
[autoganjlogs] [2022-07-30 @ 13:15:53] ::             📜bot-log :: [[32mE:[0m (1) | [31mA:[0m (0) | [31mS:[0m (0) | [31mR:[0m (0)][1m       AutoGanj#4302[0m > 
[autoganjlogs] [2022-07-30 @ 13:16:17] ::             💬general :: [1mIceBladeNetwork#0001[0m [[32mREACT ADD[0m]> based
