[autoganjlogs] [2022-07-31 @ 15:59:25] :: AutoGanj#4302 is online!
[autoganjlogs] [2022-07-31 @ 15:59:25] :: Loaded: Tripwire
[autoganjlogs] [2022-07-31 @ 15:59:25] :: Loaded: Jarvis
[autoganjlogs] [2022-07-31 @ 15:59:25] :: Loaded: Serverlogs
[autoganjlogs] [2022-07-31 @ 15:59:25] :: Loaded: Rules
[autoganjlogs] [2022-07-31 @ 15:59:25] :: Loaded: Boostcog
[autoganjlogs] [2022-07-31 @ 15:59:25] :: Loaded: RoleManagement
[autoganjlogs] [2022-07-31 @ 15:59:25] :: Loaded: ExportRoles
[autoganjlogs] [2022-07-31 @ 15:59:25] :: Loaded: Basedtask
[autoganjlogs] [2022-07-31 @ 15:59:25] :: Loaded: Userinfo
[autoganjlogs] [2022-07-31 @ 15:59:25] :: Loaded: Logger
[autoganjlogs] [2022-07-31 @ 15:59:25] :: ------------------
[autoganjlogs] [2022-07-31 @ 15:59:25] :: Loaded: 10 cogs
[autoganjlogs] [2022-07-31 @ 15:59:26] :: Loaded 3 invites from 3 servers.
[autoganjlogs] [2022-07-31 @ 15:59:42] ::               📖rules :: [1m     ImNotSteve#5260[0m [[31mREACT REMOVE[0m]> ✅
[autoganjlogs] [2022-07-31 @ 15:59:43] ::             📜mod-log :: [[32mE:[0m (1) | [31mA:[0m (0) | [31mS:[0m (0) | [31mR:[0m (0)][1m       AutoGanj#4302[0m > 
[autoganjlogs] [2022-07-31 @ 15:59:47] :: Error handling "on_member_remove" with "<class 'discord.member.Member'>: ImNotSteve#5260" ""
[autoganjlogs] [2022-07-31 @ 15:59:47] :: [1mMEMBER LEFT[0m [[106mLEAVE[0m]> ImNotSteve
[autoganjlogs] [2022-07-31 @ 15:59:48] ::             📜bot-log :: [[32mE:[0m (1) | [31mA:[0m (0) | [31mS:[0m (0) | [31mR:[0m (0)][1m       AutoGanj#4302[0m > 
[autoganjlogs] [2022-07-31 @ 16:00:19] :: Error handling "on_member_join" with "<class 'discord.member.Member'>: ImNotSteve#5260" ""
[autoganjlogs] [2022-07-31 @ 16:00:19] :: [1mMEMBER JOINED[0m [[106mJOIN[0m]> ImNotSteve
[autoganjlogs] [2022-07-31 @ 16:00:19] ::     📜server-activity :: [[31mE:[0m (0) | [31mA:[0m (0) | [31mS:[0m (0) | [31mR:[0m (0)][1m     ImNotSteve#5260[0m > 
[autoganjlogs] [2022-07-31 @ 16:00:20] ::             📜bot-log :: [[32mE:[0m (1) | [31mA:[0m (0) | [31mS:[0m (0) | [31mR:[0m (0)][1m       AutoGanj#4302[0m > 
