[autoganjlogs] [2022-08-04 @ 16:18:41] :: + Quota reset running
[autoganjlogs] [2022-08-04 @ 16:18:43] :: AutoGanj#4302 is online!
[autoganjlogs] [2022-08-04 @ 16:18:43] :: Loaded: Basedtask
[autoganjlogs] [2022-08-04 @ 16:18:43] :: Loaded: Boostcog
[autoganjlogs] [2022-08-04 @ 16:18:43] :: Loaded: Dispam
[autoganjlogs] [2022-08-04 @ 16:18:43] :: Loaded: ExportRoles
[autoganjlogs] [2022-08-04 @ 16:18:43] :: Loaded: Jarvis
[autoganjlogs] [2022-08-04 @ 16:18:43] :: Loaded: Logger
[autoganjlogs] [2022-08-04 @ 16:18:43] :: Loaded: Quotatask
[autoganjlogs] [2022-08-04 @ 16:18:43] :: Loaded: RaidDefense
[autoganjlogs] [2022-08-04 @ 16:18:43] :: Loaded: RoleManagement
[autoganjlogs] [2022-08-04 @ 16:18:43] :: Loaded: RolesPerms
[autoganjlogs] [2022-08-04 @ 16:18:43] :: Loaded: Rules
[autoganjlogs] [2022-08-04 @ 16:18:43] :: Loaded: Serverlogs
[autoganjlogs] [2022-08-04 @ 16:18:43] :: Loaded: Tripwire
[autoganjlogs] [2022-08-04 @ 16:18:43] :: Loaded: Userinfo
[autoganjlogs] [2022-08-04 @ 16:18:43] :: ------------------
[autoganjlogs] [2022-08-04 @ 16:18:43] :: Loaded: 14 cogs
[autoganjlogs] [2022-08-04 @ 16:18:43] :: Connected to server: Middle Ground (Members: 116)...
[autoganjlogs] [2022-08-04 @ 16:18:44] :: Connected to server: 🌳🌳The Old Forest🌳🌳 (Members: 5)...
[autoganjlogs] [2022-08-04 @ 16:18:44] :: Connected to server: PillBox (Members: 6)...
[autoganjlogs] [2022-08-04 @ 16:18:44] :: Loading views...
[autoganjlogs] [2022-08-04 @ 16:18:44] :: Loaded 3 invites from 3 servers.
[autoganjlogs] [2022-08-04 @ 16:18:48] ::  🤖staff-bot-commands ::                  [[95mSTARTED TYPING[0m]> [34m[1m          gañjā#9046[0m @ 2022-08-04 15:18:48+00:00
[autoganjlogs] [2022-08-04 @ 16:18:50] ::  🤖staff-bot-commands :: [[31mE:[0m (0) | [31mA:[0m (0) | [31mS:[0m (0) | [31mR:[0m (0)][1m          gañjā#9046[0m > &turnloose ImNotSteve
[autoganjlogs] [2022-08-04 @ 16:18:50] ::             📜mod-log :: [[32mE:[0m (1) | [31mA:[0m (0) | [31mS:[0m (0) | [31mR:[0m (0)][1m       AutoGanj#4302[0m > 
[autoganjlogs] [2022-08-04 @ 16:18:51] ::  🤖staff-bot-commands :: [[31mE:[0m (0) | [31mA:[0m (0) | [31mS:[0m (0) | [31mR:[0m (0)][1m       AutoGanj#4302[0m > ```Target ImNotSteve#5260 cleared - standing by...```
[autoganjlogs] [2022-08-04 @ 16:18:51] ::          📜member-log :: [[32mE:[0m (1) | [31mA:[0m (0) | [31mS:[0m (0) | [31mR:[0m (0)][1m       AutoGanj#4302[0m > 
[autoganjlogs] [2022-08-04 @ 16:18:51] ::            📜role-log :: [[32mE:[0m (1) | [31mA:[0m (0) | [31mS:[0m (0) | [31mR:[0m (0)][1m       AutoGanj#4302[0m > 
[autoganjlogs] [2022-08-04 @ 16:19:41] :: + Quota reset running
[autoganjlogs] [2022-08-04 @ 16:20:26] ::  🤖staff-bot-commands ::                  [[95mSTARTED TYPING[0m]> [34m[1m          gañjā#9046[0m @ 2022-08-04 15:20:26+00:00
[autoganjlogs] [2022-08-04 @ 16:20:29] ::  🤖staff-bot-commands :: [[31mE:[0m (0) | [31mA:[0m (0) | [31mS:[0m (0) | [31mR:[0m (0)][1m          gañjā#9046[0m > &acquiretarget ImNotSteve
[autoganjlogs] [2022-08-04 @ 16:20:30] ::             📜mod-log :: [[32mE:[0m (1) | [31mA:[0m (0) | [31mS:[0m (0) | [31mR:[0m (0)][1m       AutoGanj#4302[0m > 
[autoganjlogs] [2022-08-04 @ 16:20:30] ::  🤖staff-bot-commands :: [[31mE:[0m (0) | [31mA:[0m (0) | [31mS:[0m (0) | [31mR:[0m (0)][1m       AutoGanj#4302[0m > ```Target: ImNotSteve#5260 scanned and locked.```
[autoganjlogs] [2022-08-04 @ 16:20:30] ::          📜member-log :: [[32mE:[0m (1) | [31mA:[0m (0) | [31mS:[0m (0) | [31mR:[0m (0)][1m       AutoGanj#4302[0m > 
[autoganjlogs] [2022-08-04 @ 16:20:30] ::  🤖staff-bot-commands :: [[31mE:[0m (0) | [31mA:[0m (0) | [31mS:[0m (0) | [31mR:[0m (0)][1m       AutoGanj#4302[0m > ```Preparing countermeasures...```
[autoganjlogs] [2022-08-04 @ 16:20:31] ::            📜role-log :: [[32mE:[0m (1) | [31mA:[0m (0) | [31mS:[0m (0) | [31mR:[0m (0)][1m       AutoGanj#4302[0m > 
[autoganjlogs] [2022-08-04 @ 16:20:41] :: + Quota reset running
[autoganjlogs] [2022-08-04 @ 16:20:42] ::  🤖staff-bot-commands ::                  [[95mSTARTED TYPING[0m]> [34m[1m          gañjā#9046[0m @ 2022-08-04 15:20:35+00:00
[autoganjlogs] [2022-08-04 @ 16:20:42] ::  🤖staff-bot-commands :: [[31mE:[0m (0) | [31mA:[0m (0) | [31mS:[0m (0) | [31mR:[0m (0)][1m          gañjā#9046[0m > &turnloose ImNotSteve
[autoganjlogs] [2022-08-04 @ 16:20:42] ::  🤖staff-bot-commands :: [1m       AutoGanj#4302[0m [[31mDELETED[0m]> ```Preparing countermeasures...```
[autoganjlogs] [2022-08-04 @ 16:20:43] ::             📜mod-log :: [[32mE:[0m (1) | [31mA:[0m (0) | [31mS:[0m (0) | [31mR:[0m (0)][1m       AutoGanj#4302[0m > 
[autoganjlogs] [2022-08-04 @ 16:20:43] ::  🤖staff-bot-commands :: [[31mE:[0m (0) | [31mA:[0m (0) | [31mS:[0m (0) | [31mR:[0m (0)][1m       AutoGanj#4302[0m > ```Target ImNotSteve#5260 cleared - standing by...```
[autoganjlogs] [2022-08-04 @ 16:20:43] ::          📜member-log :: [[32mE:[0m (1) | [31mA:[0m (0) | [31mS:[0m (0) | [31mR:[0m (0)][1m       AutoGanj#4302[0m > 
[autoganjlogs] [2022-08-04 @ 16:20:44] ::            📜role-log :: [[32mE:[0m (1) | [31mA:[0m (0) | [31mS:[0m (0) | [31mR:[0m (0)][1m       AutoGanj#4302[0m > 
[autoganjlogs] [2022-08-04 @ 16:20:53] ::  🤖staff-bot-commands :: [1m       AutoGanj#4302[0m [[31mDELETED[0m]> ```Target ImNotSteve#5260 cleared - standing by...```
[autoganjlogs] [2022-08-04 @ 16:21:04] ::  🤖staff-bot-commands :: [[31mE:[0m (0) | [31mA:[0m (0) | [31mS:[0m (0) | [31mR:[0m (0)][1m          gañjā#9046[0m > &exportperms
[autoganjlogs] [2022-08-04 @ 16:21:04] :: Error handling "on_command_error" with "<class 'discord.ext.commands.context.Context'>: <discord.ext.commands.context.Context object at 0x7f09aed8fc40>, <class 'discord.ext.commands.errors.CommandInvokeError'>: Command raised an exception: NameError: name 'role' is not defined" ""
[autoganjlogs] [2022-08-04 @ 16:21:04] ::             📜bot-log :: [[32mE:[0m (1) | [31mA:[0m (0) | [31mS:[0m (0) | [31mR:[0m (0)][1m       AutoGanj#4302[0m > 
[autoganjlogs] [2022-08-04 @ 16:21:41] :: + Quota reset running
[autoganjlogs] [2022-08-04 @ 16:22:22] ::             📜bot-log ::                  [[95mSTARTED TYPING[0m]> [34m[1m          gañjā#9046[0m @ 2022-08-04 15:22:22+00:00
[autoganjlogs] [2022-08-04 @ 16:22:23] :: (<Permissions value=0>, <Permissions value=534724933697>)
[autoganjlogs] [2022-08-04 @ 16:22:23] :: (<Permissions value=2048>, <Permissions value=539019964481>)
[autoganjlogs] [2022-08-04 @ 16:22:23] :: (<Permissions value=0>, <Permissions value=534724933697>)
[autoganjlogs] [2022-08-04 @ 16:22:23] :: (<Permissions value=1024>, <Permissions value=534724933697>)
[autoganjlogs] [2022-08-04 @ 16:22:23] :: (<Permissions value=0>, <Permissions value=534724933697>)
[autoganjlogs] [2022-08-04 @ 16:22:23] :: (<Permissions value=0>, <Permissions value=534724933697>)
[autoganjlogs] [2022-08-04 @ 16:22:23] :: (<Permissions value=3072>, <Permissions value=534724997184>)
[autoganjlogs] [2022-08-04 @ 16:22:23] :: (<Permissions value=3072>, <Permissions value=534724997184>)
[autoganjlogs] [2022-08-04 @ 16:22:23] :: (<Permissions value=0>, <Permissions value=534724933697>)
[autoganjlogs] [2022-08-04 @ 16:22:23] :: (<Permissions value=3072>, <Permissions value=534724997184>)
[autoganjlogs] [2022-08-04 @ 16:22:23] :: (<Permissions value=0>, <Permissions value=534724933697>)
[autoganjlogs] [2022-08-04 @ 16:22:23] :: (<Permissions value=1024>, <Permissions value=534724933697>)
[autoganjlogs] [2022-08-04 @ 16:22:23] :: (<Permissions value=0>, <Permissions value=534724933697>)
[autoganjlogs] [2022-08-04 @ 16:22:23] :: (<Permissions value=0>, <Permissions value=534724933697>)
[autoganjlogs] [2022-08-04 @ 16:22:23] :: (<Permissions value=0>, <Permissions value=534724933697>)
[autoganjlogs] [2022-08-04 @ 16:22:23] :: (<Permissions value=0>, <Permissions value=534724933697>)
[autoganjlogs] [2022-08-04 @ 16:22:23] :: (<Permissions value=0>, <Permissions value=534724933697>)
[autoganjlogs] [2022-08-04 @ 16:22:23] :: (<Permissions value=1024>, <Permissions value=534724933697>)
[autoganjlogs] [2022-08-04 @ 16:22:23] :: (<Permissions value=3072>, <Permissions value=534724997184>)
[autoganjlogs] [2022-08-04 @ 16:22:23] :: (<Permissions value=1024>, <Permissions value=534724933697>)
[autoganjlogs] [2022-08-04 @ 16:22:23] :: (<Permissions value=3072>, <Permissions value=534724997184>)
[autoganjlogs] [2022-08-04 @ 16:22:23] :: (<Permissions value=1048576>, <Permissions value=1024>)
[autoganjlogs] [2022-08-04 @ 16:22:23] :: (<Permissions value=0>, <Permissions value=274878958592>)
[autoganjlogs] [2022-08-04 @ 16:22:23] :: (<Permissions value=1024>, <Permissions value=539019966528>)
[autoganjlogs] [2022-08-04 @ 16:22:23] :: (<Permissions value=1048576>, <Permissions value=1024>)
[autoganjlogs] [2022-08-04 @ 16:22:23] :: (<Permissions value=0>, <Permissions value=534724933697>)
[autoganjlogs] [2022-08-04 @ 16:22:23] :: (<Permissions value=0>, <Permissions value=534724933697>)
[autoganjlogs] [2022-08-04 @ 16:22:23] :: (<Permissions value=0>, <Permissions value=1024>)
[autoganjlogs] [2022-08-04 @ 16:22:23] :: (<Permissions value=2048>, <Permissions value=539019964481>)
[autoganjlogs] [2022-08-04 @ 16:22:23] :: (<Permissions value=3072>, <Permissions value=534724997184>)
[autoganjlogs] [2022-08-04 @ 16:22:23] :: (<Permissions value=0>, <Permissions value=534724933697>)
[autoganjlogs] [2022-08-04 @ 16:22:23] :: (<Permissions value=1024>, <Permissions value=1088840792896>)
[autoganjlogs] [2022-08-04 @ 16:22:23] :: (<Permissions value=1024>, <Permissions value=534724933697>)
[autoganjlogs] [2022-08-04 @ 16:22:23] :: (<Permissions value=0>, <Permissions value=534724933697>)
[autoganjlogs] [2022-08-04 @ 16:22:23] :: (<Permissions value=0>, <Permissions value=1024>)
[autoganjlogs] [2022-08-04 @ 16:22:23] :: (<Permissions value=1024>, <Permissions value=534724933697>)
[autoganjlogs] [2022-08-04 @ 16:22:23] :: (<Permissions value=3072>, <Permissions value=534724997184>)
[autoganjlogs] [2022-08-04 @ 16:22:23] :: (<Permissions value=1024>, <Permissions value=534724933697>)
[autoganjlogs] [2022-08-04 @ 16:22:23] :: (<Permissions value=0>, <Permissions value=534724933697>)
[autoganjlogs] [2022-08-04 @ 16:22:23] :: (<Permissions value=0>, <Permissions value=534724933697>)
[autoganjlogs] [2022-08-04 @ 16:22:23] :: (<Permissions value=0>, <Permissions value=1024>)
[autoganjlogs] [2022-08-04 @ 16:22:23] :: (<Permissions value=3072>, <Permissions value=534724997184>)
[autoganjlogs] [2022-08-04 @ 16:22:23] :: (<Permissions value=0>, <Permissions value=1024>)
[autoganjlogs] [2022-08-04 @ 16:22:23] :: (<Permissions value=0>, <Permissions value=534724933697>)
[autoganjlogs] [2022-08-04 @ 16:22:23] :: (<Permissions value=0>, <Permissions value=534724933697>)
[autoganjlogs] [2022-08-04 @ 16:22:23] :: (<Permissions value=0>, <Permissions value=534724933697>)
[autoganjlogs] [2022-08-04 @ 16:22:23] :: (<Permissions value=0>, <Permissions value=534724933697>)
[autoganjlogs] [2022-08-04 @ 16:22:23] :: (<Permissions value=0>, <Permissions value=534724933697>)
[autoganjlogs] [2022-08-04 @ 16:22:23] :: (<Permissions value=0>, <Permissions value=534724933697>)
[autoganjlogs] [2022-08-04 @ 16:22:23] :: (<Permissions value=0>, <Permissions value=534724933697>)
[autoganjlogs] [2022-08-04 @ 16:22:23] :: (<Permissions value=0>, <Permissions value=534724933697>)
[autoganjlogs] [2022-08-04 @ 16:22:23] :: (<Permissions value=1024>, <Permissions value=534724933697>)
[autoganjlogs] [2022-08-04 @ 16:22:23] :: (<Permissions value=1048576>, <Permissions value=1024>)
[autoganjlogs] [2022-08-04 @ 16:22:23] :: (<Permissions value=1048576>, <Permissions value=1024>)
[autoganjlogs] [2022-08-04 @ 16:22:23] :: (<Permissions value=0>, <Permissions value=534724933697>)
[autoganjlogs] [2022-08-04 @ 16:22:23] :: (<Permissions value=0>, <Permissions value=534724933697>)
[autoganjlogs] [2022-08-04 @ 16:22:23] :: (<Permissions value=0>, <Permissions value=534724933697>)
[autoganjlogs] [2022-08-04 @ 16:22:23] :: (<Permissions value=1024>, <Permissions value=534724933697>)
[autoganjlogs] [2022-08-04 @ 16:22:23] :: (<Permissions value=1024>, <Permissions value=534724933697>)
[autoganjlogs] [2022-08-04 @ 16:22:23] :: (<Permissions value=1048576>, <Permissions value=1024>)
[autoganjlogs] [2022-08-04 @ 16:22:23] :: (<Permissions value=0>, <Permissions value=534724933697>)
[autoganjlogs] [2022-08-04 @ 16:22:23] :: (<Permissions value=0>, <Permissions value=534724933697>)
[autoganjlogs] [2022-08-04 @ 16:22:23] :: (<Permissions value=0>, <Permissions value=534724933697>)
[autoganjlogs] [2022-08-04 @ 16:22:23] :: (<Permissions value=1024>, <Permissions value=534724933697>)
[autoganjlogs] [2022-08-04 @ 16:22:23] :: (<Permissions value=2048>, <Permissions value=539019964481>)
[autoganjlogs] [2022-08-04 @ 16:22:23] :: (<Permissions value=0>, <Permissions value=534724933697>)
[autoganjlogs] [2022-08-04 @ 16:22:23] :: (<Permissions value=1048576>, <Permissions value=1024>)
[autoganjlogs] [2022-08-04 @ 16:22:23] :: (<Permissions value=0>, <Permissions value=534724933697>)
[autoganjlogs] [2022-08-04 @ 16:22:23] :: (<Permissions value=0>, <Permissions value=534724933697>)
[autoganjlogs] [2022-08-04 @ 16:22:23] :: (<Permissions value=1024>, <Permissions value=1088840792896>)
[autoganjlogs] [2022-08-04 @ 16:22:23] :: (<Permissions value=0>, <Permissions value=534724933697>)
[autoganjlogs] [2022-08-04 @ 16:22:23] :: (<Permissions value=0>, <Permissions value=534724933697>)
[autoganjlogs] [2022-08-04 @ 16:22:23] :: (<Permissions value=0>, <Permissions value=534724933697>)
[autoganjlogs] [2022-08-04 @ 16:22:23] :: (<Permissions value=0>, <Permissions value=274878958592>)
[autoganjlogs] [2022-08-04 @ 16:22:23] :: (<Permissions value=1024>, <Permissions value=539019966528>)
[autoganjlogs] [2022-08-04 @ 16:22:23] :: (<Permissions value=0>, <Permissions value=534724933697>)
[autoganjlogs] [2022-08-04 @ 16:22:23] :: (<Permissions value=0>, <Permissions value=534724933697>)
[autoganjlogs] [2022-08-04 @ 16:22:23] :: (<Permissions value=0>, <Permissions value=534724933697>)
[autoganjlogs] [2022-08-04 @ 16:22:23] :: (<Permissions value=0>, <Permissions value=534724933697>)
[autoganjlogs] [2022-08-04 @ 16:22:23] :: (<Permissions value=0>, <Permissions value=1024>)
[autoganjlogs] [2022-08-04 @ 16:22:23] :: (<Permissions value=0>, <Permissions value=534724933697>)
[autoganjlogs] [2022-08-04 @ 16:22:23] :: (<Permissions value=0>, <Permissions value=534724933697>)
[autoganjlogs] [2022-08-04 @ 16:22:23] :: (<Permissions value=1024>, <Permissions value=1088840792896>)
[autoganjlogs] [2022-08-04 @ 16:22:23] :: (<Permissions value=1024>, <Permissions value=1088840792896>)
[autoganjlogs] [2022-08-04 @ 16:22:23] :: (<Permissions value=0>, <Permissions value=1024>)
[autoganjlogs] [2022-08-04 @ 16:22:23] :: (<Permissions value=0>, <Permissions value=534724933697>)
[autoganjlogs] [2022-08-04 @ 16:22:23] :: (<Permissions value=1048576>, <Permissions value=1024>)
[autoganjlogs] [2022-08-04 @ 16:22:23] :: (<Permissions value=1024>, <Permissions value=534724933697>)
[autoganjlogs] [2022-08-04 @ 16:22:23] :: (<Permissions value=0>, <Permissions value=534724933697>)
[autoganjlogs] [2022-08-04 @ 16:22:23] ::             📜bot-log :: [[31mE:[0m (0) | [31mA:[0m (0) | [31mS:[0m (0) | [31mR:[0m (0)][1m          gañjā#9046[0m > &exportperms
[autoganjlogs] [2022-08-04 @ 16:22:23] ::             📜bot-log :: [[31mE:[0m (0) | [31mA:[0m (0) | [31mS:[0m (0) | [31mR:[0m (0)][1m       AutoGanj#4302[0m > Roles perms exported to roles_perms.json
[autoganjlogs] [2022-08-04 @ 16:22:41] :: + Quota reset running
[autoganjlogs] [2022-08-04 @ 16:24:56] ::          📜member-log :: [[32mE:[0m (1) | [31mA:[0m (0) | [31mS:[0m (0) | [31mR:[0m (0)][1m       AutoGanj#4302[0m > 
[autoganjlogs] [2022-08-04 @ 16:24:56] ::            📜role-log :: [[32mE:[0m (1) | [31mA:[0m (0) | [31mS:[0m (0) | [31mR:[0m (0)][1m       AutoGanj#4302[0m > 
[autoganjlogs] [2022-08-04 @ 16:26:08] :: Error handling "on_guild_channel_update" with "<class 'discord.channel.CategoryChannel'>: general, <class 'discord.channel.CategoryChannel'>: general" ""
[autoganjlogs] [2022-08-04 @ 16:26:09] ::         📜channel-log :: [[32mE:[0m (1) | [31mA:[0m (0) | [31mS:[0m (0) | [31mR:[0m (0)][1m       AutoGanj#4302[0m > 
[autoganjlogs] [2022-08-04 @ 16:26:09] ::             📜bot-log :: [[32mE:[0m (1) | [31mA:[0m (0) | [31mS:[0m (0) | [31mR:[0m (0)][1m       AutoGanj#4302[0m > 
[autoganjlogs] [2022-08-04 @ 16:26:09] ::         📜channel-log :: [[32mE:[0m (1) | [31mA:[0m (0) | [31mS:[0m (0) | [31mR:[0m (0)][1m       AutoGanj#4302[0m > 
[autoganjlogs] [2022-08-04 @ 16:26:09] ::         📜channel-log :: [[32mE:[0m (1) | [31mA:[0m (0) | [31mS:[0m (0) | [31mR:[0m (0)][1m       AutoGanj#4302[0m > 
[autoganjlogs] [2022-08-04 @ 16:26:10] ::         📜channel-log :: [[32mE:[0m (1) | [31mA:[0m (0) | [31mS:[0m (0) | [31mR:[0m (0)][1m       AutoGanj#4302[0m > 
[autoganjlogs] [2022-08-04 @ 16:26:10] ::         📜channel-log :: [[32mE:[0m (1) | [31mA:[0m (0) | [31mS:[0m (0) | [31mR:[0m (0)][1m       AutoGanj#4302[0m > 
[autoganjlogs] [2022-08-04 @ 16:26:14] ::         📜channel-log :: [[32mE:[0m (1) | [31mA:[0m (0) | [31mS:[0m (0) | [31mR:[0m (0)][1m       AutoGanj#4302[0m > 
[autoganjlogs] [2022-08-04 @ 16:26:14] ::         📜channel-log :: [[32mE:[0m (1) | [31mA:[0m (0) | [31mS:[0m (0) | [31mR:[0m (0)][1m       AutoGanj#4302[0m > 
[autoganjlogs] [2022-08-04 @ 16:26:29] ::                 🔆irl :: [[31mE:[0m (0) | [31mA:[0m (0) | [31mS:[0m (0) | [31mR:[0m (0)][1mSuper Bi and Proud#3039[0m > I got offered the job. Only bad thing is they require masks (stupid federal thing).
[autoganjlogs] [2022-08-04 @ 16:26:30] ::                 🔆irl ::                  [[95mSTARTED TYPING[0m]> [34m[1mSuper Bi and Proud#3039[0m @ 2022-08-04 15:26:30+00:00
[autoganjlogs] [2022-08-04 @ 16:26:31] ::                 🔆irl ::                  [[95mSTARTED TYPING[0m]> [34m[1mSuper Bi and Proud#3039[0m @ 2022-08-04 15:26:31+00:00
[autoganjlogs] [2022-08-04 @ 16:33:00] ::             📜bot-log ::                  [[95mSTARTED TYPING[0m]> [34m[1m          gañjā#9046[0m @ 2022-08-04 15:33:00+00:00
[autoganjlogs] [2022-08-04 @ 16:33:01] :: (<Permissions value=0>, <Permissions value=534724933697>)
[autoganjlogs] [2022-08-04 @ 16:33:01] :: (<Permissions value=2048>, <Permissions value=539019964481>)
[autoganjlogs] [2022-08-04 @ 16:33:01] :: (<Permissions value=0>, <Permissions value=534724933697>)
[autoganjlogs] [2022-08-04 @ 16:33:01] :: (<Permissions value=1024>, <Permissions value=534724933697>)
[autoganjlogs] [2022-08-04 @ 16:33:01] :: (<Permissions value=0>, <Permissions value=534724933697>)
[autoganjlogs] [2022-08-04 @ 16:33:01] :: (<Permissions value=0>, <Permissions value=534724933697>)
[autoganjlogs] [2022-08-04 @ 16:33:01] :: (<Permissions value=3072>, <Permissions value=534724997185>)
[autoganjlogs] [2022-08-04 @ 16:33:01] :: (<Permissions value=3072>, <Permissions value=534724997185>)
[autoganjlogs] [2022-08-04 @ 16:33:01] :: (<Permissions value=0>, <Permissions value=534724933697>)
[autoganjlogs] [2022-08-04 @ 16:33:01] :: (<Permissions value=3072>, <Permissions value=534724997185>)
[autoganjlogs] [2022-08-04 @ 16:33:01] :: (<Permissions value=0>, <Permissions value=534724933697>)
[autoganjlogs] [2022-08-04 @ 16:33:01] :: (<Permissions value=1024>, <Permissions value=534724933697>)
[autoganjlogs] [2022-08-04 @ 16:33:01] :: (<Permissions value=0>, <Permissions value=534724933697>)
[autoganjlogs] [2022-08-04 @ 16:33:01] :: (<Permissions value=0>, <Permissions value=534724933697>)
[autoganjlogs] [2022-08-04 @ 16:33:01] :: (<Permissions value=0>, <Permissions value=534724933697>)
[autoganjlogs] [2022-08-04 @ 16:33:01] :: (<Permissions value=0>, <Permissions value=534724933697>)
[autoganjlogs] [2022-08-04 @ 16:33:01] :: (<Permissions value=0>, <Permissions value=534724933697>)
[autoganjlogs] [2022-08-04 @ 16:33:01] :: (<Permissions value=1024>, <Permissions value=534724933697>)
[autoganjlogs] [2022-08-04 @ 16:33:01] :: (<Permissions value=3072>, <Permissions value=534724997185>)
[autoganjlogs] [2022-08-04 @ 16:33:01] :: (<Permissions value=1024>, <Permissions value=534724933697>)
[autoganjlogs] [2022-08-04 @ 16:33:01] :: (<Permissions value=3072>, <Permissions value=534724997185>)
[autoganjlogs] [2022-08-04 @ 16:33:01] :: (<Permissions value=1048576>, <Permissions value=1024>)
[autoganjlogs] [2022-08-04 @ 16:33:01] :: (<Permissions value=0>, <Permissions value=274878958592>)
[autoganjlogs] [2022-08-04 @ 16:33:01] :: (<Permissions value=1024>, <Permissions value=539019966528>)
[autoganjlogs] [2022-08-04 @ 16:33:01] :: (<Permissions value=1048576>, <Permissions value=1024>)
[autoganjlogs] [2022-08-04 @ 16:33:01] :: (<Permissions value=0>, <Permissions value=534724933697>)
[autoganjlogs] [2022-08-04 @ 16:33:01] :: (<Permissions value=0>, <Permissions value=534724933697>)
[autoganjlogs] [2022-08-04 @ 16:33:01] :: (<Permissions value=0>, <Permissions value=1024>)
[autoganjlogs] [2022-08-04 @ 16:33:01] :: (<Permissions value=2048>, <Permissions value=539019964481>)
[autoganjlogs] [2022-08-04 @ 16:33:01] :: (<Permissions value=3072>, <Permissions value=534724997185>)
[autoganjlogs] [2022-08-04 @ 16:33:01] :: (<Permissions value=0>, <Permissions value=534724933697>)
[autoganjlogs] [2022-08-04 @ 16:33:01] :: (<Permissions value=1024>, <Permissions value=1088840792896>)
[autoganjlogs] [2022-08-04 @ 16:33:01] :: (<Permissions value=1024>, <Permissions value=534724933697>)
[autoganjlogs] [2022-08-04 @ 16:33:01] :: (<Permissions value=0>, <Permissions value=534724933697>)
[autoganjlogs] [2022-08-04 @ 16:33:01] :: (<Permissions value=0>, <Permissions value=1024>)
[autoganjlogs] [2022-08-04 @ 16:33:01] :: (<Permissions value=1024>, <Permissions value=534724933697>)
[autoganjlogs] [2022-08-04 @ 16:33:01] :: (<Permissions value=3072>, <Permissions value=534724997185>)
[autoganjlogs] [2022-08-04 @ 16:33:01] :: (<Permissions value=1024>, <Permissions value=534724933697>)
[autoganjlogs] [2022-08-04 @ 16:33:01] :: (<Permissions value=0>, <Permissions value=534724933697>)
[autoganjlogs] [2022-08-04 @ 16:33:01] :: (<Permissions value=0>, <Permissions value=534724933697>)
[autoganjlogs] [2022-08-04 @ 16:33:01] :: (<Permissions value=0>, <Permissions value=1024>)
[autoganjlogs] [2022-08-04 @ 16:33:01] :: (<Permissions value=3072>, <Permissions value=534724997185>)
[autoganjlogs] [2022-08-04 @ 16:33:01] :: (<Permissions value=0>, <Permissions value=1024>)
[autoganjlogs] [2022-08-04 @ 16:33:01] :: (<Permissions value=0>, <Permissions value=534724933697>)
[autoganjlogs] [2022-08-04 @ 16:33:01] :: (<Permissions value=0>, <Permissions value=534724933697>)
[autoganjlogs] [2022-08-04 @ 16:33:01] :: (<Permissions value=0>, <Permissions value=534724933697>)
[autoganjlogs] [2022-08-04 @ 16:33:01] :: (<Permissions value=0>, <Permissions value=534724933697>)
[autoganjlogs] [2022-08-04 @ 16:33:01] :: (<Permissions value=0>, <Permissions value=534724933697>)
[autoganjlogs] [2022-08-04 @ 16:33:01] :: (<Permissions value=0>, <Permissions value=534724933697>)
[autoganjlogs] [2022-08-04 @ 16:33:01] :: (<Permissions value=0>, <Permissions value=534724933697>)
[autoganjlogs] [2022-08-04 @ 16:33:01] :: (<Permissions value=0>, <Permissions value=534724933697>)
[autoganjlogs] [2022-08-04 @ 16:33:01] :: (<Permissions value=1024>, <Permissions value=534724933697>)
[autoganjlogs] [2022-08-04 @ 16:33:01] :: (<Permissions value=1048576>, <Permissions value=1024>)
[autoganjlogs] [2022-08-04 @ 16:33:01] :: (<Permissions value=1048576>, <Permissions value=1024>)
[autoganjlogs] [2022-08-04 @ 16:33:01] :: (<Permissions value=0>, <Permissions value=534724933697>)
[autoganjlogs] [2022-08-04 @ 16:33:01] :: (<Permissions value=0>, <Permissions value=534724933697>)
[autoganjlogs] [2022-08-04 @ 16:33:01] :: (<Permissions value=0>, <Permissions value=534724933697>)
[autoganjlogs] [2022-08-04 @ 16:33:01] :: (<Permissions value=1024>, <Permissions value=534724933697>)
[autoganjlogs] [2022-08-04 @ 16:33:01] :: (<Permissions value=1024>, <Permissions value=534724933697>)
[autoganjlogs] [2022-08-04 @ 16:33:01] :: (<Permissions value=1048576>, <Permissions value=1024>)
[autoganjlogs] [2022-08-04 @ 16:33:01] :: (<Permissions value=0>, <Permissions value=534724933697>)
[autoganjlogs] [2022-08-04 @ 16:33:01] :: (<Permissions value=0>, <Permissions value=534724933697>)
[autoganjlogs] [2022-08-04 @ 16:33:01] :: (<Permissions value=0>, <Permissions value=534724933697>)
[autoganjlogs] [2022-08-04 @ 16:33:01] :: (<Permissions value=1024>, <Permissions value=534724933697>)
[autoganjlogs] [2022-08-04 @ 16:33:01] :: (<Permissions value=2048>, <Permissions value=539019964481>)
[autoganjlogs] [2022-08-04 @ 16:33:01] :: (<Permissions value=0>, <Permissions value=534724933697>)
[autoganjlogs] [2022-08-04 @ 16:33:01] :: (<Permissions value=1048576>, <Permissions value=1024>)
[autoganjlogs] [2022-08-04 @ 16:33:01] :: (<Permissions value=0>, <Permissions value=534724933697>)
[autoganjlogs] [2022-08-04 @ 16:33:01] :: (<Permissions value=0>, <Permissions value=534724933697>)
[autoganjlogs] [2022-08-04 @ 16:33:01] :: (<Permissions value=1024>, <Permissions value=1088840792896>)
[autoganjlogs] [2022-08-04 @ 16:33:01] :: (<Permissions value=0>, <Permissions value=534724933697>)
[autoganjlogs] [2022-08-04 @ 16:33:01] :: (<Permissions value=0>, <Permissions value=534724933697>)
[autoganjlogs] [2022-08-04 @ 16:33:01] :: (<Permissions value=0>, <Permissions value=534724933697>)
[autoganjlogs] [2022-08-04 @ 16:33:01] :: (<Permissions value=0>, <Permissions value=274878958592>)
[autoganjlogs] [2022-08-04 @ 16:33:01] :: (<Permissions value=1024>, <Permissions value=539019966528>)
[autoganjlogs] [2022-08-04 @ 16:33:01] :: (<Permissions value=0>, <Permissions value=534724933697>)
[autoganjlogs] [2022-08-04 @ 16:33:01] :: (<Permissions value=0>, <Permissions value=534724933697>)
[autoganjlogs] [2022-08-04 @ 16:33:01] :: (<Permissions value=0>, <Permissions value=534724933697>)
[autoganjlogs] [2022-08-04 @ 16:33:01] :: (<Permissions value=0>, <Permissions value=534724933697>)
[autoganjlogs] [2022-08-04 @ 16:33:01] :: (<Permissions value=0>, <Permissions value=1024>)
[autoganjlogs] [2022-08-04 @ 16:33:01] :: (<Permissions value=0>, <Permissions value=534724933697>)
[autoganjlogs] [2022-08-04 @ 16:33:01] :: (<Permissions value=0>, <Permissions value=534724933697>)
[autoganjlogs] [2022-08-04 @ 16:33:01] :: (<Permissions value=1024>, <Permissions value=1088840792896>)
[autoganjlogs] [2022-08-04 @ 16:33:01] :: (<Permissions value=1024>, <Permissions value=1088840792896>)
[autoganjlogs] [2022-08-04 @ 16:33:01] :: (<Permissions value=0>, <Permissions value=1024>)
[autoganjlogs] [2022-08-04 @ 16:33:01] :: (<Permissions value=0>, <Permissions value=534724933697>)
[autoganjlogs] [2022-08-04 @ 16:33:01] :: (<Permissions value=1048576>, <Permissions value=1024>)
[autoganjlogs] [2022-08-04 @ 16:33:01] :: (<Permissions value=1024>, <Permissions value=534724933697>)
[autoganjlogs] [2022-08-04 @ 16:33:01] :: (<Permissions value=0>, <Permissions value=534724933697>)
[autoganjlogs] [2022-08-04 @ 16:33:01] ::             📜bot-log :: [[31mE:[0m (0) | [31mA:[0m (0) | [31mS:[0m (0) | [31mR:[0m (0)][1m          gañjā#9046[0m > &exportperms
[autoganjlogs] [2022-08-04 @ 16:33:01] ::             📜bot-log :: [[31mE:[0m (0) | [31mA:[0m (0) | [31mS:[0m (0) | [31mR:[0m (0)][1m       AutoGanj#4302[0m > Roles perms exported to roles_perms.json
[autoganjlogs] [2022-08-04 @ 16:33:59] ::             📜bot-log ::                  [[95mSTARTED TYPING[0m]> [34m[1m          gañjā#9046[0m @ 2022-08-04 15:33:59+00:00
[autoganjlogs] [2022-08-04 @ 16:34:02] ::             📜bot-log :: [[31mE:[0m (0) | [31mA:[0m (0) | [31mS:[0m (0) | [31mR:[0m (0)][1m          gañjā#9046[0m > &importperms
[autoganjlogs] [2022-08-04 @ 16:34:02] :: Error handling "on_command_error" with "<class 'discord.ext.commands.context.Context'>: <discord.ext.commands.context.Context object at 0x7f09aec919a0>, <class 'discord.ext.commands.errors.CommandInvokeError'>: Command raised an exception: TypeError: type object argument after ** must be a mapping, not list" ""
[autoganjlogs] [2022-08-04 @ 16:34:03] ::             📜bot-log :: [[32mE:[0m (1) | [31mA:[0m (0) | [31mS:[0m (0) | [31mR:[0m (0)][1m       AutoGanj#4302[0m > 
[autoganjlogs] [2022-08-04 @ 16:34:36] ::             📜bot-log ::                  [[95mSTARTED TYPING[0m]> [34m[1m          gañjā#9046[0m @ 2022-08-04 15:34:36+00:00
[autoganjlogs] [2022-08-04 @ 16:34:37] ::             📜bot-log :: [[31mE:[0m (0) | [31mA:[0m (0) | [31mS:[0m (0) | [31mR:[0m (0)][1m          gañjā#9046[0m > &importperms
[autoganjlogs] [2022-08-04 @ 16:34:37] :: Error handling "on_command_error" with "<class 'discord.ext.commands.context.Context'>: <discord.ext.commands.context.Context object at 0x7f09ae461e20>, <class 'discord.ext.commands.errors.CommandInvokeError'>: Command raised an exception: TypeError: type object argument after ** must be a mapping, not Permissions" ""
[autoganjlogs] [2022-08-04 @ 16:34:38] ::             📜bot-log :: [[32mE:[0m (1) | [31mA:[0m (0) | [31mS:[0m (0) | [31mR:[0m (0)][1m       AutoGanj#4302[0m > 
[autoganjlogs] [2022-08-04 @ 16:34:58] ::             📜bot-log ::                  [[95mSTARTED TYPING[0m]> [34m[1m          gañjā#9046[0m @ 2022-08-04 15:34:58+00:00
[autoganjlogs] [2022-08-04 @ 16:34:58] ::             📜bot-log :: [[31mE:[0m (0) | [31mA:[0m (0) | [31mS:[0m (0) | [31mR:[0m (0)][1m          gañjā#9046[0m > &importperms
[autoganjlogs] [2022-08-04 @ 16:34:58] :: Error handling "on_command_error" with "<class 'discord.ext.commands.context.Context'>: <discord.ext.commands.context.Context object at 0x7f09ae461df0>, <class 'discord.ext.commands.errors.CommandInvokeError'>: Command raised an exception: AttributeError: 'NoneType' object has no attribute 'set_permissions'" ""
[autoganjlogs] [2022-08-04 @ 16:34:59] ::             📜bot-log :: [[32mE:[0m (1) | [31mA:[0m (0) | [31mS:[0m (0) | [31mR:[0m (0)][1m       AutoGanj#4302[0m > 
[autoganjlogs] [2022-08-04 @ 16:36:05] ::             📜bot-log ::                  [[95mSTARTED TYPING[0m]> [34m[1m          gañjā#9046[0m @ 2022-08-04 15:36:05+00:00
[autoganjlogs] [2022-08-04 @ 16:36:07] ::             📜bot-log :: [[31mE:[0m (0) | [31mA:[0m (0) | [31mS:[0m (0) | [31mR:[0m (0)][1m          gañjā#9046[0m > &importperms
[autoganjlogs] [2022-08-04 @ 16:36:07] :: Error handling "on_command_error" with "<class 'discord.ext.commands.context.Context'>: <discord.ext.commands.context.Context object at 0x7f09aed8fd30>, <class 'discord.ext.commands.errors.CommandInvokeError'>: Command raised an exception: KeyError: 1" ""
[autoganjlogs] [2022-08-04 @ 16:36:07] ::             📜bot-log :: [[32mE:[0m (1) | [31mA:[0m (0) | [31mS:[0m (0) | [31mR:[0m (0)][1m       AutoGanj#4302[0m > 
[autoganjlogs] [2022-08-04 @ 16:37:44] ::                 🔆irl ::                  [[95mSTARTED TYPING[0m]> [34m[1m      gitmo joe#4193[0m @ 2022-08-04 15:37:44+00:00
[autoganjlogs] [2022-08-04 @ 16:37:44] ::                 🔆irl :: [[31mE:[0m (0) | [31mA:[0m (0) | [31mS:[0m (0) | [31mR:[0m (0)][1m      gitmo joe#4193[0m > GAY
[autoganjlogs] [2022-08-04 @ 16:38:28] ::             📜bot-log ::                  [[95mSTARTED TYPING[0m]> [34m[1m          gañjā#9046[0m @ 2022-08-04 15:38:28+00:00
[autoganjlogs] [2022-08-04 @ 16:38:29] ::             📜bot-log :: [[31mE:[0m (0) | [31mA:[0m (0) | [31mS:[0m (0) | [31mR:[0m (0)][1m          gañjā#9046[0m > &importperms
[autoganjlogs] [2022-08-04 @ 16:38:29] :: Error handling "on_command_error" with "<class 'discord.ext.commands.context.Context'>: <discord.ext.commands.context.Context object at 0x7f09adc03670>, <class 'discord.ext.commands.errors.CommandInvokeError'>: Command raised an exception: NameError: name 'channel_roles_perms' is not defined" ""
[autoganjlogs] [2022-08-04 @ 16:38:29] ::             📜bot-log :: [[32mE:[0m (1) | [31mA:[0m (0) | [31mS:[0m (0) | [31mR:[0m (0)][1m       AutoGanj#4302[0m > 
[autoganjlogs] [2022-08-04 @ 16:40:43] ::             📜bot-log ::                  [[95mSTARTED TYPING[0m]> [34m[1m          gañjā#9046[0m @ 2022-08-04 15:40:43+00:00
[autoganjlogs] [2022-08-04 @ 16:40:44] ::             📜bot-log :: [[31mE:[0m (0) | [31mA:[0m (0) | [31mS:[0m (0) | [31mR:[0m (0)][1m          gañjā#9046[0m > &importperms
[autoganjlogs] [2022-08-04 @ 16:40:44] :: Error handling "on_command_error" with "<class 'discord.ext.commands.context.Context'>: <discord.ext.commands.context.Context object at 0x7f09ae467070>, <class 'discord.ext.commands.errors.CommandInvokeError'>: Command raised an exception: NameError: name 'channe_id' is not defined" ""
[autoganjlogs] [2022-08-04 @ 16:40:45] ::             📜bot-log :: [[32mE:[0m (1) | [31mA:[0m (0) | [31mS:[0m (0) | [31mR:[0m (0)][1m       AutoGanj#4302[0m > 
[autoganjlogs] [2022-08-04 @ 16:41:00] ::             📜bot-log ::                  [[95mSTARTED TYPING[0m]> [34m[1m          gañjā#9046[0m @ 2022-08-04 15:41:00+00:00
[autoganjlogs] [2022-08-04 @ 16:41:03] ::             📜bot-log :: [[31mE:[0m (0) | [31mA:[0m (0) | [31mS:[0m (0) | [31mR:[0m (0)][1m          gañjā#9046[0m > &importperms
[autoganjlogs] [2022-08-04 @ 16:41:03] :: Error handling "on_command_error" with "<class 'discord.ext.commands.context.Context'>: <discord.ext.commands.context.Context object at 0x7f09ae467280>, <class 'discord.ext.commands.errors.CommandInvokeError'>: Command raised an exception: TypeError: 'TextChannel' object is not subscriptable" ""
[autoganjlogs] [2022-08-04 @ 16:41:03] ::             📜bot-log :: [[32mE:[0m (1) | [31mA:[0m (0) | [31mS:[0m (0) | [31mR:[0m (0)][1m       AutoGanj#4302[0m > 
[autoganjlogs] [2022-08-04 @ 16:42:11] ::             📜bot-log ::                  [[95mSTARTED TYPING[0m]> [34m[1m          gañjā#9046[0m @ 2022-08-04 15:42:11+00:00
[autoganjlogs] [2022-08-04 @ 16:42:12] ::             📜bot-log :: [[31mE:[0m (0) | [31mA:[0m (0) | [31mS:[0m (0) | [31mR:[0m (0)][1m          gañjā#9046[0m > &importperms
[autoganjlogs] [2022-08-04 @ 16:42:12] :: Error: Command not found: Command "importperms" is not found
[autoganjlogs] [2022-08-04 @ 16:42:12] :: None
[autoganjlogs] [2022-08-04 @ 16:42:33] ::             📜bot-log :: [[31mE:[0m (0) | [31mA:[0m (0) | [31mS:[0m (0) | [31mR:[0m (0)][1m          gañjā#9046[0m > &importperms
[autoganjlogs] [2022-08-04 @ 16:42:33] :: Error: Command not found: Command "importperms" is not found
[autoganjlogs] [2022-08-04 @ 16:42:33] :: None
