[autoganjlogs] [2022-07-30 @ 16:55:04] :: AutoGanj#4302 is online!
[autoganjlogs] [2022-07-30 @ 16:55:04] :: Loaded: Tripwire
[autoganjlogs] [2022-07-30 @ 16:55:04] :: Loaded: Jarvis
[autoganjlogs] [2022-07-30 @ 16:55:04] :: Loaded: Serverlogs
[autoganjlogs] [2022-07-30 @ 16:55:04] :: Loaded: Rules
[autoganjlogs] [2022-07-30 @ 16:55:04] :: Loaded: Boostcog
[autoganjlogs] [2022-07-30 @ 16:55:04] :: Loaded: ButtonRoleCog
[autoganjlogs] [2022-07-30 @ 16:55:04] :: Loaded: ExportRoles
[autoganjlogs] [2022-07-30 @ 16:55:04] :: Loaded: Basedtask
[autoganjlogs] [2022-07-30 @ 16:55:04] :: Loaded: Userinfo
[autoganjlogs] [2022-07-30 @ 16:55:04] :: Loaded: Logger
[autoganjlogs] [2022-07-30 @ 16:56:28] ::     ic-general-liddy ::                  [[95mSTARTED TYPING[0m]> [34m[1m          Liddy#6481[0m @ 2022-07-30 15:56:28+00:00
[autoganjlogs] [2022-07-30 @ 16:56:38] ::     ic-general-liddy ::                  [[95mSTARTED TYPING[0m]> [34m[1m          Liddy#6481[0m @ 2022-07-30 15:56:38+00:00
[autoganjlogs] [2022-07-30 @ 16:56:49] ::     ic-general-liddy ::                  [[95mSTARTED TYPING[0m]> [34m[1m          Liddy#6481[0m @ 2022-07-30 15:56:49+00:00
[autoganjlogs] [2022-07-30 @ 16:56:59] ::     ic-general-liddy ::                  [[95mSTARTED TYPING[0m]> [34m[1m          Liddy#6481[0m @ 2022-07-30 15:56:59+00:00
[autoganjlogs] [2022-07-30 @ 16:57:04] ::     ic-general-liddy :: [[31mE:[0m (0) | [31mA:[0m (0) | [31mS:[0m (0) | [31mR:[0m (0)][1m          Liddy#6481[0m > GOOD NEWS EVERYONE: Barring last-minute changes, I'll have tomorrow off which means a longer session.
[autoganjlogs] [2022-07-30 @ 16:57:34] ::              🎮gaming :: [1m          Liddy#6481[0m [[32mREACT ADD[0m]> based
[autoganjlogs] [2022-07-30 @ 16:58:02] ::                 🔆irl :: [1m          Liddy#6481[0m [[32mREACT ADD[0m]> ⭐
[autoganjlogs] [2022-07-30 @ 16:58:10] :: Error handling "on_member_unban" with "<class 'discord.guild.Guild'>: Middle Ground, <class 'discord.user.User'>: NarGyt#0111" ""
[autoganjlogs] [2022-07-30 @ 16:58:10] ::             📜bot-log :: [[32mE:[0m (1) | [31mA:[0m (0) | [31mS:[0m (0) | [31mR:[0m (0)][1m       AutoGanj#4302[0m > 
[autoganjlogs] [2022-07-30 @ 16:58:13] :: Error handling "on_member_join" with "<class 'discord.member.Member'>: NarGyt#0111" ""
[autoganjlogs] [2022-07-30 @ 16:58:13] :: Error handling "on_member_join" with "<class 'discord.member.Member'>: NarGyt#0111" ""
[autoganjlogs] [2022-07-30 @ 16:58:13] ::     📜server-activity :: [[31mE:[0m (0) | [31mA:[0m (0) | [31mS:[0m (0) | [31mR:[0m (0)][1m         NarGyt#0111[0m > 
[autoganjlogs] [2022-07-30 @ 16:58:13] ::             📜bot-log :: [[32mE:[0m (1) | [31mA:[0m (0) | [31mS:[0m (0) | [31mR:[0m (0)][1m       AutoGanj#4302[0m > 
[autoganjlogs] [2022-07-30 @ 16:58:14] ::             📜bot-log :: [[32mE:[0m (1) | [31mA:[0m (0) | [31mS:[0m (0) | [31mR:[0m (0)][1m       AutoGanj#4302[0m > 
[autoganjlogs] [2022-07-30 @ 16:58:16] ::               📖rules :: [1m         NarGyt#0111[0m [[32mREACT ADD[0m]> ✅
[autoganjlogs] [2022-07-30 @ 16:58:17] ::          📜member-log :: [[32mE:[0m (1) | [31mA:[0m (0) | [31mS:[0m (0) | [31mR:[0m (0)][1m       AutoGanj#4302[0m > 
[autoganjlogs] [2022-07-30 @ 16:58:17] ::          📜member-log :: [1m             Unknown[0m [[33mEDITED[0m]> Message ID: 1002968384054501518
[autoganjlogs] [2022-07-30 @ 16:58:17] ::            📜role-log :: [[32mE:[0m (1) | [31mA:[0m (0) | [31mS:[0m (0) | [31mR:[0m (0)][1m       AutoGanj#4302[0m > 
[autoganjlogs] [2022-07-30 @ 16:58:24] ::             💬general :: [[31mE:[0m (0) | [31mA:[0m (0) | [31mS:[0m (0) | [31mR:[0m (0)][1m         NarGyt#0111[0m > nigger
[autoganjlogs] [2022-07-30 @ 16:58:32] ::             💬general :: [1m         NarGyt#0111[0m [[32mREACT ADD[0m]> 🇳
[autoganjlogs] [2022-07-30 @ 16:58:33] ::             💬general :: [1m         NarGyt#0111[0m [[32mREACT ADD[0m]> 🇮
[autoganjlogs] [2022-07-30 @ 16:58:38] ::             💬general :: [1m         NarGyt#0111[0m [[32mREACT ADD[0m]> 🇬
[autoganjlogs] [2022-07-30 @ 16:58:39] ::             💬general :: [1m         NarGyt#0111[0m [[32mREACT ADD[0m]> 🇪
[autoganjlogs] [2022-07-30 @ 16:58:42] ::             💬general :: [1m         NarGyt#0111[0m [[32mREACT ADD[0m]> 🇷
[autoganjlogs] [2022-07-30 @ 16:58:45] :: Error handling "on_member_remove" with "<class 'discord.member.Member'>: NarGyt#0111" ""
[autoganjlogs] [2022-07-30 @ 16:58:45] :: Error handling "on_member_remove" with "<class 'discord.member.Member'>: NarGyt#0111" ""
[autoganjlogs] [2022-07-30 @ 16:58:45] ::             📜bot-log :: [[32mE:[0m (1) | [31mA:[0m (0) | [31mS:[0m (0) | [31mR:[0m (0)][1m       AutoGanj#4302[0m > 
[autoganjlogs] [2022-07-30 @ 16:58:46] ::             📜bot-log :: [[32mE:[0m (1) | [31mA:[0m (0) | [31mS:[0m (0) | [31mR:[0m (0)][1m       AutoGanj#4302[0m > 
[autoganjlogs] [2022-07-30 @ 16:59:02] :: Error handling "on_member_join" with "<class 'discord.member.Member'>: NarGyt#0111" ""
[autoganjlogs] [2022-07-30 @ 16:59:02] :: Error handling "on_member_join" with "<class 'discord.member.Member'>: NarGyt#0111" ""
[autoganjlogs] [2022-07-30 @ 16:59:02] ::     📜server-activity :: [[31mE:[0m (0) | [31mA:[0m (0) | [31mS:[0m (0) | [31mR:[0m (0)][1m         NarGyt#0111[0m > 
[autoganjlogs] [2022-07-30 @ 16:59:02] ::             📜bot-log :: [[32mE:[0m (1) | [31mA:[0m (0) | [31mS:[0m (0) | [31mR:[0m (0)][1m       AutoGanj#4302[0m > 
[autoganjlogs] [2022-07-30 @ 16:59:03] ::             📜bot-log :: [[32mE:[0m (1) | [31mA:[0m (0) | [31mS:[0m (0) | [31mR:[0m (0)][1m       AutoGanj#4302[0m > 
[autoganjlogs] [2022-07-30 @ 16:59:07] ::               📖rules :: [1m         NarGyt#0111[0m [[31mREACT REMOVE[0m]> ✅
[autoganjlogs] [2022-07-30 @ 16:59:07] ::             📜mod-log :: [[32mE:[0m (1) | [31mA:[0m (0) | [31mS:[0m (0) | [31mR:[0m (0)][1m       AutoGanj#4302[0m > 
[autoganjlogs] [2022-07-30 @ 16:59:08] ::               📖rules :: [1m         NarGyt#0111[0m [[32mREACT ADD[0m]> ✅
[autoganjlogs] [2022-07-30 @ 16:59:08] ::          📜member-log :: [[32mE:[0m (1) | [31mA:[0m (0) | [31mS:[0m (0) | [31mR:[0m (0)][1m       AutoGanj#4302[0m > 
[autoganjlogs] [2022-07-30 @ 16:59:09] ::            📜role-log :: [[32mE:[0m (1) | [31mA:[0m (0) | [31mS:[0m (0) | [31mR:[0m (0)][1m       AutoGanj#4302[0m > 
[autoganjlogs] [2022-07-30 @ 16:59:10] ::           📜voice-log :: [[32mE:[0m (1) | [31mA:[0m (0) | [31mS:[0m (0) | [31mR:[0m (0)][1m       AutoGanj#4302[0m > 
[autoganjlogs] [2022-07-30 @ 16:59:37] :: Error handling "on_member_remove" with "<class 'discord.member.Member'>: NarGyt#0111" ""
[autoganjlogs] [2022-07-30 @ 16:59:37] :: Error handling "on_member_remove" with "<class 'discord.member.Member'>: NarGyt#0111" ""
[autoganjlogs] [2022-07-30 @ 16:59:38] ::             📜bot-log :: [[32mE:[0m (1) | [31mA:[0m (0) | [31mS:[0m (0) | [31mR:[0m (0)][1m       AutoGanj#4302[0m > 
[autoganjlogs] [2022-07-30 @ 16:59:38] ::           📜voice-log :: [[32mE:[0m (1) | [31mA:[0m (0) | [31mS:[0m (0) | [31mR:[0m (0)][1m       AutoGanj#4302[0m > 
[autoganjlogs] [2022-07-30 @ 16:59:38] ::             📜bot-log :: [[32mE:[0m (1) | [31mA:[0m (0) | [31mS:[0m (0) | [31mR:[0m (0)][1m       AutoGanj#4302[0m > 
[autoganjlogs] [2022-07-30 @ 16:59:38] ::             💬general ::                  [[95mSTARTED TYPING[0m]> [34m[1m      tomacatx1#0199[0m @ 2022-07-30 15:59:38+00:00
[autoganjlogs] [2022-07-30 @ 16:59:39] ::             💬general :: [[31mE:[0m (0) | [31mA:[0m (0) | [31mS:[0m (0) | [31mR:[0m (0)][1m      tomacatx1#0199[0m > also cock and ball
[autoganjlogs] [2022-07-30 @ 16:59:50] :: Error handling "on_member_join" with "<class 'discord.member.Member'>: NarGyt#0111" ""
[autoganjlogs] [2022-07-30 @ 16:59:50] :: Error handling "on_member_join" with "<class 'discord.member.Member'>: NarGyt#0111" ""
[autoganjlogs] [2022-07-30 @ 16:59:50] ::     📜server-activity :: [[31mE:[0m (0) | [31mA:[0m (0) | [31mS:[0m (0) | [31mR:[0m (0)][1m         NarGyt#0111[0m > 
[autoganjlogs] [2022-07-30 @ 16:59:50] ::             📜bot-log :: [[32mE:[0m (1) | [31mA:[0m (0) | [31mS:[0m (0) | [31mR:[0m (0)][1m       AutoGanj#4302[0m > 
[autoganjlogs] [2022-07-30 @ 16:59:51] ::             📜bot-log :: [[32mE:[0m (1) | [31mA:[0m (0) | [31mS:[0m (0) | [31mR:[0m (0)][1m       AutoGanj#4302[0m > 
[autoganjlogs] [2022-07-30 @ 16:59:55] ::               📖rules :: [1m         NarGyt#0111[0m [[31mREACT REMOVE[0m]> ✅
[autoganjlogs] [2022-07-30 @ 16:59:56] ::             📜mod-log :: [[32mE:[0m (1) | [31mA:[0m (0) | [31mS:[0m (0) | [31mR:[0m (0)][1m       AutoGanj#4302[0m > 
[autoganjlogs] [2022-07-30 @ 16:59:57] ::               📖rules :: [1m         NarGyt#0111[0m [[32mREACT ADD[0m]> ✅
[autoganjlogs] [2022-07-30 @ 16:59:58] ::          📜member-log :: [[32mE:[0m (1) | [31mA:[0m (0) | [31mS:[0m (0) | [31mR:[0m (0)][1m       AutoGanj#4302[0m > 
[autoganjlogs] [2022-07-30 @ 16:59:58] ::            📜role-log :: [[32mE:[0m (1) | [31mA:[0m (0) | [31mS:[0m (0) | [31mR:[0m (0)][1m       AutoGanj#4302[0m > 
[autoganjlogs] [2022-07-30 @ 17:00:12] ::           📜voice-log :: [[32mE:[0m (1) | [31mA:[0m (0) | [31mS:[0m (0) | [31mR:[0m (0)][1m       AutoGanj#4302[0m > 
[autoganjlogs] [2022-07-30 @ 17:00:38] ::           📜voice-log :: [[32mE:[0m (1) | [31mA:[0m (0) | [31mS:[0m (0) | [31mR:[0m (0)][1m       AutoGanj#4302[0m > 
[autoganjlogs] [2022-07-30 @ 17:00:41] ::           📜voice-log :: [[32mE:[0m (1) | [31mA:[0m (0) | [31mS:[0m (0) | [31mR:[0m (0)][1m       AutoGanj#4302[0m > 
[autoganjlogs] [2022-07-30 @ 17:01:44] ::           📜voice-log :: [[32mE:[0m (1) | [31mA:[0m (0) | [31mS:[0m (0) | [31mR:[0m (0)][1m       AutoGanj#4302[0m > 
[autoganjlogs] [2022-07-30 @ 17:01:53] ::                 🔆irl ::                  [[95mSTARTED TYPING[0m]> [34m[1mSuper Bi and Proud#3039[0m @ 2022-07-30 16:01:53+00:00
[autoganjlogs] [2022-07-30 @ 17:01:57] ::                 🔆irl :: [[31mE:[0m (0) | [31mA:[0m (0) | [31mS:[0m (0) | [31mR:[0m (0)][1mSuper Bi and Proud#3039[0m > You met a woman?
[autoganjlogs] [2022-07-30 @ 17:03:39] ::             💬general :: [1m          Liddy#6481[0m [[32mREACT ADD[0m]> estare
[autoganjlogs] [2022-07-30 @ 17:04:01] ::     ic-general-liddy ::                  [[95mSTARTED TYPING[0m]> [34m[1m      tomacatx1#0199[0m @ 2022-07-30 16:04:01+00:00
[autoganjlogs] [2022-07-30 @ 17:04:08] ::     ic-general-liddy :: [[31mE:[0m (0) | [31mA:[0m (0) | [31mS:[0m (0) | [31mR:[0m (0)][1m      tomacatx1#0199[0m > this means more time for you to figure out a way to torture us effectively
[autoganjlogs] [2022-07-30 @ 17:04:10] ::     ic-general-liddy ::                  [[95mSTARTED TYPING[0m]> [34m[1m      tomacatx1#0199[0m @ 2022-07-30 16:04:10+00:00
[autoganjlogs] [2022-07-30 @ 17:04:12] ::     ic-general-liddy :: [[31mE:[0m (0) | [31mA:[0m (0) | [31mS:[0m (0) | [31mR:[0m (0)][1m      tomacatx1#0199[0m > 😰
[autoganjlogs] [2022-07-30 @ 17:04:14] ::             💬general :: [1m          Liddy#6481[0m [[32mREACT ADD[0m]> 🇳
[autoganjlogs] [2022-07-30 @ 17:04:14] ::             💬general :: [1m          Liddy#6481[0m [[32mREACT ADD[0m]> 🇮
[autoganjlogs] [2022-07-30 @ 17:04:15] ::             💬general :: [1m          Liddy#6481[0m [[32mREACT ADD[0m]> 🇬
[autoganjlogs] [2022-07-30 @ 17:04:15] ::             💬general :: [1m          Liddy#6481[0m [[32mREACT ADD[0m]> 🇪
[autoganjlogs] [2022-07-30 @ 17:04:16] ::             💬general :: [1m          Liddy#6481[0m [[32mREACT ADD[0m]> 🇷
[autoganjlogs] [2022-07-30 @ 17:04:17] ::             💬general ::                  [[95mSTARTED TYPING[0m]> [34m[1m          Liddy#6481[0m @ 2022-07-30 16:04:17+00:00
[autoganjlogs] [2022-07-30 @ 17:04:27] ::             💬general ::                  [[95mSTARTED TYPING[0m]> [34m[1m          Liddy#6481[0m @ 2022-07-30 16:04:27+00:00
[autoganjlogs] [2022-07-30 @ 17:04:37] ::             💬general ::                  [[95mSTARTED TYPING[0m]> [34m[1m          Liddy#6481[0m @ 2022-07-30 16:04:37+00:00
[autoganjlogs] [2022-07-30 @ 17:04:38] :: Non-Ganj message deteceted, ignoring!
[autoganjlogs] [2022-07-30 @ 17:04:38] ::             💬general :: [[31mE:[0m (0) | [31mA:[0m (0) | [31mS:[0m (0) | [31mR:[0m (0)][1m          Liddy#6481[0m > Jarvis, speculate the consequences of Joe being late to the Scion session.
[autoganjlogs] [2022-07-30 @ 17:04:49] ::     ic-general-liddy :: [1m          Liddy#6481[0m [[32mREACT ADD[0m]> kek
[autoganjlogs] [2022-07-30 @ 17:09:27] ::             💬general ::                  [[95mSTARTED TYPING[0m]> [34m[1m      gitmo joe#4193[0m @ 2022-07-30 16:09:27+00:00
[autoganjlogs] [2022-07-30 @ 17:09:32] ::             💬general :: [[31mE:[0m (0) | [31mA:[0m (0) | [31mS:[0m (0) | [31mR:[0m (0)][1m      gitmo joe#4193[0m > <@433097995832000513>
[autoganjlogs] [2022-07-30 @ 17:09:34] ::             💬general ::                  [[95mSTARTED TYPING[0m]> [34m[1m      gitmo joe#4193[0m @ 2022-07-30 16:09:34+00:00
[autoganjlogs] [2022-07-30 @ 17:09:38] ::             💬general :: [[31mE:[0m (0) | [31mA:[0m (0) | [31mS:[0m (0) | [31mR:[0m (0)][1m      gitmo joe#4193[0m > He doesn't like pelosi
