[autoganjlogs] [2022-08-04 @ 13:17:41] :: + Quota reset running
[autoganjlogs] [2022-08-04 @ 13:17:44] :: AutoGanj#4302 is online!
[autoganjlogs] [2022-08-04 @ 13:17:44] :: Loaded: Tripwire
[autoganjlogs] [2022-08-04 @ 13:17:44] :: Loaded: Jarvis
[autoganjlogs] [2022-08-04 @ 13:17:44] :: Loaded: Rules
[autoganjlogs] [2022-08-04 @ 13:17:44] :: Loaded: Boostcog
[autoganjlogs] [2022-08-04 @ 13:17:44] :: Loaded: RoleManagement
[autoganjlogs] [2022-08-04 @ 13:17:44] :: Loaded: RaidDefense
[autoganjlogs] [2022-08-04 @ 13:17:44] :: Loaded: ExportRoles
[autoganjlogs] [2022-08-04 @ 13:17:44] :: Loaded: Basedtask
[autoganjlogs] [2022-08-04 @ 13:17:44] :: Loaded: Userinfo
[autoganjlogs] [2022-08-04 @ 13:17:44] :: Loaded: Quotatask
[autoganjlogs] [2022-08-04 @ 13:17:44] :: Loaded: Dispam
[autoganjlogs] [2022-08-04 @ 13:17:44] :: Loaded: Logger
[autoganjlogs] [2022-08-04 @ 13:17:44] :: Loaded: RolesPerms
[autoganjlogs] [2022-08-04 @ 13:17:44] :: ------------------
[autoganjlogs] [2022-08-04 @ 13:17:44] :: Loaded: 13 cogs
[autoganjlogs] [2022-08-04 @ 13:17:45] :: Loaded 3 invites from 3 servers.
[autoganjlogs] [2022-08-04 @ 13:19:23] ::                 🔆irl :: [1m      Satellite#9539[0m [[32mREACT ADD[0m]> 😌
[autoganjlogs] [2022-08-04 @ 13:21:05] ::         💩shitposting :: [1m      Satellite#9539[0m [[32mREACT ADD[0m]> 😌
[autoganjlogs] [2022-08-04 @ 13:22:58] ::                 🔆irl ::                  [[95mSTARTED TYPING[0m]> [34m[1m      gitmo joe#4193[0m @ 2022-08-04 12:22:58+00:00
[autoganjlogs] [2022-08-04 @ 13:23:07] ::                 🔆irl :: [[31mE:[0m (0) | [31mA:[0m (0) | [31mS:[0m (0) | [31mR:[0m (0)][1m      gitmo joe#4193[0m > Stupid fucking Uber driver showed up 15 minutes early
[autoganjlogs] [2022-08-04 @ 13:23:08] ::                 🔆irl ::                  [[95mSTARTED TYPING[0m]> [34m[1m      gitmo joe#4193[0m @ 2022-08-04 12:23:08+00:00
[autoganjlogs] [2022-08-04 @ 13:23:12] ::                 🔆irl :: [[31mE:[0m (0) | [31mA:[0m (0) | [31mS:[0m (0) | [31mR:[0m (0)][1m      gitmo joe#4193[0m > I scheduled it for a reason
