[autoganjlogs] [2022-08-04 @ 14:56:21] :: + Quota reset running
[autoganjlogs] [2022-08-04 @ 14:56:24] :: AutoGanj#4302 is online!
[autoganjlogs] [2022-08-04 @ 14:56:24] :: Loaded: Basedtask
[autoganjlogs] [2022-08-04 @ 14:56:24] :: Loaded: Boostcog
[autoganjlogs] [2022-08-04 @ 14:56:24] :: Loaded: Dispam
[autoganjlogs] [2022-08-04 @ 14:56:24] :: Loaded: ExportRoles
[autoganjlogs] [2022-08-04 @ 14:56:24] :: Loaded: Jarvis
[autoganjlogs] [2022-08-04 @ 14:56:24] :: Loaded: Logger
[autoganjlogs] [2022-08-04 @ 14:56:24] :: Loaded: Quotatask
[autoganjlogs] [2022-08-04 @ 14:56:24] :: Loaded: RaidDefense
[autoganjlogs] [2022-08-04 @ 14:56:24] :: Loaded: RoleManagement
[autoganjlogs] [2022-08-04 @ 14:56:24] :: Loaded: RolesPerms
[autoganjlogs] [2022-08-04 @ 14:56:24] :: Loaded: Rules
[autoganjlogs] [2022-08-04 @ 14:56:24] :: Loaded: Serverlogs
[autoganjlogs] [2022-08-04 @ 14:56:24] :: Loaded: Tripwire
[autoganjlogs] [2022-08-04 @ 14:56:24] :: Loaded: Userinfo
[autoganjlogs] [2022-08-04 @ 14:56:24] :: ------------------
[autoganjlogs] [2022-08-04 @ 14:56:24] :: Loaded: 14 cogs
[autoganjlogs] [2022-08-04 @ 14:56:24] :: Connected to server: Middle Ground (Members: 116)...
[autoganjlogs] [2022-08-04 @ 14:56:24] :: Connected to server: 🌳🌳The Old Forest🌳🌳 (Members: 5)...
[autoganjlogs] [2022-08-04 @ 14:56:24] :: Connected to server: PillBox (Members: 6)...
[autoganjlogs] [2022-08-04 @ 14:56:24] :: Loading views...
[autoganjlogs] [2022-08-04 @ 14:56:24] :: Loaded 3 invites from 3 servers.
