[autoganjlogs] [2022-07-29 @ 10:12:30] :: Cog loaded: cogs.tripwire
[autoganjlogs] [2022-07-29 @ 10:12:30] :: Cog loaded: cogs.jarvis
[autoganjlogs] [2022-07-29 @ 10:12:30] :: Cog loaded: cogs.boostcog
[autoganjlogs] [2022-07-29 @ 10:12:30] :: Cog loaded: cogs.export_roles
[autoganjlogs] [2022-07-29 @ 10:12:30] :: Cog loaded: cogs.basedtask
[autoganjlogs] [2022-07-29 @ 10:12:30] :: Cog loaded: cogs.userdata
[autoganjlogs] [2022-07-29 @ 10:12:30] :: Cog loaded: cogs.help
[autoganjlogs] [2022-07-29 @ 10:12:30] :: Cog loaded: cogs.logging
[autoganjlogs] [2022-07-29 @ 10:12:33] :: AutoGanj#4302 is online!
[autoganjlogs] [2022-07-29 @ 10:12:36] :: (['⭐', '<:based:1002002396605599784>', '<:cringe:1002002378691710986>', '<:storbaord:954547894533373972>'], [])
[autoganjlogs] [2022-07-29 @ 10:12:36] :: []
[autoganjlogs] [2022-07-29 @ 10:12:36] ::  🤖staff-bot-commands :: [[31mE:[0m (0) | [31mA:[0m (0) | [31mS:[0m (0) | [31mR:[0m (0)][1m          gañjā#9046[0m > &userinfo 820070084009000960
[autoganjlogs] [2022-07-29 @ 10:13:44] ::  🤖staff-bot-commands :: [[31mE:[0m (0) | [31mA:[0m (0) | [31mS:[0m (0) | [31mR:[0m (0)][1m          gañjā#9046[0m > &userinfo 820070084009000960
[autoganjlogs] [2022-07-29 @ 10:13:44] ::  🤖staff-bot-commands :: [1m          gañjā#9046[0m [[31mDELETED[0m]> &userinfo 820070084009000960
[autoganjlogs] [2022-07-29 @ 10:13:44] ::         📜message-log :: [[32mE:[0m (1) | [31mA:[0m (0) | [31mS:[0m (0) | [31mR:[0m (0)][1m           Dyno#0000[0m > 
[autoganjlogs] [2022-07-29 @ 10:15:15] ::  🤖staff-bot-commands :: [[31mE:[0m (0) | [31mA:[0m (0) | [31mS:[0m (0) | [31mR:[0m (0)][1m          gañjā#9046[0m > &userinfo 820070084009000960
[autoganjlogs] [2022-07-29 @ 10:15:15] ::  🤖staff-bot-commands :: [1m          gañjā#9046[0m [[31mDELETED[0m]> &userinfo 820070084009000960
[autoganjlogs] [2022-07-29 @ 10:15:16] ::         📜message-log :: [[32mE:[0m (1) | [31mA:[0m (0) | [31mS:[0m (0) | [31mR:[0m (0)][1m           Dyno#0000[0m > 
[autoganjlogs] [2022-07-29 @ 10:17:26] ::  🤖staff-bot-commands :: [[31mE:[0m (0) | [31mA:[0m (0) | [31mS:[0m (0) | [31mR:[0m (0)][1m          gañjā#9046[0m > &userinfo 820070084009000960
[autoganjlogs] [2022-07-29 @ 10:17:26] ::  🤖staff-bot-commands :: [1m          gañjā#9046[0m [[31mDELETED[0m]> &userinfo 820070084009000960
[autoganjlogs] [2022-07-29 @ 10:17:27] ::         📜message-log :: [[32mE:[0m (1) | [31mA:[0m (0) | [31mS:[0m (0) | [31mR:[0m (0)][1m           Dyno#0000[0m > 
