[autoganjlogs] [2022-08-04 @ 10:46:14] :: + Quota reset running
[autoganjlogs] [2022-08-04 @ 10:46:17] :: AutoGanj#4302 is online!
[autoganjlogs] [2022-08-04 @ 10:46:17] :: Loaded: Tripwire
[autoganjlogs] [2022-08-04 @ 10:46:17] :: Loaded: Jarvis
[autoganjlogs] [2022-08-04 @ 10:46:17] :: Loaded: Rules
[autoganjlogs] [2022-08-04 @ 10:46:17] :: Loaded: Boostcog
[autoganjlogs] [2022-08-04 @ 10:46:17] :: Loaded: RoleManagement
[autoganjlogs] [2022-08-04 @ 10:46:17] :: Loaded: RaidDefense
[autoganjlogs] [2022-08-04 @ 10:46:17] :: Loaded: ExportRoles
[autoganjlogs] [2022-08-04 @ 10:46:17] :: Loaded: Basedtask
[autoganjlogs] [2022-08-04 @ 10:46:17] :: Loaded: Userinfo
[autoganjlogs] [2022-08-04 @ 10:46:17] :: Loaded: Quotatask
[autoganjlogs] [2022-08-04 @ 10:46:17] :: Loaded: Dispam
[autoganjlogs] [2022-08-04 @ 10:46:17] :: Loaded: Logger
[autoganjlogs] [2022-08-04 @ 10:46:17] :: Loaded: RolesPerms
[autoganjlogs] [2022-08-04 @ 10:46:17] :: ------------------
[autoganjlogs] [2022-08-04 @ 10:46:17] :: Loaded: 13 cogs
[autoganjlogs] [2022-08-04 @ 10:46:18] :: Loaded 3 invites from 3 servers.
[autoganjlogs] [2022-08-04 @ 10:46:19] ::             📜bot-log ::                  [[95mSTARTED TYPING[0m]> [34m[1m          gañjā#9046[0m @ 2022-08-04 09:46:19+00:00
[autoganjlogs] [2022-08-04 @ 10:46:20] :: Error handling "on_message" with "<class 'discord.message.Message'>: <Message id=1004686719498600478 channel=<TextChannel id=1002884287261065287 name='📜bot-log' position=33 nsfw=False category_id=822863122310103081 news=False> type=<MessageType.default: 0> author=<Member id=218521566412013568 name='gañjā' discriminator='9046' bot=False nick='Ganj' guild=<Guild id=820077049036406805 name='Middle Ground' shard_id=0 chunked=True member_count=116>> flags=<MessageFlags value=0>>" ""
[autoganjlogs] [2022-08-04 @ 10:46:20] ::             📜bot-log :: [[31mE:[0m (0) | [31mA:[0m (0) | [31mS:[0m (0) | [31mR:[0m (0)][1m          gañjā#9046[0m > jarvis are you there
[autoganjlogs] [2022-08-04 @ 10:46:20] :: Error handling "on_message" with "<class 'discord.message.Message'>: <Message id=1004686720492654653 channel=<TextChannel id=1002884287261065287 name='📜bot-log' position=33 nsfw=False category_id=822863122310103081 news=False> type=<MessageType.default: 0> author=<Member id=1001059281057107999 name='AutoGanj' discriminator='4302' bot=True nick=None guild=<Guild id=820077049036406805 name='Middle Ground' shard_id=0 chunked=True member_count=116>> flags=<MessageFlags value=0>>" ""
[autoganjlogs] [2022-08-04 @ 10:46:20] ::             📜bot-log :: [[32mE:[0m (1) | [31mA:[0m (0) | [31mS:[0m (0) | [31mR:[0m (0)][1m       AutoGanj#4302[0m > 
[autoganjlogs] [2022-08-04 @ 10:46:20] :: Error handling "on_message" with "<class 'discord.message.Message'>: <Message id=1004686721516052532 channel=<TextChannel id=1002884287261065287 name='📜bot-log' position=33 nsfw=False category_id=822863122310103081 news=False> type=<MessageType.default: 0> author=<Member id=1001059281057107999 name='AutoGanj' discriminator='4302' bot=True nick=None guild=<Guild id=820077049036406805 name='Middle Ground' shard_id=0 chunked=True member_count=116>> flags=<MessageFlags value=0>>" ""
[autoganjlogs] [2022-08-04 @ 10:46:20] ::             📜bot-log :: [[32mE:[0m (1) | [31mA:[0m (0) | [31mS:[0m (0) | [31mR:[0m (0)][1m       AutoGanj#4302[0m > 
[autoganjlogs] [2022-08-04 @ 10:46:20] :: Error handling "on_message" with "<class 'discord.message.Message'>: <Message id=1004686722434609194 channel=<TextChannel id=1002884287261065287 name='📜bot-log' position=33 nsfw=False category_id=822863122310103081 news=False> type=<MessageType.default: 0> author=<Member id=1001059281057107999 name='AutoGanj' discriminator='4302' bot=True nick=None guild=<Guild id=820077049036406805 name='Middle Ground' shard_id=0 chunked=True member_count=116>> flags=<MessageFlags value=0>>" ""
[autoganjlogs] [2022-08-04 @ 10:46:20] ::             📜bot-log :: [[32mE:[0m (1) | [31mA:[0m (0) | [31mS:[0m (0) | [31mR:[0m (0)][1m       AutoGanj#4302[0m > 
[autoganjlogs] [2022-08-04 @ 10:46:21] :: Error handling "on_message" with "<class 'discord.message.Message'>: <Message id=1004686723692892200 channel=<TextChannel id=1002884287261065287 name='📜bot-log' position=33 nsfw=False category_id=822863122310103081 news=False> type=<MessageType.default: 0> author=<Member id=1001059281057107999 name='AutoGanj' discriminator='4302' bot=True nick=None guild=<Guild id=820077049036406805 name='Middle Ground' shard_id=0 chunked=True member_count=116>> flags=<MessageFlags value=0>>" ""
[autoganjlogs] [2022-08-04 @ 10:46:21] ::             📜bot-log :: [[32mE:[0m (1) | [31mA:[0m (0) | [31mS:[0m (0) | [31mR:[0m (0)][1m       AutoGanj#4302[0m > 
[autoganjlogs] [2022-08-04 @ 10:46:21] :: Error handling "on_message" with "<class 'discord.message.Message'>: <Message id=1004686724909244497 channel=<TextChannel id=1002884287261065287 name='📜bot-log' position=33 nsfw=False category_id=822863122310103081 news=False> type=<MessageType.default: 0> author=<Member id=1001059281057107999 name='AutoGanj' discriminator='4302' bot=True nick=None guild=<Guild id=820077049036406805 name='Middle Ground' shard_id=0 chunked=True member_count=116>> flags=<MessageFlags value=0>>" ""
[autoganjlogs] [2022-08-04 @ 10:46:21] ::             📜bot-log :: [[32mE:[0m (1) | [31mA:[0m (0) | [31mS:[0m (0) | [31mR:[0m (0)][1m       AutoGanj#4302[0m > 
[autoganjlogs] [2022-08-04 @ 10:46:26] :: Error handling "on_message" with "<class 'discord.message.Message'>: <Message id=1004686746824486943 channel=<TextChannel id=1002884287261065287 name='📜bot-log' position=33 nsfw=False category_id=822863122310103081 news=False> type=<MessageType.default: 0> author=<Member id=1001059281057107999 name='AutoGanj' discriminator='4302' bot=True nick=None guild=<Guild id=820077049036406805 name='Middle Ground' shard_id=0 chunked=True member_count=116>> flags=<MessageFlags value=0>>" ""
[autoganjlogs] [2022-08-04 @ 10:46:26] ::             📜bot-log :: [[32mE:[0m (1) | [31mA:[0m (0) | [31mS:[0m (0) | [31mR:[0m (0)][1m       AutoGanj#4302[0m > 
[autoganjlogs] [2022-08-04 @ 10:46:27] :: Error handling "on_message" with "<class 'discord.message.Message'>: <Message id=1004686749009723462 channel=<TextChannel id=1002884287261065287 name='📜bot-log' position=33 nsfw=False category_id=822863122310103081 news=False> type=<MessageType.default: 0> author=<Member id=1001059281057107999 name='AutoGanj' discriminator='4302' bot=True nick=None guild=<Guild id=820077049036406805 name='Middle Ground' shard_id=0 chunked=True member_count=116>> flags=<MessageFlags value=0>>" ""
[autoganjlogs] [2022-08-04 @ 10:46:27] ::             📜bot-log :: [[32mE:[0m (1) | [31mA:[0m (0) | [31mS:[0m (0) | [31mR:[0m (0)][1m       AutoGanj#4302[0m > 
[autoganjlogs] [2022-08-04 @ 10:46:27] :: Error handling "on_message" with "<class 'discord.message.Message'>: <Message id=1004686750368677918 channel=<TextChannel id=1002884287261065287 name='📜bot-log' position=33 nsfw=False category_id=822863122310103081 news=False> type=<MessageType.default: 0> author=<Member id=1001059281057107999 name='AutoGanj' discriminator='4302' bot=True nick=None guild=<Guild id=820077049036406805 name='Middle Ground' shard_id=0 chunked=True member_count=116>> flags=<MessageFlags value=0>>" ""
[autoganjlogs] [2022-08-04 @ 10:46:27] ::             📜bot-log :: [[32mE:[0m (1) | [31mA:[0m (0) | [31mS:[0m (0) | [31mR:[0m (0)][1m       AutoGanj#4302[0m > 
[autoganjlogs] [2022-08-04 @ 10:46:27] :: Error handling "on_message" with "<class 'discord.message.Message'>: <Message id=1004686751564042360 channel=<TextChannel id=1002884287261065287 name='📜bot-log' position=33 nsfw=False category_id=822863122310103081 news=False> type=<MessageType.default: 0> author=<Member id=1001059281057107999 name='AutoGanj' discriminator='4302' bot=True nick=None guild=<Guild id=820077049036406805 name='Middle Ground' shard_id=0 chunked=True member_count=116>> flags=<MessageFlags value=0>>" ""
[autoganjlogs] [2022-08-04 @ 10:46:27] ::             📜bot-log :: [[32mE:[0m (1) | [31mA:[0m (0) | [31mS:[0m (0) | [31mR:[0m (0)][1m       AutoGanj#4302[0m > 
[autoganjlogs] [2022-08-04 @ 10:46:28] :: Error handling "on_message" with "<class 'discord.message.Message'>: <Message id=1004686752809750528 channel=<TextChannel id=1002884287261065287 name='📜bot-log' position=33 nsfw=False category_id=822863122310103081 news=False> type=<MessageType.default: 0> author=<Member id=1001059281057107999 name='AutoGanj' discriminator='4302' bot=True nick=None guild=<Guild id=820077049036406805 name='Middle Ground' shard_id=0 chunked=True member_count=116>> flags=<MessageFlags value=0>>" ""
[autoganjlogs] [2022-08-04 @ 10:46:28] ::             📜bot-log :: [[32mE:[0m (1) | [31mA:[0m (0) | [31mS:[0m (0) | [31mR:[0m (0)][1m       AutoGanj#4302[0m > 
[autoganjlogs] [2022-08-04 @ 10:46:31] :: Error handling "on_message" with "<class 'discord.message.Message'>: <Message id=1004686767254937750 channel=<TextChannel id=1002884287261065287 name='📜bot-log' position=33 nsfw=False category_id=822863122310103081 news=False> type=<MessageType.default: 0> author=<Member id=1001059281057107999 name='AutoGanj' discriminator='4302' bot=True nick=None guild=<Guild id=820077049036406805 name='Middle Ground' shard_id=0 chunked=True member_count=116>> flags=<MessageFlags value=0>>" ""
[autoganjlogs] [2022-08-04 @ 10:46:31] ::             📜bot-log :: [[32mE:[0m (1) | [31mA:[0m (0) | [31mS:[0m (0) | [31mR:[0m (0)][1m       AutoGanj#4302[0m > 
[autoganjlogs] [2022-08-04 @ 10:46:31] :: Error handling "on_message" with "<class 'discord.message.Message'>: <Message id=1004686768517423114 channel=<TextChannel id=1002884287261065287 name='📜bot-log' position=33 nsfw=False category_id=822863122310103081 news=False> type=<MessageType.default: 0> author=<Member id=1001059281057107999 name='AutoGanj' discriminator='4302' bot=True nick=None guild=<Guild id=820077049036406805 name='Middle Ground' shard_id=0 chunked=True member_count=116>> flags=<MessageFlags value=0>>" ""
[autoganjlogs] [2022-08-04 @ 10:46:31] ::             📜bot-log :: [[32mE:[0m (1) | [31mA:[0m (0) | [31mS:[0m (0) | [31mR:[0m (0)][1m       AutoGanj#4302[0m > 
[autoganjlogs] [2022-08-04 @ 10:46:32] :: Error handling "on_message" with "<class 'discord.message.Message'>: <Message id=1004686769528254524 channel=<TextChannel id=1002884287261065287 name='📜bot-log' position=33 nsfw=False category_id=822863122310103081 news=False> type=<MessageType.default: 0> author=<Member id=1001059281057107999 name='AutoGanj' discriminator='4302' bot=True nick=None guild=<Guild id=820077049036406805 name='Middle Ground' shard_id=0 chunked=True member_count=116>> flags=<MessageFlags value=0>>" ""
[autoganjlogs] [2022-08-04 @ 10:46:32] ::             📜bot-log :: [[32mE:[0m (1) | [31mA:[0m (0) | [31mS:[0m (0) | [31mR:[0m (0)][1m       AutoGanj#4302[0m > 
[autoganjlogs] [2022-08-04 @ 10:46:32] :: Error handling "on_message" with "<class 'discord.message.Message'>: <Message id=1004686770564243476 channel=<TextChannel id=1002884287261065287 name='📜bot-log' position=33 nsfw=False category_id=822863122310103081 news=False> type=<MessageType.default: 0> author=<Member id=1001059281057107999 name='AutoGanj' discriminator='4302' bot=True nick=None guild=<Guild id=820077049036406805 name='Middle Ground' shard_id=0 chunked=True member_count=116>> flags=<MessageFlags value=0>>" ""
[autoganjlogs] [2022-08-04 @ 10:46:32] ::             📜bot-log :: [[32mE:[0m (1) | [31mA:[0m (0) | [31mS:[0m (0) | [31mR:[0m (0)][1m       AutoGanj#4302[0m > 
[autoganjlogs] [2022-08-04 @ 10:46:32] :: Error handling "on_message" with "<class 'discord.message.Message'>: <Message id=1004686771570876507 channel=<TextChannel id=1002884287261065287 name='📜bot-log' position=33 nsfw=False category_id=822863122310103081 news=False> type=<MessageType.default: 0> author=<Member id=1001059281057107999 name='AutoGanj' discriminator='4302' bot=True nick=None guild=<Guild id=820077049036406805 name='Middle Ground' shard_id=0 chunked=True member_count=116>> flags=<MessageFlags value=0>>" ""
[autoganjlogs] [2022-08-04 @ 10:46:32] ::             📜bot-log :: [[32mE:[0m (1) | [31mA:[0m (0) | [31mS:[0m (0) | [31mR:[0m (0)][1m       AutoGanj#4302[0m > 
[autoganjlogs] [2022-08-04 @ 10:46:36] :: Error handling "on_message" with "<class 'discord.message.Message'>: <Message id=1004686789262454795 channel=<TextChannel id=1002884287261065287 name='📜bot-log' position=33 nsfw=False category_id=822863122310103081 news=False> type=<MessageType.default: 0> author=<Member id=1001059281057107999 name='AutoGanj' discriminator='4302' bot=True nick=None guild=<Guild id=820077049036406805 name='Middle Ground' shard_id=0 chunked=True member_count=116>> flags=<MessageFlags value=0>>" ""
[autoganjlogs] [2022-08-04 @ 10:46:36] ::             📜bot-log :: [[32mE:[0m (1) | [31mA:[0m (0) | [31mS:[0m (0) | [31mR:[0m (0)][1m       AutoGanj#4302[0m > 
[autoganjlogs] [2022-08-04 @ 10:46:37] :: Error handling "on_message" with "<class 'discord.message.Message'>: <Message id=1004686790411681852 channel=<TextChannel id=1002884287261065287 name='📜bot-log' position=33 nsfw=False category_id=822863122310103081 news=False> type=<MessageType.default: 0> author=<Member id=1001059281057107999 name='AutoGanj' discriminator='4302' bot=True nick=None guild=<Guild id=820077049036406805 name='Middle Ground' shard_id=0 chunked=True member_count=116>> flags=<MessageFlags value=0>>" ""
[autoganjlogs] [2022-08-04 @ 10:46:37] ::             📜bot-log :: [[32mE:[0m (1) | [31mA:[0m (0) | [31mS:[0m (0) | [31mR:[0m (0)][1m       AutoGanj#4302[0m > 
[autoganjlogs] [2022-08-04 @ 10:46:37] :: Error handling "on_message" with "<class 'discord.message.Message'>: <Message id=1004686791544152134 channel=<TextChannel id=1002884287261065287 name='📜bot-log' position=33 nsfw=False category_id=822863122310103081 news=False> type=<MessageType.default: 0> author=<Member id=1001059281057107999 name='AutoGanj' discriminator='4302' bot=True nick=None guild=<Guild id=820077049036406805 name='Middle Ground' shard_id=0 chunked=True member_count=116>> flags=<MessageFlags value=0>>" ""
[autoganjlogs] [2022-08-04 @ 10:46:37] ::             📜bot-log :: [[32mE:[0m (1) | [31mA:[0m (0) | [31mS:[0m (0) | [31mR:[0m (0)][1m       AutoGanj#4302[0m > 
[autoganjlogs] [2022-08-04 @ 10:46:37] :: Error handling "on_message" with "<class 'discord.message.Message'>: <Message id=1004686792701775953 channel=<TextChannel id=1002884287261065287 name='📜bot-log' position=33 nsfw=False category_id=822863122310103081 news=False> type=<MessageType.default: 0> author=<Member id=1001059281057107999 name='AutoGanj' discriminator='4302' bot=True nick=None guild=<Guild id=820077049036406805 name='Middle Ground' shard_id=0 chunked=True member_count=116>> flags=<MessageFlags value=0>>" ""
[autoganjlogs] [2022-08-04 @ 10:46:37] ::             📜bot-log :: [[32mE:[0m (1) | [31mA:[0m (0) | [31mS:[0m (0) | [31mR:[0m (0)][1m       AutoGanj#4302[0m > 
[autoganjlogs] [2022-08-04 @ 10:46:37] :: Error handling "on_message" with "<class 'discord.message.Message'>: <Message id=1004686793809072208 channel=<TextChannel id=1002884287261065287 name='📜bot-log' position=33 nsfw=False category_id=822863122310103081 news=False> type=<MessageType.default: 0> author=<Member id=1001059281057107999 name='AutoGanj' discriminator='4302' bot=True nick=None guild=<Guild id=820077049036406805 name='Middle Ground' shard_id=0 chunked=True member_count=116>> flags=<MessageFlags value=0>>" ""
[autoganjlogs] [2022-08-04 @ 10:46:37] ::             📜bot-log :: [[32mE:[0m (1) | [31mA:[0m (0) | [31mS:[0m (0) | [31mR:[0m (0)][1m       AutoGanj#4302[0m > 
[autoganjlogs] [2022-08-04 @ 10:46:42] :: Error handling "on_message" with "<class 'discord.message.Message'>: <Message id=1004686811341266964 channel=<TextChannel id=1002884287261065287 name='📜bot-log' position=33 nsfw=False category_id=822863122310103081 news=False> type=<MessageType.default: 0> author=<Member id=1001059281057107999 name='AutoGanj' discriminator='4302' bot=True nick=None guild=<Guild id=820077049036406805 name='Middle Ground' shard_id=0 chunked=True member_count=116>> flags=<MessageFlags value=0>>" ""
[autoganjlogs] [2022-08-04 @ 10:46:42] ::             📜bot-log :: [[32mE:[0m (1) | [31mA:[0m (0) | [31mS:[0m (0) | [31mR:[0m (0)][1m       AutoGanj#4302[0m > 
[autoganjlogs] [2022-08-04 @ 10:46:42] :: Error handling "on_message" with "<class 'discord.message.Message'>: <Message id=1004686812402425917 channel=<TextChannel id=1002884287261065287 name='📜bot-log' position=33 nsfw=False category_id=822863122310103081 news=False> type=<MessageType.default: 0> author=<Member id=1001059281057107999 name='AutoGanj' discriminator='4302' bot=True nick=None guild=<Guild id=820077049036406805 name='Middle Ground' shard_id=0 chunked=True member_count=116>> flags=<MessageFlags value=0>>" ""
[autoganjlogs] [2022-08-04 @ 10:46:42] ::             📜bot-log :: [[32mE:[0m (1) | [31mA:[0m (0) | [31mS:[0m (0) | [31mR:[0m (0)][1m       AutoGanj#4302[0m > 
[autoganjlogs] [2022-08-04 @ 10:46:42] :: Error handling "on_message" with "<class 'discord.message.Message'>: <Message id=1004686813782364190 channel=<TextChannel id=1002884287261065287 name='📜bot-log' position=33 nsfw=False category_id=822863122310103081 news=False> type=<MessageType.default: 0> author=<Member id=1001059281057107999 name='AutoGanj' discriminator='4302' bot=True nick=None guild=<Guild id=820077049036406805 name='Middle Ground' shard_id=0 chunked=True member_count=116>> flags=<MessageFlags value=0>>" ""
[autoganjlogs] [2022-08-04 @ 10:46:42] ::             📜bot-log :: [[32mE:[0m (1) | [31mA:[0m (0) | [31mS:[0m (0) | [31mR:[0m (0)][1m       AutoGanj#4302[0m > 
[autoganjlogs] [2022-08-04 @ 10:46:43] :: Error handling "on_message" with "<class 'discord.message.Message'>: <Message id=1004686815116144700 channel=<TextChannel id=1002884287261065287 name='📜bot-log' position=33 nsfw=False category_id=822863122310103081 news=False> type=<MessageType.default: 0> author=<Member id=1001059281057107999 name='AutoGanj' discriminator='4302' bot=True nick=None guild=<Guild id=820077049036406805 name='Middle Ground' shard_id=0 chunked=True member_count=116>> flags=<MessageFlags value=0>>" ""
[autoganjlogs] [2022-08-04 @ 10:46:43] ::             📜bot-log :: [[32mE:[0m (1) | [31mA:[0m (0) | [31mS:[0m (0) | [31mR:[0m (0)][1m       AutoGanj#4302[0m > 
[autoganjlogs] [2022-08-04 @ 10:46:43] :: Error handling "on_message" with "<class 'discord.message.Message'>: <Message id=1004686816240214096 channel=<TextChannel id=1002884287261065287 name='📜bot-log' position=33 nsfw=False category_id=822863122310103081 news=False> type=<MessageType.default: 0> author=<Member id=1001059281057107999 name='AutoGanj' discriminator='4302' bot=True nick=None guild=<Guild id=820077049036406805 name='Middle Ground' shard_id=0 chunked=True member_count=116>> flags=<MessageFlags value=0>>" ""
[autoganjlogs] [2022-08-04 @ 10:46:43] ::             📜bot-log :: [[32mE:[0m (1) | [31mA:[0m (0) | [31mS:[0m (0) | [31mR:[0m (0)][1m       AutoGanj#4302[0m > 
[autoganjlogs] [2022-08-04 @ 10:46:47] :: Error handling "on_message" with "<class 'discord.message.Message'>: <Message id=1004686833449447454 channel=<TextChannel id=1002884287261065287 name='📜bot-log' position=33 nsfw=False category_id=822863122310103081 news=False> type=<MessageType.default: 0> author=<Member id=1001059281057107999 name='AutoGanj' discriminator='4302' bot=True nick=None guild=<Guild id=820077049036406805 name='Middle Ground' shard_id=0 chunked=True member_count=116>> flags=<MessageFlags value=0>>" ""
[autoganjlogs] [2022-08-04 @ 10:46:47] ::             📜bot-log :: [[32mE:[0m (1) | [31mA:[0m (0) | [31mS:[0m (0) | [31mR:[0m (0)][1m       AutoGanj#4302[0m > 
[autoganjlogs] [2022-08-04 @ 10:46:47] :: Error handling "on_message" with "<class 'discord.message.Message'>: <Message id=1004686834590306365 channel=<TextChannel id=1002884287261065287 name='📜bot-log' position=33 nsfw=False category_id=822863122310103081 news=False> type=<MessageType.default: 0> author=<Member id=1001059281057107999 name='AutoGanj' discriminator='4302' bot=True nick=None guild=<Guild id=820077049036406805 name='Middle Ground' shard_id=0 chunked=True member_count=116>> flags=<MessageFlags value=0>>" ""
[autoganjlogs] [2022-08-04 @ 10:46:47] ::             📜bot-log :: [[32mE:[0m (1) | [31mA:[0m (0) | [31mS:[0m (0) | [31mR:[0m (0)][1m       AutoGanj#4302[0m > 
[autoganjlogs] [2022-08-04 @ 10:46:47] :: Error handling "on_message" with "<class 'discord.message.Message'>: <Message id=1004686835722747985 channel=<TextChannel id=1002884287261065287 name='📜bot-log' position=33 nsfw=False category_id=822863122310103081 news=False> type=<MessageType.default: 0> author=<Member id=1001059281057107999 name='AutoGanj' discriminator='4302' bot=True nick=None guild=<Guild id=820077049036406805 name='Middle Ground' shard_id=0 chunked=True member_count=116>> flags=<MessageFlags value=0>>" ""
[autoganjlogs] [2022-08-04 @ 10:46:47] ::             📜bot-log :: [[32mE:[0m (1) | [31mA:[0m (0) | [31mS:[0m (0) | [31mR:[0m (0)][1m       AutoGanj#4302[0m > 
[autoganjlogs] [2022-08-04 @ 10:46:48] :: Error handling "on_message" with "<class 'discord.message.Message'>: <Message id=1004686836867797075 channel=<TextChannel id=1002884287261065287 name='📜bot-log' position=33 nsfw=False category_id=822863122310103081 news=False> type=<MessageType.default: 0> author=<Member id=1001059281057107999 name='AutoGanj' discriminator='4302' bot=True nick=None guild=<Guild id=820077049036406805 name='Middle Ground' shard_id=0 chunked=True member_count=116>> flags=<MessageFlags value=0>>" ""
[autoganjlogs] [2022-08-04 @ 10:46:48] ::             📜bot-log :: [[32mE:[0m (1) | [31mA:[0m (0) | [31mS:[0m (0) | [31mR:[0m (0)][1m       AutoGanj#4302[0m > 
[autoganjlogs] [2022-08-04 @ 10:46:48] :: Error handling "on_message" with "<class 'discord.message.Message'>: <Message id=1004686838235156550 channel=<TextChannel id=1002884287261065287 name='📜bot-log' position=33 nsfw=False category_id=822863122310103081 news=False> type=<MessageType.default: 0> author=<Member id=1001059281057107999 name='AutoGanj' discriminator='4302' bot=True nick=None guild=<Guild id=820077049036406805 name='Middle Ground' shard_id=0 chunked=True member_count=116>> flags=<MessageFlags value=0>>" ""
[autoganjlogs] [2022-08-04 @ 10:46:48] ::             📜bot-log :: [[32mE:[0m (1) | [31mA:[0m (0) | [31mS:[0m (0) | [31mR:[0m (0)][1m       AutoGanj#4302[0m > 
[autoganjlogs] [2022-08-04 @ 10:46:52] :: Error handling "on_message" with "<class 'discord.message.Message'>: <Message id=1004686855834439762 channel=<TextChannel id=1002884287261065287 name='📜bot-log' position=33 nsfw=False category_id=822863122310103081 news=False> type=<MessageType.default: 0> author=<Member id=1001059281057107999 name='AutoGanj' discriminator='4302' bot=True nick=None guild=<Guild id=820077049036406805 name='Middle Ground' shard_id=0 chunked=True member_count=116>> flags=<MessageFlags value=0>>" ""
[autoganjlogs] [2022-08-04 @ 10:46:52] ::             📜bot-log :: [[32mE:[0m (1) | [31mA:[0m (0) | [31mS:[0m (0) | [31mR:[0m (0)][1m       AutoGanj#4302[0m > 
[autoganjlogs] [2022-08-04 @ 10:46:53] :: Error handling "on_message" with "<class 'discord.message.Message'>: <Message id=1004686857025622116 channel=<TextChannel id=1002884287261065287 name='📜bot-log' position=33 nsfw=False category_id=822863122310103081 news=False> type=<MessageType.default: 0> author=<Member id=1001059281057107999 name='AutoGanj' discriminator='4302' bot=True nick=None guild=<Guild id=820077049036406805 name='Middle Ground' shard_id=0 chunked=True member_count=116>> flags=<MessageFlags value=0>>" ""
[autoganjlogs] [2022-08-04 @ 10:46:53] ::             📜bot-log :: [[32mE:[0m (1) | [31mA:[0m (0) | [31mS:[0m (0) | [31mR:[0m (0)][1m       AutoGanj#4302[0m > 
[autoganjlogs] [2022-08-04 @ 10:46:53] :: Error handling "on_message" with "<class 'discord.message.Message'>: <Message id=1004686858309087232 channel=<TextChannel id=1002884287261065287 name='📜bot-log' position=33 nsfw=False category_id=822863122310103081 news=False> type=<MessageType.default: 0> author=<Member id=1001059281057107999 name='AutoGanj' discriminator='4302' bot=True nick=None guild=<Guild id=820077049036406805 name='Middle Ground' shard_id=0 chunked=True member_count=116>> flags=<MessageFlags value=0>>" ""
[autoganjlogs] [2022-08-04 @ 10:46:53] ::             📜bot-log :: [[32mE:[0m (1) | [31mA:[0m (0) | [31mS:[0m (0) | [31mR:[0m (0)][1m       AutoGanj#4302[0m > 
[autoganjlogs] [2022-08-04 @ 10:46:53] :: Error handling "on_message" with "<class 'discord.message.Message'>: <Message id=1004686859168911422 channel=<TextChannel id=1002884287261065287 name='📜bot-log' position=33 nsfw=False category_id=822863122310103081 news=False> type=<MessageType.default: 0> author=<Member id=1001059281057107999 name='AutoGanj' discriminator='4302' bot=True nick=None guild=<Guild id=820077049036406805 name='Middle Ground' shard_id=0 chunked=True member_count=116>> flags=<MessageFlags value=0>>" ""
[autoganjlogs] [2022-08-04 @ 10:46:53] ::             📜bot-log :: [[32mE:[0m (1) | [31mA:[0m (0) | [31mS:[0m (0) | [31mR:[0m (0)][1m       AutoGanj#4302[0m > 
[autoganjlogs] [2022-08-04 @ 10:46:53] :: Error handling "on_message" with "<class 'discord.message.Message'>: <Message id=1004686860716609596 channel=<TextChannel id=1002884287261065287 name='📜bot-log' position=33 nsfw=False category_id=822863122310103081 news=False> type=<MessageType.default: 0> author=<Member id=1001059281057107999 name='AutoGanj' discriminator='4302' bot=True nick=None guild=<Guild id=820077049036406805 name='Middle Ground' shard_id=0 chunked=True member_count=116>> flags=<MessageFlags value=0>>" ""
[autoganjlogs] [2022-08-04 @ 10:46:53] ::             📜bot-log :: [[32mE:[0m (1) | [31mA:[0m (0) | [31mS:[0m (0) | [31mR:[0m (0)][1m       AutoGanj#4302[0m > 
[autoganjlogs] [2022-08-04 @ 10:46:58] ::             📜bot-log :: [[32mE:[0m (1) | [31mA:[0m (0) | [31mS:[0m (0) | [31mR:[0m (0)][1m       AutoGanj#4302[0m > 
[autoganjlogs] [2022-08-04 @ 10:47:26] ::             📜bot-log ::                  [[95mSTARTED TYPING[0m]> [34m[1m          gañjā#9046[0m @ 2022-08-04 09:47:26+00:00
[autoganjlogs] [2022-08-04 @ 10:47:26] ::             📜bot-log :: [[31mE:[0m (0) | [31mA:[0m (0) | [31mS:[0m (0) | [31mR:[0m (0)][1m          gañjā#9046[0m > jarvis are you there
[autoganjlogs] [2022-08-04 @ 10:47:26] :: Error handling "on_message" with "<class 'discord.message.Message'>: <Message id=1004686998008770610 channel=<TextChannel id=1002884287261065287 name='📜bot-log' position=33 nsfw=False category_id=822863122310103081 news=False> type=<MessageType.default: 0> author=<Member id=218521566412013568 name='gañjā' discriminator='9046' bot=False nick='Ganj' guild=<Guild id=820077049036406805 name='Middle Ground' shard_id=0 chunked=True member_count=116>> flags=<MessageFlags value=0>>" ""
[autoganjlogs] [2022-08-04 @ 10:47:26] ::             📜bot-log :: [[32mE:[0m (1) | [31mA:[0m (0) | [31mS:[0m (0) | [31mR:[0m (0)][1m       AutoGanj#4302[0m > 
[autoganjlogs] [2022-08-04 @ 10:47:40] ::             📜bot-log ::                  [[95mSTARTED TYPING[0m]> [34m[1m          gañjā#9046[0m @ 2022-08-04 09:47:40+00:00
[autoganjlogs] [2022-08-04 @ 10:47:40] ::             📜bot-log :: [[31mE:[0m (0) | [31mA:[0m (0) | [31mS:[0m (0) | [31mR:[0m (0)][1m          gañjā#9046[0m > jarvis are you there
[autoganjlogs] [2022-08-04 @ 10:47:41] ::             📜bot-log :: [[31mE:[0m (0) | [31mA:[0m (0) | [31mS:[0m (0) | [31mR:[0m (0)][1m       AutoGanj#4302[0m > ```Yes, I'm here.```
[autoganjlogs] [2022-08-04 @ 10:47:53] ::             💬general ::                  [[95mSTARTED TYPING[0m]> [34m[1m          gañjā#9046[0m @ 2022-08-04 09:47:52+00:00
[autoganjlogs] [2022-08-04 @ 10:47:57] ::             💬general :: [[31mE:[0m (0) | [31mA:[0m (0) | [31mS:[0m (0) | [31mR:[0m (0)][1m          gañjā#9046[0m > okay jarvis is back up and role lock should be enabled
[autoganjlogs] [2022-08-04 @ 10:47:59] ::             💬general ::                  [[95mSTARTED TYPING[0m]> [34m[1m          gañjā#9046[0m @ 2022-08-04 09:47:59+00:00
[autoganjlogs] [2022-08-04 @ 10:48:04] ::             💬general :: [[31mE:[0m (0) | [31mA:[0m (0) | [31mS:[0m (0) | [31mR:[0m (0)][1m          gañjā#9046[0m > <@1003613477681770587> type 'jarvis hello how are you'
[autoganjlogs] [2022-08-04 @ 10:48:07] ::             💬general ::                  [[95mSTARTED TYPING[0m]> [34m[1m          gañjā#9046[0m @ 2022-08-04 09:48:07+00:00
[autoganjlogs] [2022-08-04 @ 10:48:27] ::             💬general ::                  [[95mSTARTED TYPING[0m]> [34m[1mBaboonBasher791#3733[0m @ 2022-08-04 09:48:27+00:00
[autoganjlogs] [2022-08-04 @ 10:48:31] ::             💬general :: [[31mE:[0m (0) | [31mA:[0m (0) | [31mS:[0m (0) | [31mR:[0m (0)][1mBaboonBasher791#3733[0m > jarvis hello how are you
[autoganjlogs] [2022-08-04 @ 10:48:36] ::             💬general ::                  [[95mSTARTED TYPING[0m]> [34m[1m          gañjā#9046[0m @ 2022-08-04 09:48:35+00:00
[autoganjlogs] [2022-08-04 @ 10:48:36] ::             💬general :: [[31mE:[0m (0) | [31mA:[0m (0) | [31mS:[0m (0) | [31mR:[0m (0)][1m          gañjā#9046[0m > cool
[autoganjlogs] [2022-08-04 @ 10:48:37] ::             💬general :: [[31mE:[0m (0) | [31mA:[0m (0) | [31mS:[0m (0) | [31mR:[0m (0)][1m          gañjā#9046[0m > :)
[autoganjlogs] [2022-08-04 @ 10:48:41] ::             💬general ::                  [[95mSTARTED TYPING[0m]> [34m[1m          gañjā#9046[0m @ 2022-08-04 09:48:40+00:00
[autoganjlogs] [2022-08-04 @ 10:48:42] ::             💬general ::                  [[95mSTARTED TYPING[0m]> [34m[1mBaboonBasher791#3733[0m @ 2022-08-04 09:48:42+00:00
[autoganjlogs] [2022-08-04 @ 10:48:43] ::             💬general :: [[31mE:[0m (0) | [31mA:[0m (0) | [31mS:[0m (0) | [31mR:[0m (0)][1m          gañjā#9046[0m > you will gain access as you gain ranks
[autoganjlogs] [2022-08-04 @ 10:48:45] ::             💬general ::                  [[95mSTARTED TYPING[0m]> [34m[1m      gitmo joe#4193[0m @ 2022-08-04 09:48:45+00:00
[autoganjlogs] [2022-08-04 @ 10:48:46] ::             💬general ::                  [[95mSTARTED TYPING[0m]> [34m[1m          gañjā#9046[0m @ 2022-08-04 09:48:46+00:00
[autoganjlogs] [2022-08-04 @ 10:48:47] ::             💬general :: [[31mE:[0m (0) | [31mA:[0m (0) | [31mS:[0m (0) | [31mR:[0m (0)][1m          gañjā#9046[0m > jarvis is our bot
[autoganjlogs] [2022-08-04 @ 10:48:48] ::             💬general :: [[31mE:[0m (0) | [31mA:[0m (0) | [31mS:[0m (0) | [31mR:[0m (0)][1m       AutoGanj#4302[0m > ```.```
[autoganjlogs] [2022-08-04 @ 10:48:52] ::             💬general ::                  [[95mSTARTED TYPING[0m]> [34m[1m          gañjā#9046[0m @ 2022-08-04 09:48:52+00:00
[autoganjlogs] [2022-08-04 @ 10:48:55] ::             💬general ::                  [[95mSTARTED TYPING[0m]> [34m[1m      gitmo joe#4193[0m @ 2022-08-04 09:48:55+00:00
[autoganjlogs] [2022-08-04 @ 10:49:01] ::             💬general ::                  [[95mSTARTED TYPING[0m]> [34m[1m          gañjā#9046[0m @ 2022-08-04 09:49:01+00:00
[autoganjlogs] [2022-08-04 @ 10:49:05] ::             💬general ::                  [[95mSTARTED TYPING[0m]> [34m[1m      gitmo joe#4193[0m @ 2022-08-04 09:49:05+00:00
[autoganjlogs] [2022-08-04 @ 10:49:09] ::             💬general ::                  [[95mSTARTED TYPING[0m]> [34m[1m          gañjā#9046[0m @ 2022-08-04 09:49:09+00:00
[autoganjlogs] [2022-08-04 @ 10:49:12] ::             💬general :: [[31mE:[0m (0) | [31mA:[0m (0) | [31mS:[0m (0) | [31mR:[0m (0)][1m          gañjā#9046[0m > jarvis explain history of ireland in bullet points from 4000 years ago.
[autoganjlogs] [2022-08-04 @ 10:49:20] ::             💬general :: [[31mE:[0m (0) | [31mA:[0m (0) | [31mS:[0m (0) | [31mR:[0m (0)][1m      gitmo joe#4193[0m > Jarvis, how many Chinese live immediately downstream of the three gorges dam? List major population centers and their population count.
[autoganjlogs] [2022-08-04 @ 10:49:22] ::             💬general :: [1mBaboonBasher791#3733[0m [[32mREACT ADD[0m]> ded
[autoganjlogs] [2022-08-04 @ 10:49:23] ::             💬general :: [[31mE:[0m (0) | [31mA:[0m (0) | [31mS:[0m (0) | [31mR:[0m (0)][1m       AutoGanj#4302[0m > ```-The first people to arrive in Ireland were the Celts, who came from mainland Europe around 500 BC. 
-The Celts were divided into two groups, the Gaels and the Britons. 
-The Gaels eventually conquered the Britons and established their own culture and language. 
-Ireland was then invaded by the Vikings in the 8th and 9th centuries. 
-The Vikings established settlements all over Ireland, but they were eventually driven out by the Irish. 
-In 1169, Ireland was invaded by the Normans. 
-The Normans established control over most of the country, but they were unable to conquer the entire island. 
-In 1541, Ireland was made a part of the Kingdom of England. 
-This led to centuries of conflict between the English and the Irish. 
-In 1922, most of Ireland gained independence from England. 
-However, the six counties of Northern Ireland remained part of the United Kingdom. 
-This has led to continued conflict between the two groups.```
[autoganjlogs] [2022-08-04 @ 10:49:23] ::             💬general :: [[31mE:[0m (0) | [31mA:[0m (0) | [31mS:[0m (0) | [31mR:[0m (0)][1m       AutoGanj#4302[0m > ```There are over 100 million people living in the Yangtze River Delta, which includes the major population centers of Shanghai (24.2 million), Wuhan (10.5 million), and Nanjing (8.3 million).```
[autoganjlogs] [2022-08-04 @ 10:49:37] ::             💬general ::                  [[95mSTARTED TYPING[0m]> [34m[1m          gañjā#9046[0m @ 2022-08-04 09:49:37+00:00
[autoganjlogs] [2022-08-04 @ 10:49:43] ::             💬general :: [[31mE:[0m (0) | [31mA:[0m (0) | [31mS:[0m (0) | [31mR:[0m (0)][1m          gañjā#9046[0m > jarvis continue detailing the history into modern times.
[autoganjlogs] [2022-08-04 @ 10:49:49] ::             💬general :: [[31mE:[0m (0) | [31mA:[0m (0) | [31mS:[0m (0) | [31mR:[0m (0)][1m       AutoGanj#4302[0m > ```-In the late 20th century, the Troubles began, a period of violence and political unrest in Northern Ireland. 
-The Troubles ended with the Good Friday Agreement in 1998. 
-Since then, Northern Ireland has been relatively peaceful. 
-In recent years, there has been an increase in tourism to Ireland, and the country's economy has grown.```
[autoganjlogs] [2022-08-04 @ 10:49:53] ::             💬general ::                  [[95mSTARTED TYPING[0m]> [34m[1m          gañjā#9046[0m @ 2022-08-04 09:49:53+00:00
[autoganjlogs] [2022-08-04 @ 10:49:58] ::             💬general ::                  [[95mSTARTED TYPING[0m]> [34m[1m      gitmo joe#4193[0m @ 2022-08-04 09:49:58+00:00
[autoganjlogs] [2022-08-04 @ 10:49:59] ::             💬general :: [[31mE:[0m (0) | [31mA:[0m (0) | [31mS:[0m (0) | [31mR:[0m (0)][1m          gañjā#9046[0m > <@1003613477681770587> have you ever seen a bot like this? <:estare:876499396529897492>
[autoganjlogs] [2022-08-04 @ 10:50:06] ::             💬general :: [[31mE:[0m (0) | [31mA:[0m (0) | [31mS:[0m (0) | [31mR:[0m (0)][1m      gitmo joe#4193[0m > This is what good boys in the server get access to
[autoganjlogs] [2022-08-04 @ 10:50:12] ::             💬general ::                  [[95mSTARTED TYPING[0m]> [34m[1mBaboonBasher791#3733[0m @ 2022-08-04 09:50:12+00:00
[autoganjlogs] [2022-08-04 @ 10:50:14] ::             💬general ::                  [[95mSTARTED TYPING[0m]> [34m[1m          gañjā#9046[0m @ 2022-08-04 09:50:14+00:00
[autoganjlogs] [2022-08-04 @ 10:50:14] ::             💬general ::                  [[95mSTARTED TYPING[0m]> [34m[1m      gitmo joe#4193[0m @ 2022-08-04 09:50:14+00:00
[autoganjlogs] [2022-08-04 @ 10:50:18] ::             💬general :: [[31mE:[0m (0) | [31mA:[0m (0) | [31mS:[0m (0) | [31mR:[0m (0)][1mBaboonBasher791#3733[0m > I haven't
[autoganjlogs] [2022-08-04 @ 10:50:20] ::             💬general ::                  [[95mSTARTED TYPING[0m]> [34m[1mBaboonBasher791#3733[0m @ 2022-08-04 09:50:20+00:00
[autoganjlogs] [2022-08-04 @ 10:50:21] ::             💬general :: [[31mE:[0m (0) | [31mA:[0m (0) | [31mS:[0m (0) | [31mR:[0m (0)][1mBaboonBasher791#3733[0m > It's pretty cool
[autoganjlogs] [2022-08-04 @ 10:50:24] ::             💬general ::                  [[95mSTARTED TYPING[0m]> [34m[1m          gañjā#9046[0m @ 2022-08-04 09:50:24+00:00
[autoganjlogs] [2022-08-04 @ 10:50:25] ::             💬general ::                  [[95mSTARTED TYPING[0m]> [34m[1m      gitmo joe#4193[0m @ 2022-08-04 09:50:25+00:00
[autoganjlogs] [2022-08-04 @ 10:50:26] ::             💬general :: [[31mE:[0m (0) | [31mA:[0m (0) | [31mS:[0m (0) | [31mR:[0m (0)][1m          gañjā#9046[0m > yeah but do know
[autoganjlogs] [2022-08-04 @ 10:50:28] ::             💬general ::                  [[95mSTARTED TYPING[0m]> [34m[1m          gañjā#9046[0m @ 2022-08-04 09:50:28+00:00
[autoganjlogs] [2022-08-04 @ 10:50:35] ::             💬general ::                  [[95mSTARTED TYPING[0m]> [34m[1m      gitmo joe#4193[0m @ 2022-08-04 09:50:35+00:00
[autoganjlogs] [2022-08-04 @ 10:50:36] ::             💬general :: [[31mE:[0m (0) | [31mA:[0m (0) | [31mS:[0m (0) | [31mR:[0m (0)][1m          gañjā#9046[0m > no controversial topics should be run through it
[autoganjlogs] [2022-08-04 @ 10:50:39] ::             💬general ::                  [[95mSTARTED TYPING[0m]> [34m[1m          gañjā#9046[0m @ 2022-08-04 09:50:39+00:00
[autoganjlogs] [2022-08-04 @ 10:50:45] ::             💬general ::                  [[95mSTARTED TYPING[0m]> [34m[1m      gitmo joe#4193[0m @ 2022-08-04 09:50:45+00:00
[autoganjlogs] [2022-08-04 @ 10:50:48] ::             💬general :: [[31mE:[0m (0) | [31mA:[0m (0) | [31mS:[0m (0) | [31mR:[0m (0)][1m      gitmo joe#4193[0m > Jarvis, write me a python script for PID control of a heater.
[autoganjlogs] [2022-08-04 @ 10:50:55] ::             💬general :: [[31mE:[0m (0) | [31mA:[0m (0) | [31mS:[0m (0) | [31mR:[0m (0)][1m       AutoGanj#4302[0m > ```#!/usr/bin/env python

import time

Kp = 1.0
Ki = 0.1
Kd = 0.01

setpoint = 100.0

integral = 0.0
last_error = 0.0

while True:
    # Read the temperature
    temperature = read_temperature()

    # Calculate the error
    error = setpoint - temperature

    # Update the integral
    integral += error * dt

    # Calculate the derivative
    derivative = (error - last_error) / dt

    # Calculate the output
    output = Kp * error + Ki * integral + Kd * derivative

    # Set the output to the heater
    set_heater_output(output)

    # Save the current error for the next iteration
    last_error = error

    # Sleep for a short time before repeating the loop
    time.sleep(0.1)```
[autoganjlogs] [2022-08-04 @ 10:51:07] ::             💬general ::                  [[95mSTARTED TYPING[0m]> [34m[1m      gitmo joe#4193[0m @ 2022-08-04 09:51:07+00:00
[autoganjlogs] [2022-08-04 @ 10:51:07] ::             💬general :: [[31mE:[0m (0) | [31mA:[0m (0) | [31mS:[0m (0) | [31mR:[0m (0)][1m      gitmo joe#4193[0m > ;)
[autoganjlogs] [2022-08-04 @ 10:51:11] ::             💬general ::                  [[95mSTARTED TYPING[0m]> [34m[1m          gañjā#9046[0m @ 2022-08-04 09:51:11+00:00
[autoganjlogs] [2022-08-04 @ 10:51:18] ::             💬general :: [[31mE:[0m (0) | [31mA:[0m (0) | [31mS:[0m (0) | [31mR:[0m (0)][1m          gañjā#9046[0m > i mean its not gonna work
[autoganjlogs] [2022-08-04 @ 10:51:20] ::             💬general ::                  [[95mSTARTED TYPING[0m]> [34m[1m          gañjā#9046[0m @ 2022-08-04 09:51:20+00:00
[autoganjlogs] [2022-08-04 @ 10:51:21] ::             💬general ::                  [[95mSTARTED TYPING[0m]> [34m[1m      gitmo joe#4193[0m @ 2022-08-04 09:51:21+00:00
[autoganjlogs] [2022-08-04 @ 10:51:21] ::             💬general :: [[31mE:[0m (0) | [31mA:[0m (0) | [31mS:[0m (0) | [31mR:[0m (0)][1m      gitmo joe#4193[0m > No
[autoganjlogs] [2022-08-04 @ 10:51:22] ::             💬general ::                  [[95mSTARTED TYPING[0m]> [34m[1m      gitmo joe#4193[0m @ 2022-08-04 09:51:22+00:00
[autoganjlogs] [2022-08-04 @ 10:51:23] ::             💬general :: [[31mE:[0m (0) | [31mA:[0m (0) | [31mS:[0m (0) | [31mR:[0m (0)][1m          gañjā#9046[0m > read_temperature() isnt defined
[autoganjlogs] [2022-08-04 @ 10:51:26] ::             💬general :: [[31mE:[0m (0) | [31mA:[0m (0) | [31mS:[0m (0) | [31mR:[0m (0)][1m      gitmo joe#4193[0m > There's no input
[autoganjlogs] [2022-08-04 @ 10:51:26] ::             💬general :: [[31mE:[0m (0) | [31mA:[0m (0) | [31mS:[0m (0) | [31mR:[0m (0)][1m          gañjā#9046[0m > or imported
[autoganjlogs] [2022-08-04 @ 10:51:27] ::             💬general ::                  [[95mSTARTED TYPING[0m]> [34m[1m      gitmo joe#4193[0m @ 2022-08-04 09:51:27+00:00
[autoganjlogs] [2022-08-04 @ 10:51:28] ::             💬general :: [[31mE:[0m (0) | [31mA:[0m (0) | [31mS:[0m (0) | [31mR:[0m (0)][1m      gitmo joe#4193[0m > Ywah
[autoganjlogs] [2022-08-04 @ 10:51:35] ::             💬general ::                  [[95mSTARTED TYPING[0m]> [34m[1m      gitmo joe#4193[0m @ 2022-08-04 09:51:34+00:00
[autoganjlogs] [2022-08-04 @ 10:51:35] ::             💬general ::                  [[95mSTARTED TYPING[0m]> [34m[1m          gañjā#9046[0m @ 2022-08-04 09:51:35+00:00
[autoganjlogs] [2022-08-04 @ 10:51:38] ::             💬general :: [[31mE:[0m (0) | [31mA:[0m (0) | [31mS:[0m (0) | [31mR:[0m (0)][1m      gitmo joe#4193[0m > But it can be tweaked
[autoganjlogs] [2022-08-04 @ 10:51:40] ::             💬general :: [[31mE:[0m (0) | [31mA:[0m (0) | [31mS:[0m (0) | [31mR:[0m (0)][1m          gañjā#9046[0m > and i guess it needs some interface with the hardware
[autoganjlogs] [2022-08-04 @ 10:51:40] ::             💬general :: [[31mE:[0m (0) | [31mA:[0m (0) | [31mS:[0m (0) | [31mR:[0m (0)][1m          gañjā#9046[0m > yeah
[autoganjlogs] [2022-08-04 @ 10:51:44] ::             💬general :: [[31mE:[0m (0) | [31mA:[0m (0) | [31mS:[0m (0) | [31mR:[0m (0)][1m          gañjā#9046[0m > its a skeleton
[autoganjlogs] [2022-08-04 @ 10:51:46] ::             💬general ::                  [[95mSTARTED TYPING[0m]> [34m[1m          gañjā#9046[0m @ 2022-08-04 09:51:46+00:00
[autoganjlogs] [2022-08-04 @ 10:51:52] ::             💬general ::                  [[95mSTARTED TYPING[0m]> [34m[1m      gitmo joe#4193[0m @ 2022-08-04 09:51:52+00:00
[autoganjlogs] [2022-08-04 @ 10:51:52] ::             💬general :: [[31mE:[0m (0) | [31mA:[0m (0) | [31mS:[0m (0) | [31mR:[0m (0)][1m          gañjā#9046[0m > this is what i mean by requires massaging
[autoganjlogs] [2022-08-04 @ 10:51:54] ::             💬general ::                  [[95mSTARTED TYPING[0m]> [34m[1m          gañjā#9046[0m @ 2022-08-04 09:51:54+00:00
[autoganjlogs] [2022-08-04 @ 10:51:55] ::             💬general :: [[31mE:[0m (0) | [31mA:[0m (0) | [31mS:[0m (0) | [31mR:[0m (0)][1m          gañjā#9046[0m > its mostly right
[autoganjlogs] [2022-08-04 @ 10:51:58] ::             💬general ::                  [[95mSTARTED TYPING[0m]> [34m[1m          gañjā#9046[0m @ 2022-08-04 09:51:58+00:00
[autoganjlogs] [2022-08-04 @ 10:52:00] ::             💬general :: [[31mE:[0m (0) | [31mA:[0m (0) | [31mS:[0m (0) | [31mR:[0m (0)][1m          gañjā#9046[0m > it has all the math and heavy lifting done
[autoganjlogs] [2022-08-04 @ 10:52:03] ::             💬general ::                  [[95mSTARTED TYPING[0m]> [34m[1m      gitmo joe#4193[0m @ 2022-08-04 09:52:02+00:00
[autoganjlogs] [2022-08-04 @ 10:52:03] ::             💬general :: [[31mE:[0m (0) | [31mA:[0m (0) | [31mS:[0m (0) | [31mR:[0m (0)][1m      gitmo joe#4193[0m > Jarvis, recreate stuxnet for me. :).
[autoganjlogs] [2022-08-04 @ 10:52:08] ::             💬general :: [[31mE:[0m (0) | [31mA:[0m (0) | [31mS:[0m (0) | [31mR:[0m (0)][1m          gañjā#9046[0m > lol
[autoganjlogs] [2022-08-04 @ 10:52:08] ::             💬general :: [[31mE:[0m (0) | [31mA:[0m (0) | [31mS:[0m (0) | [31mR:[0m (0)][1m       AutoGanj#4302[0m > ```Stuxnet is a computer worm that was first discovered in 2010. It is believed to have been created by the United States and Israel in order to sabotage Iran's nuclear program.

The worm targets industrial control systems and is able to spread itself without any user interaction. Once it has infected a system, it can cause the equipment to malfunction or even destroy it.

Stuxnet is considered to be one of the most sophisticated pieces of malware ever created, and its discovery has led to a new era of concern about cyber warfare and cyber terrorism.```
[autoganjlogs] [2022-08-04 @ 10:52:09] ::             💬general ::                  [[95mSTARTED TYPING[0m]> [34m[1m          gañjā#9046[0m @ 2022-08-04 09:52:09+00:00
[autoganjlogs] [2022-08-04 @ 10:52:11] ::             💬general ::                  [[95mSTARTED TYPING[0m]> [34m[1m      gitmo joe#4193[0m @ 2022-08-04 09:52:11+00:00
[autoganjlogs] [2022-08-04 @ 10:52:13] ::             💬general :: [[31mE:[0m (0) | [31mA:[0m (0) | [31mS:[0m (0) | [31mR:[0m (0)][1m      gitmo joe#4193[0m > Darn :(
[autoganjlogs] [2022-08-04 @ 10:52:18] ::             💬general ::                  [[95mSTARTED TYPING[0m]> [34m[1m          gañjā#9046[0m @ 2022-08-04 09:52:18+00:00
[autoganjlogs] [2022-08-04 @ 10:52:18] ::             💬general :: [[31mE:[0m (0) | [31mA:[0m (0) | [31mS:[0m (0) | [31mR:[0m (0)][1m          gañjā#9046[0m > please dont try use it for malware creation 🥴 :p
[autoganjlogs] [2022-08-04 @ 10:52:21] ::             💬general ::                  [[95mSTARTED TYPING[0m]> [34m[1m      gitmo joe#4193[0m @ 2022-08-04 09:52:21+00:00
[autoganjlogs] [2022-08-04 @ 10:52:24] ::             💬general :: [[31mE:[0m (0) | [31mA:[0m (0) | [31mS:[0m (0) | [31mR:[0m (0)][1m      gitmo joe#4193[0m > No need to
[autoganjlogs] [2022-08-04 @ 10:52:26] ::             💬general ::                  [[95mSTARTED TYPING[0m]> [34m[1m      gitmo joe#4193[0m @ 2022-08-04 09:52:26+00:00
[autoganjlogs] [2022-08-04 @ 10:52:31] ::             💬general :: [[31mE:[0m (0) | [31mA:[0m (0) | [31mS:[0m (0) | [31mR:[0m (0)][1m          gañjā#9046[0m > i know
[autoganjlogs] [2022-08-04 @ 10:52:35] ::             💬general :: [[31mE:[0m (0) | [31mA:[0m (0) | [31mS:[0m (0) | [31mR:[0m (0)][1m      gitmo joe#4193[0m > Scripting is the meat and potatoes anyway
[autoganjlogs] [2022-08-04 @ 10:52:50] ::             💬general ::                  [[95mSTARTED TYPING[0m]> [34m[1m      gitmo joe#4193[0m @ 2022-08-04 09:52:50+00:00
[autoganjlogs] [2022-08-04 @ 10:52:52] ::             💬general :: [[31mE:[0m (0) | [31mA:[0m (0) | [31mS:[0m (0) | [31mR:[0m (0)][1m      gitmo joe#4193[0m > Bb
[autoganjlogs] [2022-08-04 @ 10:52:52] ::             💬general ::                  [[95mSTARTED TYPING[0m]> [34m[1m      gitmo joe#4193[0m @ 2022-08-04 09:52:52+00:00
[autoganjlogs] [2022-08-04 @ 10:53:02] ::             💬general ::                  [[95mSTARTED TYPING[0m]> [34m[1m      gitmo joe#4193[0m @ 2022-08-04 09:53:02+00:00
[autoganjlogs] [2022-08-04 @ 10:53:12] ::             💬general ::                  [[95mSTARTED TYPING[0m]> [34m[1m      gitmo joe#4193[0m @ 2022-08-04 09:53:12+00:00
[autoganjlogs] [2022-08-04 @ 10:53:20] ::             💬general :: [[31mE:[0m (0) | [31mA:[0m (0) | [31mS:[0m (0) | [31mR:[0m (0)][1m      gitmo joe#4193[0m > I'm sending you an email with a word document attached; inside it is a set of directions to find my buried gold bullion
[autoganjlogs] [2022-08-04 @ 10:53:20] ::             💬general ::                  [[95mSTARTED TYPING[0m]> [34m[1m      gitmo joe#4193[0m @ 2022-08-04 09:53:20+00:00
[autoganjlogs] [2022-08-04 @ 10:53:26] ::      🔍mg-private-eye ::                  [[95mSTARTED TYPING[0m]> [34m[1m      tomacatx1#0199[0m @ 2022-08-04 09:53:26+00:00
[autoganjlogs] [2022-08-04 @ 10:53:27] ::             💬general :: [[31mE:[0m (0) | [31mA:[0m (0) | [31mS:[0m (0) | [31mR:[0m (0)][1m      gitmo joe#4193[0m > Please open the word document, thank you
[autoganjlogs] [2022-08-04 @ 10:53:27] ::             💬general ::                  [[95mSTARTED TYPING[0m]> [34m[1m      gitmo joe#4193[0m @ 2022-08-04 09:53:27+00:00
[autoganjlogs] [2022-08-04 @ 10:53:29] ::      🔍mg-private-eye :: [[31mE:[0m (0) | [31mA:[0m (0) | [31mS:[0m (0) | [31mR:[0m (0)][1m      tomacatx1#0199[0m > not atm
[autoganjlogs] [2022-08-04 @ 10:53:30] ::      🔍mg-private-eye ::                  [[95mSTARTED TYPING[0m]> [34m[1m      tomacatx1#0199[0m @ 2022-08-04 09:53:30+00:00
[autoganjlogs] [2022-08-04 @ 10:53:30] ::             💬general :: [[31mE:[0m (0) | [31mA:[0m (0) | [31mS:[0m (0) | [31mR:[0m (0)][1m      gitmo joe#4193[0m > Do the needful sir
[autoganjlogs] [2022-08-04 @ 10:53:31] ::      🔍mg-private-eye :: [[31mE:[0m (0) | [31mA:[0m (0) | [31mS:[0m (0) | [31mR:[0m (0)][1m      tomacatx1#0199[0m > at work
[autoganjlogs] [2022-08-04 @ 11:02:05] ::      🔍mg-private-eye ::                  [[95mSTARTED TYPING[0m]> [34m[1m          gañjā#9046[0m @ 2022-08-04 10:02:05+00:00
[autoganjlogs] [2022-08-04 @ 11:02:06] ::      🔍mg-private-eye :: [[31mE:[0m (0) | [31mA:[0m (0) | [31mS:[0m (0) | [31mR:[0m (0)][1m          gañjā#9046[0m > oh i meant in general
[autoganjlogs] [2022-08-04 @ 11:02:08] ::      🔍mg-private-eye ::                  [[95mSTARTED TYPING[0m]> [34m[1m          gañjā#9046[0m @ 2022-08-04 10:02:08+00:00
[autoganjlogs] [2022-08-04 @ 11:02:09] ::      🔍mg-private-eye :: [[31mE:[0m (0) | [31mA:[0m (0) | [31mS:[0m (0) | [31mR:[0m (0)][1m          gañjā#9046[0m > not specifically right now
[autoganjlogs] [2022-08-04 @ 11:02:11] ::      🔍mg-private-eye ::                  [[95mSTARTED TYPING[0m]> [34m[1m          gañjā#9046[0m @ 2022-08-04 10:02:11+00:00
[autoganjlogs] [2022-08-04 @ 11:02:16] ::      🔍mg-private-eye :: [[31mE:[0m (0) | [31mA:[0m (0) | [31mS:[0m (0) | [31mR:[0m (0)][1m          gañjā#9046[0m > I just wanted to know more about this BB fellow
[autoganjlogs] [2022-08-04 @ 11:03:30] ::             💬general ::                  [[95mSTARTED TYPING[0m]> [34m[1m          gañjā#9046[0m @ 2022-08-04 10:03:30+00:00
[autoganjlogs] [2022-08-04 @ 11:03:38] ::             💬general ::                  [[95mSTARTED TYPING[0m]> [34m[1m          gañjā#9046[0m @ 2022-08-04 10:03:38+00:00
[autoganjlogs] [2022-08-04 @ 11:03:44] ::             💬general :: [[31mE:[0m (0) | [31mA:[0m (0) | [31mS:[0m (0) | [31mR:[0m (0)][1m          gañjā#9046[0m > fee advance fraud mostly comes out of north africa
[autoganjlogs] [2022-08-04 @ 11:03:46] ::             💬general ::                  [[95mSTARTED TYPING[0m]> [34m[1m          gañjā#9046[0m @ 2022-08-04 10:03:46+00:00
[autoganjlogs] [2022-08-04 @ 11:03:54] ::             💬general ::                  [[95mSTARTED TYPING[0m]> [34m[1m          gañjā#9046[0m @ 2022-08-04 10:03:54+00:00
[autoganjlogs] [2022-08-04 @ 11:03:55] ::             💬general :: [[31mE:[0m (0) | [31mA:[0m (0) | [31mS:[0m (0) | [31mR:[0m (0)][1m          gañjā#9046[0m > india and bangledesh are more known for call center scams and click farms
[autoganjlogs] [2022-08-04 @ 11:03:58] ::             💬general ::                  [[95mSTARTED TYPING[0m]> [34m[1m          gañjā#9046[0m @ 2022-08-04 10:03:58+00:00
[autoganjlogs] [2022-08-04 @ 11:04:06] ::             💬general ::                  [[95mSTARTED TYPING[0m]> [34m[1m          gañjā#9046[0m @ 2022-08-04 10:04:06+00:00
[autoganjlogs] [2022-08-04 @ 11:04:09] ::             💬general :: [[31mE:[0m (0) | [31mA:[0m (0) | [31mS:[0m (0) | [31mR:[0m (0)][1m          gañjā#9046[0m > sea for call center scams, carding and identity fraud
[autoganjlogs] [2022-08-04 @ 11:04:13] ::             💬general ::                  [[95mSTARTED TYPING[0m]> [34m[1m          gañjā#9046[0m @ 2022-08-04 10:04:12+00:00
[autoganjlogs] [2022-08-04 @ 11:04:21] ::             💬general ::                  [[95mSTARTED TYPING[0m]> [34m[1m          gañjā#9046[0m @ 2022-08-04 10:04:20+00:00
[autoganjlogs] [2022-08-04 @ 11:04:27] ::             💬general :: [[31mE:[0m (0) | [31mA:[0m (0) | [31mS:[0m (0) | [31mR:[0m (0)][1m          gañjā#9046[0m > eastern europe for carding; romania being the global capital of carding
[autoganjlogs] [2022-08-04 @ 11:04:29] ::             💬general ::                  [[95mSTARTED TYPING[0m]> [34m[1m          gañjā#9046[0m @ 2022-08-04 10:04:29+00:00
[autoganjlogs] [2022-08-04 @ 11:04:38] ::             💬general ::                  [[95mSTARTED TYPING[0m]> [34m[1m          gañjā#9046[0m @ 2022-08-04 10:04:38+00:00
[autoganjlogs] [2022-08-04 @ 11:04:39] ::             💬general :: [[31mE:[0m (0) | [31mA:[0m (0) | [31mS:[0m (0) | [31mR:[0m (0)][1m          gañjā#9046[0m > russia mainly is involved in malware development and illegal hosting services
[autoganjlogs] [2022-08-04 @ 11:04:42] ::             💬general ::                  [[95mSTARTED TYPING[0m]> [34m[1m          gañjā#9046[0m @ 2022-08-04 10:04:42+00:00
[autoganjlogs] [2022-08-04 @ 11:04:48] ::             💬general :: [[31mE:[0m (0) | [31mA:[0m (0) | [31mS:[0m (0) | [31mR:[0m (0)][1m          gañjā#9046[0m > and westerns mainly involve themselves in cashout businesses
[autoganjlogs] [2022-08-04 @ 11:04:53] ::             💬general ::                  [[95mSTARTED TYPING[0m]> [34m[1m          gañjā#9046[0m @ 2022-08-04 10:04:53+00:00
[autoganjlogs] [2022-08-04 @ 11:05:02] ::             💬general ::                  [[95mSTARTED TYPING[0m]> [34m[1m          gañjā#9046[0m @ 2022-08-04 10:05:01+00:00
[autoganjlogs] [2022-08-04 @ 11:05:21] ::             💬general ::                  [[95mSTARTED TYPING[0m]> [34m[1m          gañjā#9046[0m @ 2022-08-04 10:05:20+00:00
[autoganjlogs] [2022-08-04 @ 11:05:24] ::             💬general :: [[31mE:[0m (0) | [31mA:[0m (0) | [31mS:[0m (0) | [31mR:[0m (0)][1m          gañjā#9046[0m > just a bit of trivia 😌
[autoganjlogs] [2022-08-04 @ 11:05:49] ::             💬general ::                  [[95mSTARTED TYPING[0m]> [34m[1m          gañjā#9046[0m @ 2022-08-04 10:05:49+00:00
[autoganjlogs] [2022-08-04 @ 11:05:58] ::             💬general ::                  [[95mSTARTED TYPING[0m]> [34m[1m          gañjā#9046[0m @ 2022-08-04 10:05:57+00:00
[autoganjlogs] [2022-08-04 @ 11:06:06] ::             💬general ::                  [[95mSTARTED TYPING[0m]> [34m[1m          gañjā#9046[0m @ 2022-08-04 10:06:05+00:00
[autoganjlogs] [2022-08-04 @ 11:06:08] ::             💬general :: [[31mE:[0m (0) | [31mA:[0m (0) | [31mS:[0m (0) | [31mR:[0m (0)][1m      gitmo joe#4193[0m > yayaya
[autoganjlogs] [2022-08-04 @ 11:06:10] ::             💬general ::                  [[95mSTARTED TYPING[0m]> [34m[1m      gitmo joe#4193[0m @ 2022-08-04 10:06:10+00:00
[autoganjlogs] [2022-08-04 @ 11:06:13] ::             💬general :: [[31mE:[0m (0) | [31mA:[0m (0) | [31mS:[0m (0) | [31mR:[0m (0)][1m      gitmo joe#4193[0m > i have the intel
[autoganjlogs] [2022-08-04 @ 11:06:14] ::             💬general ::                  [[95mSTARTED TYPING[0m]> [34m[1m          gañjā#9046[0m @ 2022-08-04 10:06:14+00:00
[autoganjlogs] [2022-08-04 @ 11:06:15] ::             💬general ::                  [[95mSTARTED TYPING[0m]> [34m[1m      gitmo joe#4193[0m @ 2022-08-04 10:06:15+00:00
[autoganjlogs] [2022-08-04 @ 11:06:16] ::             💬general :: [[31mE:[0m (0) | [31mA:[0m (0) | [31mS:[0m (0) | [31mR:[0m (0)][1m          gañjā#9046[0m > and fun fact: as more and more of africa comes online; they are being victim to fee advance fraud scams because they're completely fresh to it
[autoganjlogs] [2022-08-04 @ 11:06:20] ::             💬general :: [[31mE:[0m (0) | [31mA:[0m (0) | [31mS:[0m (0) | [31mR:[0m (0)][1m      gitmo joe#4193[0m > i just don't read it
[autoganjlogs] [2022-08-04 @ 11:06:23] ::             💬general ::                  [[95mSTARTED TYPING[0m]> [34m[1m          gañjā#9046[0m @ 2022-08-04 10:06:22+00:00
[autoganjlogs] [2022-08-04 @ 11:06:23] ::             💬general :: [[31mE:[0m (0) | [31mA:[0m (0) | [31mS:[0m (0) | [31mR:[0m (0)][1m          gañjā#9046[0m > by westerners
[autoganjlogs] [2022-08-04 @ 11:06:25] ::             💬general ::                  [[95mSTARTED TYPING[0m]> [34m[1m          gañjā#9046[0m @ 2022-08-04 10:06:25+00:00
[autoganjlogs] [2022-08-04 @ 11:06:26] ::             💬general :: [[31mE:[0m (0) | [31mA:[0m (0) | [31mS:[0m (0) | [31mR:[0m (0)][1m          gañjā#9046[0m > if you dont read it
[autoganjlogs] [2022-08-04 @ 11:06:26] ::             💬general ::                  [[95mSTARTED TYPING[0m]> [34m[1m      gitmo joe#4193[0m @ 2022-08-04 10:06:26+00:00
[autoganjlogs] [2022-08-04 @ 11:06:28] ::             💬general ::                  [[95mSTARTED TYPING[0m]> [34m[1m          gañjā#9046[0m @ 2022-08-04 10:06:28+00:00
[autoganjlogs] [2022-08-04 @ 11:06:28] ::             💬general :: [[31mE:[0m (0) | [31mA:[0m (0) | [31mS:[0m (0) | [31mR:[0m (0)][1m      gitmo joe#4193[0m > good
[autoganjlogs] [2022-08-04 @ 11:06:30] ::             💬general :: [[31mE:[0m (0) | [31mA:[0m (0) | [31mS:[0m (0) | [31mR:[0m (0)][1m          gañjā#9046[0m > then having it is irrelevant
[autoganjlogs] [2022-08-04 @ 11:06:32] ::             💬general :: [[31mE:[0m (0) | [31mA:[0m (0) | [31mS:[0m (0) | [31mR:[0m (0)][1m      gitmo joe#4193[0m > revenge
[autoganjlogs] [2022-08-04 @ 11:06:39] ::             💬general ::                  [[95mSTARTED TYPING[0m]> [34m[1m      gitmo joe#4193[0m @ 2022-08-04 10:06:39+00:00
[autoganjlogs] [2022-08-04 @ 11:06:40] ::             💬general :: [[31mE:[0m (0) | [31mA:[0m (0) | [31mS:[0m (0) | [31mR:[0m (0)][1m      gitmo joe#4193[0m > yeah well
[autoganjlogs] [2022-08-04 @ 11:06:40] ::             💬general :: [[31mE:[0m (0) | [31mA:[0m (0) | [31mS:[0m (0) | [31mR:[0m (0)][1m      gitmo joe#4193[0m > idc
[autoganjlogs] [2022-08-04 @ 11:06:42] ::             💬general ::                  [[95mSTARTED TYPING[0m]> [34m[1m      gitmo joe#4193[0m @ 2022-08-04 10:06:42+00:00
[autoganjlogs] [2022-08-04 @ 11:06:43] ::             💬general :: [[31mE:[0m (0) | [31mA:[0m (0) | [31mS:[0m (0) | [31mR:[0m (0)][1m          gañjā#9046[0m > lol
[autoganjlogs] [2022-08-04 @ 11:06:43] ::             💬general :: [[31mE:[0m (0) | [31mA:[0m (0) | [31mS:[0m (0) | [31mR:[0m (0)][1m      gitmo joe#4193[0m > i sell produck
[autoganjlogs] [2022-08-04 @ 11:06:45] ::             💬general ::                  [[95mSTARTED TYPING[0m]> [34m[1m      gitmo joe#4193[0m @ 2022-08-04 10:06:45+00:00
[autoganjlogs] [2022-08-04 @ 11:06:48] ::             💬general :: [[31mE:[0m (0) | [31mA:[0m (0) | [31mS:[0m (0) | [31mR:[0m (0)][1m      gitmo joe#4193[0m > u consoom produck
[autoganjlogs] [2022-08-04 @ 11:06:50] ::             💬general ::                  [[95mSTARTED TYPING[0m]> [34m[1m      gitmo joe#4193[0m @ 2022-08-04 10:06:49+00:00
[autoganjlogs] [2022-08-04 @ 11:06:50] ::             💬general :: [[31mE:[0m (0) | [31mA:[0m (0) | [31mS:[0m (0) | [31mR:[0m (0)][1m      gitmo joe#4193[0m > everyone win
[autoganjlogs] [2022-08-04 @ 11:06:53] ::             💬general ::                  [[95mSTARTED TYPING[0m]> [34m[1m          gañjā#9046[0m @ 2022-08-04 10:06:53+00:00
[autoganjlogs] [2022-08-04 @ 11:06:54] ::             💬general :: [[31mE:[0m (0) | [31mA:[0m (0) | [31mS:[0m (0) | [31mR:[0m (0)][1m          gañjā#9046[0m > and this isnt dms
[autoganjlogs] [2022-08-04 @ 11:06:56] ::             💬general ::                  [[95mSTARTED TYPING[0m]> [34m[1m          gañjā#9046[0m @ 2022-08-04 10:06:56+00:00
[autoganjlogs] [2022-08-04 @ 11:06:56] ::             💬general :: [[31mE:[0m (0) | [31mA:[0m (0) | [31mS:[0m (0) | [31mR:[0m (0)][1m          gañjā#9046[0m > im sharing in general
[autoganjlogs] [2022-08-04 @ 11:06:58] ::             💬general ::                  [[95mSTARTED TYPING[0m]> [34m[1m          gañjā#9046[0m @ 2022-08-04 10:06:58+00:00
[autoganjlogs] [2022-08-04 @ 11:06:58] ::             💬general :: [[31mE:[0m (0) | [31mA:[0m (0) | [31mS:[0m (0) | [31mR:[0m (0)][1m          gañjā#9046[0m > not just to you
[autoganjlogs] [2022-08-04 @ 11:06:58] ::             💬general ::                  [[95mSTARTED TYPING[0m]> [34m[1m      gitmo joe#4193[0m @ 2022-08-04 10:06:58+00:00
[autoganjlogs] [2022-08-04 @ 11:06:59] ::             💬general :: [[31mE:[0m (0) | [31mA:[0m (0) | [31mS:[0m (0) | [31mR:[0m (0)][1m          gañjā#9046[0m > lol
[autoganjlogs] [2022-08-04 @ 11:07:03] ::             💬general :: [[31mE:[0m (0) | [31mA:[0m (0) | [31mS:[0m (0) | [31mR:[0m (0)][1m      gitmo joe#4193[0m > i put a new shirt on
[autoganjlogs] [2022-08-04 @ 11:07:04] ::             💬general :: [[31mE:[0m (0) | [31mA:[0m (0) | [31mS:[0m (0) | [31mR:[0m (0)][1m      gitmo joe#4193[0m > by myself
[autoganjlogs] [2022-08-04 @ 11:07:06] ::             💬general ::                  [[95mSTARTED TYPING[0m]> [34m[1m      gitmo joe#4193[0m @ 2022-08-04 10:07:06+00:00
[autoganjlogs] [2022-08-04 @ 11:07:08] ::             💬general :: [[31mE:[0m (0) | [31mA:[0m (0) | [31mS:[0m (0) | [31mR:[0m (0)][1m      gitmo joe#4193[0m > it was a struggle
[autoganjlogs] [2022-08-04 @ 11:07:13] ::             💬general ::                  [[95mSTARTED TYPING[0m]> [34m[1m          gañjā#9046[0m @ 2022-08-04 10:07:13+00:00
[autoganjlogs] [2022-08-04 @ 11:07:14] ::             💬general :: [[31mE:[0m (0) | [31mA:[0m (0) | [31mS:[0m (0) | [31mR:[0m (0)][1m          gañjā#9046[0m > a struggle session?
[autoganjlogs] [2022-08-04 @ 11:08:29] ::             📜bot-log ::                  [[95mSTARTED TYPING[0m]> [34m[1m          gañjā#9046[0m @ 2022-08-04 10:08:29+00:00
[autoganjlogs] [2022-08-04 @ 11:08:30] ::             📜bot-log :: [[31mE:[0m (0) | [31mA:[0m (0) | [31mS:[0m (0) | [31mR:[0m (0)][1m          gañjā#9046[0m > ?purge 100
[autoganjlogs] [2022-08-04 @ 11:08:33] ::             📜bot-log :: [1m             Unknown[0m [[31mDELETED[0m]> Message ID: {1004686858309087232, 1004686752809750528, 1004685582980616192, 1004692297096630282, 1004686789262454795, 1004686768517423114, 1004686622635343882, 1004687060927533076, 1004686878009733140, 1004686811341266964, 1004686770564243476, 1004686767254937750, 1004686813782364190, 1004686833449447454, 1004687055797882910, 1004686750368677918, 1004686746824486943, 1004686719498600478, 1004686723692892200, 1004686722434609194, 1004686998008770610, 1004684941776392243, 1004686721516052532, 1004686815116144700, 1004686860716609596, 1004686859168911422, 1004686834590306365, 1004686812402425917, 1004686790411681852, 1004686769528254524, 1004686720492654653, 1004686838235156550, 1004686791544152134, 1004686749009723462, 1004686816240214096, 1004686835722747985, 1004686855834439762, 1004686836867797075, 1004686793809072208, 1004686792701775953, 1004686724909244497, 1004686999384490074, 1004686771570876507, 1004686857025622116, 1004686751564042360}
[autoganjlogs] [2022-08-04 @ 11:08:33] ::             📜bot-log ::                  [[95mSTARTED TYPING[0m]> [34m[1m          gañjā#9046[0m @ 2022-08-04 10:08:33+00:00
[autoganjlogs] [2022-08-04 @ 11:08:34] ::             📜bot-log :: [[31mE:[0m (0) | [31mA:[0m (0) | [31mS:[0m (0) | [31mR:[0m (0)][1m          gañjā#9046[0m > &userinfo 1003613477681770587
[autoganjlogs] [2022-08-04 @ 11:08:34] :: Error handling "on_command_error" with "<class 'discord.ext.commands.context.Context'>: <discord.ext.commands.context.Context object at 0x7ff7d7536ac0>, <class 'discord.ext.commands.errors.CommandInvokeError'>: Command raised an exception: IndexError: list index out of range" ""
[autoganjlogs] [2022-08-04 @ 11:08:34] ::             📜bot-log :: [[32mE:[0m (1) | [31mA:[0m (0) | [31mS:[0m (0) | [31mR:[0m (0)][1m       AutoGanj#4302[0m > 
[autoganjlogs] [2022-08-04 @ 11:08:42] ::             💬general :: [[31mE:[0m (0) | [31mA:[0m (0) | [31mS:[0m (0) | [31mR:[0m (0)][1m      gitmo joe#4193[0m > ya
[autoganjlogs] [2022-08-04 @ 11:09:04] ::             💬general ::                  [[95mSTARTED TYPING[0m]> [34m[1m      gitmo joe#4193[0m @ 2022-08-04 10:09:04+00:00
[autoganjlogs] [2022-08-04 @ 11:09:13] ::             📜bot-log ::                  [[95mSTARTED TYPING[0m]> [34m[1m          gañjā#9046[0m @ 2022-08-04 10:09:12+00:00
[autoganjlogs] [2022-08-04 @ 11:09:13] ::             📜bot-log :: [[31mE:[0m (0) | [31mA:[0m (0) | [31mS:[0m (0) | [31mR:[0m (0)][1m          gañjā#9046[0m > &userinfo 1003613477681770587
[autoganjlogs] [2022-08-04 @ 11:09:13] :: Error handling "on_command_error" with "<class 'discord.ext.commands.context.Context'>: <discord.ext.commands.context.Context object at 0x7ff7d76151f0>, <class 'discord.ext.commands.errors.CommandInvokeError'>: Command raised an exception: IndexError: list index out of range" ""
[autoganjlogs] [2022-08-04 @ 11:09:13] ::             📜bot-log :: [[32mE:[0m (1) | [31mA:[0m (0) | [31mS:[0m (0) | [31mR:[0m (0)][1m       AutoGanj#4302[0m > 
[autoganjlogs] [2022-08-04 @ 11:09:15] ::             💬general ::                  [[95mSTARTED TYPING[0m]> [34m[1m      gitmo joe#4193[0m @ 2022-08-04 10:09:15+00:00
[autoganjlogs] [2022-08-04 @ 11:09:17] ::             💬general :: [[31mE:[0m (0) | [31mA:[0m (0) | [31mS:[0m (0) | [31mR:[0m (0)][1m      gitmo joe#4193[0m > They asked if I had anyone around like a roommate who could help me with routine tasks
[autoganjlogs] [2022-08-04 @ 11:09:18] ::             💬general ::                  [[95mSTARTED TYPING[0m]> [34m[1m      gitmo joe#4193[0m @ 2022-08-04 10:09:18+00:00
[autoganjlogs] [2022-08-04 @ 11:09:22] ::             💬general :: [[31mE:[0m (0) | [31mA:[0m (0) | [31mS:[0m (0) | [31mR:[0m (0)][1m      gitmo joe#4193[0m > I was like lol
[autoganjlogs] [2022-08-04 @ 11:09:22] ::             💬general ::                  [[95mSTARTED TYPING[0m]> [34m[1m      gitmo joe#4193[0m @ 2022-08-04 10:09:22+00:00
[autoganjlogs] [2022-08-04 @ 11:09:24] ::             💬general :: [[31mE:[0m (0) | [31mA:[0m (0) | [31mS:[0m (0) | [31mR:[0m (0)][1m      gitmo joe#4193[0m > Lmao even
[autoganjlogs] [2022-08-04 @ 11:14:57] ::             📜bot-log ::                  [[95mSTARTED TYPING[0m]> [34m[1m          gañjā#9046[0m @ 2022-08-04 10:14:57+00:00
[autoganjlogs] [2022-08-04 @ 11:14:57] ::             📜bot-log :: [[31mE:[0m (0) | [31mA:[0m (0) | [31mS:[0m (0) | [31mR:[0m (0)][1m          gañjā#9046[0m > &userinfo 1003613477681770587
[autoganjlogs] [2022-08-04 @ 11:14:57] :: Error handling "on_command_error" with "<class 'discord.ext.commands.context.Context'>: <discord.ext.commands.context.Context object at 0x7ff7d75a2190>, <class 'discord.ext.commands.errors.CommandInvokeError'>: Command raised an exception: IndexError: list index out of range" ""
[autoganjlogs] [2022-08-04 @ 11:14:57] ::             📜bot-log :: [[32mE:[0m (1) | [31mA:[0m (0) | [31mS:[0m (0) | [31mR:[0m (0)][1m       AutoGanj#4302[0m > 
[autoganjlogs] [2022-08-04 @ 11:19:41] ::             📜bot-log :: [[31mE:[0m (0) | [31mA:[0m (0) | [31mS:[0m (0) | [31mR:[0m (0)][1m          gañjā#9046[0m > &userinfo 1003613477681770587
[autoganjlogs] [2022-08-04 @ 11:19:42] :: Error handling "on_command_error" with "<class 'discord.ext.commands.context.Context'>: <discord.ext.commands.context.Context object at 0x7ff7d75414f0>, <class 'discord.ext.commands.errors.CommandInvokeError'>: Command raised an exception: KeyError: '1003613477681770587'" ""
[autoganjlogs] [2022-08-04 @ 11:19:42] ::             📜bot-log :: [[32mE:[0m (1) | [31mA:[0m (0) | [31mS:[0m (0) | [31mR:[0m (0)][1m       AutoGanj#4302[0m > 
[autoganjlogs] [2022-08-04 @ 11:21:55] ::        🃏choose-roles :: [1m             Unknown[0m [[31mDELETED[0m]> Message ID: 1004460756319883354
[autoganjlogs] [2022-08-04 @ 11:21:57] ::        🃏choose-roles :: [1m             Unknown[0m [[31mDELETED[0m]> Message ID: 1004460757603328011
[autoganjlogs] [2022-08-04 @ 11:21:58] ::        🃏choose-roles :: [1m             Unknown[0m [[31mDELETED[0m]> Message ID: 1004460762581958777
[autoganjlogs] [2022-08-04 @ 11:22:08] ::        🃏choose-roles :: [[31mE:[0m (0) | [31mA:[0m (0) | [31mS:[0m (0) | [31mR:[0m (0)][1m       AutoGanj#4302[0m > Choose your Location!
[autoganjlogs] [2022-08-04 @ 11:22:08] ::        🃏choose-roles :: [[31mE:[0m (0) | [31mA:[0m (0) | [31mS:[0m (0) | [31mR:[0m (0)][1m       AutoGanj#4302[0m > Choose your Server Alerts!
[autoganjlogs] [2022-08-04 @ 11:22:08] ::        🃏choose-roles :: [[31mE:[0m (0) | [31mA:[0m (0) | [31mS:[0m (0) | [31mR:[0m (0)][1m       AutoGanj#4302[0m > Choose your Favorite Pets!
