[autoganjlogs] [2022-08-04 @ 13:23:15] :: + Quota reset running
[autoganjlogs] [2022-08-04 @ 13:23:18] :: AutoGanj#4302 is online!
[autoganjlogs] [2022-08-04 @ 13:23:18] :: Loaded: Tripwire
[autoganjlogs] [2022-08-04 @ 13:23:18] :: Loaded: Jarvis
[autoganjlogs] [2022-08-04 @ 13:23:18] :: Loaded: Rules
[autoganjlogs] [2022-08-04 @ 13:23:18] :: Loaded: Boostcog
[autoganjlogs] [2022-08-04 @ 13:23:18] :: Loaded: RoleManagement
[autoganjlogs] [2022-08-04 @ 13:23:18] :: Loaded: RaidDefense
[autoganjlogs] [2022-08-04 @ 13:23:18] :: Loaded: ExportRoles
[autoganjlogs] [2022-08-04 @ 13:23:18] :: Loaded: Basedtask
[autoganjlogs] [2022-08-04 @ 13:23:18] :: Loaded: Userinfo
[autoganjlogs] [2022-08-04 @ 13:23:18] :: Loaded: Quotatask
[autoganjlogs] [2022-08-04 @ 13:23:18] :: Loaded: Dispam
[autoganjlogs] [2022-08-04 @ 13:23:18] :: Loaded: Logger
[autoganjlogs] [2022-08-04 @ 13:23:18] :: Loaded: RolesPerms
[autoganjlogs] [2022-08-04 @ 13:23:18] :: ------------------
[autoganjlogs] [2022-08-04 @ 13:23:18] :: Loaded: 13 cogs
[autoganjlogs] [2022-08-04 @ 13:23:18] :: Error handling "on_ready" with "" ""
[autoganjlogs] [2022-08-04 @ 13:23:18] ::             ðŸ“œbot-log :: [[32mE:[0m (1) | [31mA:[0m (0) | [31mS:[0m (0) | [31mR:[0m (0)][1m       AutoGanj#4302[0m > 
[autoganjlogs] [2022-08-04 @ 13:23:18] :: Loaded 3 invites from 3 servers.
[autoganjlogs] [2022-08-04 @ 13:23:34] ::        ðŸƒchoose-roles :: [1m             Unknown[0m [[31mDELETED[0m]> Message ID: 1004724682261544980
[autoganjlogs] [2022-08-04 @ 13:23:35] ::        ðŸƒchoose-roles :: [1m             Unknown[0m [[31mDELETED[0m]> Message ID: 1004724683918278757
[autoganjlogs] [2022-08-04 @ 13:23:36] ::        ðŸƒchoose-roles :: [1m             Unknown[0m [[31mDELETED[0m]> Message ID: 1004724685407268904
[autoganjlogs] [2022-08-04 @ 13:23:39] ::        ðŸƒchoose-roles :: [[31mE:[0m (0) | [31mA:[0m (0) | [31mS:[0m (0) | [31mR:[0m (0)][1m       AutoGanj#4302[0m > Choose your Location!
[autoganjlogs] [2022-08-04 @ 13:23:40] ::        ðŸƒchoose-roles :: [[31mE:[0m (0) | [31mA:[0m (0) | [31mS:[0m (0) | [31mR:[0m (0)][1m       AutoGanj#4302[0m > Choose your Server Alerts!
[autoganjlogs] [2022-08-04 @ 13:23:40] ::        ðŸƒchoose-roles :: [[31mE:[0m (0) | [31mA:[0m (0) | [31mS:[0m (0) | [31mR:[0m (0)][1m       AutoGanj#4302[0m > Choose your Favorite Pets!
[autoganjlogs] [2022-08-04 @ 13:23:48] :: Direct Message with Unknown User :: [[31mE:[0m (0) | [31mA:[0m (0) | [31mS:[0m (0) | [31mR:[0m (0)][1m       AutoGanj#4302[0m > Removed Writer from your profile.
[autoganjlogs] [2022-08-04 @ 13:24:02] :: Direct Message with Unknown User :: [[31mE:[0m (0) | [31mA:[0m (0) | [31mS:[0m (0) | [31mR:[0m (0)][1m       AutoGanj#4302[0m > Removed Artist from your profile.
[autoganjlogs] [2022-08-04 @ 13:24:08] :: Direct Message with Unknown User :: [[31mE:[0m (0) | [31mA:[0m (0) | [31mS:[0m (0) | [31mR:[0m (0)][1m       AutoGanj#4302[0m > Removed Couch Potato from your profile.
[autoganjlogs] [2022-08-04 @ 13:24:14] :: Direct Message with Unknown User :: [[31mE:[0m (0) | [31mA:[0m (0) | [31mS:[0m (0) | [31mR:[0m (0)][1m       AutoGanj#4302[0m > Added Writer to your profile.
[autoganjlogs] [2022-08-04 @ 13:24:39] :: Direct Message with Unknown User :: [[31mE:[0m (0) | [31mA:[0m (0) | [31mS:[0m (0) | [31mR:[0m (0)][1m       AutoGanj#4302[0m > Removed Europe from your profile.
[autoganjlogs] [2022-08-04 @ 13:24:44] :: Direct Message with Unknown User :: [[31mE:[0m (0) | [31mA:[0m (0) | [31mS:[0m (0) | [31mR:[0m (0)][1m       AutoGanj#4302[0m > Added Europe to your profile.
