[autoganjlogs] [2022-07-31 @ 16:14:12] :: AutoGanj#4302 is online!
[autoganjlogs] [2022-07-31 @ 16:14:12] :: Loaded: Tripwire
[autoganjlogs] [2022-07-31 @ 16:14:12] :: Loaded: Jarvis
[autoganjlogs] [2022-07-31 @ 16:14:12] :: Loaded: Serverlogs
[autoganjlogs] [2022-07-31 @ 16:14:12] :: Loaded: Rules
[autoganjlogs] [2022-07-31 @ 16:14:12] :: Loaded: Boostcog
[autoganjlogs] [2022-07-31 @ 16:14:12] :: Loaded: RoleManagement
[autoganjlogs] [2022-07-31 @ 16:14:12] :: Loaded: ExportRoles
[autoganjlogs] [2022-07-31 @ 16:14:12] :: Loaded: Basedtask
[autoganjlogs] [2022-07-31 @ 16:14:12] :: Loaded: Userinfo
[autoganjlogs] [2022-07-31 @ 16:14:12] :: Loaded: Logger
[autoganjlogs] [2022-07-31 @ 16:14:12] :: ------------------
[autoganjlogs] [2022-07-31 @ 16:14:12] :: Loaded: 10 cogs
[autoganjlogs] [2022-07-31 @ 16:14:13] :: Loaded 3 invites from 3 servers.
[autoganjlogs] [2022-07-31 @ 16:14:27] :: {'820077049036406805': [<Invite code='AEwQN38DTt' guild=<Guild id=820077049036406805 name='Middle Ground' shard_id=0 chunked=True member_count=101> online=None members=None scheduled_event=None>, <Invite code='gE5VWa8TAd' guild=<Guild id=820077049036406805 name='Middle Ground' shard_id=0 chunked=True member_count=101> online=None members=None scheduled_event=None>, <Invite code='uKPahMMF' guild=<Guild id=820077049036406805 name='Middle Ground' shard_id=0 chunked=True member_count=101> online=None members=None scheduled_event=None>], '832999632028041226': [], '879097725742882846': [<Invite code='r23PhAkJc6' guild=<Guild id=879097725742882846 name='PillBox' shard_id=0 chunked=True member_count=6> online=None members=None scheduled_event=None>]}
[autoganjlogs] [2022-07-31 @ 16:14:33] ::             ðŸ’¬general :: [[31mE:[0m (0) | [31mA:[0m (0) | [31mS:[0m (0) | [31mR:[0m (0)][1mSilentInquisitor#2034[0m > Jarvis, activate the space lasser!
[autoganjlogs] [2022-07-31 @ 16:14:33] ::             ðŸ’¬general :: [[31mE:[0m (0) | [31mA:[0m (0) | [31mS:[0m (0) | [31mR:[0m (0)][1m       AutoGanj#4302[0m > ```The space lasser is now active.```
[autoganjlogs] [2022-07-31 @ 16:14:47] ::             ðŸ’¬general :: [1mSilentInquisitor#2034[0m [[33mEDITED[0m]> Jarvis, activate the space laser!
[autoganjlogs] [2022-07-31 @ 16:14:47] ::         ðŸ“œmessage-log :: [[32mE:[0m (1) | [31mA:[0m (0) | [31mS:[0m (0) | [31mR:[0m (0)][1m       AutoGanj#4302[0m > 
[autoganjlogs] [2022-07-31 @ 16:14:58] ::             ðŸ’¬general ::                  [[95mSTARTED TYPING[0m]> [34m[1mSilentInquisitor#2034[0m @ 2022-07-31 15:14:57+00:00
[autoganjlogs] [2022-07-31 @ 16:15:06] ::             ðŸ’¬general ::                  [[95mSTARTED TYPING[0m]> [34m[1mSilentInquisitor#2034[0m @ 2022-07-31 15:15:06+00:00
[autoganjlogs] [2022-07-31 @ 16:15:14] ::             ðŸ’¬general ::                  [[95mSTARTED TYPING[0m]> [34m[1mSilentInquisitor#2034[0m @ 2022-07-31 15:15:14+00:00
[autoganjlogs] [2022-07-31 @ 16:15:19] ::             ðŸ’¬general :: [[31mE:[0m (0) | [31mA:[0m (0) | [31mS:[0m (0) | [31mR:[0m (0)][1mSilentInquisitor#2034[0m > Jarvis, Aim the space laser at point Nemo.
[autoganjlogs] [2022-07-31 @ 16:15:20] ::             ðŸ’¬general :: [[31mE:[0m (0) | [31mA:[0m (0) | [31mS:[0m (0) | [31mR:[0m (0)][1m       AutoGanj#4302[0m > ```The space laser is now aimed at point Nemo.```
[autoganjlogs] [2022-07-31 @ 16:15:26] ::             ðŸ’¬general ::                  [[95mSTARTED TYPING[0m]> [34m[1mSilentInquisitor#2034[0m @ 2022-07-31 15:15:26+00:00
[autoganjlogs] [2022-07-31 @ 16:15:34] ::             ðŸ’¬general ::                  [[95mSTARTED TYPING[0m]> [34m[1mSilentInquisitor#2034[0m @ 2022-07-31 15:15:34+00:00
[autoganjlogs] [2022-07-31 @ 16:15:36] ::             ðŸ’¬general :: [[31mE:[0m (0) | [31mA:[0m (0) | [31mS:[0m (0) | [31mR:[0m (0)][1mSilentInquisitor#2034[0m > Jarvis, fire at point Nemo.
[autoganjlogs] [2022-07-31 @ 16:15:36] ::             ðŸ’¬general :: [[31mE:[0m (0) | [31mA:[0m (0) | [31mS:[0m (0) | [31mR:[0m (0)][1m       AutoGanj#4302[0m > ```The space laser has now fired at point Nemo.```
[autoganjlogs] [2022-07-31 @ 16:15:46] ::             ðŸ’¬general ::                  [[95mSTARTED TYPING[0m]> [34m[1mSilentInquisitor#2034[0m @ 2022-07-31 15:15:46+00:00
[autoganjlogs] [2022-07-31 @ 16:15:56] ::             ðŸ’¬general ::                  [[95mSTARTED TYPING[0m]> [34m[1mSilentInquisitor#2034[0m @ 2022-07-31 15:15:56+00:00
[autoganjlogs] [2022-07-31 @ 16:16:11] ::             ðŸ’¬general :: [[31mE:[0m (0) | [31mA:[0m (0) | [31mS:[0m (0) | [31mR:[0m (0)][1mSilentInquisitor#2034[0m > Jarvis, survey the aftermath of the laser.
[autoganjlogs] [2022-07-31 @ 16:16:11] ::             ðŸ’¬general ::                  [[95mSTARTED TYPING[0m]> [34m[1mSilentInquisitor#2034[0m @ 2022-07-31 15:16:10+00:00
[autoganjlogs] [2022-07-31 @ 16:16:11] ::             ðŸ’¬general :: [[31mE:[0m (0) | [31mA:[0m (0) | [31mS:[0m (0) | [31mR:[0m (0)][1m       AutoGanj#4302[0m > ```The laser has caused extensive damage to point Nemo.```
[autoganjlogs] [2022-07-31 @ 16:16:18] ::             ðŸ’¬general ::                  [[95mSTARTED TYPING[0m]> [34m[1mSilentInquisitor#2034[0m @ 2022-07-31 15:16:18+00:00
[autoganjlogs] [2022-07-31 @ 16:16:26] ::             ðŸ’¬general ::                  [[95mSTARTED TYPING[0m]> [34m[1mSilentInquisitor#2034[0m @ 2022-07-31 15:16:26+00:00
[autoganjlogs] [2022-07-31 @ 16:16:34] ::             ðŸ’¬general :: [[31mE:[0m (0) | [31mA:[0m (0) | [31mS:[0m (0) | [31mR:[0m (0)][1mSilentInquisitor#2034[0m > Jarvis, Is point Nemo inhabitable?
[autoganjlogs] [2022-07-31 @ 16:16:34] ::             ðŸ’¬general :: [[31mE:[0m (0) | [31mA:[0m (0) | [31mS:[0m (0) | [31mR:[0m (0)][1m       AutoGanj#4302[0m > ```No, point Nemo is not inhabitable.```
[autoganjlogs] [2022-07-31 @ 16:16:39] ::             ðŸ’¬general ::                  [[95mSTARTED TYPING[0m]> [34m[1mSilentInquisitor#2034[0m @ 2022-07-31 15:16:39+00:00
[autoganjlogs] [2022-07-31 @ 16:16:42] :: [1mMEMBER JOINED[0m [[106mJOIN[0m]> ImNotSteve
[autoganjlogs] [2022-07-31 @ 16:16:42] ::     ðŸ“œserver-activity :: [[31mE:[0m (0) | [31mA:[0m (0) | [31mS:[0m (0) | [31mR:[0m (0)][1m     ImNotSteve#5260[0m > 
[autoganjlogs] [2022-07-31 @ 16:16:42] :: Error handling "on_member_join" with "<class 'discord.member.Member'>: ImNotSteve#5260" ""
[autoganjlogs] [2022-07-31 @ 16:16:42] ::             ðŸ“œbot-log :: [[32mE:[0m (1) | [31mA:[0m (0) | [31mS:[0m (0) | [31mR:[0m (0)][1m       AutoGanj#4302[0m > 
[autoganjlogs] [2022-07-31 @ 16:16:51] ::             ðŸ’¬general :: [[31mE:[0m (0) | [31mA:[0m (0) | [31mS:[0m (0) | [31mR:[0m (0)][1mSilentInquisitor#2034[0m > Good Jarvis, good.
[autoganjlogs] [2022-07-31 @ 16:17:07] ::          ðŸŒworld-news ::                  [[95mSTARTED TYPING[0m]> [34m[1mYourFavoriteNPC#5867[0m @ 2022-07-31 15:17:07+00:00
[autoganjlogs] [2022-07-31 @ 16:17:15] ::          ðŸŒworld-news ::                  [[95mSTARTED TYPING[0m]> [34m[1mYourFavoriteNPC#5867[0m @ 2022-07-31 15:17:15+00:00
[autoganjlogs] [2022-07-31 @ 16:17:26] ::          ðŸŒworld-news ::                  [[95mSTARTED TYPING[0m]> [34m[1mYourFavoriteNPC#5867[0m @ 2022-07-31 15:17:25+00:00
[autoganjlogs] [2022-07-31 @ 16:17:34] ::          ðŸŒworld-news ::                  [[95mSTARTED TYPING[0m]> [34m[1mYourFavoriteNPC#5867[0m @ 2022-07-31 15:17:34+00:00
[autoganjlogs] [2022-07-31 @ 16:17:42] ::          ðŸŒworld-news ::                  [[95mSTARTED TYPING[0m]> [34m[1mYourFavoriteNPC#5867[0m @ 2022-07-31 15:17:42+00:00
[autoganjlogs] [2022-07-31 @ 16:17:50] ::          ðŸŒworld-news ::                  [[95mSTARTED TYPING[0m]> [34m[1mYourFavoriteNPC#5867[0m @ 2022-07-31 15:17:50+00:00
[autoganjlogs] [2022-07-31 @ 16:17:51] :: [1mMEMBER LEFT[0m [[106mLEAVE[0m]> ImNotSteve
[autoganjlogs] [2022-07-31 @ 16:17:52] :: Error handling "on_member_remove" with "<class 'discord.member.Member'>: ImNotSteve#5260" ""
[autoganjlogs] [2022-07-31 @ 16:17:52] ::             ðŸ“œbot-log :: [[32mE:[0m (1) | [31mA:[0m (0) | [31mS:[0m (0) | [31mR:[0m (0)][1m       AutoGanj#4302[0m > 
[autoganjlogs] [2022-07-31 @ 16:18:07] ::          ðŸŒworld-news ::                  [[95mSTARTED TYPING[0m]> [34m[1mYourFavoriteNPC#5867[0m @ 2022-07-31 15:18:07+00:00
[autoganjlogs] [2022-07-31 @ 16:18:15] ::          ðŸŒworld-news :: [[31mE:[0m (0) | [31mA:[0m (0) | [31mS:[0m (0) | [31mR:[0m (0)][1mYourFavoriteNPC#5867[0m > jarvis, please tell me why the scientific community is gay
[autoganjlogs] [2022-07-31 @ 16:18:16] ::          ðŸŒworld-news :: [[31mE:[0m (0) | [31mA:[0m (0) | [31mS:[0m (0) | [31mR:[0m (0)][1m       AutoGanj#4302[0m > ```There is no one answer to this question as there are many members of the scientific community who identify as gay, lesbian, bisexual, transgender, or queer. Some scientists may feel that they can be more open about their sexuality in a scientific setting, where they are surrounded by like-minded people who are accepting of all orientations. Additionally, some scientists may feel that they can contribute more to the LGBTQ+ community by being openly gay themselves and providing visibility for other queer scientists.```
[autoganjlogs] [2022-07-31 @ 16:18:28] ::          ðŸŒworld-news ::                  [[95mSTARTED TYPING[0m]> [34m[1mYourFavoriteNPC#5867[0m @ 2022-07-31 15:18:28+00:00
[autoganjlogs] [2022-07-31 @ 16:18:37] ::          ðŸŒworld-news :: [[31mE:[0m (0) | [31mA:[0m (0) | [31mS:[0m (0) | [31mR:[0m (0)][1mYourFavoriteNPC#5867[0m > ROFL
[autoganjlogs] [2022-07-31 @ 16:18:55] ::          ðŸŒworld-news ::                  [[95mSTARTED TYPING[0m]> [34m[1mYourFavoriteNPC#5867[0m @ 2022-07-31 15:18:55+00:00
[autoganjlogs] [2022-07-31 @ 16:19:03] ::          ðŸŒworld-news ::                  [[95mSTARTED TYPING[0m]> [34m[1mYourFavoriteNPC#5867[0m @ 2022-07-31 15:19:03+00:00
[autoganjlogs] [2022-07-31 @ 16:19:07] :: [1mMEMBER JOINED[0m [[106mJOIN[0m]> ImNotSteve
[autoganjlogs] [2022-07-31 @ 16:19:07] ::     ðŸ“œserver-activity :: [[31mE:[0m (0) | [31mA:[0m (0) | [31mS:[0m (0) | [31mR:[0m (0)][1m     ImNotSteve#5260[0m > 
[autoganjlogs] [2022-07-31 @ 16:19:08] :: Error handling "on_member_join" with "<class 'discord.member.Member'>: ImNotSteve#5260" ""
[autoganjlogs] [2022-07-31 @ 16:19:08] ::             ðŸ“œbot-log :: [[32mE:[0m (1) | [31mA:[0m (0) | [31mS:[0m (0) | [31mR:[0m (0)][1m       AutoGanj#4302[0m > 
[autoganjlogs] [2022-07-31 @ 16:19:12] ::          ðŸŒworld-news ::                  [[95mSTARTED TYPING[0m]> [34m[1mYourFavoriteNPC#5867[0m @ 2022-07-31 15:19:11+00:00
[autoganjlogs] [2022-07-31 @ 16:19:20] ::          ðŸŒworld-news ::                  [[95mSTARTED TYPING[0m]> [34m[1mYourFavoriteNPC#5867[0m @ 2022-07-31 15:19:19+00:00
[autoganjlogs] [2022-07-31 @ 16:19:21] ::          ðŸŒworld-news :: [[31mE:[0m (0) | [31mA:[0m (0) | [31mS:[0m (0) | [31mR:[0m (0)][1mYourFavoriteNPC#5867[0m > thank you jarvis, you've explained a lot
[autoganjlogs] [2022-07-31 @ 16:19:54] :: [1mMEMBER LEFT[0m [[106mLEAVE[0m]> ImNotSteve
[autoganjlogs] [2022-07-31 @ 16:19:54] :: Error handling "on_member_remove" with "<class 'discord.member.Member'>: ImNotSteve#5260" ""
[autoganjlogs] [2022-07-31 @ 16:19:54] ::             ðŸ“œbot-log :: [[32mE:[0m (1) | [31mA:[0m (0) | [31mS:[0m (0) | [31mR:[0m (0)][1m       AutoGanj#4302[0m > 
[autoganjlogs] [2022-07-31 @ 16:21:07] :: [1mMEMBER JOINED[0m [[106mJOIN[0m]> ImNotSteve
[autoganjlogs] [2022-07-31 @ 16:21:07] ::     ðŸ“œserver-activity :: [[31mE:[0m (0) | [31mA:[0m (0) | [31mS:[0m (0) | [31mR:[0m (0)][1m     ImNotSteve#5260[0m > 
[autoganjlogs] [2022-07-31 @ 16:21:08] ::      ðŸ“œjoin-leave-log :: [[32mE:[0m (1) | [31mA:[0m (0) | [31mS:[0m (0) | [31mR:[0m (0)][1m       AutoGanj#4302[0m > 
[autoganjlogs] [2022-07-31 @ 16:21:25] ::               ðŸ“–rules :: [1m     ImNotSteve#5260[0m [[32mREACT ADD[0m]> âœ…
[autoganjlogs] [2022-07-31 @ 16:21:26] ::             ðŸ’¬general :: [[32mE:[0m (1) | [31mA:[0m (0) | [31mS:[0m (0) | [31mR:[0m (0)][1m       AutoGanj#4302[0m > 
[autoganjlogs] [2022-07-31 @ 16:21:26] ::          ðŸ“œmember-log :: [[32mE:[0m (1) | [31mA:[0m (0) | [31mS:[0m (0) | [31mR:[0m (0)][1m       AutoGanj#4302[0m > 
[autoganjlogs] [2022-07-31 @ 16:21:26] ::             ðŸ’¬general :: [1m       AutoGanj#4302[0m [[32mREACT ADD[0m]> ðŸ‘
[autoganjlogs] [2022-07-31 @ 16:21:27] ::            ðŸ“œrole-log :: [[32mE:[0m (1) | [31mA:[0m (0) | [31mS:[0m (0) | [31mR:[0m (0)][1m       AutoGanj#4302[0m > 
[autoganjlogs] [2022-07-31 @ 16:21:33] :: [1mMEMBER LEFT[0m [[106mLEAVE[0m]> ImNotSteve
[autoganjlogs] [2022-07-31 @ 16:21:34] :: Error handling "on_member_remove" with "<class 'discord.member.Member'>: ImNotSteve#5260" ""
[autoganjlogs] [2022-07-31 @ 16:21:34] ::             ðŸ“œbot-log :: [[32mE:[0m (1) | [31mA:[0m (0) | [31mS:[0m (0) | [31mR:[0m (0)][1m       AutoGanj#4302[0m > 
[autoganjlogs] [2022-07-31 @ 16:22:27] ::             ðŸ’¬general :: [1m       AutoGanj#4302[0m [[31mDELETED[0m]> 
[autoganjlogs] [2022-07-31 @ 16:23:03] ::         ðŸ’©shitposting :: [[31mE:[0m (0) | [31mA:[0m (0) | [31mS:[0m (0) | [31mR:[0m (0)][1mYourFavoriteNPC#5867[0m > https://media.discordapp.net/attachments/853691861251784734/853693158189957160/duck_walk.gif
[autoganjlogs] [2022-07-31 @ 16:23:03] ::         ðŸ’©shitposting :: [1m             Unknown[0m [[33mEDITED[0m]> Message ID: 1003321906595905619
[autoganjlogs] [2022-07-31 @ 16:23:04] ::         ðŸ“œmessage-log :: [[32mE:[0m (1) | [31mA:[0m (0) | [31mS:[0m (0) | [31mR:[0m (0)][1m       AutoGanj#4302[0m > 
