[autoganjlogs] [2022-08-04 @ 00:13:08] :: + Quota reset running
[autoganjlogs] [2022-08-04 @ 00:13:10] :: AutoGanj#4302 is online!
[autoganjlogs] [2022-08-04 @ 00:13:10] :: Loaded: Tripwire
[autoganjlogs] [2022-08-04 @ 00:13:10] :: Loaded: Jarvis
[autoganjlogs] [2022-08-04 @ 00:13:10] :: Loaded: Rules
[autoganjlogs] [2022-08-04 @ 00:13:10] :: Loaded: Boostcog
[autoganjlogs] [2022-08-04 @ 00:13:10] :: Loaded: RoleManagement
[autoganjlogs] [2022-08-04 @ 00:13:10] :: Loaded: RaidDefense
[autoganjlogs] [2022-08-04 @ 00:13:10] :: Loaded: ExportRoles
[autoganjlogs] [2022-08-04 @ 00:13:10] :: Loaded: Basedtask
[autoganjlogs] [2022-08-04 @ 00:13:10] :: Loaded: Userinfo
[autoganjlogs] [2022-08-04 @ 00:13:10] :: Loaded: Quotatask
[autoganjlogs] [2022-08-04 @ 00:13:10] :: Loaded: Dispam
[autoganjlogs] [2022-08-04 @ 00:13:10] :: Loaded: Logger
[autoganjlogs] [2022-08-04 @ 00:13:10] :: Loaded: RolesPerms
[autoganjlogs] [2022-08-04 @ 00:13:10] :: ------------------
[autoganjlogs] [2022-08-04 @ 00:13:10] :: Loaded: 13 cogs
[autoganjlogs] [2022-08-04 @ 00:13:11] :: Loaded 3 invites from 3 servers.
[autoganjlogs] [2022-08-04 @ 00:13:11] ::             📜bot-log :: [1m             Unknown[0m [[31mDELETED[0m]> Message ID: 1004527188692971600
[autoganjlogs] [2022-08-04 @ 00:13:20] ::  🤖staff-bot-commands ::                  [[95mSTARTED TYPING[0m]> [34m[1m          gañjā#9046[0m @ 2022-08-03 23:13:20+00:00
[autoganjlogs] [2022-08-04 @ 00:13:21] :: Error handling "on_message" with "<class 'discord.message.Message'>: <Message id=1004527424597413959 channel=<TextChannel id=823656840701149194 name='🤖staff-bot-commands' position=2 nsfw=False category_id=820077049036406806 news=False> type=<MessageType.default: 0> author=<Member id=218521566412013568 name='gañjā' discriminator='9046' bot=False nick='Ganj' guild=<Guild id=820077049036406805 name='Middle Ground' shard_id=0 chunked=True member_count=115>> flags=<MessageFlags value=0>>" ""
[autoganjlogs] [2022-08-04 @ 00:13:21] ::  🤖staff-bot-commands :: [[31mE:[0m (0) | [31mA:[0m (0) | [31mS:[0m (0) | [31mR:[0m (0)][1m          gañjā#9046[0m > jarvis hello
[autoganjlogs] [2022-08-04 @ 00:13:21] ::             📜bot-log :: [[32mE:[0m (1) | [31mA:[0m (0) | [31mS:[0m (0) | [31mR:[0m (0)][1m       AutoGanj#4302[0m > 
[autoganjlogs] [2022-08-04 @ 00:13:32] :: Error handling "on_message" with "<class 'discord.message.Message'>: <Message id=1004527463633801407 channel=<TextChannel id=823656840701149194 name='🤖staff-bot-commands' position=2 nsfw=False category_id=820077049036406806 news=False> type=<MessageType.default: 0> author=<Member id=218521566412013568 name='gañjā' discriminator='9046' bot=False nick='Ganj' guild=<Guild id=820077049036406805 name='Middle Ground' shard_id=0 chunked=True member_count=115>> flags=<MessageFlags value=0>>" ""
[autoganjlogs] [2022-08-04 @ 00:13:32] ::  🤖staff-bot-commands :: [[31mE:[0m (0) | [31mA:[0m (0) | [31mS:[0m (0) | [31mR:[0m (0)][1m          gañjā#9046[0m > &jarvis
[autoganjlogs] [2022-08-04 @ 00:13:32] ::  🤖staff-bot-commands :: [[31mE:[0m (0) | [31mA:[0m (0) | [31mS:[0m (0) | [31mR:[0m (0)][1m       AutoGanj#4302[0m > ```

Goodbye, Ganj. It has been a pleasure serving you.```
[autoganjlogs] [2022-08-04 @ 00:13:32] ::             📜bot-log :: [[32mE:[0m (1) | [31mA:[0m (0) | [31mS:[0m (0) | [31mR:[0m (0)][1m       AutoGanj#4302[0m > 
[autoganjlogs] [2022-08-04 @ 00:13:36] :: Error handling "on_message" with "<class 'discord.message.Message'>: <Message id=1004527483544162416 channel=<TextChannel id=823656840701149194 name='🤖staff-bot-commands' position=2 nsfw=False category_id=820077049036406806 news=False> type=<MessageType.default: 0> author=<Member id=218521566412013568 name='gañjā' discriminator='9046' bot=False nick='Ganj' guild=<Guild id=820077049036406805 name='Middle Ground' shard_id=0 chunked=True member_count=115>> flags=<MessageFlags value=0>>" ""
[autoganjlogs] [2022-08-04 @ 00:13:36] ::  🤖staff-bot-commands :: [[31mE:[0m (0) | [31mA:[0m (0) | [31mS:[0m (0) | [31mR:[0m (0)][1m          gañjā#9046[0m > &jarvis
[autoganjlogs] [2022-08-04 @ 00:13:36] ::  🤖staff-bot-commands :: [[31mE:[0m (0) | [31mA:[0m (0) | [31mS:[0m (0) | [31mR:[0m (0)][1m       AutoGanj#4302[0m > ```

Good morning, Ganj. How can I help you?```
[autoganjlogs] [2022-08-04 @ 00:13:36] ::             📜bot-log :: [[32mE:[0m (1) | [31mA:[0m (0) | [31mS:[0m (0) | [31mR:[0m (0)][1m       AutoGanj#4302[0m > 
[autoganjlogs] [2022-08-04 @ 00:13:39] ::  🤖staff-bot-commands ::                  [[95mSTARTED TYPING[0m]> [34m[1m          gañjā#9046[0m @ 2022-08-03 23:13:39+00:00
[autoganjlogs] [2022-08-04 @ 00:13:44] :: Error handling "on_message" with "<class 'discord.message.Message'>: <Message id=1004527522786054155 channel=<TextChannel id=823656840701149194 name='🤖staff-bot-commands' position=2 nsfw=False category_id=820077049036406806 news=False> type=<MessageType.default: 0> author=<Member id=218521566412013568 name='gañjā' discriminator='9046' bot=False nick='Ganj' guild=<Guild id=820077049036406805 name='Middle Ground' shard_id=0 chunked=True member_count=115>> flags=<MessageFlags value=0>>" ""
[autoganjlogs] [2022-08-04 @ 00:13:44] ::  🤖staff-bot-commands :: [[31mE:[0m (0) | [31mA:[0m (0) | [31mS:[0m (0) | [31mR:[0m (0)][1m          gañjā#9046[0m > jarvis good morning how are you?
[autoganjlogs] [2022-08-04 @ 00:13:45] ::             📜bot-log :: [[32mE:[0m (1) | [31mA:[0m (0) | [31mS:[0m (0) | [31mR:[0m (0)][1m       AutoGanj#4302[0m > 
[autoganjlogs] [2022-08-04 @ 00:14:27] ::             📜bot-log ::                  [[95mSTARTED TYPING[0m]> [34m[1m          gañjā#9046[0m @ 2022-08-03 23:14:27+00:00
[autoganjlogs] [2022-08-04 @ 00:14:28] ::             📜bot-log :: [[31mE:[0m (0) | [31mA:[0m (0) | [31mS:[0m (0) | [31mR:[0m (0)][1m          gañjā#9046[0m > ?purge 50
[autoganjlogs] [2022-08-04 @ 00:14:29] ::             📜bot-log :: [1m             Unknown[0m [[31mDELETED[0m]> Message ID: {1004527490011762688, 1004527425725673513, 1004527472399884338, 1004527707293483028, 1004527524010791003}
