[autoganjlogs] [2022-07-25 @ 23:22:38] :: Cog loaded: cogs.tripwire
[autoganjlogs] [2022-07-25 @ 23:22:40] :: AutoGanj#4302 is online!
[autoganjlogs] [2022-07-25 @ 23:22:42] :: blocker sent a message: <@854367655598096384>
[autoganjlogs] [2022-07-25 @ 23:22:42] :: Regex or Mention flag enabled; current violations: 7
[autoganjlogs] [2022-07-25 @ 23:22:43] :: blocker sent a message: <@854367655598096384>
[autoganjlogs] [2022-07-25 @ 23:22:43] :: Regex or Mention flag enabled; current violations: 7
[autoganjlogs] [2022-07-25 @ 23:22:45] :: Couldn't send message for trigger: send_message_blocker
[autoganjlogs] [2022-07-25 @ 23:22:45] :: Couldn't send message for trigger: send_message_blockee
[autoganjlogs] [2022-07-25 @ 23:24:13] :: blocker sent a message: <@854367655598096384>
[autoganjlogs] [2022-07-25 @ 23:24:13] :: Regex or Mention flag enabled; current violations: 8
[autoganjlogs] [2022-07-25 @ 23:24:13] :: blocker sent a message: <@854367655598096384>
[autoganjlogs] [2022-07-25 @ 23:24:13] :: Regex or Mention flag enabled; current violations: 8
[autoganjlogs] [2022-07-25 @ 23:24:14] :: Couldn't send message for trigger: send_message_blocker
[autoganjlogs] [2022-07-25 @ 23:24:14] :: Couldn't send message for trigger: send_message_blockee
[autoganjlogs] [2022-07-25 @ 23:31:52] :: blocker sent a message: <@854367655598096384>
[autoganjlogs] [2022-07-25 @ 23:31:52] :: Regex or Mention flag enabled; current violations: 9
[autoganjlogs] [2022-07-25 @ 23:31:53] :: blocker sent a message: <@854367655598096384>
[autoganjlogs] [2022-07-25 @ 23:31:53] :: Regex or Mention flag enabled; current violations: 9
[autoganjlogs] [2022-07-25 @ 23:31:53] :: Couldn't send message for trigger: send_message_blocker
403 Forbidden (error code: 50007): Cannot send messages to this user
[autoganjlogs] [2022-07-25 @ 23:31:53] :: Couldn't send message for trigger: send_message_blockee
403 Forbidden (error code: 50007): Cannot send messages to this user
[autoganjlogs] [2022-07-25 @ 23:38:15] :: blocker sent a message: <@854367655598096384>
[autoganjlogs] [2022-07-25 @ 23:38:15] :: Regex or Mention flag enabled; current violations: 10
[autoganjlogs] [2022-07-25 @ 23:38:16] :: blocker sent a message: <@854367655598096384>
[autoganjlogs] [2022-07-25 @ 23:38:16] :: Regex or Mention flag enabled; current violations: 10
[autoganjlogs] [2022-07-25 @ 23:38:16] :: Couldn't send message for trigger: send_message_blocker
403 Forbidden (error code: 50007): Cannot send messages to this user
