[autoganjlogs] [2022-08-04 @ 14:33:06] :: + Quota reset running
[autoganjlogs] [2022-08-04 @ 14:33:08] :: AutoGanj#4302 is online!
[autoganjlogs] [2022-08-04 @ 14:33:08] :: Loaded: Basedtask
[autoganjlogs] [2022-08-04 @ 14:33:08] :: Loaded: Boostcog
[autoganjlogs] [2022-08-04 @ 14:33:08] :: Loaded: Dispam
[autoganjlogs] [2022-08-04 @ 14:33:08] :: Loaded: ExportRoles
[autoganjlogs] [2022-08-04 @ 14:33:08] :: Loaded: Jarvis
[autoganjlogs] [2022-08-04 @ 14:33:08] :: Loaded: Logger
[autoganjlogs] [2022-08-04 @ 14:33:08] :: Loaded: Quotatask
[autoganjlogs] [2022-08-04 @ 14:33:08] :: Loaded: RaidDefense
[autoganjlogs] [2022-08-04 @ 14:33:08] :: Loaded: RoleManagement
[autoganjlogs] [2022-08-04 @ 14:33:08] :: Loaded: RolesPerms
[autoganjlogs] [2022-08-04 @ 14:33:08] :: Loaded: Rules
[autoganjlogs] [2022-08-04 @ 14:33:08] :: Loaded: Serverlogs
[autoganjlogs] [2022-08-04 @ 14:33:08] :: Loaded: Tripwire
[autoganjlogs] [2022-08-04 @ 14:33:08] :: Loaded: Userinfo
[autoganjlogs] [2022-08-04 @ 14:33:08] :: ------------------
[autoganjlogs] [2022-08-04 @ 14:33:08] :: Loaded: 14 cogs
[autoganjlogs] [2022-08-04 @ 14:33:08] :: Error handling "on_ready" with "" ""
[autoganjlogs] [2022-08-04 @ 14:33:09] ::             📜bot-log :: [[32mE:[0m (1) | [31mA:[0m (0) | [31mS:[0m (0) | [31mR:[0m (0)][1m       AutoGanj#4302[0m > 
[autoganjlogs] [2022-08-04 @ 14:33:09] :: Loaded 3 invites from 3 servers.
