[autoganjlogs] [2022-07-26 @ 18:41:50] :: Cog loaded: cogs.tripwire
[autoganjlogs] [2022-07-26 @ 18:41:50] :: Cog loaded: cogs.export_roles
[autoganjlogs] [2022-07-26 @ 18:41:50] :: Cog loaded: cogs.userdata
[autoganjlogs] [2022-07-26 @ 18:41:50] :: Cog loaded: cogs.logging
[autoganjlogs] [2022-07-26 @ 18:41:53] :: AutoGanj#4302 is online!
[autoganjlogs] [2022-07-26 @ 18:42:24] :: [🤖 staff-bot-commands :: [1m                                        gañjā#9046[0m [[31mE:[0m (0) | [31mA:[0m (0) | [31mS:[0m (0) | [31mR:[0m (0)]> test
[autoganjlogs] [2022-07-26 @ 18:42:50] :: [🤖 staff-bot-commands :: [1m                                        gañjā#9046[0m [[31mE:[0m (0) | [31mA:[0m (0) | [31mS:[0m (0) | [31mR:[0m (0)]> test
[autoganjlogs] [2022-07-26 @ 18:42:56] :: [🤖 staff-bot-commands :: [1m          gañjā#9046[0m [[31mE:[0m (0) | [31mA:[0m (0) | [31mS:[0m (0) | [31mR:[0m (0)]> test
[autoganjlogs] [2022-07-26 @ 18:43:07] :: [🤖staff-bot-commands :: [1m          gañjā#9046[0m [[33mEDITED[0m]> testasdasd
[autoganjlogs] [2022-07-26 @ 18:43:09] :: [📜 message-log :: [1m           Dyno#0000[0m [[32mE:[0m (1) | [31mA:[0m (0) | [31mS:[0m (0) | [31mR:[0m (0)]> 
[autoganjlogs] [2022-07-26 @ 18:44:10] :: [🤖 staff-bot-commands :: [1m          gañjā#9046[0m [[31mE:[0m (0) | [31mA:[0m (0) | [31mS:[0m (0) | [31mR:[0m (0)]> test
[autoganjlogs] [2022-07-26 @ 18:44:13] :: [🤖 staff-bot-commands :: [1m          gañjā#9046[0m [[31mE:[0m (0) | [31mA:[0m (0) | [31mS:[0m (0) | [31mR:[0m (0)]> test
[autoganjlogs] [2022-07-26 @ 18:44:15] :: [🤖staff-bot-commands :: [1m          gañjā#9046[0m [[33mEDITED[0m]> testasdasd
[autoganjlogs] [2022-07-26 @ 18:44:15] :: [📜 message-log :: [1m           Dyno#0000[0m [[32mE:[0m (1) | [31mA:[0m (0) | [31mS:[0m (0) | [31mR:[0m (0)]> 
[autoganjlogs] [2022-07-26 @ 18:44:56] :: [🤖 staff-bot-commands :: [1m          gañjā#9046[0m [[31mE:[0m (0) | [31mA:[0m (0) | [31mS:[0m (0) | [31mR:[0m (0)]> test
[autoganjlogs] [2022-07-26 @ 18:44:59] :: [🤖staff-bot-commands :: [1m          gañjā#9046[0m [[33mEDITED[0m]> testasdasd
[autoganjlogs] [2022-07-26 @ 18:45:00] :: [📜 message-log :: [1m           Dyno#0000[0m [[32mE:[0m (1) | [31mA:[0m (0) | [31mS:[0m (0) | [31mR:[0m (0)]> 
[autoganjlogs] [2022-07-26 @ 18:45:25] :: [    💭discussion :: [1mSuper Bi and Proud#3039[0m [[32mREACT ADD[0m]> 💯
[autoganjlogs] [2022-07-26 @ 18:45:32] :: [ic-general-ganj :: [1m      gitmo joe#4193[0m [[95mSTARTED TYPING[0m]> @ 2022-07-26 17:45:31+00:00
[autoganjlogs] [2022-07-26 @ 18:45:33] :: [ic-general-ganj :: [1m      gitmo joe#4193[0m [[31mE:[0m (0) | [31mA:[0m (0) | [31mS:[0m (0) | [31mR:[0m (0)]> Fresh
[autoganjlogs] [2022-07-26 @ 18:45:34] :: [ic-general-ganj :: [1m      gitmo joe#4193[0m [[95mSTARTED TYPING[0m]> @ 2022-07-26 17:45:34+00:00
[autoganjlogs] [2022-07-26 @ 18:45:35] :: [ic-general-ganj :: [1m      gitmo joe#4193[0m [[31mE:[0m (0) | [31mA:[0m (0) | [31mS:[0m (0) | [31mR:[0m (0)]> Meat
[autoganjlogs] [2022-07-26 @ 18:46:41] :: [🤖staff-bot-commands :: [1m          gañjā#9046[0m [[95mSTARTED TYPING[0m]> @ 2022-07-26 17:46:41+00:00
[autoganjlogs] [2022-07-26 @ 18:46:43] :: [🤖staff-bot-commands :: [1m          gañjā#9046[0m [[31mE:[0m (0) | [31mA:[0m (0) | [31mS:[0m (0) | [31mR:[0m (0)]> &userinfo
[autoganjlogs] [2022-07-26 @ 18:46:44] :: [🤖staff-bot-commands :: [1m          gañjā#9046[0m [[31mDELETED[0m]> &userinfo
[autoganjlogs] [2022-07-26 @ 18:46:44] :: [🤖staff-bot-commands :: [1m       AutoGanj#4302[0m [[32mE:[0m (1) | [31mA:[0m (0) | [31mS:[0m (0) | [31mR:[0m (0)]> 
[autoganjlogs] [2022-07-26 @ 18:46:44] :: [📜message-log :: [1m           Dyno#0000[0m [[32mE:[0m (1) | [31mA:[0m (0) | [31mS:[0m (0) | [31mR:[0m (0)]> 
[autoganjlogs] [2022-07-26 @ 18:46:54] :: [🤖staff-bot-commands :: [1m       AutoGanj#4302[0m [[31mDELETED[0m]> 
[autoganjlogs] [2022-07-26 @ 18:47:26] :: [🤖staff-bot-commands :: [1m          gañjā#9046[0m [[31mE:[0m (0) | [31mA:[0m (0) | [31mS:[0m (0) | [31mR:[0m (0)]> test
[autoganjlogs] [2022-07-26 @ 18:47:29] :: [🤖staff-bot-commands :: [1m          gañjā#9046[0m [[31mE:[0m (0) | [31mA:[0m (0) | [31mS:[0m (0) | [31mR:[0m (0)]> asas
[autoganjlogs] [2022-07-26 @ 18:47:33] :: [🤖staff-bot-commands :: [1m          gañjā#9046[0m [[33mEDITED[0m]> asasaasdasda
[autoganjlogs] [2022-07-26 @ 18:47:33] :: [📜message-log :: [1m           Dyno#0000[0m [[32mE:[0m (1) | [31mA:[0m (0) | [31mS:[0m (0) | [31mR:[0m (0)]> 
[autoganjlogs] [2022-07-26 @ 18:49:26] :: [🤖staff-bot-commands :: [1m          gañjā#9046[0m [[31mE:[0m (0) | [31mA:[0m (0) | [31mS:[0m (0) | [31mR:[0m (0)]> asdasdasdasd
[autoganjlogs] [2022-07-26 @ 18:49:31] ::       🤖staff-bot-commands :: [1m          gañjā#9046[0m [[33mEDITED[0m]> asdasdasdasdasdasd
[autoganjlogs] [2022-07-26 @ 18:49:31] :: [📜message-log :: [1m           Dyno#0000[0m [[32mE:[0m (1) | [31mA:[0m (0) | [31mS:[0m (0) | [31mR:[0m (0)]> 
[autoganjlogs] [2022-07-26 @ 18:49:40] ::       🤖staff-bot-commands :: [1m          gañjā#9046[0m [[31mDELETED[0m]> asdasdasdasdasdasd
[autoganjlogs] [2022-07-26 @ 18:49:40] :: [📜message-log :: [1m           Dyno#0000[0m [[32mE:[0m (1) | [31mA:[0m (0) | [31mS:[0m (0) | [31mR:[0m (0)]> 
[autoganjlogs] [2022-07-26 @ 18:50:35] ::       🤖staff-bot-commands :: [1m          gañjā#9046[0m [[31mE:[0m (0) | [31mA:[0m (0) | [31mS:[0m (0) | [31mR:[0m (0)]> asdasdads
[autoganjlogs] [2022-07-26 @ 18:50:45] ::       🤖staff-bot-commands :: [1m          gañjā#9046[0m [[33mEDITED[0m]> asdasdadsasdasdasd
[autoganjlogs] [2022-07-26 @ 18:50:45] ::              📜message-log :: [1m           Dyno#0000[0m [[32mE:[0m (1) | [31mA:[0m (0) | [31mS:[0m (0) | [31mR:[0m (0)]> 
[autoganjlogs] [2022-07-26 @ 18:50:54] ::       🤖staff-bot-commands :: [1m          gañjā#9046[0m [[31mDELETED[0m]> asdasdadsasdasdasd
[autoganjlogs] [2022-07-26 @ 18:50:54] ::              📜message-log :: [1m           Dyno#0000[0m [[32mE:[0m (1) | [31mA:[0m (0) | [31mS:[0m (0) | [31mR:[0m (0)]> 
[autoganjlogs] [2022-07-26 @ 18:51:18] ::  🤖staff-bot-commands :: [1m          gañjā#9046[0m [[31mE:[0m (0) | [31mA:[0m (0) | [31mS:[0m (0) | [31mR:[0m (0)]> asdasd
[autoganjlogs] [2022-07-26 @ 18:51:55] ::  🤖staff-bot-commands :: [1m          gañjā#9046[0m [[95mSTARTED TYPING[0m]> @ 2022-07-26 17:51:55+00:00
[autoganjlogs] [2022-07-26 @ 18:51:56] ::  🤖staff-bot-commands :: [1m          gañjā#9046[0m [[31mE:[0m (0) | [31mA:[0m (0) | [31mS:[0m (0) | [32mR:[0m (1)]> <@&1001210793204912341>
[autoganjlogs] [2022-07-26 @ 18:55:15] ::         📺media-links :: [1m          gañjā#9046[0m [[31mE:[0m (0) | [31mA:[0m (0) | [31mS:[0m (0) | [31mR:[0m (0)]> https://open.spotify.com/track/1ltf1XEP18QMCMRRQtFbAl?si=9058323a286a4bc4
[autoganjlogs] [2022-07-26 @ 18:55:16] ::         📺media-links :: [1m             Unknown[0m [[33mEDITED[0m]> Message ID: 1001548271208112138
[autoganjlogs] [2022-07-26 @ 18:55:28] ::         📺media-links :: [1m          gañjā#9046[0m [[32mREACT ADD[0m]> 🤔
