[autoganjlogs] [2022-08-05 @ 07:01:52] :: AutoGanj#4302 is online!
[autoganjlogs] [2022-08-05 @ 07:01:52] :: Loaded: Basedtask
[autoganjlogs] [2022-08-05 @ 07:01:52] :: Loaded: Boostcog
[autoganjlogs] [2022-08-05 @ 07:01:52] :: Loaded: Dispam
[autoganjlogs] [2022-08-05 @ 07:01:52] :: Loaded: ExportRoles
[autoganjlogs] [2022-08-05 @ 07:01:52] :: Loaded: Jarvis
[autoganjlogs] [2022-08-05 @ 07:01:52] :: Loaded: Logger
[autoganjlogs] [2022-08-05 @ 07:01:52] :: Loaded: Quotatask
[autoganjlogs] [2022-08-05 @ 07:01:52] :: Loaded: RaidDefense
[autoganjlogs] [2022-08-05 @ 07:01:52] :: Loaded: RoleManagement
[autoganjlogs] [2022-08-05 @ 07:01:52] :: Loaded: Rules
[autoganjlogs] [2022-08-05 @ 07:01:52] :: Loaded: Serverlogs
[autoganjlogs] [2022-08-05 @ 07:01:52] :: Loaded: Tripwire
[autoganjlogs] [2022-08-05 @ 07:01:52] :: Loaded: Userinfo
[autoganjlogs] [2022-08-05 @ 07:01:52] :: ------------------
[autoganjlogs] [2022-08-05 @ 07:01:52] :: Loaded: 13 cogs
[autoganjlogs] [2022-08-05 @ 07:01:52] :: Connected to server: Middle Ground (Members: 115)...
[autoganjlogs] [2022-08-05 @ 07:01:52] :: Connected to server: 🌳🌳The Old Forest🌳🌳 (Members: 5)...
[autoganjlogs] [2022-08-05 @ 07:01:52] :: Connected to server: PillBox (Members: 6)...
[autoganjlogs] [2022-08-05 @ 07:01:52] :: Loading views...
[autoganjlogs] [2022-08-05 @ 07:01:52] :: Loaded 3 invites from 3 servers.
