[autoganjlogs] [2022-07-26 @ 23:21:44] :: Cog loaded: cogs.tripwire
[autoganjlogs] [2022-07-26 @ 23:21:44] :: Cog loaded: cogs.jarvis
[autoganjlogs] [2022-07-26 @ 23:21:44] :: Cog loaded: cogs.export_roles
[autoganjlogs] [2022-07-26 @ 23:21:44] :: Cog loaded: cogs.userdata
[autoganjlogs] [2022-07-26 @ 23:21:44] :: Cog loaded: cogs.logging
[autoganjlogs] [2022-07-26 @ 23:21:47] :: AutoGanj#4302 is online!
[autoganjlogs] [2022-07-26 @ 23:21:49] ::  🤖staff-bot-commands :: [1m          gañjā#9046[0m [[95mSTARTED TYPING[0m]> @ 2022-07-26 22:21:49+00:00
[autoganjlogs] [2022-07-26 @ 23:21:50] :: Jarvis State: True
[autoganjlogs] [2022-07-26 @ 23:21:50] ::  🤖staff-bot-commands :: [1m          gañjā#9046[0m [[31mE:[0m (0) | [31mA:[0m (0) | [31mS:[0m (0) | [31mR:[0m (0)]> &jarvis
[autoganjlogs] [2022-07-26 @ 23:21:50] :: Jarvis State: True
[autoganjlogs] [2022-07-26 @ 23:21:50] ::  🤖staff-bot-commands :: [1m       AutoGanj#4302[0m [[31mE:[0m (0) | [31mA:[0m (0) | [31mS:[0m (0) | [31mR:[0m (0)]> Welcome, Sir!
[autoganjlogs] [2022-07-26 @ 23:22:01] ::  🤖staff-bot-commands :: [1m          gañjā#9046[0m [[95mSTARTED TYPING[0m]> @ 2022-07-26 22:22:01+00:00
[autoganjlogs] [2022-07-26 @ 23:22:03] :: Jarvis State: True
[autoganjlogs] [2022-07-26 @ 23:22:03] ::  🤖staff-bot-commands :: [1m          gañjā#9046[0m [[31mE:[0m (0) | [31mA:[0m (0) | [31mS:[0m (0) | [31mR:[0m (0)]> How are you today?
[autoganjlogs] [2022-07-26 @ 23:22:30] ::  🤖staff-bot-commands :: [1m          gañjā#9046[0m [[95mSTARTED TYPING[0m]> @ 2022-07-26 22:22:30+00:00
[autoganjlogs] [2022-07-26 @ 23:22:31] ::  🤖staff-bot-commands :: [1m          gañjā#9046[0m [[31mE:[0m (0) | [31mA:[0m (0) | [31mS:[0m (0) | [31mR:[0m (0)]> How are you today?
[autoganjlogs] [2022-07-26 @ 23:22:31] :: Jarvis State: False
[autoganjlogs] [2022-07-26 @ 23:22:31] :: Non-Ganj message deteceted, ignoring!
[autoganjlogs] [2022-07-26 @ 23:22:39] ::  🤖staff-bot-commands :: [1m          gañjā#9046[0m [[95mSTARTED TYPING[0m]> @ 2022-07-26 22:22:39+00:00
[autoganjlogs] [2022-07-26 @ 23:22:41] ::  🤖staff-bot-commands :: [1m          gañjā#9046[0m [[31mE:[0m (0) | [31mA:[0m (0) | [31mS:[0m (0) | [31mR:[0m (0)]> &jarvis
[autoganjlogs] [2022-07-26 @ 23:22:41] :: Jarvis State: True
[autoganjlogs] [2022-07-26 @ 23:22:41] ::  🤖staff-bot-commands :: [1m       AutoGanj#4302[0m [[31mE:[0m (0) | [31mA:[0m (0) | [31mS:[0m (0) | [31mR:[0m (0)]> Thank you for using my service.
[autoganjlogs] [2022-07-26 @ 23:22:41] :: Jarvis State: True
[autoganjlogs] [2022-07-26 @ 23:22:41] :: Non-Ganj message deteceted, ignoring!
[autoganjlogs] [2022-07-26 @ 23:22:45] ::  🤖staff-bot-commands :: [1m          gañjā#9046[0m [[95mSTARTED TYPING[0m]> @ 2022-07-26 22:22:45+00:00
[autoganjlogs] [2022-07-26 @ 23:22:46] ::  🤖staff-bot-commands :: [1m          gañjā#9046[0m [[31mE:[0m (0) | [31mA:[0m (0) | [31mS:[0m (0) | [31mR:[0m (0)]> How are you today?
[autoganjlogs] [2022-07-26 @ 23:22:46] :: Jarvis State: True
[autoganjlogs] [2022-07-26 @ 23:22:50] ::  🤖staff-bot-commands :: [1m       AutoGanj#4302[0m [[31mE:[0m (0) | [31mA:[0m (0) | [31mS:[0m (0) | [31mR:[0m (0)]> Thank you for activating me!
[autoganjlogs] [2022-07-26 @ 23:22:50] :: Jarvis State: True
[autoganjlogs] [2022-07-26 @ 23:22:50] :: Non-Ganj message deteceted, ignoring!
[autoganjlogs] [2022-07-26 @ 23:22:54] ::  🤖staff-bot-commands :: [1m          gañjā#9046[0m [[95mSTARTED TYPING[0m]> @ 2022-07-26 22:22:54+00:00
[autoganjlogs] [2022-07-26 @ 23:22:58] ::  🤖staff-bot-commands :: [1m          gañjā#9046[0m [[31mE:[0m (0) | [31mA:[0m (0) | [31mS:[0m (0) | [31mR:[0m (0)]> Whats the capitol of England?
[autoganjlogs] [2022-07-26 @ 23:22:58] :: Jarvis State: True
[autoganjlogs] [2022-07-26 @ 23:23:07] ::  🤖staff-bot-commands :: [1m       AutoGanj#4302[0m [[31mE:[0m (0) | [31mA:[0m (0) | [31mS:[0m (0) | [31mR:[0m (0)]> Thank you for activating me, Sir. How might I be of assistance?
[autoganjlogs] [2022-07-26 @ 23:23:07] :: Jarvis State: True
[autoganjlogs] [2022-07-26 @ 23:23:07] :: Non-Ganj message deteceted, ignoring!
[autoganjlogs] [2022-07-26 @ 23:23:14] ::  🤖staff-bot-commands :: [1m          gañjā#9046[0m [[95mSTARTED TYPING[0m]> @ 2022-07-26 22:23:13+00:00
[autoganjlogs] [2022-07-26 @ 23:23:15] ::  🤖staff-bot-commands :: [1m          gañjā#9046[0m [[31mE:[0m (0) | [31mA:[0m (0) | [31mS:[0m (0) | [31mR:[0m (0)]> &prompthistory
[autoganjlogs] [2022-07-26 @ 23:23:15] :: Jarvis State: True
[autoganjlogs] [2022-07-26 @ 23:23:16] ::  🤖staff-bot-commands :: [1m       AutoGanj#4302[0m [[31mE:[0m (0) | [31mA:[0m (0) | [31mS:[0m (0) | [31mR:[0m (0)]> ["\nYou are to respond to each prompt with the following considerations:\n- Personality: Like JARVIS the AI from Ironman, but don't mention Mr Stark, Tony Stark, Ironman or the franchise.\n- Scope:\n-- Respond to messages from user named Ganj only and you should refer to him as Sir as appropriate.\n-- Respond to any other user with a negatory and decline to provide any response besides rejection.\n\n\n\nRespond to this activation prompt with the following phrase and nothing else and no prefix:\n\nWelcome, Sir!\n", '\nThank you for using my service.', 'gañjā#9046: How are you today? \n\n', '\nThank you for activating me!', 'gañjā#9046: Whats the capitol of England? \n\n', '\nThank you for activating me, Sir. How might I be of assistance?']
[autoganjlogs] [2022-07-26 @ 23:23:16] :: Jarvis State: True
[autoganjlogs] [2022-07-26 @ 23:23:16] :: Non-Ganj message deteceted, ignoring!
