[autoganjlogs] [2022-07-25 @ 23:43:43] :: Cog loaded: cogs.tripwire
[autoganjlogs] [2022-07-25 @ 23:43:46] :: AutoGanj#4302 is online!
[autoganjlogs] [2022-07-25 @ 23:43:47] :: blocker sent a message: <@854367655598096384>
[autoganjlogs] [2022-07-25 @ 23:43:47] :: Regex or Mention flag enabled; current violations: 14
[autoganjlogs] [2022-07-25 @ 23:43:48] :: blocker sent a message: <@854367655598096384>
[autoganjlogs] [2022-07-25 @ 23:43:48] :: Regex or Mention flag enabled; current violations: 14
[autoganjlogs] [2022-07-25 @ 23:43:48] :: Couldn't send message for trigger: send_message_blocker
403 Forbidden (error code: 50007): Cannot send messages to this user
[autoganjlogs] [2022-07-25 @ 23:46:25] :: blocker sent a message: <@854367655598096384>
[autoganjlogs] [2022-07-25 @ 23:46:25] :: Regex or Mention flag enabled; current violations: 15
[autoganjlogs] [2022-07-25 @ 23:46:25] :: Couldn't send message for trigger: send_message_owner
name 'trigger' is not defined
[autoganjlogs] [2022-07-25 @ 23:46:25] :: blocker sent a message: <@854367655598096384>
[autoganjlogs] [2022-07-25 @ 23:46:25] :: Regex or Mention flag enabled; current violations: 15
[autoganjlogs] [2022-07-25 @ 23:46:25] :: Couldn't send message for trigger: send_message_blocker
name 'trigger' is not defined
[autoganjlogs] [2022-07-25 @ 23:46:25] :: Couldn't send message for trigger: send_message_blockee
name 'trigger' is not defined
[autoganjlogs] [2022-07-25 @ 23:46:25] :: Couldn't send message for trigger: send_message_owner
name 'trigger' is not defined
[autoganjlogs] [2022-07-25 @ 23:47:05] :: blocker sent a message: <@854367655598096384>
[autoganjlogs] [2022-07-25 @ 23:47:05] :: Regex or Mention flag enabled; current violations: 16
[autoganjlogs] [2022-07-25 @ 23:47:05] :: Couldn't send message for trigger: send_message_owner
'OracleBot' object has no attribute 'get_member'
[autoganjlogs] [2022-07-25 @ 23:47:05] :: blocker sent a message: <@854367655598096384>
[autoganjlogs] [2022-07-25 @ 23:47:05] :: Regex or Mention flag enabled; current violations: 16
[autoganjlogs] [2022-07-25 @ 23:47:06] :: Couldn't send message for trigger: send_message_blocker
'OracleBot' object has no attribute 'get_member'
[autoganjlogs] [2022-07-25 @ 23:47:06] :: Couldn't send message for trigger: send_message_blockee
'OracleBot' object has no attribute 'get_member'
[autoganjlogs] [2022-07-25 @ 23:47:06] :: Couldn't send message for trigger: send_message_owner
'OracleBot' object has no attribute 'get_member'
