[autoganjlogs] [2022-07-28 @ 22:28:01] :: Cog loaded: cogs.tripwire
[autoganjlogs] [2022-07-28 @ 22:28:01] :: Cog loaded: cogs.jarvis
[autoganjlogs] [2022-07-28 @ 22:28:01] :: Cog loaded: cogs.boostcog
[autoganjlogs] [2022-07-28 @ 22:28:01] :: Cog loaded: cogs.export_roles
[autoganjlogs] [2022-07-28 @ 22:28:01] :: Cog loaded: cogs.userdata
[autoganjlogs] [2022-07-28 @ 22:28:01] :: Cog loaded: cogs.logging
[autoganjlogs] [2022-07-28 @ 22:28:04] :: AutoGanj#4302 is online!
[autoganjlogs] [2022-07-28 @ 22:30:36] ::  🤖staff-bot-commands :: [[31mE:[0m (0) | [31mA:[0m (0) | [31mS:[0m (0) | [31mR:[0m (0)][1m          gañjā#9046[0m > tyasdasd
[autoganjlogs] [2022-07-28 @ 22:30:40] ::  🤖staff-bot-commands :: [1m          gañjā#9046[0m [[32mREACT ADD[0m]> based
[autoganjlogs] [2022-07-28 @ 22:30:41] :: User 218521566412013568 reacted with based on message 1002327241138638919
[autoganjlogs] [2022-07-28 @ 22:30:50] ::  🤖staff-bot-commands :: [1m          gañjā#9046[0m [[31mREACT REMOVE[0m]> based
[autoganjlogs] [2022-07-28 @ 22:30:50] :: Got a based emoji.
[autoganjlogs] [2022-07-28 @ 22:30:54] ::  🤖staff-bot-commands :: [1m          gañjā#9046[0m [[32mREACT ADD[0m]> cringe
[autoganjlogs] [2022-07-28 @ 22:30:54] :: User 218521566412013568 reacted with cringe on message 1002327241138638919
[autoganjlogs] [2022-07-28 @ 22:30:58] ::  🤖staff-bot-commands :: [1m          gañjā#9046[0m [[31mREACT REMOVE[0m]> cringe
[autoganjlogs] [2022-07-28 @ 22:30:58] :: Got a cringe emoji.
[autoganjlogs] [2022-07-28 @ 22:31:01] ::  🤖staff-bot-commands :: [[31mE:[0m (0) | [31mA:[0m (0) | [31mS:[0m (0) | [31mR:[0m (0)][1m          gañjā#9046[0m > &bcount
[autoganjlogs] [2022-07-28 @ 22:31:01] ::  🤖staff-bot-commands :: [[31mE:[0m (0) | [31mA:[0m (0) | [31mS:[0m (0) | [31mR:[0m (0)][1m       AutoGanj#4302[0m > Counting...
[autoganjlogs] [2022-07-28 @ 22:31:01] :: Counting based level for user.
[autoganjlogs] [2022-07-28 @ 22:31:01] ::  🤖staff-bot-commands :: [[31mE:[0m (0) | [31mA:[0m (0) | [31mS:[0m (0) | [31mR:[0m (0)][1m       AutoGanj#4302[0m > ```Based rating: 0```
[autoganjlogs] [2022-07-28 @ 22:31:18] ::  🤖staff-bot-commands :: [1m       AutoGanj#4302[0m [[31mDELETED[0m]> ```Based rating: 0```
[autoganjlogs] [2022-07-28 @ 22:32:20] ::  🤖staff-bot-commands :: [1m          gañjā#9046[0m [[32mREACT ADD[0m]> based
[autoganjlogs] [2022-07-28 @ 22:32:21] :: User 1001059281057107999 reacted with based on message 1002327345954308136
[autoganjlogs] [2022-07-28 @ 22:32:21] ::            📜role-log :: [[32mE:[0m (1) | [31mA:[0m (0) | [31mS:[0m (0) | [31mR:[0m (0)][1m           Dyno#0000[0m > 
[autoganjlogs] [2022-07-28 @ 22:32:35] ::  🤖staff-bot-commands :: [1m          gañjā#9046[0m [[31mREACT REMOVE[0m]> based
[autoganjlogs] [2022-07-28 @ 22:32:36] :: Got a based emoji.
[autoganjlogs] [2022-07-28 @ 22:32:36] :: User 1001059281057107999 removed based reaction on message 1002327345954308136.
[autoganjlogs] [2022-07-28 @ 22:32:36] :: 1002327345954308136
[autoganjlogs] [2022-07-28 @ 22:32:48] ::  🤖staff-bot-commands :: [1m          gañjā#9046[0m [[32mREACT ADD[0m]> based
[autoganjlogs] [2022-07-28 @ 22:32:48] :: User 218521566412013568 reacted with based on message 1002327344826044466
[autoganjlogs] [2022-07-28 @ 22:32:48] ::            📜role-log :: [[32mE:[0m (1) | [31mA:[0m (0) | [31mS:[0m (0) | [31mR:[0m (0)][1m           Dyno#0000[0m > 
[autoganjlogs] [2022-07-28 @ 22:32:55] ::  🤖staff-bot-commands :: [1m          gañjā#9046[0m [[31mREACT REMOVE[0m]> based
[autoganjlogs] [2022-07-28 @ 22:32:55] :: Got a based emoji.
[autoganjlogs] [2022-07-28 @ 22:32:55] :: User 218521566412013568 removed based reaction on message 1002327344826044466.
[autoganjlogs] [2022-07-28 @ 22:32:55] :: 1002327344826044466
[autoganjlogs] [2022-07-28 @ 22:33:06] ::            📜role-log :: [[32mE:[0m (1) | [31mA:[0m (0) | [31mS:[0m (0) | [31mR:[0m (0)][1m           Dyno#0000[0m > 
[autoganjlogs] [2022-07-28 @ 22:34:28] ::  🤖staff-bot-commands :: [[31mE:[0m (0) | [31mA:[0m (0) | [31mS:[0m (0) | [31mR:[0m (0)][1m          gañjā#9046[0m > test
[autoganjlogs] [2022-07-28 @ 22:34:33] ::  🤖staff-bot-commands :: [1m          gañjā#9046[0m [[32mREACT ADD[0m]> based
[autoganjlogs] [2022-07-28 @ 22:34:33] :: User 218521566412013568 reacted with based on message 1002328209754435706
[autoganjlogs] [2022-07-28 @ 22:34:34] ::            📜role-log :: [[32mE:[0m (1) | [31mA:[0m (0) | [31mS:[0m (0) | [31mR:[0m (0)][1m           Dyno#0000[0m > 
[autoganjlogs] [2022-07-28 @ 22:34:43] ::  🤖staff-bot-commands :: [1m          gañjā#9046[0m [[31mREACT REMOVE[0m]> based
[autoganjlogs] [2022-07-28 @ 22:34:43] :: Got a based emoji.
[autoganjlogs] [2022-07-28 @ 22:34:43] :: User 218521566412013568 removed based reaction on message 1002328209754435706.
[autoganjlogs] [2022-07-28 @ 22:34:43] :: 1002328209754435706
[autoganjlogs] [2022-07-28 @ 22:34:43] ::            📜role-log :: [[32mE:[0m (1) | [31mA:[0m (0) | [31mS:[0m (0) | [31mR:[0m (0)][1m           Dyno#0000[0m > 
[autoganjlogs] [2022-07-28 @ 22:42:47] ::         💩shitposting :: [[95mSTARTED TYPING[0m]> [1m      gitmo joe#4193[0m @ 2022-07-28 21:42:47+00:00
[autoganjlogs] [2022-07-28 @ 22:42:47] ::         💩shitposting :: [[31mE:[0m (0) | [32mA:[0m (1) | [31mS:[0m (0) | [31mR:[0m (0)][1m      gitmo joe#4193[0m > <@514859386116767765>
[autoganjlogs] [2022-07-28 @ 22:43:31] :: Task running
[autoganjlogs] [2022-07-28 @ 22:43:39] :: Task running
[autoganjlogs] [2022-07-28 @ 22:48:27] ::          🌍world-news :: [[31mE:[0m (0) | [31mA:[0m (0) | [31mS:[0m (0) | [31mR:[0m (0)][1m          Liddy#6481[0m > https://twitter.com/i/events/1552239958672523266
[autoganjlogs] [2022-07-28 @ 22:48:29] ::          🌍world-news :: [1m             Unknown[0m [[33mEDITED[0m]> Message ID: 1002331733368250441
[autoganjlogs] [2022-07-28 @ 22:48:29] ::          🌍world-news :: [[95mSTARTED TYPING[0m]> [1m          Liddy#6481[0m @ 2022-07-28 21:48:29+00:00
[autoganjlogs] [2022-07-28 @ 22:48:31] ::          🌍world-news :: [[31mE:[0m (0) | [31mA:[0m (0) | [31mS:[0m (0) | [31mR:[0m (0)][1m          Liddy#6481[0m > NESSIE IS REAL
[autoganjlogs] [2022-07-28 @ 22:56:45] :: Task running
[autoganjlogs] [2022-07-28 @ 23:00:53] ::              🎮gaming :: [1mIceBladeNetwork#0001[0m [[32mREACT ADD[0m]> 😭
[autoganjlogs] [2022-07-28 @ 23:00:54] :: A user has already reacted to this message!
[autoganjlogs] [2022-07-28 @ 23:03:35] :: Task running
[autoganjlogs] [2022-07-28 @ 23:03:37] :: Task running
[autoganjlogs] [2022-07-28 @ 23:04:05] :: Task running
[autoganjlogs] [2022-07-28 @ 23:04:07] :: Task running
[autoganjlogs] [2022-07-28 @ 23:04:35] :: Task running
[autoganjlogs] [2022-07-28 @ 23:04:37] :: Task running
[autoganjlogs] [2022-07-28 @ 23:05:05] :: Task running
[autoganjlogs] [2022-07-28 @ 23:05:07] :: Task running
[autoganjlogs] [2022-07-28 @ 23:05:35] :: Task running
[autoganjlogs] [2022-07-28 @ 23:05:37] :: Task running
[autoganjlogs] [2022-07-28 @ 23:06:05] :: Task running
[autoganjlogs] [2022-07-28 @ 23:06:07] :: Task running
[autoganjlogs] [2022-07-28 @ 23:06:35] :: Task running
[autoganjlogs] [2022-07-28 @ 23:06:37] :: Task running
[autoganjlogs] [2022-07-28 @ 23:07:05] :: Task running
[autoganjlogs] [2022-07-28 @ 23:07:07] :: Task running
[autoganjlogs] [2022-07-28 @ 23:07:30] ::  🤖staff-bot-commands :: [[31mE:[0m (0) | [31mA:[0m (0) | [31mS:[0m (0) | [31mR:[0m (0)][1m          gañjā#9046[0m > test
[autoganjlogs] [2022-07-28 @ 23:07:35] :: Task running
[autoganjlogs] [2022-07-28 @ 23:07:37] :: Task running
[autoganjlogs] [2022-07-28 @ 23:07:37] ::  🤖staff-bot-commands :: [1m          gañjā#9046[0m [[32mREACT ADD[0m]> based
[autoganjlogs] [2022-07-28 @ 23:07:38] :: User 218521566412013568 reacted with based on message 1002336524769181846
[autoganjlogs] [2022-07-28 @ 23:07:38] ::            📜role-log :: [[32mE:[0m (1) | [31mA:[0m (0) | [31mS:[0m (0) | [31mR:[0m (0)][1m           Dyno#0000[0m > 
[autoganjlogs] [2022-07-28 @ 23:08:05] :: Task running
[autoganjlogs] [2022-07-28 @ 23:08:05] ::            📜role-log :: [[32mE:[0m (1) | [31mA:[0m (0) | [31mS:[0m (0) | [31mR:[0m (0)][1m           Dyno#0000[0m > 
[autoganjlogs] [2022-07-28 @ 23:08:07] :: Task running
[autoganjlogs] [2022-07-28 @ 23:08:35] :: Task running
[autoganjlogs] [2022-07-28 @ 23:08:37] :: Task running
[autoganjlogs] [2022-07-28 @ 23:09:05] :: Task running
[autoganjlogs] [2022-07-28 @ 23:09:07] :: Task running
[autoganjlogs] [2022-07-28 @ 23:09:11] :: Task running
[autoganjlogs] [2022-07-28 @ 23:09:25] ::  🤖staff-bot-commands :: [[31mE:[0m (0) | [31mA:[0m (0) | [31mS:[0m (0) | [31mR:[0m (0)][1m          gañjā#9046[0m > test
[autoganjlogs] [2022-07-28 @ 23:09:35] :: Task running
[autoganjlogs] [2022-07-28 @ 23:09:37] :: Task running
[autoganjlogs] [2022-07-28 @ 23:09:41] :: Task running
[autoganjlogs] [2022-07-28 @ 23:10:05] :: Task running
[autoganjlogs] [2022-07-28 @ 23:10:07] ::          🌍world-news :: [1m      gitmo joe#4193[0m [[32mREACT ADD[0m]> ❤️
[autoganjlogs] [2022-07-28 @ 23:10:07] :: A user has already reacted to this message!
[autoganjlogs] [2022-07-28 @ 23:10:07] :: Task running
[autoganjlogs] [2022-07-28 @ 23:10:11] :: Task running
[autoganjlogs] [2022-07-28 @ 23:10:35] :: Task running
[autoganjlogs] [2022-07-28 @ 23:10:37] :: Task running
[autoganjlogs] [2022-07-28 @ 23:10:41] :: Task running
[autoganjlogs] [2022-07-28 @ 23:11:05] :: Task running
[autoganjlogs] [2022-07-28 @ 23:11:07] :: Task running
[autoganjlogs] [2022-07-28 @ 23:11:11] :: Task running
[autoganjlogs] [2022-07-28 @ 23:11:35] :: Task running
[autoganjlogs] [2022-07-28 @ 23:11:37] :: Task running
[autoganjlogs] [2022-07-28 @ 23:11:41] :: Task running
[autoganjlogs] [2022-07-28 @ 23:12:05] :: Task running
[autoganjlogs] [2022-07-28 @ 23:12:07] :: Task running
[autoganjlogs] [2022-07-28 @ 23:12:11] :: Task running
[autoganjlogs] [2022-07-28 @ 23:12:35] :: Task running
[autoganjlogs] [2022-07-28 @ 23:12:37] :: Task running
[autoganjlogs] [2022-07-28 @ 23:12:41] :: Task running
[autoganjlogs] [2022-07-28 @ 23:13:05] :: Task running
[autoganjlogs] [2022-07-28 @ 23:13:07] :: Task running
[autoganjlogs] [2022-07-28 @ 23:13:11] :: Task running
