[autoganjlogs] [2022-08-04 @ 00:10:44] :: + Quota reset running
[autoganjlogs] [2022-08-04 @ 00:10:47] :: AutoGanj#4302 is online!
[autoganjlogs] [2022-08-04 @ 00:10:47] :: Loaded: Tripwire
[autoganjlogs] [2022-08-04 @ 00:10:47] :: Loaded: Jarvis
[autoganjlogs] [2022-08-04 @ 00:10:47] :: Loaded: Rules
[autoganjlogs] [2022-08-04 @ 00:10:47] :: Loaded: Boostcog
[autoganjlogs] [2022-08-04 @ 00:10:47] :: Loaded: RoleManagement
[autoganjlogs] [2022-08-04 @ 00:10:47] :: Loaded: RaidDefense
[autoganjlogs] [2022-08-04 @ 00:10:47] :: Loaded: ExportRoles
[autoganjlogs] [2022-08-04 @ 00:10:47] :: Loaded: Basedtask
[autoganjlogs] [2022-08-04 @ 00:10:47] :: Loaded: Userinfo
[autoganjlogs] [2022-08-04 @ 00:10:47] :: Loaded: Quotatask
[autoganjlogs] [2022-08-04 @ 00:10:47] :: Loaded: Dispam
[autoganjlogs] [2022-08-04 @ 00:10:47] :: Loaded: Logger
[autoganjlogs] [2022-08-04 @ 00:10:47] :: Loaded: RolesPerms
[autoganjlogs] [2022-08-04 @ 00:10:47] :: ------------------
[autoganjlogs] [2022-08-04 @ 00:10:47] :: Loaded: 13 cogs
[autoganjlogs] [2022-08-04 @ 00:10:48] :: Loaded 3 invites from 3 servers.
[autoganjlogs] [2022-08-04 @ 00:10:52] ::             💬general ::                  [[95mSTARTED TYPING[0m]> [34m[1m          gañjā#9046[0m @ 2022-08-03 23:10:52+00:00
[autoganjlogs] [2022-08-04 @ 00:10:54] :: Error handling "on_message" with "<class 'discord.message.Message'>: <Message id=1004526804368891904 channel=<TextChannel id=820097812506869780 name='💬general' position=11 nsfw=True category_id=820095883454185483 news=False> type=<MessageType.default: 0> author=<Member id=218521566412013568 name='gañjā' discriminator='9046' bot=False nick='Ganj' guild=<Guild id=820077049036406805 name='Middle Ground' shard_id=0 chunked=True member_count=115>> flags=<MessageFlags value=0>>" ""
[autoganjlogs] [2022-08-04 @ 00:10:54] ::             💬general :: [[31mE:[0m (0) | [31mA:[0m (0) | [31mS:[0m (0) | [31mR:[0m (0)][1m          gañjā#9046[0m > &jarvis
[autoganjlogs] [2022-08-04 @ 00:10:55] :: Error handling "on_message" with "<class 'discord.message.Message'>: <Message id=1004526811461472326 channel=<TextChannel id=820097812506869780 name='💬general' position=11 nsfw=True category_id=820095883454185483 news=False> type=<MessageType.default: 0> author=<Member id=1001059281057107999 name='AutoGanj' discriminator='4302' bot=True nick=None guild=<Guild id=820077049036406805 name='Middle Ground' shard_id=0 chunked=True member_count=115>> flags=<MessageFlags value=0>>" ""
[autoganjlogs] [2022-08-04 @ 00:10:55] ::             💬general :: [[31mE:[0m (0) | [31mA:[0m (0) | [31mS:[0m (0) | [31mR:[0m (0)][1m       AutoGanj#4302[0m > ```

Thank you for your input, Ganj. JARVIS is shutting down.```
[autoganjlogs] [2022-08-04 @ 00:10:55] :: Error handling "on_message" with "<class 'discord.message.Message'>: <Message id=1004526811922829382 channel=<TextChannel id=1002884287261065287 name='📜bot-log' position=33 nsfw=False category_id=822863122310103081 news=False> type=<MessageType.default: 0> author=<Member id=1001059281057107999 name='AutoGanj' discriminator='4302' bot=True nick=None guild=<Guild id=820077049036406805 name='Middle Ground' shard_id=0 chunked=True member_count=115>> flags=<MessageFlags value=0>>" ""
[autoganjlogs] [2022-08-04 @ 00:10:55] ::             📜bot-log :: [[32mE:[0m (1) | [31mA:[0m (0) | [31mS:[0m (0) | [31mR:[0m (0)][1m       AutoGanj#4302[0m > 
[autoganjlogs] [2022-08-04 @ 00:10:55] :: Error handling "on_message" with "<class 'discord.message.Message'>: <Message id=1004526812887519252 channel=<TextChannel id=1002884287261065287 name='📜bot-log' position=33 nsfw=False category_id=822863122310103081 news=False> type=<MessageType.default: 0> author=<Member id=1001059281057107999 name='AutoGanj' discriminator='4302' bot=True nick=None guild=<Guild id=820077049036406805 name='Middle Ground' shard_id=0 chunked=True member_count=115>> flags=<MessageFlags value=0>>" ""
[autoganjlogs] [2022-08-04 @ 00:10:55] ::             📜bot-log :: [[32mE:[0m (1) | [31mA:[0m (0) | [31mS:[0m (0) | [31mR:[0m (0)][1m       AutoGanj#4302[0m > 
[autoganjlogs] [2022-08-04 @ 00:10:55] :: Error handling "on_message" with "<class 'discord.message.Message'>: <Message id=1004526814158405703 channel=<TextChannel id=1002884287261065287 name='📜bot-log' position=33 nsfw=False category_id=822863122310103081 news=False> type=<MessageType.default: 0> author=<Member id=1001059281057107999 name='AutoGanj' discriminator='4302' bot=True nick=None guild=<Guild id=820077049036406805 name='Middle Ground' shard_id=0 chunked=True member_count=115>> flags=<MessageFlags value=0>>" ""
[autoganjlogs] [2022-08-04 @ 00:10:55] ::             📜bot-log :: [[32mE:[0m (1) | [31mA:[0m (0) | [31mS:[0m (0) | [31mR:[0m (0)][1m       AutoGanj#4302[0m > 
[autoganjlogs] [2022-08-04 @ 00:10:56] :: Error handling "on_message" with "<class 'discord.message.Message'>: <Message id=1004526815286673488 channel=<TextChannel id=1002884287261065287 name='📜bot-log' position=33 nsfw=False category_id=822863122310103081 news=False> type=<MessageType.default: 0> author=<Member id=1001059281057107999 name='AutoGanj' discriminator='4302' bot=True nick=None guild=<Guild id=820077049036406805 name='Middle Ground' shard_id=0 chunked=True member_count=115>> flags=<MessageFlags value=0>>" ""
[autoganjlogs] [2022-08-04 @ 00:10:56] ::             📜bot-log :: [[32mE:[0m (1) | [31mA:[0m (0) | [31mS:[0m (0) | [31mR:[0m (0)][1m       AutoGanj#4302[0m > 
[autoganjlogs] [2022-08-04 @ 00:10:56] :: Error handling "on_message" with "<class 'discord.message.Message'>: <Message id=1004526816356225094 channel=<TextChannel id=1002884287261065287 name='📜bot-log' position=33 nsfw=False category_id=822863122310103081 news=False> type=<MessageType.default: 0> author=<Member id=1001059281057107999 name='AutoGanj' discriminator='4302' bot=True nick=None guild=<Guild id=820077049036406805 name='Middle Ground' shard_id=0 chunked=True member_count=115>> flags=<MessageFlags value=0>>" ""
[autoganjlogs] [2022-08-04 @ 00:10:56] ::             📜bot-log :: [[32mE:[0m (1) | [31mA:[0m (0) | [31mS:[0m (0) | [31mR:[0m (0)][1m       AutoGanj#4302[0m > 
[autoganjlogs] [2022-08-04 @ 00:11:00] :: Error handling "on_message" with "<class 'discord.message.Message'>: <Message id=1004526827731169320 channel=<TextChannel id=820097812506869780 name='💬general' position=11 nsfw=True category_id=820095883454185483 news=False> type=<MessageType.default: 0> author=<Member id=218521566412013568 name='gañjā' discriminator='9046' bot=False nick='Ganj' guild=<Guild id=820077049036406805 name='Middle Ground' shard_id=0 chunked=True member_count=115>> flags=<MessageFlags value=0>>" ""
[autoganjlogs] [2022-08-04 @ 00:11:00] ::             💬general :: [[31mE:[0m (0) | [31mA:[0m (0) | [31mS:[0m (0) | [31mR:[0m (0)][1m          gañjā#9046[0m > &jarvis
[autoganjlogs] [2022-08-04 @ 00:11:00] :: Error handling "on_message" with "<class 'discord.message.Message'>: <Message id=1004526835880710240 channel=<TextChannel id=820097812506869780 name='💬general' position=11 nsfw=True category_id=820095883454185483 news=False> type=<MessageType.default: 0> author=<Member id=1001059281057107999 name='AutoGanj' discriminator='4302' bot=True nick=None guild=<Guild id=820077049036406805 name='Middle Ground' shard_id=0 chunked=True member_count=115>> flags=<MessageFlags value=0>>" ""
[autoganjlogs] [2022-08-04 @ 00:11:00] ::             💬general :: [[31mE:[0m (0) | [31mA:[0m (0) | [31mS:[0m (0) | [31mR:[0m (0)][1m       AutoGanj#4302[0m > ```

Good morning, Ganj. How can I help you today?```
[autoganjlogs] [2022-08-04 @ 00:11:01] :: Error handling "on_message" with "<class 'discord.message.Message'>: <Message id=1004526835981373451 channel=<TextChannel id=1002884287261065287 name='📜bot-log' position=33 nsfw=False category_id=822863122310103081 news=False> type=<MessageType.default: 0> author=<Member id=1001059281057107999 name='AutoGanj' discriminator='4302' bot=True nick=None guild=<Guild id=820077049036406805 name='Middle Ground' shard_id=0 chunked=True member_count=115>> flags=<MessageFlags value=0>>" ""
[autoganjlogs] [2022-08-04 @ 00:11:01] ::             📜bot-log :: [[32mE:[0m (1) | [31mA:[0m (0) | [31mS:[0m (0) | [31mR:[0m (0)][1m       AutoGanj#4302[0m > 
[autoganjlogs] [2022-08-04 @ 00:11:01] :: Error handling "on_message" with "<class 'discord.message.Message'>: <Message id=1004526837004767362 channel=<TextChannel id=1002884287261065287 name='📜bot-log' position=33 nsfw=False category_id=822863122310103081 news=False> type=<MessageType.default: 0> author=<Member id=1001059281057107999 name='AutoGanj' discriminator='4302' bot=True nick=None guild=<Guild id=820077049036406805 name='Middle Ground' shard_id=0 chunked=True member_count=115>> flags=<MessageFlags value=0>>" ""
[autoganjlogs] [2022-08-04 @ 00:11:01] ::             📜bot-log :: [[32mE:[0m (1) | [31mA:[0m (0) | [31mS:[0m (0) | [31mR:[0m (0)][1m       AutoGanj#4302[0m > 
[autoganjlogs] [2022-08-04 @ 00:11:01] :: Error handling "on_message" with "<class 'discord.message.Message'>: <Message id=1004526838342754364 channel=<TextChannel id=1002884287261065287 name='📜bot-log' position=33 nsfw=False category_id=822863122310103081 news=False> type=<MessageType.default: 0> author=<Member id=1001059281057107999 name='AutoGanj' discriminator='4302' bot=True nick=None guild=<Guild id=820077049036406805 name='Middle Ground' shard_id=0 chunked=True member_count=115>> flags=<MessageFlags value=0>>" ""
[autoganjlogs] [2022-08-04 @ 00:11:01] ::             📜bot-log :: [[32mE:[0m (1) | [31mA:[0m (0) | [31mS:[0m (0) | [31mR:[0m (0)][1m       AutoGanj#4302[0m > 
[autoganjlogs] [2022-08-04 @ 00:11:01] :: Error handling "on_message" with "<class 'discord.message.Message'>: <Message id=1004526839487799397 channel=<TextChannel id=1002884287261065287 name='📜bot-log' position=33 nsfw=False category_id=822863122310103081 news=False> type=<MessageType.default: 0> author=<Member id=1001059281057107999 name='AutoGanj' discriminator='4302' bot=True nick=None guild=<Guild id=820077049036406805 name='Middle Ground' shard_id=0 chunked=True member_count=115>> flags=<MessageFlags value=0>>" ""
[autoganjlogs] [2022-08-04 @ 00:11:01] ::             📜bot-log :: [[32mE:[0m (1) | [31mA:[0m (0) | [31mS:[0m (0) | [31mR:[0m (0)][1m       AutoGanj#4302[0m > 
[autoganjlogs] [2022-08-04 @ 00:11:02] :: Error handling "on_message" with "<class 'discord.message.Message'>: <Message id=1004526840481849434 channel=<TextChannel id=1002884287261065287 name='📜bot-log' position=33 nsfw=False category_id=822863122310103081 news=False> type=<MessageType.default: 0> author=<Member id=1001059281057107999 name='AutoGanj' discriminator='4302' bot=True nick=None guild=<Guild id=820077049036406805 name='Middle Ground' shard_id=0 chunked=True member_count=115>> flags=<MessageFlags value=0>>" ""
[autoganjlogs] [2022-08-04 @ 00:11:02] ::             📜bot-log :: [[32mE:[0m (1) | [31mA:[0m (0) | [31mS:[0m (0) | [31mR:[0m (0)][1m       AutoGanj#4302[0m > 
[autoganjlogs] [2022-08-04 @ 00:11:06] :: Error handling "on_message" with "<class 'discord.message.Message'>: <Message id=1004526857959505950 channel=<TextChannel id=1002884287261065287 name='📜bot-log' position=33 nsfw=False category_id=822863122310103081 news=False> type=<MessageType.default: 0> author=<Member id=1001059281057107999 name='AutoGanj' discriminator='4302' bot=True nick=None guild=<Guild id=820077049036406805 name='Middle Ground' shard_id=0 chunked=True member_count=115>> flags=<MessageFlags value=0>>" ""
[autoganjlogs] [2022-08-04 @ 00:11:06] ::             📜bot-log :: [[32mE:[0m (1) | [31mA:[0m (0) | [31mS:[0m (0) | [31mR:[0m (0)][1m       AutoGanj#4302[0m > 
[autoganjlogs] [2022-08-04 @ 00:11:06] :: Error handling "on_message" with "<class 'discord.message.Message'>: <Message id=1004526859540758588 channel=<TextChannel id=1002884287261065287 name='📜bot-log' position=33 nsfw=False category_id=822863122310103081 news=False> type=<MessageType.default: 0> author=<Member id=1001059281057107999 name='AutoGanj' discriminator='4302' bot=True nick=None guild=<Guild id=820077049036406805 name='Middle Ground' shard_id=0 chunked=True member_count=115>> flags=<MessageFlags value=0>>" ""
[autoganjlogs] [2022-08-04 @ 00:11:06] ::             📜bot-log :: [[32mE:[0m (1) | [31mA:[0m (0) | [31mS:[0m (0) | [31mR:[0m (0)][1m       AutoGanj#4302[0m > 
[autoganjlogs] [2022-08-04 @ 00:11:06] :: Error handling "on_message" with "<class 'discord.message.Message'>: <Message id=1004526860828426261 channel=<TextChannel id=1002884287261065287 name='📜bot-log' position=33 nsfw=False category_id=822863122310103081 news=False> type=<MessageType.default: 0> author=<Member id=1001059281057107999 name='AutoGanj' discriminator='4302' bot=True nick=None guild=<Guild id=820077049036406805 name='Middle Ground' shard_id=0 chunked=True member_count=115>> flags=<MessageFlags value=0>>" ""
[autoganjlogs] [2022-08-04 @ 00:11:06] ::             📜bot-log :: [[32mE:[0m (1) | [31mA:[0m (0) | [31mS:[0m (0) | [31mR:[0m (0)][1m       AutoGanj#4302[0m > 
[autoganjlogs] [2022-08-04 @ 00:11:07] :: Error handling "on_message" with "<class 'discord.message.Message'>: <Message id=1004526861944115240 channel=<TextChannel id=1002884287261065287 name='📜bot-log' position=33 nsfw=False category_id=822863122310103081 news=False> type=<MessageType.default: 0> author=<Member id=1001059281057107999 name='AutoGanj' discriminator='4302' bot=True nick=None guild=<Guild id=820077049036406805 name='Middle Ground' shard_id=0 chunked=True member_count=115>> flags=<MessageFlags value=0>>" ""
[autoganjlogs] [2022-08-04 @ 00:11:07] ::             📜bot-log :: [[32mE:[0m (1) | [31mA:[0m (0) | [31mS:[0m (0) | [31mR:[0m (0)][1m       AutoGanj#4302[0m > 
[autoganjlogs] [2022-08-04 @ 00:11:07] :: Error handling "on_message" with "<class 'discord.message.Message'>: <Message id=1004526863160463413 channel=<TextChannel id=1002884287261065287 name='📜bot-log' position=33 nsfw=False category_id=822863122310103081 news=False> type=<MessageType.default: 0> author=<Member id=1001059281057107999 name='AutoGanj' discriminator='4302' bot=True nick=None guild=<Guild id=820077049036406805 name='Middle Ground' shard_id=0 chunked=True member_count=115>> flags=<MessageFlags value=0>>" ""
[autoganjlogs] [2022-08-04 @ 00:11:07] ::             📜bot-log :: [[32mE:[0m (1) | [31mA:[0m (0) | [31mS:[0m (0) | [31mR:[0m (0)][1m       AutoGanj#4302[0m > 
[autoganjlogs] [2022-08-04 @ 00:11:11] :: Error handling "on_message" with "<class 'discord.message.Message'>: <Message id=1004526880134791269 channel=<TextChannel id=1002884287261065287 name='📜bot-log' position=33 nsfw=False category_id=822863122310103081 news=False> type=<MessageType.default: 0> author=<Member id=1001059281057107999 name='AutoGanj' discriminator='4302' bot=True nick=None guild=<Guild id=820077049036406805 name='Middle Ground' shard_id=0 chunked=True member_count=115>> flags=<MessageFlags value=0>>" ""
[autoganjlogs] [2022-08-04 @ 00:11:11] ::             📜bot-log :: [[32mE:[0m (1) | [31mA:[0m (0) | [31mS:[0m (0) | [31mR:[0m (0)][1m       AutoGanj#4302[0m > 
[autoganjlogs] [2022-08-04 @ 00:11:11] :: Error handling "on_message" with "<class 'discord.message.Message'>: <Message id=1004526881179193435 channel=<TextChannel id=1002884287261065287 name='📜bot-log' position=33 nsfw=False category_id=822863122310103081 news=False> type=<MessageType.default: 0> author=<Member id=1001059281057107999 name='AutoGanj' discriminator='4302' bot=True nick=None guild=<Guild id=820077049036406805 name='Middle Ground' shard_id=0 chunked=True member_count=115>> flags=<MessageFlags value=0>>" ""
[autoganjlogs] [2022-08-04 @ 00:11:11] ::             📜bot-log :: [[32mE:[0m (1) | [31mA:[0m (0) | [31mS:[0m (0) | [31mR:[0m (0)][1m       AutoGanj#4302[0m > 
[autoganjlogs] [2022-08-04 @ 00:11:12] :: Error handling "on_message" with "<class 'discord.message.Message'>: <Message id=1004526882743652392 channel=<TextChannel id=1002884287261065287 name='📜bot-log' position=33 nsfw=False category_id=822863122310103081 news=False> type=<MessageType.default: 0> author=<Member id=1001059281057107999 name='AutoGanj' discriminator='4302' bot=True nick=None guild=<Guild id=820077049036406805 name='Middle Ground' shard_id=0 chunked=True member_count=115>> flags=<MessageFlags value=0>>" ""
[autoganjlogs] [2022-08-04 @ 00:11:12] ::             📜bot-log :: [[32mE:[0m (1) | [31mA:[0m (0) | [31mS:[0m (0) | [31mR:[0m (0)][1m       AutoGanj#4302[0m > 
[autoganjlogs] [2022-08-04 @ 00:11:12] :: Error handling "on_message" with "<class 'discord.message.Message'>: <Message id=1004526883284717629 channel=<TextChannel id=1002884287261065287 name='📜bot-log' position=33 nsfw=False category_id=822863122310103081 news=False> type=<MessageType.default: 0> author=<Member id=1001059281057107999 name='AutoGanj' discriminator='4302' bot=True nick=None guild=<Guild id=820077049036406805 name='Middle Ground' shard_id=0 chunked=True member_count=115>> flags=<MessageFlags value=0>>" ""
[autoganjlogs] [2022-08-04 @ 00:11:12] ::             📜bot-log :: [[32mE:[0m (1) | [31mA:[0m (0) | [31mS:[0m (0) | [31mR:[0m (0)][1m       AutoGanj#4302[0m > 
[autoganjlogs] [2022-08-04 @ 00:11:12] :: Error handling "on_message" with "<class 'discord.message.Message'>: <Message id=1004526884912111718 channel=<TextChannel id=1002884287261065287 name='📜bot-log' position=33 nsfw=False category_id=822863122310103081 news=False> type=<MessageType.default: 0> author=<Member id=1001059281057107999 name='AutoGanj' discriminator='4302' bot=True nick=None guild=<Guild id=820077049036406805 name='Middle Ground' shard_id=0 chunked=True member_count=115>> flags=<MessageFlags value=0>>" ""
[autoganjlogs] [2022-08-04 @ 00:11:12] ::             📜bot-log :: [[32mE:[0m (1) | [31mA:[0m (0) | [31mS:[0m (0) | [31mR:[0m (0)][1m       AutoGanj#4302[0m > 
[autoganjlogs] [2022-08-04 @ 00:11:16] :: Error handling "on_message" with "<class 'discord.message.Message'>: <Message id=1004526902435905686 channel=<TextChannel id=1002884287261065287 name='📜bot-log' position=33 nsfw=False category_id=822863122310103081 news=False> type=<MessageType.default: 0> author=<Member id=1001059281057107999 name='AutoGanj' discriminator='4302' bot=True nick=None guild=<Guild id=820077049036406805 name='Middle Ground' shard_id=0 chunked=True member_count=115>> flags=<MessageFlags value=0>>" ""
[autoganjlogs] [2022-08-04 @ 00:11:16] ::             📜bot-log :: [[32mE:[0m (1) | [31mA:[0m (0) | [31mS:[0m (0) | [31mR:[0m (0)][1m       AutoGanj#4302[0m > 
[autoganjlogs] [2022-08-04 @ 00:11:17] :: Error handling "on_message" with "<class 'discord.message.Message'>: <Message id=1004526903526428882 channel=<TextChannel id=1002884287261065287 name='📜bot-log' position=33 nsfw=False category_id=822863122310103081 news=False> type=<MessageType.default: 0> author=<Member id=1001059281057107999 name='AutoGanj' discriminator='4302' bot=True nick=None guild=<Guild id=820077049036406805 name='Middle Ground' shard_id=0 chunked=True member_count=115>> flags=<MessageFlags value=0>>" ""
[autoganjlogs] [2022-08-04 @ 00:11:17] ::             📜bot-log :: [[32mE:[0m (1) | [31mA:[0m (0) | [31mS:[0m (0) | [31mR:[0m (0)][1m       AutoGanj#4302[0m > 
[autoganjlogs] [2022-08-04 @ 00:11:17] :: Error handling "on_message" with "<class 'discord.message.Message'>: <Message id=1004526904507891823 channel=<TextChannel id=1002884287261065287 name='📜bot-log' position=33 nsfw=False category_id=822863122310103081 news=False> type=<MessageType.default: 0> author=<Member id=1001059281057107999 name='AutoGanj' discriminator='4302' bot=True nick=None guild=<Guild id=820077049036406805 name='Middle Ground' shard_id=0 chunked=True member_count=115>> flags=<MessageFlags value=0>>" ""
[autoganjlogs] [2022-08-04 @ 00:11:17] ::             📜bot-log :: [[32mE:[0m (1) | [31mA:[0m (0) | [31mS:[0m (0) | [31mR:[0m (0)][1m       AutoGanj#4302[0m > 
[autoganjlogs] [2022-08-04 @ 00:11:17] :: Error handling "on_message" with "<class 'discord.message.Message'>: <Message id=1004526905522933780 channel=<TextChannel id=1002884287261065287 name='📜bot-log' position=33 nsfw=False category_id=822863122310103081 news=False> type=<MessageType.default: 0> author=<Member id=1001059281057107999 name='AutoGanj' discriminator='4302' bot=True nick=None guild=<Guild id=820077049036406805 name='Middle Ground' shard_id=0 chunked=True member_count=115>> flags=<MessageFlags value=0>>" ""
[autoganjlogs] [2022-08-04 @ 00:11:17] ::             📜bot-log :: [[32mE:[0m (1) | [31mA:[0m (0) | [31mS:[0m (0) | [31mR:[0m (0)][1m       AutoGanj#4302[0m > 
[autoganjlogs] [2022-08-04 @ 00:11:17] :: Error handling "on_message" with "<class 'discord.message.Message'>: <Message id=1004526906596675706 channel=<TextChannel id=1002884287261065287 name='📜bot-log' position=33 nsfw=False category_id=822863122310103081 news=False> type=<MessageType.default: 0> author=<Member id=1001059281057107999 name='AutoGanj' discriminator='4302' bot=True nick=None guild=<Guild id=820077049036406805 name='Middle Ground' shard_id=0 chunked=True member_count=115>> flags=<MessageFlags value=0>>" ""
[autoganjlogs] [2022-08-04 @ 00:11:17] ::             📜bot-log :: [[32mE:[0m (1) | [31mA:[0m (0) | [31mS:[0m (0) | [31mR:[0m (0)][1m       AutoGanj#4302[0m > 
[autoganjlogs] [2022-08-04 @ 00:11:22] :: Error handling "on_message" with "<class 'discord.message.Message'>: <Message id=1004526924284051496 channel=<TextChannel id=1002884287261065287 name='📜bot-log' position=33 nsfw=False category_id=822863122310103081 news=False> type=<MessageType.default: 0> author=<Member id=1001059281057107999 name='AutoGanj' discriminator='4302' bot=True nick=None guild=<Guild id=820077049036406805 name='Middle Ground' shard_id=0 chunked=True member_count=115>> flags=<MessageFlags value=0>>" ""
[autoganjlogs] [2022-08-04 @ 00:11:22] ::             📜bot-log :: [[32mE:[0m (1) | [31mA:[0m (0) | [31mS:[0m (0) | [31mR:[0m (0)][1m       AutoGanj#4302[0m > 
[autoganjlogs] [2022-08-04 @ 00:11:22] :: Error handling "on_message" with "<class 'discord.message.Message'>: <Message id=1004526925320040568 channel=<TextChannel id=1002884287261065287 name='📜bot-log' position=33 nsfw=False category_id=822863122310103081 news=False> type=<MessageType.default: 0> author=<Member id=1001059281057107999 name='AutoGanj' discriminator='4302' bot=True nick=None guild=<Guild id=820077049036406805 name='Middle Ground' shard_id=0 chunked=True member_count=115>> flags=<MessageFlags value=0>>" ""
[autoganjlogs] [2022-08-04 @ 00:11:22] ::             📜bot-log :: [[32mE:[0m (1) | [31mA:[0m (0) | [31mS:[0m (0) | [31mR:[0m (0)][1m       AutoGanj#4302[0m > 
[autoganjlogs] [2022-08-04 @ 00:11:22] :: Error handling "on_message" with "<class 'discord.message.Message'>: <Message id=1004526926272151635 channel=<TextChannel id=1002884287261065287 name='📜bot-log' position=33 nsfw=False category_id=822863122310103081 news=False> type=<MessageType.default: 0> author=<Member id=1001059281057107999 name='AutoGanj' discriminator='4302' bot=True nick=None guild=<Guild id=820077049036406805 name='Middle Ground' shard_id=0 chunked=True member_count=115>> flags=<MessageFlags value=0>>" ""
[autoganjlogs] [2022-08-04 @ 00:11:22] ::             📜bot-log :: [[32mE:[0m (1) | [31mA:[0m (0) | [31mS:[0m (0) | [31mR:[0m (0)][1m       AutoGanj#4302[0m > 
[autoganjlogs] [2022-08-04 @ 00:11:22] :: Error handling "on_message" with "<class 'discord.message.Message'>: <Message id=1004526927543017582 channel=<TextChannel id=1002884287261065287 name='📜bot-log' position=33 nsfw=False category_id=822863122310103081 news=False> type=<MessageType.default: 0> author=<Member id=1001059281057107999 name='AutoGanj' discriminator='4302' bot=True nick=None guild=<Guild id=820077049036406805 name='Middle Ground' shard_id=0 chunked=True member_count=115>> flags=<MessageFlags value=0>>" ""
[autoganjlogs] [2022-08-04 @ 00:11:22] ::             📜bot-log :: [[32mE:[0m (1) | [31mA:[0m (0) | [31mS:[0m (0) | [31mR:[0m (0)][1m       AutoGanj#4302[0m > 
[autoganjlogs] [2022-08-04 @ 00:11:23] :: Error handling "on_message" with "<class 'discord.message.Message'>: <Message id=1004526928558051429 channel=<TextChannel id=1002884287261065287 name='📜bot-log' position=33 nsfw=False category_id=822863122310103081 news=False> type=<MessageType.default: 0> author=<Member id=1001059281057107999 name='AutoGanj' discriminator='4302' bot=True nick=None guild=<Guild id=820077049036406805 name='Middle Ground' shard_id=0 chunked=True member_count=115>> flags=<MessageFlags value=0>>" ""
[autoganjlogs] [2022-08-04 @ 00:11:23] ::             📜bot-log :: [[32mE:[0m (1) | [31mA:[0m (0) | [31mS:[0m (0) | [31mR:[0m (0)][1m       AutoGanj#4302[0m > 
[autoganjlogs] [2022-08-04 @ 00:11:27] :: Error handling "on_message" with "<class 'discord.message.Message'>: <Message id=1004526946631295026 channel=<TextChannel id=1002884287261065287 name='📜bot-log' position=33 nsfw=False category_id=822863122310103081 news=False> type=<MessageType.default: 0> author=<Member id=1001059281057107999 name='AutoGanj' discriminator='4302' bot=True nick=None guild=<Guild id=820077049036406805 name='Middle Ground' shard_id=0 chunked=True member_count=115>> flags=<MessageFlags value=0>>" ""
[autoganjlogs] [2022-08-04 @ 00:11:27] ::             📜bot-log :: [[32mE:[0m (1) | [31mA:[0m (0) | [31mS:[0m (0) | [31mR:[0m (0)][1m       AutoGanj#4302[0m > 
[autoganjlogs] [2022-08-04 @ 00:11:27] :: Error handling "on_message" with "<class 'discord.message.Message'>: <Message id=1004526947633737798 channel=<TextChannel id=1002884287261065287 name='📜bot-log' position=33 nsfw=False category_id=822863122310103081 news=False> type=<MessageType.default: 0> author=<Member id=1001059281057107999 name='AutoGanj' discriminator='4302' bot=True nick=None guild=<Guild id=820077049036406805 name='Middle Ground' shard_id=0 chunked=True member_count=115>> flags=<MessageFlags value=0>>" ""
[autoganjlogs] [2022-08-04 @ 00:11:27] ::             📜bot-log :: [[32mE:[0m (1) | [31mA:[0m (0) | [31mS:[0m (0) | [31mR:[0m (0)][1m       AutoGanj#4302[0m > 
[autoganjlogs] [2022-08-04 @ 00:11:27] :: Error handling "on_message" with "<class 'discord.message.Message'>: <Message id=1004526948631969864 channel=<TextChannel id=1002884287261065287 name='📜bot-log' position=33 nsfw=False category_id=822863122310103081 news=False> type=<MessageType.default: 0> author=<Member id=1001059281057107999 name='AutoGanj' discriminator='4302' bot=True nick=None guild=<Guild id=820077049036406805 name='Middle Ground' shard_id=0 chunked=True member_count=115>> flags=<MessageFlags value=0>>" ""
[autoganjlogs] [2022-08-04 @ 00:11:27] ::             📜bot-log :: [[32mE:[0m (1) | [31mA:[0m (0) | [31mS:[0m (0) | [31mR:[0m (0)][1m       AutoGanj#4302[0m > 
[autoganjlogs] [2022-08-04 @ 00:11:28] :: Error handling "on_message" with "<class 'discord.message.Message'>: <Message id=1004526950091599882 channel=<TextChannel id=1002884287261065287 name='📜bot-log' position=33 nsfw=False category_id=822863122310103081 news=False> type=<MessageType.default: 0> author=<Member id=1001059281057107999 name='AutoGanj' discriminator='4302' bot=True nick=None guild=<Guild id=820077049036406805 name='Middle Ground' shard_id=0 chunked=True member_count=115>> flags=<MessageFlags value=0>>" ""
[autoganjlogs] [2022-08-04 @ 00:11:28] ::             📜bot-log :: [[32mE:[0m (1) | [31mA:[0m (0) | [31mS:[0m (0) | [31mR:[0m (0)][1m       AutoGanj#4302[0m > 
[autoganjlogs] [2022-08-04 @ 00:11:28] :: Error handling "on_message" with "<class 'discord.message.Message'>: <Message id=1004526950993363064 channel=<TextChannel id=1002884287261065287 name='📜bot-log' position=33 nsfw=False category_id=822863122310103081 news=False> type=<MessageType.default: 0> author=<Member id=1001059281057107999 name='AutoGanj' discriminator='4302' bot=True nick=None guild=<Guild id=820077049036406805 name='Middle Ground' shard_id=0 chunked=True member_count=115>> flags=<MessageFlags value=0>>" ""
[autoganjlogs] [2022-08-04 @ 00:11:28] ::             📜bot-log :: [[32mE:[0m (1) | [31mA:[0m (0) | [31mS:[0m (0) | [31mR:[0m (0)][1m       AutoGanj#4302[0m > 
[autoganjlogs] [2022-08-04 @ 00:11:30] ::             💬general ::                  [[95mSTARTED TYPING[0m]> [34m[1m        Homie_D#0096[0m @ 2022-08-03 23:11:30+00:00
[autoganjlogs] [2022-08-04 @ 00:11:32] :: Error handling "on_message" with "<class 'discord.message.Message'>: <Message id=1004526968663986336 channel=<TextChannel id=1002884287261065287 name='📜bot-log' position=33 nsfw=False category_id=822863122310103081 news=False> type=<MessageType.default: 0> author=<Member id=1001059281057107999 name='AutoGanj' discriminator='4302' bot=True nick=None guild=<Guild id=820077049036406805 name='Middle Ground' shard_id=0 chunked=True member_count=115>> flags=<MessageFlags value=0>>" ""
[autoganjlogs] [2022-08-04 @ 00:11:32] ::             📜bot-log :: [[32mE:[0m (1) | [31mA:[0m (0) | [31mS:[0m (0) | [31mR:[0m (0)][1m       AutoGanj#4302[0m > 
[autoganjlogs] [2022-08-04 @ 00:11:33] :: Error handling "on_message" with "<class 'discord.message.Message'>: <Message id=1004526970140360714 channel=<TextChannel id=1002884287261065287 name='📜bot-log' position=33 nsfw=False category_id=822863122310103081 news=False> type=<MessageType.default: 0> author=<Member id=1001059281057107999 name='AutoGanj' discriminator='4302' bot=True nick=None guild=<Guild id=820077049036406805 name='Middle Ground' shard_id=0 chunked=True member_count=115>> flags=<MessageFlags value=0>>" ""
[autoganjlogs] [2022-08-04 @ 00:11:33] ::             📜bot-log :: [[32mE:[0m (1) | [31mA:[0m (0) | [31mS:[0m (0) | [31mR:[0m (0)][1m       AutoGanj#4302[0m > 
[autoganjlogs] [2022-08-04 @ 00:11:33] :: Error handling "on_message" with "<class 'discord.message.Message'>: <Message id=1004526971721621615 channel=<TextChannel id=1002884287261065287 name='📜bot-log' position=33 nsfw=False category_id=822863122310103081 news=False> type=<MessageType.default: 0> author=<Member id=1001059281057107999 name='AutoGanj' discriminator='4302' bot=True nick=None guild=<Guild id=820077049036406805 name='Middle Ground' shard_id=0 chunked=True member_count=115>> flags=<MessageFlags value=0>>" ""
[autoganjlogs] [2022-08-04 @ 00:11:33] ::             📜bot-log :: [[32mE:[0m (1) | [31mA:[0m (0) | [31mS:[0m (0) | [31mR:[0m (0)][1m       AutoGanj#4302[0m > 
[autoganjlogs] [2022-08-04 @ 00:11:33] :: Error handling "on_message" with "<class 'discord.message.Message'>: <Message id=1004526973068005386 channel=<TextChannel id=1002884287261065287 name='📜bot-log' position=33 nsfw=False category_id=822863122310103081 news=False> type=<MessageType.default: 0> author=<Member id=1001059281057107999 name='AutoGanj' discriminator='4302' bot=True nick=None guild=<Guild id=820077049036406805 name='Middle Ground' shard_id=0 chunked=True member_count=115>> flags=<MessageFlags value=0>>" ""
[autoganjlogs] [2022-08-04 @ 00:11:33] ::             📜bot-log :: [[32mE:[0m (1) | [31mA:[0m (0) | [31mS:[0m (0) | [31mR:[0m (0)][1m       AutoGanj#4302[0m > 
[autoganjlogs] [2022-08-04 @ 00:11:33] :: Error handling "on_message" with "<class 'discord.message.Message'>: <Message id=1004526974213046322 channel=<TextChannel id=1002884287261065287 name='📜bot-log' position=33 nsfw=False category_id=822863122310103081 news=False> type=<MessageType.default: 0> author=<Member id=1001059281057107999 name='AutoGanj' discriminator='4302' bot=True nick=None guild=<Guild id=820077049036406805 name='Middle Ground' shard_id=0 chunked=True member_count=115>> flags=<MessageFlags value=0>>" ""
[autoganjlogs] [2022-08-04 @ 00:11:33] ::             📜bot-log :: [[32mE:[0m (1) | [31mA:[0m (0) | [31mS:[0m (0) | [31mR:[0m (0)][1m       AutoGanj#4302[0m > 
[autoganjlogs] [2022-08-04 @ 00:11:37] :: Error handling "on_message" with "<class 'discord.message.Message'>: <Message id=1004526990713442395 channel=<TextChannel id=1002884287261065287 name='📜bot-log' position=33 nsfw=False category_id=822863122310103081 news=False> type=<MessageType.default: 0> author=<Member id=1001059281057107999 name='AutoGanj' discriminator='4302' bot=True nick=None guild=<Guild id=820077049036406805 name='Middle Ground' shard_id=0 chunked=True member_count=115>> flags=<MessageFlags value=0>>" ""
[autoganjlogs] [2022-08-04 @ 00:11:37] ::             📜bot-log :: [[32mE:[0m (1) | [31mA:[0m (0) | [31mS:[0m (0) | [31mR:[0m (0)][1m       AutoGanj#4302[0m > 
[autoganjlogs] [2022-08-04 @ 00:11:38] :: Error handling "on_message" with "<class 'discord.message.Message'>: <Message id=1004526991871049849 channel=<TextChannel id=1002884287261065287 name='📜bot-log' position=33 nsfw=False category_id=822863122310103081 news=False> type=<MessageType.default: 0> author=<Member id=1001059281057107999 name='AutoGanj' discriminator='4302' bot=True nick=None guild=<Guild id=820077049036406805 name='Middle Ground' shard_id=0 chunked=True member_count=115>> flags=<MessageFlags value=0>>" ""
[autoganjlogs] [2022-08-04 @ 00:11:38] ::             📜bot-log :: [[32mE:[0m (1) | [31mA:[0m (0) | [31mS:[0m (0) | [31mR:[0m (0)][1m       AutoGanj#4302[0m > 
[autoganjlogs] [2022-08-04 @ 00:11:38] :: Error handling "on_message" with "<class 'discord.message.Message'>: <Message id=1004526992990933022 channel=<TextChannel id=1002884287261065287 name='📜bot-log' position=33 nsfw=False category_id=822863122310103081 news=False> type=<MessageType.default: 0> author=<Member id=1001059281057107999 name='AutoGanj' discriminator='4302' bot=True nick=None guild=<Guild id=820077049036406805 name='Middle Ground' shard_id=0 chunked=True member_count=115>> flags=<MessageFlags value=0>>" ""
[autoganjlogs] [2022-08-04 @ 00:11:38] ::             📜bot-log :: [[32mE:[0m (1) | [31mA:[0m (0) | [31mS:[0m (0) | [31mR:[0m (0)][1m       AutoGanj#4302[0m > 
[autoganjlogs] [2022-08-04 @ 00:11:38] :: Error handling "on_message" with "<class 'discord.message.Message'>: <Message id=1004526994370867290 channel=<TextChannel id=1002884287261065287 name='📜bot-log' position=33 nsfw=False category_id=822863122310103081 news=False> type=<MessageType.default: 0> author=<Member id=1001059281057107999 name='AutoGanj' discriminator='4302' bot=True nick=None guild=<Guild id=820077049036406805 name='Middle Ground' shard_id=0 chunked=True member_count=115>> flags=<MessageFlags value=0>>" ""
[autoganjlogs] [2022-08-04 @ 00:11:38] ::             📜bot-log :: [[32mE:[0m (1) | [31mA:[0m (0) | [31mS:[0m (0) | [31mR:[0m (0)][1m       AutoGanj#4302[0m > 
[autoganjlogs] [2022-08-04 @ 00:11:39] :: Error handling "on_message" with "<class 'discord.message.Message'>: <Message id=1004526995415244810 channel=<TextChannel id=1002884287261065287 name='📜bot-log' position=33 nsfw=False category_id=822863122310103081 news=False> type=<MessageType.default: 0> author=<Member id=1001059281057107999 name='AutoGanj' discriminator='4302' bot=True nick=None guild=<Guild id=820077049036406805 name='Middle Ground' shard_id=0 chunked=True member_count=115>> flags=<MessageFlags value=0>>" ""
[autoganjlogs] [2022-08-04 @ 00:11:39] ::             📜bot-log :: [[32mE:[0m (1) | [31mA:[0m (0) | [31mS:[0m (0) | [31mR:[0m (0)][1m       AutoGanj#4302[0m > 
[autoganjlogs] [2022-08-04 @ 00:11:43] :: Error handling "on_message" with "<class 'discord.message.Message'>: <Message id=1004527012788056106 channel=<TextChannel id=1002884287261065287 name='📜bot-log' position=33 nsfw=False category_id=822863122310103081 news=False> type=<MessageType.default: 0> author=<Member id=1001059281057107999 name='AutoGanj' discriminator='4302' bot=True nick=None guild=<Guild id=820077049036406805 name='Middle Ground' shard_id=0 chunked=True member_count=115>> flags=<MessageFlags value=0>>" ""
[autoganjlogs] [2022-08-04 @ 00:11:43] ::             📜bot-log :: [[32mE:[0m (1) | [31mA:[0m (0) | [31mS:[0m (0) | [31mR:[0m (0)][1m       AutoGanj#4302[0m > 
[autoganjlogs] [2022-08-04 @ 00:11:43] :: Error handling "on_message" with "<class 'discord.message.Message'>: <Message id=1004527014071500850 channel=<TextChannel id=1002884287261065287 name='📜bot-log' position=33 nsfw=False category_id=822863122310103081 news=False> type=<MessageType.default: 0> author=<Member id=1001059281057107999 name='AutoGanj' discriminator='4302' bot=True nick=None guild=<Guild id=820077049036406805 name='Middle Ground' shard_id=0 chunked=True member_count=115>> flags=<MessageFlags value=0>>" ""
[autoganjlogs] [2022-08-04 @ 00:11:43] ::             📜bot-log :: [[32mE:[0m (1) | [31mA:[0m (0) | [31mS:[0m (0) | [31mR:[0m (0)][1m       AutoGanj#4302[0m > 
[autoganjlogs] [2022-08-04 @ 00:11:43] ::             📜bot-log :: [[32mE:[0m (1) | [31mA:[0m (0) | [31mS:[0m (0) | [31mR:[0m (0)][1m       AutoGanj#4302[0m > 
[autoganjlogs] [2022-08-04 @ 00:11:43] ::             📜bot-log :: [[32mE:[0m (1) | [31mA:[0m (0) | [31mS:[0m (0) | [31mR:[0m (0)][1m       AutoGanj#4302[0m > 
[autoganjlogs] [2022-08-04 @ 00:11:44] ::             📜bot-log :: [[32mE:[0m (1) | [31mA:[0m (0) | [31mS:[0m (0) | [31mR:[0m (0)][1m       AutoGanj#4302[0m > 
