[autoganjlogs] [2022-08-04 @ 15:44:36] :: AutoGanj#4302 is online!
[autoganjlogs] [2022-08-04 @ 15:44:36] :: Loaded: Basedtask
[autoganjlogs] [2022-08-04 @ 15:44:36] :: Loaded: Boostcog
[autoganjlogs] [2022-08-04 @ 15:44:36] :: Loaded: Dispam
[autoganjlogs] [2022-08-04 @ 15:44:36] :: Loaded: ExportRoles
[autoganjlogs] [2022-08-04 @ 15:44:36] :: Loaded: Jarvis
[autoganjlogs] [2022-08-04 @ 15:44:36] :: Loaded: Logger
[autoganjlogs] [2022-08-04 @ 15:44:36] :: Loaded: RaidDefense
[autoganjlogs] [2022-08-04 @ 15:44:36] :: Loaded: RoleManagement
[autoganjlogs] [2022-08-04 @ 15:44:36] :: Loaded: RolesPerms
[autoganjlogs] [2022-08-04 @ 15:44:36] :: Loaded: Rules
[autoganjlogs] [2022-08-04 @ 15:44:36] :: Loaded: Serverlogs
[autoganjlogs] [2022-08-04 @ 15:44:36] :: Loaded: Tripwire
[autoganjlogs] [2022-08-04 @ 15:44:36] :: Loaded: Userinfo
[autoganjlogs] [2022-08-04 @ 15:44:36] :: ------------------
[autoganjlogs] [2022-08-04 @ 15:44:36] :: Loaded: 13 cogs
[autoganjlogs] [2022-08-04 @ 15:44:36] :: Connected to server: Middle Ground (Members: 116)...
[autoganjlogs] [2022-08-04 @ 15:44:36] :: Connected to server: 🌳🌳The Old Forest🌳🌳 (Members: 5)...
[autoganjlogs] [2022-08-04 @ 15:44:36] :: Connected to server: PillBox (Members: 6)...
[autoganjlogs] [2022-08-04 @ 15:44:37] :: Loading views...
[autoganjlogs] [2022-08-04 @ 15:44:37] :: Loaded 3 invites from 3 servers.
[autoganjlogs] [2022-08-04 @ 15:45:04] ::          📜member-log :: [[32mE:[0m (1) | [31mA:[0m (0) | [31mS:[0m (0) | [31mR:[0m (0)][1m       AutoGanj#4302[0m > 
[autoganjlogs] [2022-08-04 @ 15:45:04] ::            📜role-log :: [[32mE:[0m (1) | [31mA:[0m (0) | [31mS:[0m (0) | [31mR:[0m (0)][1m       AutoGanj#4302[0m > 
