[autoganjlogs] [2022-07-31 @ 08:14:18] :: AutoGanj#4302 is online!
[autoganjlogs] [2022-07-31 @ 08:14:18] :: Loaded: Tripwire
[autoganjlogs] [2022-07-31 @ 08:14:18] :: Loaded: Jarvis
[autoganjlogs] [2022-07-31 @ 08:14:18] :: Loaded: Serverlogs
[autoganjlogs] [2022-07-31 @ 08:14:18] :: Loaded: Rules
[autoganjlogs] [2022-07-31 @ 08:14:18] :: Loaded: Boostcog
[autoganjlogs] [2022-07-31 @ 08:14:18] :: Loaded: RoleManagement
[autoganjlogs] [2022-07-31 @ 08:14:18] :: Loaded: ExportRoles
[autoganjlogs] [2022-07-31 @ 08:14:18] :: Loaded: Basedtask
[autoganjlogs] [2022-07-31 @ 08:14:18] :: Loaded: Userinfo
[autoganjlogs] [2022-07-31 @ 08:14:18] :: Loaded: Logger
[autoganjlogs] [2022-07-31 @ 08:14:18] :: ------------------
[autoganjlogs] [2022-07-31 @ 08:14:18] :: Loaded: 10 cogs
[autoganjlogs] [2022-07-31 @ 08:14:25] ::               📖rules :: [1m     ImNotSteve#5260[0m [[32mREACT ADD[0m]> ✅
[autoganjlogs] [2022-07-31 @ 08:14:26] ::             💬general :: [[32mE:[0m (1) | [31mA:[0m (0) | [31mS:[0m (0) | [31mR:[0m (0)][1m       AutoGanj#4302[0m > 
[autoganjlogs] [2022-07-31 @ 08:14:26] ::          📜member-log :: [[32mE:[0m (1) | [31mA:[0m (0) | [31mS:[0m (0) | [31mR:[0m (0)][1m       AutoGanj#4302[0m > 
[autoganjlogs] [2022-07-31 @ 08:14:26] ::            📜role-log :: [[32mE:[0m (1) | [31mA:[0m (0) | [31mS:[0m (0) | [31mR:[0m (0)][1m       AutoGanj#4302[0m > 
[autoganjlogs] [2022-07-31 @ 08:14:38] ::             💬general :: [1m       AutoGanj#4302[0m [[31mDELETED[0m]> 
[autoganjlogs] [2022-07-31 @ 08:15:50] ::               📖rules :: [1m     ImNotSteve#5260[0m [[31mREACT REMOVE[0m]> ✅
[autoganjlogs] [2022-07-31 @ 08:15:51] ::             📜mod-log :: [[32mE:[0m (1) | [31mA:[0m (0) | [31mS:[0m (0) | [31mR:[0m (0)][1m       AutoGanj#4302[0m > 
[autoganjlogs] [2022-07-31 @ 08:15:58] ::               📖rules :: [1m     ImNotSteve#5260[0m [[32mREACT ADD[0m]> ✅
[autoganjlogs] [2022-07-31 @ 08:16:13] ::               📖rules :: [1m     ImNotSteve#5260[0m [[31mREACT REMOVE[0m]> ✅
[autoganjlogs] [2022-07-31 @ 08:16:13] ::             📜mod-log :: [[32mE:[0m (1) | [31mA:[0m (0) | [31mS:[0m (0) | [31mR:[0m (0)][1m       AutoGanj#4302[0m > 
[autoganjlogs] [2022-07-31 @ 08:16:20] ::          📜member-log :: [[32mE:[0m (1) | [31mA:[0m (0) | [31mS:[0m (0) | [31mR:[0m (0)][1m       AutoGanj#4302[0m > 
[autoganjlogs] [2022-07-31 @ 08:17:08] ::               📖rules :: [1m     ImNotSteve#5260[0m [[32mREACT ADD[0m]> ✅
[autoganjlogs] [2022-07-31 @ 08:17:10] ::               📖rules :: [1m     ImNotSteve#5260[0m [[31mREACT REMOVE[0m]> ✅
[autoganjlogs] [2022-07-31 @ 08:17:10] ::             📜mod-log :: [[32mE:[0m (1) | [31mA:[0m (0) | [31mS:[0m (0) | [31mR:[0m (0)][1m       AutoGanj#4302[0m > 
