[autoganjlogs] [2022-07-25 @ 23:41:14] :: Cog loaded: cogs.tripwire
[autoganjlogs] [2022-07-25 @ 23:41:17] :: AutoGanj#4302 is online!
[autoganjlogs] [2022-07-25 @ 23:41:23] :: blocker sent a message: <@854367655598096384>
[autoganjlogs] [2022-07-25 @ 23:41:23] :: Regex or Mention flag enabled; current violations: 12
[autoganjlogs] [2022-07-25 @ 23:41:23] :: Couldn't send message for trigger: send_message_owner
'block_target'
[autoganjlogs] [2022-07-25 @ 23:41:23] :: blocker sent a message: <@854367655598096384>
[autoganjlogs] [2022-07-25 @ 23:41:23] :: Regex or Mention flag enabled; current violations: 12
[autoganjlogs] [2022-07-25 @ 23:41:24] :: Couldn't send message for trigger: send_message_blocker
'blocker'
[autoganjlogs] [2022-07-25 @ 23:41:24] :: Couldn't send message for trigger: send_message_blockee
'blocker'
[autoganjlogs] [2022-07-25 @ 23:41:24] :: Couldn't send message for trigger: send_message_owner
'block_target'
[autoganjlogs] [2022-07-25 @ 23:42:39] :: blocker sent a message: <@854367655598096384>
[autoganjlogs] [2022-07-25 @ 23:42:39] :: Regex or Mention flag enabled; current violations: 13
[autoganjlogs] [2022-07-25 @ 23:42:39] :: Couldn't send message for trigger: send_message_owner
'block_target'
[autoganjlogs] [2022-07-25 @ 23:42:39] :: blocker sent a message: <@854367655598096384>
[autoganjlogs] [2022-07-25 @ 23:42:39] :: Regex or Mention flag enabled; current violations: 13
[autoganjlogs] [2022-07-25 @ 23:42:40] :: Couldn't send message for trigger: send_message_blocker
'blocker'
[autoganjlogs] [2022-07-25 @ 23:42:40] :: Couldn't send message for trigger: send_message_blockee
'blocker'
[autoganjlogs] [2022-07-25 @ 23:42:40] :: Couldn't send message for trigger: send_message_owner
'block_target'
