[autoganjlogs] [2022-07-29 @ 19:30:39] :: AutoGanj#4302 is online!
[autoganjlogs] [2022-07-29 @ 19:30:39] :: Loaded: Tripwire
[autoganjlogs] [2022-07-29 @ 19:30:39] :: Loaded: Jarvis
[autoganjlogs] [2022-07-29 @ 19:30:39] :: Loaded: Rules
[autoganjlogs] [2022-07-29 @ 19:30:39] :: Loaded: Boostcog
[autoganjlogs] [2022-07-29 @ 19:30:39] :: Loaded: ExportRoles
[autoganjlogs] [2022-07-29 @ 19:30:39] :: Loaded: Basedtask
[autoganjlogs] [2022-07-29 @ 19:30:39] :: Loaded: Userinfo
[autoganjlogs] [2022-07-29 @ 19:30:39] :: Loaded: Logger
[autoganjlogs] [2022-07-29 @ 19:30:40] ::             💬general :: [[95mSTARTED TYPING[0m]> [1mYourFavoriteNPC#5867[0m @ 2022-07-29 18:30:39+00:00
[autoganjlogs] [2022-07-29 @ 19:30:48] ::             💬general :: [[95mSTARTED TYPING[0m]> [1mYourFavoriteNPC#5867[0m @ 2022-07-29 18:30:48+00:00
[autoganjlogs] [2022-07-29 @ 19:30:53] ::             💬general :: [[95mSTARTED TYPING[0m]> [1m          gañjā#9046[0m @ 2022-07-29 18:30:53+00:00
[autoganjlogs] [2022-07-29 @ 19:30:56] ::             💬general :: [[31mE:[0m (0) | [31mA:[0m (0) | [31mS:[0m (0) | [31mR:[0m (0)][1mYourFavoriteNPC#5867[0m > I'm still here, at least I hope - you're not all simulations to keep me busy are you?
[autoganjlogs] [2022-07-29 @ 19:31:00] ::             💬general :: [[31mE:[0m (0) | [31mA:[0m (0) | [31mS:[0m (0) | [31mR:[0m (0)][1m          gañjā#9046[0m > welcome to MG <@197427506599428096>
[autoganjlogs] [2022-07-29 @ 19:31:15] ::             💬general :: [[95mSTARTED TYPING[0m]> [1m          Tomte#8946[0m @ 2022-07-29 18:31:15+00:00
[autoganjlogs] [2022-07-29 @ 19:31:17] ::             💬general :: [[31mE:[0m (0) | [31mA:[0m (0) | [31mS:[0m (0) | [31mR:[0m (0)][1m          Tomte#8946[0m > Thank you
[autoganjlogs] [2022-07-29 @ 19:31:19] ::             💬general :: [[95mSTARTED TYPING[0m]> [1m      Kingmaker#0261[0m @ 2022-07-29 18:31:19+00:00
[autoganjlogs] [2022-07-29 @ 19:31:22] ::             💬general :: [[31mE:[0m (0) | [31mA:[0m (0) | [31mS:[0m (0) | [31mR:[0m (0)][1m      Kingmaker#0261[0m > No yes
[autoganjlogs] [2022-07-29 @ 19:31:35] ::             💬general :: [[95mSTARTED TYPING[0m]> [1m          gañjā#9046[0m @ 2022-07-29 18:31:35+00:00
[autoganjlogs] [2022-07-29 @ 19:31:38] ::             💬general :: [[31mE:[0m (0) | [31mA:[0m (0) | [31mS:[0m (0) | [31mR:[0m (0)][1mYourFavoriteNPC#5867[0m > <:pepehmmm:825712346659815444>
[autoganjlogs] [2022-07-29 @ 19:31:39] ::             💬general :: [[31mE:[0m (0) | [31mA:[0m (0) | [31mS:[0m (0) | [31mR:[0m (0)][1m          gañjā#9046[0m > lol whats your pfp? a stew?
[autoganjlogs] [2022-07-29 @ 19:31:54] ::             💬general :: [[95mSTARTED TYPING[0m]> [1m          Tomte#8946[0m @ 2022-07-29 18:31:54+00:00
[autoganjlogs] [2022-07-29 @ 19:31:54] ::             💬general :: [[95mSTARTED TYPING[0m]> [1mIceBladeNetwork#0001[0m @ 2022-07-29 18:31:54+00:00
[autoganjlogs] [2022-07-29 @ 19:31:55] ::             💬general :: [[31mE:[0m (0) | [31mA:[0m (0) | [31mS:[0m (0) | [31mR:[0m (0)][1m          Tomte#8946[0m > Brunswick stew
[autoganjlogs] [2022-07-29 @ 19:32:03] ::             💬general :: [[31mE:[0m (0) | [31mA:[0m (0) | [31mS:[0m (0) | [31mR:[0m (0)][1mIceBladeNetwork#0001[0m > We're all brains in a jar.
[autoganjlogs] [2022-07-29 @ 19:32:41] ::             💬general :: [[95mSTARTED TYPING[0m]> [1mYourFavoriteNPC#5867[0m @ 2022-07-29 18:32:41+00:00
[autoganjlogs] [2022-07-29 @ 19:32:49] ::             💬general :: [[95mSTARTED TYPING[0m]> [1mYourFavoriteNPC#5867[0m @ 2022-07-29 18:32:49+00:00
[autoganjlogs] [2022-07-29 @ 19:32:58] ::             💬general :: [[95mSTARTED TYPING[0m]> [1mYourFavoriteNPC#5867[0m @ 2022-07-29 18:32:57+00:00
[autoganjlogs] [2022-07-29 @ 19:33:13] ::             💬general :: [[31mE:[0m (0) | [31mA:[0m (0) | [31mS:[0m (0) | [31mR:[0m (0)][1mYourFavoriteNPC#5867[0m > oh good, that means I'll finally be able to meet president nixon
[autoganjlogs] [2022-07-29 @ 19:36:12] ::         💩shitposting :: [[31mE:[0m (0) | [31mA:[0m (0) | [31mS:[0m (0) | [31mR:[0m (0)][1m      gitmo joe#4193[0m > so i was right
[autoganjlogs] [2022-07-29 @ 19:36:14] ::         💩shitposting :: [[95mSTARTED TYPING[0m]> [1m      gitmo joe#4193[0m @ 2022-07-29 18:36:14+00:00
[autoganjlogs] [2022-07-29 @ 19:36:15] ::         💩shitposting :: [[31mE:[0m (0) | [31mA:[0m (0) | [31mS:[0m (0) | [31mR:[0m (0)][1m      gitmo joe#4193[0m > it's because of the caps
[autoganjlogs] [2022-07-29 @ 19:36:21] ::         💩shitposting :: [[95mSTARTED TYPING[0m]> [1m      gitmo joe#4193[0m @ 2022-07-29 18:36:20+00:00
[autoganjlogs] [2022-07-29 @ 19:36:22] ::         💩shitposting :: [[31mE:[0m (0) | [31mA:[0m (0) | [31mS:[0m (0) | [31mR:[0m (0)][1m      gitmo joe#4193[0m > only works for stick welding
[autoganjlogs] [2022-07-29 @ 19:36:25] ::         💩shitposting :: [[95mSTARTED TYPING[0m]> [1m      gitmo joe#4193[0m @ 2022-07-29 18:36:25+00:00
[autoganjlogs] [2022-07-29 @ 19:36:26] ::             💬general :: [1m          gañjā#9046[0m [[32mREACT ADD[0m]> based
[autoganjlogs] [2022-07-29 @ 19:36:27] ::            📜role-log :: [[32mE:[0m (1) | [31mA:[0m (0) | [31mS:[0m (0) | [31mR:[0m (0)][1m           Dyno#0000[0m > 
[autoganjlogs] [2022-07-29 @ 19:36:27] ::         💩shitposting :: [[31mE:[0m (0) | [31mA:[0m (0) | [31mS:[0m (0) | [31mR:[0m (0)][1m      gitmo joe#4193[0m > which is sloppy
[autoganjlogs] [2022-07-29 @ 19:36:43] ::         💩shitposting :: [[95mSTARTED TYPING[0m]> [1m      gitmo joe#4193[0m @ 2022-07-29 18:36:43+00:00
[autoganjlogs] [2022-07-29 @ 19:36:52] ::         💩shitposting :: [[95mSTARTED TYPING[0m]> [1m      gitmo joe#4193[0m @ 2022-07-29 18:36:52+00:00
[autoganjlogs] [2022-07-29 @ 19:36:56] ::  🤖staff-bot-commands :: [[95mSTARTED TYPING[0m]> [1m          gañjā#9046[0m @ 2022-07-29 18:36:56+00:00
